50 3 20 98 | ab 0 rand 0 check 14 all 0 wc+wc-3d-c4-obj1.csv
50 3 20 26 | ab -58 rand 0 check 0 all 0 wallpaper.csv
50 3 20 99 | ab 0 rand 0 check 14 all 0 wc+sol-3d-c4-obj1.csv
50 3 20 98 | ab 0 rand 0 check 21 all 0 wc+rs-3d-c4-obj1.csv
50 3 20 95 | ab -2 rand 1 check 19 all -1 Apache_AllMeasurements.csv
50 3 20 54 | ab -31 rand -7 check 11 all -20 SS-D.csv
50 3 20 85 | ab -3 rand 0 check 37 all -9 SS-F.csv
50 3 20 72 | ab -19 rand -9 check 25 all -14 SS-G.csv
50 3 20 89 | ab -1 rand 8 check 49 all 0 SS-B.csv
50 3 20 94 | ab -4 rand 2 check 56 all -1 SS-H.csv
50 3 20 79 | ab -10 rand 4 check 26 all 2 auto93.csv
50 3 20 56 | ab -36 rand 3 check 16 all 3 nasa93dem.csv
50 3 20 67 | ab -19 rand -12 check 13 all -30 SS-E.csv
50 3 20 0 | ab -5 rand 0 check 0 all 0 dress-up.csv
50 3 20 23 | ab -43 rand -1 check 9 all 3 A2C_CartPole.csv
50 3 20 50 | ab -26 rand 2 check 4 all -7 A2C_Acrobot.csv
50 3 20 1 | ab -6 rand -1 check -1 all -1 accessories.csv
50 3 20 73 | ab -16 rand -2 check 9 all -2 player_statistics_cleaned_final.csv
50 3 20 90 | ab -5 rand 7 check 24 all -3 SS-A.csv
50 3 20 68 | ab -22 rand 1 check 4 all 0 pom3d.csv
50 3 20 94 | ab -1 rand 1 check 45 all -3 SS-P.csv
50 3 20 100 | ab 5 rand 0 check 64 all 0 student_dropout.csv
50 3 20 74 | ab -8 rand -2 check 31 all -24 SS-I.csv
50 3 20 81 | ab -1 rand 2 check 25 all -4 SS-C.csv
50 3 20 81 | ab -5 rand 7 check 29 all -4 SS-O.csv
50 3 20 98 | ab 0 rand 0 check 15 all 0 X264_AllMeasurements.csv
50 3 20 91 | ab -7 rand 6 check 44 all 0 socks.csv
50 3 20 99 | ab 0 rand 0 check 13 all 0 SS-M.csv
50 3 20 21 | ab -51 rand 0 check 0 all -5 Car_price_cleaned.csv
50 3 20 95 | ab -1 rand 10 check 56 all -2 SS-L.csv
50 3 20 93 | ab 0 rand 0 check 26 all 0 sol-6d-c2-obj1.csv
50 3 20 98 | ab 0 rand 0 check 25 all 0 wc-6d-c1-obj1.csv
50 3 20 62 | ab -17 rand -13 check 18 all -33 SS-K.csv
50 3 20 12 | ab -44 rand 0 check 0 all 1 home_data_for_ml_course.csv
50 3 20 56 | ab -21 rand 11 check 19 all -14 Wine_quality.csv
50 3 20 61 | ab -32 rand 2 check 1 all 14 Life_Expectancy_Data.csv
50 3 20 99 | ab 0 rand 0 check 0 all 0 rs-6d-c3_obj2.csv
50 3 20 97 | ab -1 rand 0 check 15 all -1 rs-6d-c3_obj1.csv
50 3 20 85 | ab -1 rand -6 check 38 all -7 SS-J.csv
50 3 20 50 | ab -32 rand 6 check 4 all -2 coc1000.csv
50 3 20 94 | ab -2 rand 0 check 16 all -4 SS-S.csv
50 3 20 81 | ab -1 rand 1 check 23 all 2 SS-R.csv
50 3 20 95 | ab 0 rand 0 check 30 all 0 SS-Q.csv
50 3 20 97 | ab 0 rand 2 check 16 all -1 HSMGP_num.csv
50 3 20 67 | ab -22 rand -1 check 34 all -7 WA_Fn-UseC_-HR-Employee-Attrition.csv
50 3 20 95 | ab -2 rand 0 check 15 all -4 SS-T.csv
50 3 20 94 | ab -1 rand 0 check 32 all -5 SS-U.csv
50 3 20 76 | ab -13 rand 11 check 31 all -20 SS-V.csv
50 3 20 100 | ab 0 rand 0 check 0 all 0 Health-ClosedPRs0000.csv
50 3 20 74 | ab -8 rand 4 check 30 all -14 Scrum1k.csv
50 3 20 54 | ab -36 rand -14 check 5 all -10 Health-Commits0005.csv
50 3 20 26 | ab -3 rand 0 check 1 all 0 Health-Commits0004.csv
50 3 20 54 | ab -10 rand 2 check 4 all -16 Health-Commits0006.csv
50 3 20 53 | ab -15 rand 1 check 27 all -23 Health-ClosedIssues0003.csv
50 3 20 44 | ab -18 rand -5 check 23 all -29 Health-Commits0003.csv
50 3 20 40 | ab -15 rand 2 check 24 all -10 Health-Commits0008.csv
50 3 20 70 | ab -7 rand 3 check 20 all -4 Health-ClosedIssues0006.csv
50 3 20 38 | ab -22 rand 3 check 17 all -20 Health-ClosedIssues0009.csv
50 3 20 33 | ab -6 rand 6 check 14 all 0 Health-ClosedIssues0004.csv
50 3 20 74 | ab 0 rand 1 check 33 all -16 Health-Commits0000.csv
50 3 20 64 | ab -5 rand 3 check 18 all -4 Health-Commits0010.csv
50 3 20 100 | ab 0 rand 0 check 14 all 0 Health-ClosedPRs0011.csv
50 3 20 59 | ab -31 rand 5 check 18 all -13 Health-Commits0007.csv
50 3 20 78 | ab -3 rand 3 check 35 all -6 Health-ClosedIssues0000.csv
50 3 20 70 | ab -6 rand 2 check 6 all -3 Health-Commits0009.csv
50 3 20 42 | ab -6 rand 4 check 13 all -10 Health-ClosedIssues0001.csv
50 3 20 16 | ab -5 rand 1 check 6 all -6 Health-ClosedIssues0010.csv
50 3 20 76 | ab -4 rand 5 check 45 all -2 Health-ClosedIssues0008.csv
50 3 20 9 | ab -27 rand 4 check 5 all -53 Health-ClosedIssues0007.csv
50 3 20 100 | ab 0 rand 0 check 8 all 2 Health-ClosedPRs0002.csv
50 3 20 54 | ab -30 rand -10 check 40 all -45 Health-ClosedPRs0006.csv
50 3 20 79 | ab 0 rand 1 check 6 all -19 Health-ClosedIssues0002.csv
50 3 20 100 | ab 0 rand 0 check 21 all 0 Health-ClosedPRs0005.csv
50 3 20 34 | ab -2 rand 6 check 23 all -45 Health-ClosedPRs0010.csv
50 3 20 100 | ab 0 rand 0 check 21 all 0 Health-ClosedIssues0011.csv
50 3 20 96 | ab 0 rand 0 check 27 all 0 Health-Commits0001.csv
50 3 20 59 | ab -3 rand 0 check 3 all -3 Health-ClosedIssues0005.csv
50 3 20 100 | ab 0 rand 0 check 48 all 0 Health-Commits0011.csv
50 3 20 35 | ab -4 rand 1 check 6 all -50 Health-Commits0002.csv
50 3 20 94 | ab -5 rand 0 check 49 all 0 Health-ClosedPRs0007.csv
50 3 20 60 | ab -11 rand 12 check 49 all -29 Health-ClosedPRs0008.csv
50 3 20 19 | ab -11 rand 3 check 8 all -49 Health-ClosedPRs0009.csv
50 3 20 98 | ab 0 rand 0 check 29 all 0 Health-ClosedPRs0003.csv
50 3 20 83 | ab -8 rand -4 check 57 all -16 Health-ClosedPRs0004.csv
50 3 20 69 | ab -28 rand 0 check 0 all 0 WA_Fn-UseC_-Telco-Customer-Churn.csv
50 3 20 43 | ab -28 rand -11 check 21 all -24 Marketing_Analytics.csv
50 3 20 59 | ab -21 rand 10 check 18 all -13 SQL_AllMeasurements.csv
50 3 20 54 | ab -20 rand 0 check 21 all -22 BankChurners.csv
50 3 20 83 | ab -16 rand -3 check 16 all -13 dataset600.csv
50 3 20 80 | ab -16 rand 6 check 38 all -6 dataset120.csv
50 3 20 51 | ab -29 rand -8 check 13 all -21 pom3a.csv
50 3 20 42 | ab -24 rand 6 check 10 all -8 pom3c.csv
50 3 20 56 | ab -23 rand 1 check 21 all -13 pom3b.csv
50 3 20 65 | ab -20 rand 3 check 17 all -12 xomo_osp2.csv
50 3 20 71 | ab -14 rand -1 check 33 all -22 xomo_osp.csv
50 3 20 73 | ab -8 rand 8 check 42 all -17 xomo_ground.csv
50 3 20 83 | ab -2 rand 9 check 38 all -9 xomo_flight.csv
50 3 20 60 | ab -2 rand 12 check 21 all -7 SS-X.csv
50 3 20 71 | ab -2 rand -1 check 40 all -23 billing10k.csv
50 3 20 29 | ab -45 rand 0 check 0 all -30 Data_COVID19_Indonesia.csv
50 3 20 43 | ab -9 rand 2 check 17 all -34 SS-W.csv
50 3 20 30 | ab -47 rand 0 check 0 all 0 all_players.csv
50 3 20 64 | ab -13 rand 1 check 28 all -31 Scrum10k.csv
50 3 20 28 | ab -39 rand 0 check 0 all 0 Loan.csv
50 3 20 74 | ab -8 rand 6 check 38 all -23 FFM-125-25-0.50-SAT-1.csv
50 3 20 39 | ab -10 rand 0 check 17 all -37 SS-N.csv
50 3 20 71 | ab -10 rand -5 check 22 all -27 FFM-250-50-0.50-SAT-1.csv
50 3 20 67 | ab -32 rand -21 check -32 all -21 Medical_Data_and_Hospital_Readmissions.csv
50 3 20 75 | ab -5 rand 2 check 39 all -19 FM-500-100-1.00-SAT-1.csv
50 3 20 66 | ab -8 rand 0 check 27 all -31 FM-500-100-0.75-SAT-1.csv
50 3 20 69 | ab -6 rand 0 check 32 all -26 FFM-500-100-0.50-SAT-1.csv
50 3 20 71 | ab -1 rand 6 check 36 all -25 FM-500-100-0.50-SAT-1.csv
50 3 20 65 | ab -12 rand 2 check 27 all -31 FM-500-100-0.25-SAT-1.csv
50 3 20 67 | ab -9 rand 0 check 17 all -28 FFM-1000-200-0.50-SAT-1.csv
50 3 20 56 | ab -9 rand 2 check 21 all -36 Scrum100k.csv
