# likely, likely, likely, likely, likely, likely, likely, likely, likely, likely, likely, likely
# 20, 20, 20, 30, 30, 30, 40, 40, 40, 50, 50, 50
# near, klass, xploit, near, klass, xploit, near, klass, xploit, near, klass, xploit
20, 30,  31,  34, ! 17,  32,  30, ! 21, ! 20,  29, ! 20, ! 23,  28,|,398,4,3,auto93.csv
# likely, likely, likely, likely, likely, likely, likely, likely, likely, likely, likely, likely
# 20, 20, 20, 30, 30, 30, 40, 40, 40, 50, 50, 50
# near, klass, xploit, near, klass, xploit, near, klass, xploit, near, klass, xploit
30, 44,  55,  52,  49, ! 29,  40,  76,  41, ! 31, ! 29,  43,  70,|,93,22,3,nasa93dem.csv
# likely, likely, likely, likely, likely, likely, likely, likely, likely, likely, likely, likely
# 20, 20, 20, 30, 30, 30, 40, 40, 40, 50, 50, 50
# near, klass, xploit, near, klass, xploit, near, klass, xploit, near, klass, xploit
59, 78,  77,  81,  80,  71,  73,  80,  78,  81, ! 59,  79,  77,|,317,7,4,A2C_CartPole.csv
# likely, likely, likely, likely, likely, likely, likely, likely, likely, likely, likely, likely
# 20, 20, 20, 30, 30, 30, 40, 40, 40, 50, 50, 50
# near, klass, xploit, near, klass, xploit, near, klass, xploit, near, klass, xploit
38,! 39,  57,  45,  48, ! 38,  46,  52,  54,  58,  57, ! 36,  47,|,223,10,3,A2C_Acrobot.csv
# likely, likely, likely, likely, likely, likely, likely, likely, likely, likely, likely, likely
# 20, 20, 20, 30, 30, 30, 40, 40, 40, 50, 50, 50
# near, klass, xploit, near, klass, xploit, near, klass, xploit, near, klass, xploit
33,! 33,  81,  77,  90,  77,  66,  71,  67,  76,  68,  76,  73,|,247,22,2,wallpaper.csv
# likely, likely, likely, likely, likely, likely, likely, likely, likely, likely, likely, likely
# 20, 20, 20, 30, 30, 30, 40, 40, 40, 50, 50, 50
# near, klass, xploit, near, klass, xploit, near, klass, xploit, near, klass, xploit
36,! 35,  46, ! 32, ! 33, ! 39, ! 33,  44, ! 36,  44, ! 39, ! 33, ! 39,|,500,9,3,pom3d.csv
# likely, likely, likely, likely, likely, likely, likely, likely, likely, likely, likely, likely
# 20, 20, 20, 30, 30, 30, 40, 40, 40, 50, 50, 50
# near, klass, xploit, near, klass, xploit, near, klass, xploit, near, klass, xploit
37, 58,  60,  59,  59,  60,  58,  63,  57,  45, ! 37,  52,  48,|,1599,10,2,Wine_quality.csv
# likely, likely, likely, likely, likely, likely, likely, likely, likely, likely, likely, likely
# 20, 20, 20, 30, 30, 30, 40, 40, 40, 50, 50, 50
# near, klass, xploit, near, klass, xploit, near, klass, xploit, near, klass, xploit
4, 14,  20,  31, ! 5, ! 6,  28,  15, ! 6, ! 7, ! 1,  19, ! 1,|,350,20,1,socks.csv
# likely, likely, likely, likely, likely, likely, likely, likely, likely, likely, likely, likely
# 20, 20, 20, 30, 30, 30, 40, 40, 40, 50, 50, 50
# near, klass, xploit, near, klass, xploit, near, klass, xploit, near, klass, xploit
96, 98,  98,  98,  98, ! 96,  99, ! 96,  98,  98,  98,  97,  98,|,1121,14,2,accessories.csv
# likely, likely, likely, likely, likely, likely, likely, likely, likely, likely, likely, likely
# 20, 20, 20, 30, 30, 30, 40, 40, 40, 50, 50, 50
# near, klass, xploit, near, klass, xploit, near, klass, xploit, near, klass, xploit
12, 26, ! 16, ! 13, ! 3,  32,  49,  26, ! 13,  26, ! 13, ! 16,  29,|,5160,9,1,dataset600.csv
# likely, likely, likely, likely, likely, likely, likely, likely, likely, likely, likely, likely
# 20, 20, 20, 30, 30, 30, 40, 40, 40, 50, 50, 50
# near, klass, xploit, near, klass, xploit, near, klass, xploit, near, klass, xploit
20,! 25, ! 28, ! 28, ! 6,  47,  50, ! 22, ! 15,  38, ! 15, ! 19,  41,|,5160,9,1,dataset120.csv
# likely, likely, likely, likely, likely, likely, likely, likely, likely, likely, likely, likely
# 20, 20, 20, 30, 30, 30, 40, 40, 40, 50, 50, 50
# near, klass, xploit, near, klass, xploit, near, klass, xploit, near, klass, xploit
32,! 33, ! 34,  35,  38,  36, ! 34,  36,  37,  42, ! 29,  36,  40,|,10000,5,3,Health-Commits0010.csv
# likely, likely, likely, likely, likely, likely, likely, likely, likely, likely, likely, likely
# 20, 20, 20, 30, 30, 30, 40, 40, 40, 50, 50, 50
# near, klass, xploit, near, klass, xploit, near, klass, xploit, near, klass, xploit
99, 99, ! 99,  99,  99,  99,  99,  99,  99,  99,  99,  99,  99,|,913,20,2,dress-up.csv
# likely, likely, likely, likely, likely, likely, likely, likely, likely, likely, likely, likely
# 20, 20, 20, 30, 30, 30, 40, 40, 40, 50, 50, 50
# near, klass, xploit, near, klass, xploit, near, klass, xploit, near, klass, xploit
44, 65,  70,  57,  50, ! 43,  50,  69,  50,  66,  53, ! 46,  62,|,10000,5,3,Health-Commits0003.csv
# likely, likely, likely, likely, likely, likely, likely, likely, likely, likely, likely, likely
# 20, 20, 20, 30, 30, 30, 40, 40, 40, 50, 50, 50
# near, klass, xploit, near, klass, xploit, near, klass, xploit, near, klass, xploit
43, 55,  48,  52,  46, ! 44,  50,  52,  48,  51,  48, ! 42,  52,|,10000,5,3,Health-Commits0006.csv
# likely, likely, likely, likely, likely, likely, likely, likely, likely, likely, likely, likely
# 20, 20, 20, 30, 30, 30, 40, 40, 40, 50, 50, 50
# near, klass, xploit, near, klass, xploit, near, klass, xploit, near, klass, xploit
58, 74, ! 60,  71,  66,  73,  76, ! 58,  70, ! 57,  71, ! 59, ! 54,|,10000,5,3,Health-Commits0008.csv
# likely, likely, likely, likely, likely, likely, likely, likely, likely, likely, likely, likely
# 20, 20, 20, 30, 30, 30, 40, 40, 40, 50, 50, 50
# near, klass, xploit, near, klass, xploit, near, klass, xploit, near, klass, xploit
21, 36,  40,  32,  30,  32,  32,  31,  29,  30,  32, ! 21,  31,|,10000,5,3,Health-Commits0009.csv
# likely, likely, likely, likely, likely, likely, likely, likely, likely, likely, likely, likely
# 20, 20, 20, 30, 30, 30, 40, 40, 40, 50, 50, 50
# near, klass, xploit, near, klass, xploit, near, klass, xploit, near, klass, xploit
41,! 34,  83,  58, ! 50, ! 31, ! 51,  58, ! 43,  62, ! 30, ! 49, ! 42,|,10000,5,3,Health-Commits0007.csv
# likely, likely, likely, likely, likely, likely, likely, likely, likely, likely, likely, likely
# 20, 20, 20, 30, 30, 30, 40, 40, 40, 50, 50, 50
# near, klass, xploit, near, klass, xploit, near, klass, xploit, near, klass, xploit
30,! 29,  65,  47, ! 38,  61,  55, ! 24, ! 26,  53, ! 26, ! 38,  53,|,10000,5,3,Health-Commits0005.csv
# likely, likely, likely, likely, likely, likely, likely, likely, likely, likely, likely, likely
# 20, 20, 20, 30, 30, 30, 40, 40, 40, 50, 50, 50
# near, klass, xploit, near, klass, xploit, near, klass, xploit, near, klass, xploit
65,! 65, ! 65, ! 68, ! 64, ! 62, ! 68, ! 64, ! 65, ! 69, ! 65, ! 60, ! 66,|,10000,5,3,Health-Commits0002.csv
# likely, likely, likely, likely, likely, likely, likely, likely, likely, likely, likely, likely
# 20, 20, 20, 30, 30, 30, 40, 40, 40, 50, 50, 50
# near, klass, xploit, near, klass, xploit, near, klass, xploit, near, klass, xploit
5,! 0, ! 12,  43, ! 0, ! 5, ! 6, ! 5, ! 12, ! 12, ! 0, ! 0,  25,|,10000,5,3,Health-Commits0011.csv
# likely, likely, likely, likely, likely, likely, likely, likely, likely, likely, likely, likely
# 20, 20, 20, 30, 30, 30, 40, 40, 40, 50, 50, 50
# near, klass, xploit, near, klass, xploit, near, klass, xploit, near, klass, xploit
71, 73,  73,  74,  74,  73,  73,  73,  73,  72,  73, ! 71,  74,|,10000,5,3,Health-Commits0004.csv
# likely, likely, likely, likely, likely, likely, likely, likely, likely, likely, likely, likely
# 20, 20, 20, 30, 30, 30, 40, 40, 40, 50, 50, 50
# near, klass, xploit, near, klass, xploit, near, klass, xploit, near, klass, xploit
5,! 3, ! 3, ! 10, ! 3, ! 3, ! 3, ! 3, ! 3, ! 10, ! 3, ! 3, ! 10,|,10000,5,3,Health-Commits0001.csv
# likely, likely, likely, likely, likely, likely, likely, likely, likely, likely, likely, likely
# 20, 20, 20, 30, 30, 30, 40, 40, 40, 50, 50, 50
# near, klass, xploit, near, klass, xploit, near, klass, xploit, near, klass, xploit
42, 54,  69,  58,  63,  65,  51,  53,  50,  70, ! 44,  59, ! 40,|,1000,20,5,coc1000.csv
# likely, likely, likely, likely, likely, likely, likely, likely, likely, likely, likely, likely
# 20, 20, 20, 30, 30, 30, 40, 40, 40, 50, 50, 50
# near, klass, xploit, near, klass, xploit, near, klass, xploit, near, klass, xploit
20, 29,  31,  32, ! 19,  29,  38,  34,  34,  27,  23, ! 21,  36,|,10000,5,3,Health-Commits0000.csv
# likely, likely, likely, likely, likely, likely, likely, likely, likely, likely, likely, likely
# 20, 20, 20, 30, 30, 30, 40, 40, 40, 50, 50, 50
# near, klass, xploit, near, klass, xploit, near, klass, xploit, near, klass, xploit
0,! 0, ! 0, ! 0, ! 0, ! 0, ! 7, ! 0, ! 0, ! 0, ! 0, ! 0, ! 0,|,10000,5,3,Health-ClosedPRs0011.csv
# likely, likely, likely, likely, likely, likely, likely, likely, likely, likely, likely, likely
# 20, 20, 20, 30, 30, 30, 40, 40, 40, 50, 50, 50
# near, klass, xploit, near, klass, xploit, near, klass, xploit, near, klass, xploit
64, 81,  80,  87,  80,  75,  73,  74,  78,  77,  77,  72, ! 64,|,10000,5,3,Health-ClosedPRs0009.csv
# likely, likely, likely, likely, likely, likely, likely, likely, likely, likely, likely, likely
# 20, 20, 20, 30, 30, 30, 40, 40, 40, 50, 50, 50
# near, klass, xploit, near, klass, xploit, near, klass, xploit, near, klass, xploit
69, 81,  83,  85,  85,  77,  81, ! 74, ! 72,  80, ! 61, ! 67, ! 70,|,10000,5,3,Health-ClosedPRs0010.csv
# likely, likely, likely, likely, likely, likely, likely, likely, likely, likely, likely, likely
# 20, 20, 20, 30, 30, 30, 40, 40, 40, 50, 50, 50
# near, klass, xploit, near, klass, xploit, near, klass, xploit, near, klass, xploit
51,! 51,  77,  77, ! 43, ! 58,  69, ! 50, ! 58,  81, ! 36, ! 54, ! 62,|,10000,5,3,Health-ClosedPRs0008.csv
# likely, likely, likely, likely, likely, likely, likely, likely, likely, likely, likely, likely
# 20, 20, 20, 30, 30, 30, 40, 40, 40, 50, 50, 50
# near, klass, xploit, near, klass, xploit, near, klass, xploit, near, klass, xploit
14,! 21, ! 21,  44, ! 5, ! 21,  33, ! 21, ! 5,  33, ! 0, ! 16,  49,|,10000,5,3,Health-ClosedPRs0007.csv
# likely, likely, likely, likely, likely, likely, likely, likely, likely, likely, likely, likely
# 20, 20, 20, 30, 30, 30, 40, 40, 40, 50, 50, 50
# near, klass, xploit, near, klass, xploit, near, klass, xploit, near, klass, xploit
45, 86,  70,  80, ! 50,  90, ! 55,  70, ! 45,  75, ! 35, ! 40,  75,|,10000,5,3,Health-ClosedPRs0006.csv
# likely, likely, likely, likely, likely, likely, likely, likely, likely, likely, likely, likely
# 20, 20, 20, 30, 30, 30, 40, 40, 40, 50, 50, 50
# near, klass, xploit, near, klass, xploit, near, klass, xploit, near, klass, xploit
4,! 0, ! 0, ! 13, ! 0, ! 0, ! 21, ! 0, ! 0, ! 7, ! 0, ! 0, ! 14,|,10000,5,3,Health-ClosedPRs0005.csv
# likely, likely, likely, likely, likely, likely, likely, likely, likely, likely, likely, likely
# 20, 20, 20, 30, 30, 30, 40, 40, 40, 50, 50, 50
# near, klass, xploit, near, klass, xploit, near, klass, xploit, near, klass, xploit
22,! 20,  54, ! 24, ! 32, ! 26,  60, ! 16, ! 16, ! 26, ! 8, ! 20, ! 31,|,10000,5,3,Health-ClosedPRs0004.csv
# likely, likely, likely, likely, likely, likely, likely, likely, likely, likely, likely, likely
# 20, 20, 20, 30, 30, 30, 40, 40, 40, 50, 50, 50
# near, klass, xploit, near, klass, xploit, near, klass, xploit, near, klass, xploit
2,! 1, ! 1, ! 1, ! 1, ! 1, ! 1, ! 1, ! 1, ! 8, ! 1, ! 1, ! 10,|,10000,5,3,Health-ClosedPRs0003.csv
# likely, likely, likely, likely, likely, likely, likely, likely, likely, likely, likely, likely
# 20, 20, 20, 30, 30, 30, 40, 40, 40, 50, 50, 50
# near, klass, xploit, near, klass, xploit, near, klass, xploit, near, klass, xploit
0, 1,  0,  1,  2,  3, ! 0,  0, ! 0,  1,  0,  1,  1,|,196,3,1,wc+wc-3d-c4-obj1.csv
# likely, likely, likely, likely, likely, likely, likely, likely, likely, likely, likely, likely
# 20, 20, 20, 30, 30, 30, 40, 40, 40, 50, 50, 50
# near, klass, xploit, near, klass, xploit, near, klass, xploit, near, klass, xploit
1,! 0, ! 0, ! 7, ! 0, ! 0, ! 7, ! 0, ! 0, ! 7, ! 0, ! 0, ! 0,|,10000,5,3,Health-ClosedPRs0002.csv
# likely, likely, likely, likely, likely, likely, likely, likely, likely, likely, likely, likely
# 20, 20, 20, 30, 30, 30, 40, 40, 40, 50, 50, 50
# near, klass, xploit, near, klass, xploit, near, klass, xploit, near, klass, xploit
0,! 0, ! 0, ! 0, ! 0, ! 0, ! 0, ! 0, ! 0, ! 0, ! 0, ! 0, ! 0,|,10000,5,2,Health-ClosedPRs0000.csv
# likely, likely, likely, likely, likely, likely, likely, likely, likely, likely, likely, likely
# 20, 20, 20, 30, 30, 30, 40, 40, 40, 50, 50, 50
# near, klass, xploit, near, klass, xploit, near, klass, xploit, near, klass, xploit
0, 6, ! 0, ! 0, ! 1,  2, ! 0, ! 1, ! 0, ! 0, ! 0, ! 0, ! 0,|,196,3,1,wc+sol-3d-c4-obj1.csv
# likely, likely, likely, likely, likely, likely, likely, likely, likely, likely, likely, likely
# 20, 20, 20, 30, 30, 30, 40, 40, 40, 50, 50, 50
# near, klass, xploit, near, klass, xploit, near, klass, xploit, near, klass, xploit
0, 2,  0,  1,  1,  1,  1,  1, ! 0,  1,  0,  1,  0,|,196,3,1,wc+rs-3d-c4-obj1.csv
# likely, likely, likely, likely, likely, likely, likely, likely, likely, likely, likely, likely
# 20, 20, 20, 30, 30, 30, 40, 40, 40, 50, 50, 50
# near, klass, xploit, near, klass, xploit, near, klass, xploit, near, klass, xploit
83,! 84,  86,  89, ! 83,  86,  87,  87,  86,  86,  86, ! 83, ! 84,|,10000,5,3,Health-ClosedIssues0010.csv
# likely, likely, likely, likely, likely, likely, likely, likely, likely, likely, likely, likely
# 20, 20, 20, 30, 30, 30, 40, 40, 40, 50, 50, 50
# near, klass, xploit, near, klass, xploit, near, klass, xploit, near, klass, xploit
29,! 25,  59, ! 36, ! 30,  46,  42, ! 30, ! 32, ! 31, ! 23, ! 27,  41,|,10000,5,3,Health-ClosedIssues0008.csv
# likely, likely, likely, likely, likely, likely, likely, likely, likely, likely, likely, likely
# 20, 20, 20, 30, 30, 30, 40, 40, 40, 50, 50, 50
# near, klass, xploit, near, klass, xploit, near, klass, xploit, near, klass, xploit
39, 53,  65,  46,  52,  67,  58,  50,  51,  50, ! 36, ! 42,  54,|,2205,31,8,Marketing_Analytics.csv
# likely, likely, likely, likely, likely, likely, likely, likely, likely, likely, likely, likely
# 20, 20, 20, 30, 30, 30, 40, 40, 40, 50, 50, 50
# near, klass, xploit, near, klass, xploit, near, klass, xploit, near, klass, xploit
74, 94,  95,  91, ! 77,  87,  97,  89, ! 69,  98, ! 76,  85,  97,|,10000,5,3,Health-ClosedIssues0007.csv
# likely, likely, likely, likely, likely, likely, likely, likely, likely, likely, likely, likely
# 20, 20, 20, 30, 30, 30, 40, 40, 40, 50, 50, 50
# near, klass, xploit, near, klass, xploit, near, klass, xploit, near, klass, xploit
3,! 0, ! 10,  36, ! 0, ! 0, ! 5, ! 0, ! 0, ! 11, ! 0, ! 0, ! 12,|,10000,5,3,Health-ClosedIssues0011.csv
# likely, likely, likely, likely, likely, likely, likely, likely, likely, likely, likely, likely
# 20, 20, 20, 30, 30, 30, 40, 40, 40, 50, 50, 50
# near, klass, xploit, near, klass, xploit, near, klass, xploit, near, klass, xploit
67,! 71,  82,  75,  74,  80,  80, ! 67, ! 63,  85, ! 63, ! 72,  76,|,10000,5,3,Health-ClosedIssues0009.csv
# likely, likely, likely, likely, likely, likely, likely, likely, likely, likely, likely, likely
# 20, 20, 20, 30, 30, 30, 40, 40, 40, 50, 50, 50
# near, klass, xploit, near, klass, xploit, near, klass, xploit, near, klass, xploit
39,! 39, ! 40,  41, ! 39, ! 40,  41, ! 39, ! 39,  42, ! 40, ! 40,  42,|,10000,5,3,Health-ClosedIssues0005.csv
# likely, likely, likely, likely, likely, likely, likely, likely, likely, likely, likely, likely
# 20, 20, 20, 30, 30, 30, 40, 40, 40, 50, 50, 50
# near, klass, xploit, near, klass, xploit, near, klass, xploit, near, klass, xploit
23, 32,  40,  41, ! 23,  37,  42,  30,  31,  32,  34,  32,  36,|,10000,5,3,Health-ClosedIssues0006.csv
# likely, likely, likely, likely, likely, likely, likely, likely, likely, likely, likely, likely
# 20, 20, 20, 30, 30, 30, 40, 40, 40, 50, 50, 50
# near, klass, xploit, near, klass, xploit, near, klass, xploit, near, klass, xploit
71, 80,  78,  80, ! 71,  81,  83, ! 73,  78,  78, ! 70, ! 72,  76,|,10000,5,3,Health-ClosedIssues0004.csv
# likely, likely, likely, likely, likely, likely, likely, likely, likely, likely, likely, likely
# 20, 20, 20, 30, 30, 30, 40, 40, 40, 50, 50, 50
# near, klass, xploit, near, klass, xploit, near, klass, xploit, near, klass, xploit
22,! 21, ! 21, ! 21, ! 18, ! 21, ! 21, ! 21, ! 21, ! 32, ! 27, ! 20, ! 26,|,10000,5,3,Health-ClosedIssues0002.csv
# likely, likely, likely, likely, likely, likely, likely, likely, likely, likely, likely, likely
# 20, 20, 20, 30, 30, 30, 40, 40, 40, 50, 50, 50
# near, klass, xploit, near, klass, xploit, near, klass, xploit, near, klass, xploit
34, 43,  60,  54,  56,  45,  51, ! 34,  48,  67,  46,  43,  44,|,10000,5,3,Health-ClosedIssues0003.csv
# likely, likely, likely, likely, likely, likely, likely, likely, likely, likely, likely, likely
# 20, 20, 20, 30, 30, 30, 40, 40, 40, 50, 50, 50
# near, klass, xploit, near, klass, xploit, near, klass, xploit, near, klass, xploit
56, 63,  59,  61,  62,  61,  59,  59,  61,  60, ! 56, ! 56,  63,|,10000,5,3,Health-ClosedIssues0001.csv
# likely, likely, likely, likely, likely, likely, likely, likely, likely, likely, likely, likely
# 20, 20, 20, 30, 30, 30, 40, 40, 40, 50, 50, 50
# near, klass, xploit, near, klass, xploit, near, klass, xploit, near, klass, xploit
20,! 23,  27,  29, ! 19,  27,  31,  26,  31,  29, ! 17, ! 21,  34,|,10000,5,3,Health-ClosedIssues0000.csv
# likely, likely, likely, likely, likely, likely, likely, likely, likely, likely, likely, likely
# 20, 20, 20, 30, 30, 30, 40, 40, 40, 50, 50, 50
# near, klass, xploit, near, klass, xploit, near, klass, xploit, near, klass, xploit
2, 7, ! 4,  12, ! 1, ! 3, ! 4, ! 0, ! 2, ! 1, ! 1, ! 0, ! 1,|,2880,6,1,wc-6d-c1-obj1.csv
# likely, likely, likely, likely, likely, likely, likely, likely, likely, likely, likely, likely
# 20, 20, 20, 30, 30, 30, 40, 40, 40, 50, 50, 50
# near, klass, xploit, near, klass, xploit, near, klass, xploit, near, klass, xploit
46, 63,  68,  68, ! 43,  60, ! 49,  58,  65,  58,  65,  58,  57,|,20000,9,3,pom3c.csv
# likely, likely, likely, likely, likely, likely, likely, likely, likely, likely, likely, likely
# 20, 20, 20, 30, 30, 30, 40, 40, 40, 50, 50, 50
# near, klass, xploit, near, klass, xploit, near, klass, xploit, near, klass, xploit
34, 46,  51,  51,  52,  57,  58, ! 36,  48,  58,  47, ! 33,  43,|,20000,9,3,pom3b.csv
# likely, likely, likely, likely, likely, likely, likely, likely, likely, likely, likely, likely
# 20, 20, 20, 30, 30, 30, 40, 40, 40, 50, 50, 50
# near, klass, xploit, near, klass, xploit, near, klass, xploit, near, klass, xploit
43, 52,  65,  52, ! 45,  50, ! 46,  53,  49, ! 47, ! 38, ! 40, ! 42,|,20000,9,3,pom3a.csv
# likely, likely, likely, likely, likely, likely, likely, likely, likely, likely, likely, likely
# 20, 20, 20, 30, 30, 30, 40, 40, 40, 50, 50, 50
# near, klass, xploit, near, klass, xploit, near, klass, xploit, near, klass, xploit
29, 72,  59,  39,  63, ! 31,  42, ! 33, ! 25,  54, ! 32, ! 24, ! 30,|,2938,20,2,Life_Expectancy_Data.csv
# likely, likely, likely, likely, likely, likely, likely, likely, likely, likely, likely, likely
# 20, 20, 20, 30, 30, 30, 40, 40, 40, 50, 50, 50
# near, klass, xploit, near, klass, xploit, near, klass, xploit, near, klass, xploit
9, 62,  36,  50,  28,  33,  27, ! 4,  51,  48, ! 16, ! 7,  24,|,1080,5,2,SS-I.csv
# likely, likely, likely, likely, likely, likely, likely, likely, likely, likely, likely, likely
# 20, 20, 20, 30, 30, 30, 40, 40, 40, 50, 50, 50
# near, klass, xploit, near, klass, xploit, near, klass, xploit, near, klass, xploit
1,! 1,  18, ! 2,  20, ! 0, ! 0,  18,  13, ! 1,  12, ! 0, ! 0,|,259,4,2,SS-H.csv
# likely, likely, likely, likely, likely, likely, likely, likely, likely, likely, likely, likely
# 20, 20, 20, 30, 30, 30, 40, 40, 40, 50, 50, 50
# near, klass, xploit, near, klass, xploit, near, klass, xploit, near, klass, xploit
24, 47,  35, ! 27, ! 24, ! 23, ! 25,  40,  31,  40, ! 20, ! 22,  30,|,196,3,2,SS-G.csv
# likely, likely, likely, likely, likely, likely, likely, likely, likely, likely, likely, likely
# 20, 20, 20, 30, 30, 30, 40, 40, 40, 50, 50, 50
# near, klass, xploit, near, klass, xploit, near, klass, xploit, near, klass, xploit
29,! 30,  60,  54, ! 34, ! 33,  42,  51, ! 25,  42, ! 25,  45,  44,|,2880,6,2,SS-K.csv
# likely, likely, likely, likely, likely, likely, likely, likely, likely, likely, likely, likely
# 20, 20, 20, 30, 30, 30, 40, 40, 40, 50, 50, 50
# near, klass, xploit, near, klass, xploit, near, klass, xploit, near, klass, xploit
11, 41,  35,  29,  27,  31,  30,  32,  24,  34, ! 7, ! 14,  36,|,196,3,2,SS-F.csv
# likely, likely, likely, likely, likely, likely, likely, likely, likely, likely, likely, likely
# 20, 20, 20, 30, 30, 30, 40, 40, 40, 50, 50, 50
# near, klass, xploit, near, klass, xploit, near, klass, xploit, near, klass, xploit
20, 58,  44,  39,  40,  30,  39,  46,  47,  48,  49, ! 20,  47,|,196,3,2,SS-D.csv
# likely, likely, likely, likely, likely, likely, likely, likely, likely, likely, likely, likely
# 20, 20, 20, 30, 30, 30, 40, 40, 40, 50, 50, 50
# near, klass, xploit, near, klass, xploit, near, klass, xploit, near, klass, xploit
6, 20,  20, ! 3, ! 8, ! 12,  100,  46,  19, ! 1,  55,  47,  35,|,7043,19,2,WA_Fn-UseC_-Telco-Customer-Churn.csv
# likely, likely, likely, likely, likely, likely, likely, likely, likely, likely, likely, likely
# 20, 20, 20, 30, 30, 30, 40, 40, 40, 50, 50, 50
# near, klass, xploit, near, klass, xploit, near, klass, xploit, near, klass, xploit
16, 25,  33,  32,  24,  23,  32, ! 16, ! 18,  21, ! 15,  23, ! 15,|,972,11,2,SS-O.csv
# likely, likely, likely, likely, likely, likely, likely, likely, likely, likely, likely, likely
# 20, 20, 20, 30, 30, 30, 40, 40, 40, 50, 50, 50
# near, klass, xploit, near, klass, xploit, near, klass, xploit, near, klass, xploit
7,! 7, ! 9,  12, ! 6, ! 4,  13, ! 8, ! 5, ! 7, ! 5, ! 5, ! 8,|,3840,6,2,SS-S.csv
# likely, likely, likely, likely, likely, likely, likely, likely, likely, likely, likely, likely
# 20, 20, 20, 30, 30, 30, 40, 40, 40, 50, 50, 50
# near, klass, xploit, near, klass, xploit, near, klass, xploit, near, klass, xploit
3,! 5, ! 1, ! 6, ! 1, ! 1, ! 18, ! 0, ! 0, ! 3, ! 0, ! 0, ! 0,|,1152,16,1,X264_AllMeasurements.csv
# likely, likely, likely, likely, likely, likely, likely, likely, likely, likely, likely, likely
# 20, 20, 20, 30, 30, 30, 40, 40, 40, 50, 50, 50
# near, klass, xploit, near, klass, xploit, near, klass, xploit, near, klass, xploit
0,! 0,  18, ! 0, ! 3,  17,  10,  10, ! 0,  20, ! 0,  19,  34,|,206,3,2,SS-B.csv
# likely, likely, likely, likely, likely, likely, likely, likely, likely, likely, likely, likely
# 20, 20, 20, 30, 30, 30, 40, 40, 40, 50, 50, 50
# near, klass, xploit, near, klass, xploit, near, klass, xploit, near, klass, xploit
25, 43,  46,  39,  41,  46,  38, ! 20,  35,  35, ! 26, ! 29, ! 26,|,756,3,2,SS-E.csv
# likely, likely, likely, likely, likely, likely, likely, likely, likely, likely, likely, likely
# 20, 20, 20, 30, 30, 30, 40, 40, 40, 50, 50, 50
# near, klass, xploit, near, klass, xploit, near, klass, xploit, near, klass, xploit
10,! 15,  32,  26, ! 12,  20,  19, ! 7, ! 11,  23, ! 6,  19,  20,|,3840,6,2,SS-J.csv
# likely, likely, likely, likely, likely, likely, likely, likely, likely, likely, likely, likely
# 20, 20, 20, 30, 30, 30, 40, 40, 40, 50, 50, 50
# near, klass, xploit, near, klass, xploit, near, klass, xploit, near, klass, xploit
3, 20,  10,  15,  7,  10, ! 4, ! 4, ! 3,  7, ! 4, ! 2, ! 2,|,1023,11,2,SS-P.csv
# likely, likely, likely, likely, likely, likely, likely, likely, likely, likely, likely, likely
# 20, 20, 20, 30, 30, 30, 40, 40, 40, 50, 50, 50
# near, klass, xploit, near, klass, xploit, near, klass, xploit, near, klass, xploit
7, 26,  15,  16, ! 7, ! 8, ! 7, ! 11, ! 3,  13, ! 3, ! 8, ! 9,|,1023,11,2,SS-L.csv
# likely, likely, likely, likely, likely, likely, likely, likely, likely, likely, likely, likely
# 20, 20, 20, 30, 30, 30, 40, 40, 40, 50, 50, 50
# near, klass, xploit, near, klass, xploit, near, klass, xploit, near, klass, xploit
20, 24,  27,  26, ! 21, ! 22,  25, ! 19,  23, ! 22, ! 20, ! 19, ! 20,|,1512,3,2,SS-C.csv
# likely, likely, likely, likely, likely, likely, likely, likely, likely, likely, likely, likely
# 20, 20, 20, 30, 30, 30, 40, 40, 40, 50, 50, 50
# near, klass, xploit, near, klass, xploit, near, klass, xploit, near, klass, xploit
4, 23,  14,  13, ! 3,  16,  22,  11,  15,  18, ! 3,  18, ! 5,|,1343,3,2,SS-A.csv
# likely, likely, likely, likely, likely, likely, likely, likely, likely, likely, likely, likely
# 20, 20, 20, 30, 30, 30, 40, 40, 40, 50, 50, 50
# near, klass, xploit, near, klass, xploit, near, klass, xploit, near, klass, xploit
0, 6,  10, ! 0,  4,  6, ! 0,  2,  2, ! 0,  1,  4, ! 0,|,192,9,1,Apache_AllMeasurements.csv
# likely, likely, likely, likely, likely, likely, likely, likely, likely, likely, likely, likely
# 20, 20, 20, 30, 30, 30, 40, 40, 40, 50, 50, 50
# near, klass, xploit, near, klass, xploit, near, klass, xploit, near, klass, xploit
4,! 4, ! 2,  10, ! 5, ! 5,  9, ! 3, ! 4,  14, ! 4, ! 3, ! 4,|,2736,13,3,SS-Q.csv
# likely, likely, likely, likely, likely, likely, likely, likely, likely, likely, likely, likely
# 20, 20, 20, 30, 30, 30, 40, 40, 40, 50, 50, 50
# near, klass, xploit, near, klass, xploit, near, klass, xploit, near, klass, xploit
21, 30, ! 25,  32, ! 20,  28,  35, ! 22, ! 21,  35, ! 22, ! 18, ! 21,|,3008,14,2,SS-R.csv
# likely, likely, likely, likely, likely, likely, likely, likely, likely, likely, likely, likely
# 20, 20, 20, 30, 30, 30, 40, 40, 40, 50, 50, 50
# near, klass, xploit, near, klass, xploit, near, klass, xploit, near, klass, xploit
9,! 13,  17,  17, ! 8, ! 9,  19, ! 6,  19, ! 11, ! 6, ! 8,  27,|,5184,12,2,SS-T.csv
# likely, likely, likely, likely, likely, likely, likely, likely, likely, likely, likely, likely
# 20, 20, 20, 30, 30, 30, 40, 40, 40, 50, 50, 50
# near, klass, xploit, near, klass, xploit, near, klass, xploit, near, klass, xploit
1, 5, ! 1,  19, ! 3, ! 0,  7, ! 0, ! 0, ! 2, ! 0, ! 0,  7,|,864,17,3,SS-M.csv
# likely, likely, likely, likely, likely, likely, likely, likely, likely, likely, likely, likely
# 20, 20, 20, 30, 30, 30, 40, 40, 40, 50, 50, 50
# near, klass, xploit, near, klass, xploit, near, klass, xploit, near, klass, xploit
6,! 7, ! 7,  9, ! 6, ! 7, ! 6, ! 6, ! 7, ! 7, ! 6, ! 6,  11,|,2866,6,1,sol-6d-c2-obj1.csv
# likely, likely, likely, likely, likely, likely, likely, likely, likely, likely, likely, likely
# 20, 20, 20, 30, 30, 30, 40, 40, 40, 50, 50, 50
# near, klass, xploit, near, klass, xploit, near, klass, xploit, near, klass, xploit
0,! 0,  0,  0, ! 0, ! 0,  0,  0, ! 0,  0, ! 0, ! 0, ! 0,|,3840,6,1,rs-6d-c3_obj2.csv
# likely, likely, likely, likely, likely, likely, likely, likely, likely, likely, likely, likely
# 20, 20, 20, 30, 30, 30, 40, 40, 40, 50, 50, 50
# near, klass, xploit, near, klass, xploit, near, klass, xploit, near, klass, xploit
1,! 2,  4,  8, ! 1,  4, ! 2, ! 1, ! 1,  3, ! 0, ! 0, ! 2,|,3840,6,1,rs-6d-c3_obj1.csv
# likely, likely, likely, likely, likely, likely, likely, likely, likely, likely, likely, likely
# 20, 20, 20, 30, 30, 30, 40, 40, 40, 50, 50, 50
# near, klass, xploit, near, klass, xploit, near, klass, xploit, near, klass, xploit
22, 37, ! 23,  34,  33, ! 22,  35,  31, ! 20,  38,  29, ! 23,  41,|,6840,16,2,SS-V.csv
# likely, likely, likely, likely, likely, likely, likely, likely, likely, likely, likely, likely
# 20, 20, 20, 30, 30, 30, 40, 40, 40, 50, 50, 50
# near, klass, xploit, near, klass, xploit, near, klass, xploit, near, klass, xploit
39, 55, ! 41,  57, ! 34,  48, ! 40, ! 37, ! 42, ! 43, ! 37, ! 38, ! 43,|,10000,25,4,xomo_osp2.csv
# likely, likely, likely, likely, likely, likely, likely, likely, likely, likely, likely, likely
# 20, 20, 20, 30, 30, 30, 40, 40, 40, 50, 50, 50
# near, klass, xploit, near, klass, xploit, near, klass, xploit, near, klass, xploit
21, 31,  52,  40,  29,  30, ! 22,  32, ! 18,  31,  32, ! 24, ! 22,|,10000,25,4,xomo_ground.csv
# likely, likely, likely, likely, likely, likely, likely, likely, likely, likely, likely, likely
# 20, 20, 20, 30, 30, 30, 40, 40, 40, 50, 50, 50
# near, klass, xploit, near, klass, xploit, near, klass, xploit, near, klass, xploit
16, 31,  29,  24,  32,  30,  33,  28, ! 15, ! 18,  22,  21, ! 14,|,10000,25,4,xomo_flight.csv
# likely, likely, likely, likely, likely, likely, likely, likely, likely, likely, likely, likely
# 20, 20, 20, 30, 30, 30, 40, 40, 40, 50, 50, 50
# near, klass, xploit, near, klass, xploit, near, klass, xploit, near, klass, xploit
17, 35,  43,  45,  34,  24,  38, ! 14,  27, ! 20,  23,  30, ! 17,|,10000,25,4,xomo_osp.csv
# likely, likely, likely, likely, likely, likely, likely, likely, likely, likely, likely, likely
# 20, 20, 20, 30, 30, 30, 40, 40, 40, 50, 50, 50
# near, klass, xploit, near, klass, xploit, near, klass, xploit, near, klass, xploit
5,! 8, ! 4,  16, ! 5, ! 5,  30, ! 4, ! 5,  14, ! 5, ! 4,  20,|,4608,21,2,SS-U.csv
# likely, likely, likely, likely, likely, likely, likely, likely, likely, likely, likely, likely
# 20, 20, 20, 30, 30, 30, 40, 40, 40, 50, 50, 50
# near, klass, xploit, near, klass, xploit, near, klass, xploit, near, klass, xploit
10, 21,  38,  28,  41,  28,  21,  32,  19, ! 10, ! 13, ! 6,  24,|,81,26,1,player_statistics_cleaned_final.csv
# likely, likely, likely, likely, likely, likely, likely, likely, likely, likely, likely, likely
# 20, 20, 20, 30, 30, 30, 40, 40, 40, 50, 50, 50
# near, klass, xploit, near, klass, xploit, near, klass, xploit, near, klass, xploit
2, 8,  6,  11,  4,  3,  6,  3,  4,  3, ! 2, ! 1,  5,|,3456,14,1,HSMGP_num.csv
# likely, likely, likely, likely, likely, likely, likely, likely, likely, likely, likely, likely
# 20, 20, 20, 30, 30, 30, 40, 40, 40, 50, 50, 50
# near, klass, xploit, near, klass, xploit, near, klass, xploit, near, klass, xploit
41, 53,  67,  63, ! 36, ! 42, ! 39,  51, ! 44,  52, ! 42, ! 37, ! 46,|,10127,19,4,BankChurners.csv
# likely, likely, likely, likely, likely, likely, likely, likely, likely, likely, likely, likely
# 20, 20, 20, 30, 30, 30, 40, 40, 40, 50, 50, 50
# near, klass, xploit, near, klass, xploit, near, klass, xploit, near, klass, xploit
1,! 0, ! 0, ! 5, ! 0, ! 0, ! 5, ! 5, ! 0, ! 0, ! 0, ! 0, ! 0,|,649,33,1,student_dropout.csv
# likely, likely, likely, likely, likely, likely, likely, likely, likely, likely, likely, likely
# 20, 20, 20, 30, 30, 30, 40, 40, 40, 50, 50, 50
# near, klass, xploit, near, klass, xploit, near, klass, xploit, near, klass, xploit
28,! 31,  44,  36, ! 22,  43,  48, ! 27,  35,  40, ! 29, ! 29,  38,|,1470,32,3,WA_Fn-UseC_-HR-Employee-Attrition.csv
# likely, likely, likely, likely, likely, likely, likely, likely, likely, likely, likely, likely
# 20, 20, 20, 30, 30, 30, 40, 40, 40, 50, 50, 50
# near, klass, xploit, near, klass, xploit, near, klass, xploit, near, klass, xploit
38, 42,  44,  50, ! 38,  49,  62,  44,  52,  47,  44,  55,  52,|,4653,38,1,SQL_AllMeasurements.csv
# likely, likely, likely, likely, likely, likely, likely, likely, likely, likely, likely, likely
# 20, 20, 20, 30, 30, 30, 40, 40, 40, 50, 50, 50
# near, klass, xploit, near, klass, xploit, near, klass, xploit, near, klass, xploit
36, 90,  69,  65,  93,  88,  91,  70,  96,  84,  83, ! 36,  90,|,1460,77,4,home_data_for_ml_course.csv
# likely, likely, likely, likely, likely, likely, likely, likely, likely, likely, likely, likely
# 20, 20, 20, 30, 30, 30, 40, 40, 40, 50, 50, 50
# near, klass, xploit, near, klass, xploit, near, klass, xploit, near, klass, xploit
41, 83,  60,  65,  79,  82,  54,  97, ! 41,  70,  90,  65,  66,|,20000,31,5,Loan.csv
# likely, likely, likely, likely, likely, likely, likely, likely, likely, likely, likely, likely
# 20, 20, 20, 30, 30, 30, 40, 40, 40, 50, 50, 50
# near, klass, xploit, near, klass, xploit, near, klass, xploit, near, klass, xploit
30, 104,  106,  84,  101,  97,  59, ! 30, ! 30,  90,  86,  43,  86,|,21759,35,3,Data_COVID19_Indonesia.csv
# likely, likely, likely, likely, likely, likely, likely, likely, likely, likely, likely, likely
# 20, 20, 20, 30, 30, 30, 40, 40, 40, 50, 50, 50
# near, klass, xploit, near, klass, xploit, near, klass, xploit, near, klass, xploit
52, 66,  61,  71,  59,  60,  63, ! 55,  57,  56, ! 50,  58, ! 52,|,65536,16,2,SS-W.csv
# likely, likely, likely, likely, likely, likely, likely, likely, likely, likely, likely, likely
# 20, 20, 20, 30, 30, 30, 40, 40, 40, 50, 50, 50
# near, klass, xploit, near, klass, xploit, near, klass, xploit, near, klass, xploit
2,! 0, ! 0, ! 21, ! 0, ! 0, ! 0, ! 0, ! 0, ! 0, ! 0, ! 0, ! 10,|,25000,64,1,Medical_Data_and_Hospital_Readmissions.csv
# likely, likely, likely, likely, likely, likely, likely, likely, likely, likely, likely, likely
# 20, 20, 20, 30, 30, 30, 40, 40, 40, 50, 50, 50
# near, klass, xploit, near, klass, xploit, near, klass, xploit, near, klass, xploit
37, 62,  51,  50,  44,  51,  60,  42,  41,  47,  40, ! 34, ! 39,|,86058,11,2,SS-X.csv
# likely, likely, likely, likely, likely, likely, likely, likely, likely, likely, likely, likely
# 20, 20, 20, 30, 30, 30, 40, 40, 40, 50, 50, 50
# near, klass, xploit, near, klass, xploit, near, klass, xploit, near, klass, xploit
21, 42,  42,  34,  30,  39, ! 20,  31,  37, ! 23, ! 23, ! 23, ! 18,|,10000,88,3,billing10k.csv
# likely, likely, likely, likely, likely, likely, likely, likely, likely, likely, likely, likely
# 20, 20, 20, 30, 30, 30, 40, 40, 40, 50, 50, 50
# near, klass, xploit, near, klass, xploit, near, klass, xploit, near, klass, xploit
19, 35,  45,  29,  27,  27, ! 19,  27,  39, ! 18,  28,  25, ! 18,|,1000,124,3,Scrum1k.csv
# likely, likely, likely, likely, likely, likely, likely, likely, likely, likely, likely, likely
# 20, 20, 20, 30, 30, 30, 40, 40, 40, 50, 50, 50
# near, klass, xploit, near, klass, xploit, near, klass, xploit, near, klass, xploit
53, 69,  65,  63,  73, ! 53,  72,  60,  70,  70,  61,  61,  68,|,53662,17,2,SS-N.csv
# likely, likely, likely, likely, likely, likely, likely, likely, likely, likely, likely, likely
# 20, 20, 20, 30, 30, 30, 40, 40, 40, 50, 50, 50
# near, klass, xploit, near, klass, xploit, near, klass, xploit, near, klass, xploit
47, 73, ! 45,  67,  88,  61,  57,  80,  96,  90,  65,  93, ! 49,|,17737,55,2,all_players.csv
# likely, likely, likely, likely, likely, likely, likely, likely, likely, likely, likely, likely
# 20, 20, 20, 30, 30, 30, 40, 40, 40, 50, 50, 50
# near, klass, xploit, near, klass, xploit, near, klass, xploit, near, klass, xploit
19, 31,  48,  36,  41,  47, ! 21,  30,  38, ! 18,  26,  35, ! 18,|,10000,124,3,Scrum10k.csv
# likely, likely, likely, likely, likely, likely, likely, likely, likely, likely, likely, likely
# 20, 20, 20, 30, 30, 30, 40, 40, 40, 50, 50, 50
# near, klass, xploit, near, klass, xploit, near, klass, xploit, near, klass, xploit
19,! 24,  33,  40,  29,  31, ! 20,  42,  34, ! 17, ! 20, ! 20, ! 15,|,10000,128,3,FFM-125-25-0.50-SAT-1.csv
# likely, likely, likely, likely, likely, likely, likely, likely, likely, likely, likely, likely
# 20, 20, 20, 30, 30, 30, 40, 40, 40, 50, 50, 50
# near, klass, xploit, near, klass, xploit, near, klass, xploit, near, klass, xploit
11, 46,  41,  41,  32,  34,  27,  31,  46, ! 15,  32, ! 10, ! 9,|,10000,256,3,FFM-250-50-0.50-SAT-1.csv
# likely, likely, likely, likely, likely, likely, likely, likely, likely, likely, likely, likely
# 20, 20, 20, 30, 30, 30, 40, 40, 40, 50, 50, 50
# near, klass, xploit, near, klass, xploit, near, klass, xploit, near, klass, xploit
41, 56,  55, ! 45, ! 46,  50, ! 36, ! 37,  54, ! 45, ! 41, ! 42, ! 39,|,100000,124,3,Scrum100k.csv
# likely, likely, likely, likely, likely, likely, likely, likely, likely, likely, likely, likely
# 20, 20, 20, 30, 30, 30, 40, 40, 40, 50, 50, 50
# near, klass, xploit, near, klass, xploit, near, klass, xploit, near, klass, xploit
15, 31,  37,  26, ! 17,  34, ! 15,  28,  38, ! 11,  23,  25, ! 17,|,10000,511,3,FM-500-100-1.00-SAT-1.csv
# likely, likely, likely, likely, likely, likely, likely, likely, likely, likely, likely, likely
# 20, 20, 20, 30, 30, 30, 40, 40, 40, 50, 50, 50
# near, klass, xploit, near, klass, xploit, near, klass, xploit, near, klass, xploit
14, 36,  34,  34,  30,  45,  30,  37,  44, ! 14,  35,  37,  25,|,10000,510,3,FFM-500-100-0.50-SAT-1.csv
# likely, likely, likely, likely, likely, likely, likely, likely, likely, likely, likely, likely
# 20, 20, 20, 30, 30, 30, 40, 40, 40, 50, 50, 50
# near, klass, xploit, near, klass, xploit, near, klass, xploit, near, klass, xploit
12, 47,  39,  26,  25,  38,  28,  35,  33,  21,  37, ! 12,  22,|,10000,511,3,FM-500-100-0.75-SAT-1.csv
# likely, likely, likely, likely, likely, likely, likely, likely, likely, likely, likely, likely
# 20, 20, 20, 30, 30, 30, 40, 40, 40, 50, 50, 50
# near, klass, xploit, near, klass, xploit, near, klass, xploit, near, klass, xploit
16, 36,  52,  36,  53,  40,  26,  31,  47,  23,  24,  45, ! 16,|,10000,513,3,FM-500-100-0.50-SAT-1.csv
# likely, likely, likely, likely, likely, likely, likely, likely, likely, likely, likely, likely
# 20, 20, 20, 30, 30, 30, 40, 40, 40, 50, 50, 50
# near, klass, xploit, near, klass, xploit, near, klass, xploit, near, klass, xploit
30, 38,  48,  39,  44,  51,  37,  43,  44, ! 30, ! 33,  39, ! 27,|,10000,517,3,FM-500-100-0.25-SAT-1.csv
# likely, likely, likely, likely, likely, likely, likely, likely, likely, likely, likely, likely
# 20, 20, 20, 30, 30, 30, 40, 40, 40, 50, 50, 50
# near, klass, xploit, near, klass, xploit, near, klass, xploit, near, klass, xploit
18, 36,  42,  36,  33,  31,  29, ! 18,  27, ! 20, ! 20,  34, ! 15,|,10000,1044,3,FFM-1000-200-0.50-SAT-1.csv
