# likely, likely, likely, likely, likely, likely, likely, likely
# 20, 20, 30, 30, 40, 40, 50, 50
# klass, bore, klass, bore, klass, bore, klass, bore
20, 30,  35, ! 22,  29, ! 22,  30,  27, ! 16,|,398,4,3,auto93.csv
# likely, likely, likely, likely, likely, likely, likely, likely
# 20, 20, 30, 30, 40, 40, 50, 50
# klass, bore, klass, bore, klass, bore, klass, bore
21, 45,  81,  52, ! 16,  97,  52,  40, ! 26,|,93,22,3,nasa93dem.csv
# likely, likely, likely, likely, likely, likely, likely, likely
# 20, 20, 30, 30, 40, 40, 50, 50
# klass, bore, klass, bore, klass, bore, klass, bore
47,! 41,  60,  57, ! 49, ! 47, ! 46, ! 48, ! 49,|,223,10,3,A2C_Acrobot.csv
# likely, likely, likely, likely, likely, likely, likely, likely
# 20, 20, 30, 30, 40, 40, 50, 50
# klass, bore, klass, bore, klass, bore, klass, bore
59, 79,  78, ! 52, ! 60,  79,  79,  77, ! 64,|,317,7,4,A2C_CartPole.csv
# likely, likely, likely, likely, likely, likely, likely, likely
# 20, 20, 30, 30, 40, 40, 50, 50
# klass, bore, klass, bore, klass, bore, klass, bore
0, 33,  81,  69,  67,  79, ! 0,  80,  35,|,247,22,2,wallpaper.csv
# likely, likely, likely, likely, likely, likely, likely, likely
# 20, 20, 30, 30, 40, 40, 50, 50
# klass, bore, klass, bore, klass, bore, klass, bore
37,! 35, ! 36, ! 41, ! 49, ! 38, ! 37, ! 26, ! 32,|,500,9,3,pom3d.csv
# likely, likely, likely, likely, likely, likely, likely, likely
# 20, 20, 30, 30, 40, 40, 50, 50
# klass, bore, klass, bore, klass, bore, klass, bore
41, 58,  66,  55, ! 41,  58,  62,  53,  62,|,1599,10,2,Wine_quality.csv
# likely, likely, likely, likely, likely, likely, likely, likely
# 20, 20, 30, 30, 40, 40, 50, 50
# klass, bore, klass, bore, klass, bore, klass, bore
6, 20,  14,  18,  30,  15,  23, ! 3, ! 9,|,350,20,1,socks.csv
# likely, likely, likely, likely, likely, likely, likely, likely
# 20, 20, 30, 30, 40, 40, 50, 50
# klass, bore, klass, bore, klass, bore, klass, bore
20,! 19, ! 19, ! 15,  34,  50, ! 28, ! 15, ! 25,|,5160,9,1,dataset120.csv
# likely, likely, likely, likely, likely, likely, likely, likely
# 20, 20, 30, 30, 40, 40, 50, 50
# klass, bore, klass, bore, klass, bore, klass, bore
9,! 13,  23,  23,  32,  29,  26, ! 6,  29,|,5160,9,1,dataset600.csv
# likely, likely, likely, likely, likely, likely, likely, likely
# 20, 20, 30, 30, 40, 40, 50, 50
# klass, bore, klass, bore, klass, bore, klass, bore
46, 52,  51,  51,  52,  50,  50, ! 46,  50,|,10000,5,3,Health-Commits0006.csv
# likely, likely, likely, likely, likely, likely, likely, likely
# 20, 20, 30, 30, 40, 40, 50, 50
# klass, bore, klass, bore, klass, bore, klass, bore
22, 35,  76,  50,  59, ! 24,  38, ! 20,  55,|,10000,5,3,Health-Commits0005.csv
# likely, likely, likely, likely, likely, likely, likely, likely
# 20, 20, 30, 30, 40, 40, 50, 50
# klass, bore, klass, bore, klass, bore, klass, bore
26, 42,  38,  37,  33,  34, ! 26,  39,  34,|,10000,5,3,Health-Commits0009.csv
# likely, likely, likely, likely, likely, likely, likely, likely
# 20, 20, 30, 30, 40, 40, 50, 50
# klass, bore, klass, bore, klass, bore, klass, bore
41,! 37, ! 39, ! 38, ! 47, ! 41, ! 46, ! 41, ! 36,|,10000,5,3,Health-Commits0010.csv
# likely, likely, likely, likely, likely, likely, likely, likely
# 20, 20, 30, 30, 40, 40, 50, 50
# klass, bore, klass, bore, klass, bore, klass, bore
97, 97,  99, ! 97,  98, ! 97,  98,  97,  98,|,1121,14,2,accessories.csv
# likely, likely, likely, likely, likely, likely, likely, likely
# 20, 20, 30, 30, 40, 40, 50, 50
# klass, bore, klass, bore, klass, bore, klass, bore
5,! 6,  37, ! 6,  62, ! 6, ! 5, ! 0,  30,|,10000,5,3,Health-Commits0011.csv
# likely, likely, likely, likely, likely, likely, likely, likely
# 20, 20, 30, 30, 40, 40, 50, 50
# klass, bore, klass, bore, klass, bore, klass, bore
43,! 42,  74,  60, ! 39, ! 45, ! 47, ! 38, ! 47,|,10000,5,3,Health-Commits0007.csv
# likely, likely, likely, likely, likely, likely, likely, likely
# 20, 20, 30, 30, 40, 40, 50, 50
# klass, bore, klass, bore, klass, bore, klass, bore
63, 74, ! 66, ! 67, ! 62, ! 57, ! 64, ! 63, ! 61,|,10000,5,3,Health-Commits0008.csv
# likely, likely, likely, likely, likely, likely, likely, likely
# 20, 20, 30, 30, 40, 40, 50, 50
# klass, bore, klass, bore, klass, bore, klass, bore
44, 68,  69,  59,  67, ! 45,  55, ! 43,  67,|,10000,5,3,Health-Commits0003.csv
# likely, likely, likely, likely, likely, likely, likely, likely
# 20, 20, 30, 30, 40, 40, 50, 50
# klass, bore, klass, bore, klass, bore, klass, bore
72, 74,  73, ! 73,  74, ! 72,  74,  73,  74,|,10000,5,3,Health-Commits0004.csv
# likely, likely, likely, likely, likely, likely, likely, likely
# 20, 20, 30, 30, 40, 40, 50, 50
# klass, bore, klass, bore, klass, bore, klass, bore
68,! 65, ! 69, ! 66, ! 73, ! 65, ! 70, ! 65, ! 70,|,10000,5,3,Health-Commits0002.csv
# likely, likely, likely, likely, likely, likely, likely, likely
# 20, 20, 30, 30, 40, 40, 50, 50
# klass, bore, klass, bore, klass, bore, klass, bore
29,! 26, ! 32, ! 29,  44, ! 32, ! 30, ! 26, ! 29,|,10000,5,3,Health-Commits0000.csv
# likely, likely, likely, likely, likely, likely, likely, likely
# 20, 20, 30, 30, 40, 40, 50, 50
# klass, bore, klass, bore, klass, bore, klass, bore
8,! 10, ! 3, ! 3, ! 24, ! 3, ! 3, ! 3, ! 17,|,10000,5,3,Health-Commits0001.csv
# likely, likely, likely, likely, likely, likely, likely, likely
# 20, 20, 30, 30, 40, 40, 50, 50
# klass, bore, klass, bore, klass, bore, klass, bore
1,! 0, ! 0, ! 0, ! 7, ! 0, ! 7, ! 0, ! 0,|,10000,5,3,Health-ClosedPRs0011.csv
# likely, likely, likely, likely, likely, likely, likely, likely
# 20, 20, 30, 30, 40, 40, 50, 50
# klass, bore, klass, bore, klass, bore, klass, bore
70, 81,  85, ! 71, ! 74, ! 63,  81, ! 72, ! 71,|,10000,5,3,Health-ClosedPRs0010.csv
# likely, likely, likely, likely, likely, likely, likely, likely
# 20, 20, 30, 30, 40, 40, 50, 50
# klass, bore, klass, bore, klass, bore, klass, bore
38,! 38,  64,  59,  74,  57,  59,  64,  54,|,1000,20,5,coc1000.csv
# likely, likely, likely, likely, likely, likely, likely, likely
# 20, 20, 30, 30, 40, 40, 50, 50
# klass, bore, klass, bore, klass, bore, klass, bore
99, 99, ! 99,  99,  99,  99,  99,  99,  99,|,913,20,2,dress-up.csv
# likely, likely, likely, likely, likely, likely, likely, likely
# 20, 20, 30, 30, 40, 40, 50, 50
# klass, bore, klass, bore, klass, bore, klass, bore
80,! 82, ! 83, ! 77, ! 78, ! 78, ! 78, ! 81, ! 83,|,10000,5,3,Health-ClosedPRs0009.csv
# likely, likely, likely, likely, likely, likely, likely, likely
# 20, 20, 30, 30, 40, 40, 50, 50
# klass, bore, klass, bore, klass, bore, klass, bore
67, 78, ! 72,  86,  87, ! 65, ! 62, ! 69,  85,|,10000,5,3,Health-ClosedPRs0008.csv
# likely, likely, likely, likely, likely, likely, likely, likely
# 20, 20, 30, 30, 40, 40, 50, 50
# klass, bore, klass, bore, klass, bore, klass, bore
0, 27,  22,  44,  50, ! 0,  38,  38,  44,|,10000,5,3,Health-ClosedPRs0007.csv
# likely, likely, likely, likely, likely, likely, likely, likely
# 20, 20, 30, 30, 40, 40, 50, 50
# klass, bore, klass, bore, klass, bore, klass, bore
59, 80, ! 65,  75,  74, ! 50, ! 65,  85, ! 55,|,10000,5,3,Health-ClosedPRs0006.csv
# likely, likely, likely, likely, likely, likely, likely, likely
# 20, 20, 30, 30, 40, 40, 50, 50
# klass, bore, klass, bore, klass, bore, klass, bore
9,! 0, ! 14, ! 0, ! 35, ! 0, ! 6, ! 0, ! 21,|,10000,5,3,Health-ClosedPRs0005.csv
# likely, likely, likely, likely, likely, likely, likely, likely
# 20, 20, 30, 30, 40, 40, 50, 50
# klass, bore, klass, bore, klass, bore, klass, bore
21,! 16,  60,  51,  41, ! 17, ! 31,  40,  43,|,10000,5,3,Health-ClosedPRs0004.csv
# likely, likely, likely, likely, likely, likely, likely, likely
# 20, 20, 30, 30, 40, 40, 50, 50
# klass, bore, klass, bore, klass, bore, klass, bore
3,! 1, ! 8, ! 1, ! 8, ! 1, ! 1, ! 1, ! 1,|,10000,5,3,Health-ClosedPRs0003.csv
# likely, likely, likely, likely, likely, likely, likely, likely
# 20, 20, 30, 30, 40, 40, 50, 50
# klass, bore, klass, bore, klass, bore, klass, bore
0,! 0, ! 0, ! 0, ! 0, ! 0, ! 0, ! 0, ! 0,|,10000,5,2,Health-ClosedPRs0000.csv
# likely, likely, likely, likely, likely, likely, likely, likely
# 20, 20, 30, 30, 40, 40, 50, 50
# klass, bore, klass, bore, klass, bore, klass, bore
0, 1,  1,  1, ! 0, ! 0, ! 0, ! 0,  0,|,196,3,1,wc+wc-3d-c4-obj1.csv
# likely, likely, likely, likely, likely, likely, likely, likely
# 20, 20, 30, 30, 40, 40, 50, 50
# klass, bore, klass, bore, klass, bore, klass, bore
2,! 0, ! 0, ! 0, ! 14, ! 0, ! 0, ! 0, ! 7,|,10000,5,3,Health-ClosedPRs0002.csv
# likely, likely, likely, likely, likely, likely, likely, likely
# 20, 20, 30, 30, 40, 40, 50, 50
# klass, bore, klass, bore, klass, bore, klass, bore
60, 85,  85, ! 63,  81,  75, ! 57,  76,  78,|,10000,5,3,Health-ClosedIssues0009.csv
# likely, likely, likely, likely, likely, likely, likely, likely
# 20, 20, 30, 30, 40, 40, 50, 50
# klass, bore, klass, bore, klass, bore, klass, bore
84,! 85,  87, ! 84,  88, ! 85,  88,  87,  87,|,10000,5,3,Health-ClosedIssues0010.csv
# likely, likely, likely, likely, likely, likely, likely, likely
# 20, 20, 30, 30, 40, 40, 50, 50
# klass, bore, klass, bore, klass, bore, klass, bore
28, 37,  40, ! 26,  37, ! 29,  39,  35,  34,|,10000,5,3,Health-ClosedIssues0006.csv
# likely, likely, likely, likely, likely, likely, likely, likely
# 20, 20, 30, 30, 40, 40, 50, 50
# klass, bore, klass, bore, klass, bore, klass, bore
41,! 39, ! 46, ! 41, ! 41, ! 40, ! 40, ! 41, ! 42,|,10000,5,3,Health-ClosedIssues0005.csv
# likely, likely, likely, likely, likely, likely, likely, likely
# 20, 20, 30, 30, 40, 40, 50, 50
# klass, bore, klass, bore, klass, bore, klass, bore
0, 17,  22, ! 0,  23, ! 0,  22, ! 0,  28,|,10000,5,3,Health-ClosedIssues0011.csv
# likely, likely, likely, likely, likely, likely, likely, likely
# 20, 20, 30, 30, 40, 40, 50, 50
# klass, bore, klass, bore, klass, bore, klass, bore
0, 1,  0, ! 0,  1, ! 0, ! 0, ! 0, ! 0,|,196,3,1,wc+sol-3d-c4-obj1.csv
# likely, likely, likely, likely, likely, likely, likely, likely
# 20, 20, 30, 30, 40, 40, 50, 50
# klass, bore, klass, bore, klass, bore, klass, bore
77, 95,  92,  96,  97,  91,  96, ! 81, ! 73,|,10000,5,3,Health-ClosedIssues0007.csv
# likely, likely, likely, likely, likely, likely, likely, likely
# 20, 20, 30, 30, 40, 40, 50, 50
# klass, bore, klass, bore, klass, bore, klass, bore
32, 53,  61,  46,  46, ! 33, ! 35, ! 27,  41,|,10000,5,3,Health-ClosedIssues0008.csv
# likely, likely, likely, likely, likely, likely, likely, likely
# 20, 20, 30, 30, 40, 40, 50, 50
# klass, bore, klass, bore, klass, bore, klass, bore
78,! 77, ! 79, ! 77, ! 74, ! 76, ! 80, ! 79, ! 78,|,10000,5,3,Health-ClosedIssues0004.csv
# likely, likely, likely, likely, likely, likely, likely, likely
# 20, 20, 30, 30, 40, 40, 50, 50
# klass, bore, klass, bore, klass, bore, klass, bore
60,! 60, ! 65, ! 66, ! 58, ! 54, ! 64, ! 54, ! 56,|,10000,5,3,Health-ClosedIssues0003.csv
# likely, likely, likely, likely, likely, likely, likely, likely
# 20, 20, 30, 30, 40, 40, 50, 50
# klass, bore, klass, bore, klass, bore, klass, bore
0, 1,  1,  1, ! 0, ! 0,  0, ! 0,  0,|,196,3,1,wc+rs-3d-c4-obj1.csv
# likely, likely, likely, likely, likely, likely, likely, likely
# 20, 20, 30, 30, 40, 40, 50, 50
# klass, bore, klass, bore, klass, bore, klass, bore
44, 54,  65,  55,  56, ! 47, ! 42,  52,  59,|,2205,31,8,Marketing_Analytics.csv
# likely, likely, likely, likely, likely, likely, likely, likely
# 20, 20, 30, 30, 40, 40, 50, 50
# klass, bore, klass, bore, klass, bore, klass, bore
61,! 65, ! 61, ! 60, ! 62, ! 59, ! 62, ! 61, ! 58,|,10000,5,3,Health-ClosedIssues0001.csv
# likely, likely, likely, likely, likely, likely, likely, likely
# 20, 20, 30, 30, 40, 40, 50, 50
# klass, bore, klass, bore, klass, bore, klass, bore
23,! 20, ! 21, ! 21, ! 38, ! 19, ! 21, ! 21, ! 27,|,10000,5,3,Health-ClosedIssues0002.csv
# likely, likely, likely, likely, likely, likely, likely, likely
# 20, 20, 30, 30, 40, 40, 50, 50
# klass, bore, klass, bore, klass, bore, klass, bore
19, 24,  29,  24,  29,  29,  27, ! 19,  28,|,10000,5,3,Health-ClosedIssues0000.csv
# likely, likely, likely, likely, likely, likely, likely, likely
# 20, 20, 30, 30, 40, 40, 50, 50
# klass, bore, klass, bore, klass, bore, klass, bore
38, 53,  54, ! 40, ! 38, ! 39,  51, ! 38,  49,|,20000,9,3,pom3b.csv
# likely, likely, likely, likely, likely, likely, likely, likely
# 20, 20, 30, 30, 40, 40, 50, 50
# klass, bore, klass, bore, klass, bore, klass, bore
65,! 64, ! 69, ! 65, ! 66, ! 64, ! 65, ! 61, ! 61,|,20000,9,3,pom3c.csv
# likely, likely, likely, likely, likely, likely, likely, likely
# 20, 20, 30, 30, 40, 40, 50, 50
# klass, bore, klass, bore, klass, bore, klass, bore
29, 55,  55,  43,  38, ! 29,  45,  40,  52,|,20000,9,3,pom3a.csv
# likely, likely, likely, likely, likely, likely, likely, likely
# 20, 20, 30, 30, 40, 40, 50, 50
# klass, bore, klass, bore, klass, bore, klass, bore
9, 47,  41,  30,  31, ! 9,  24,  25,  32,|,196,3,2,SS-G.csv
# likely, likely, likely, likely, likely, likely, likely, likely
# 20, 20, 30, 30, 40, 40, 50, 50
# klass, bore, klass, bore, klass, bore, klass, bore
15, 33,  31, ! 10,  32, ! 14, ! 16, ! 18,  24,|,196,3,2,SS-F.csv
# likely, likely, likely, likely, likely, likely, likely, likely
# 20, 20, 30, 30, 40, 40, 50, 50
# klass, bore, klass, bore, klass, bore, klass, bore
0,! 0,  18,  4,  7, ! 1, ! 1, ! 0, ! 0,|,259,4,2,SS-H.csv
# likely, likely, likely, likely, likely, likely, likely, likely
# 20, 20, 30, 30, 40, 40, 50, 50
# klass, bore, klass, bore, klass, bore, klass, bore
2,! 4,  7, ! 1,  13, ! 2,  8, ! 0,  9,|,2880,6,1,wc-6d-c1-obj1.csv
# likely, likely, likely, likely, likely, likely, likely, likely
# 20, 20, 30, 30, 40, 40, 50, 50
# klass, bore, klass, bore, klass, bore, klass, bore
21, 59,  46,  37,  41, ! 21,  47,  35,  38,|,196,3,2,SS-D.csv
# likely, likely, likely, likely, likely, likely, likely, likely
# 20, 20, 30, 30, 40, 40, 50, 50
# klass, bore, klass, bore, klass, bore, klass, bore
8,! 9,  20, ! 5,  24, ! 6, ! 9, ! 9, ! 12,|,3840,6,2,SS-S.csv
# likely, likely, likely, likely, likely, likely, likely, likely
# 20, 20, 30, 30, 40, 40, 50, 50
# klass, bore, klass, bore, klass, bore, klass, bore
1,! 0,  30,  29, ! 0, ! 5,  17, ! 0, ! 0,|,206,3,2,SS-B.csv
# likely, likely, likely, likely, likely, likely, likely, likely
# 20, 20, 30, 30, 40, 40, 50, 50
# klass, bore, klass, bore, klass, bore, klass, bore
24, 67,  43, ! 27,  53, ! 25, ! 26, ! 24, ! 18,|,1080,5,2,SS-I.csv
# likely, likely, likely, likely, likely, likely, likely, likely
# 20, 20, 30, 30, 40, 40, 50, 50
# klass, bore, klass, bore, klass, bore, klass, bore
25, 36,  51,  36,  38,  38,  32, ! 25,  32,|,756,3,2,SS-E.csv
# likely, likely, likely, likely, likely, likely, likely, likely
# 20, 20, 30, 30, 40, 40, 50, 50
# klass, bore, klass, bore, klass, bore, klass, bore
19, 30,  24, ! 19,  28,  23,  26, ! 20, ! 17,|,972,11,2,SS-O.csv
# likely, likely, likely, likely, likely, likely, likely, likely
# 20, 20, 30, 30, 40, 40, 50, 50
# klass, bore, klass, bore, klass, bore, klass, bore
38,! 33,  61,  47, ! 41,  49, ! 42, ! 39, ! 36,|,2880,6,2,SS-K.csv
# likely, likely, likely, likely, likely, likely, likely, likely
# 20, 20, 30, 30, 40, 40, 50, 50
# klass, bore, klass, bore, klass, bore, klass, bore
20,! 21, ! 21,  25,  28, ! 17,  33, ! 22,  26,|,1512,3,2,SS-C.csv
# likely, likely, likely, likely, likely, likely, likely, likely
# 20, 20, 30, 30, 40, 40, 50, 50
# klass, bore, klass, bore, klass, bore, klass, bore
13, 61,  59,  42,  37,  23,  34, ! 13,  31,|,2938,20,2,Life_Expectancy_Data.csv
# likely, likely, likely, likely, likely, likely, likely, likely
# 20, 20, 30, 30, 40, 40, 50, 50
# klass, bore, klass, bore, klass, bore, klass, bore
11, 29,  25,  22,  28, ! 12,  18, ! 11,  21,|,1343,3,2,SS-A.csv
# likely, likely, likely, likely, likely, likely, likely, likely
# 20, 20, 30, 30, 40, 40, 50, 50
# klass, bore, klass, bore, klass, bore, klass, bore
6, 20,  20,  46,  14,  20,  33,  37, ! 6,|,7043,19,2,WA_Fn-UseC_-Telco-Customer-Churn.csv
# likely, likely, likely, likely, likely, likely, likely, likely
# 20, 20, 30, 30, 40, 40, 50, 50
# klass, bore, klass, bore, klass, bore, klass, bore
17, 33,  42, ! 14,  34, ! 24, ! 19, ! 11,  27,|,3840,6,2,SS-J.csv
# likely, likely, likely, likely, likely, likely, likely, likely
# 20, 20, 30, 30, 40, 40, 50, 50
# klass, bore, klass, bore, klass, bore, klass, bore
4, 28,  11,  13, ! 3, ! 7, ! 3, ! 6, ! 1,|,1023,11,2,SS-P.csv
# likely, likely, likely, likely, likely, likely, likely, likely
# 20, 20, 30, 30, 40, 40, 50, 50
# klass, bore, klass, bore, klass, bore, klass, bore
10, 21,  19,  17,  22, ! 14, ! 10, ! 6,  20,|,1023,11,2,SS-L.csv
# likely, likely, likely, likely, likely, likely, likely, likely
# 20, 20, 30, 30, 40, 40, 50, 50
# klass, bore, klass, bore, klass, bore, klass, bore
1,! 1,  5, ! 2,  13, ! 0,  8, ! 0,  8,|,1152,16,1,X264_AllMeasurements.csv
# likely, likely, likely, likely, likely, likely, likely, likely
# 20, 20, 30, 30, 40, 40, 50, 50
# klass, bore, klass, bore, klass, bore, klass, bore
5,! 5, ! 10, ! 5, ! 7, ! 4, ! 7, ! 2, ! 3,|,2736,13,3,SS-Q.csv
# likely, likely, likely, likely, likely, likely, likely, likely
# 20, 20, 30, 30, 40, 40, 50, 50
# klass, bore, klass, bore, klass, bore, klass, bore
0, 7,  8, ! 1,  3,  5, ! 0, ! 0,  5,|,192,9,1,Apache_AllMeasurements.csv
# likely, likely, likely, likely, likely, likely, likely, likely
# 20, 20, 30, 30, 40, 40, 50, 50
# klass, bore, klass, bore, klass, bore, klass, bore
7, 12,  23,  11,  18,  12,  15, ! 7,  16,|,5184,12,2,SS-T.csv
# likely, likely, likely, likely, likely, likely, likely, likely
# 20, 20, 30, 30, 40, 40, 50, 50
# klass, bore, klass, bore, klass, bore, klass, bore
23, 26,  33, ! 23,  28,  28,  27, ! 21, ! 23,|,3008,14,2,SS-R.csv
# likely, likely, likely, likely, likely, likely, likely, likely
# 20, 20, 30, 30, 40, 40, 50, 50
# klass, bore, klass, bore, klass, bore, klass, bore
7,! 6,  9, ! 6, ! 7, ! 6,  9, ! 6, ! 7,|,2866,6,1,sol-6d-c2-obj1.csv
# likely, likely, likely, likely, likely, likely, likely, likely
# 20, 20, 30, 30, 40, 40, 50, 50
# klass, bore, klass, bore, klass, bore, klass, bore
0,! 0,  1, ! 0,  0, ! 0, ! 0, ! 0, ! 0,|,3840,6,1,rs-6d-c3_obj2.csv
# likely, likely, likely, likely, likely, likely, likely, likely
# 20, 20, 30, 30, 40, 40, 50, 50
# klass, bore, klass, bore, klass, bore, klass, bore
3,! 3, ! 5, ! 0, ! 8, ! 1, ! 2, ! 0, ! 4,|,3840,6,1,rs-6d-c3_obj1.csv
# likely, likely, likely, likely, likely, likely, likely, likely
# 20, 20, 30, 30, 40, 40, 50, 50
# klass, bore, klass, bore, klass, bore, klass, bore
1,! 3,  7, ! 0,  8, ! 0,  8, ! 0, ! 1,|,864,17,3,SS-M.csv
# likely, likely, likely, likely, likely, likely, likely, likely
# 20, 20, 30, 30, 40, 40, 50, 50
# klass, bore, klass, bore, klass, bore, klass, bore
24, 33,  54,  27,  30,  31,  29,  26, ! 24,|,10000,25,4,xomo_osp.csv
# likely, likely, likely, likely, likely, likely, likely, likely
# 20, 20, 30, 30, 40, 40, 50, 50
# klass, bore, klass, bore, klass, bore, klass, bore
8, 25,  33,  32,  31,  19,  27, ! 8,  25,|,6840,16,2,SS-V.csv
# likely, likely, likely, likely, likely, likely, likely, likely
# 20, 20, 30, 30, 40, 40, 50, 50
# klass, bore, klass, bore, klass, bore, klass, bore
23, 46,  51,  32,  47,  41,  37,  33, ! 23,|,10000,25,4,xomo_ground.csv
# likely, likely, likely, likely, likely, likely, likely, likely
# 20, 20, 30, 30, 40, 40, 50, 50
# klass, bore, klass, bore, klass, bore, klass, bore
40, 59,  49,  47, ! 42,  47, ! 41, ! 41, ! 35,|,10000,25,4,xomo_osp2.csv
# likely, likely, likely, likely, likely, likely, likely, likely
# 20, 20, 30, 30, 40, 40, 50, 50
# klass, bore, klass, bore, klass, bore, klass, bore
21, 35,  36,  31, ! 19, ! 22, ! 21, ! 22, ! 20,|,10000,25,4,xomo_flight.csv
# likely, likely, likely, likely, likely, likely, likely, likely
# 20, 20, 30, 30, 40, 40, 50, 50
# klass, bore, klass, bore, klass, bore, klass, bore
8, 20,  33,  24, ! 8,  18,  16,  20,  16,|,81,26,1,player_statistics_cleaned_final.csv
# likely, likely, likely, likely, likely, likely, likely, likely
# 20, 20, 30, 30, 40, 40, 50, 50
# klass, bore, klass, bore, klass, bore, klass, bore
8,! 10, ! 12, ! 8,  20, ! 6,  20, ! 4,  20,|,4608,21,2,SS-U.csv
# likely, likely, likely, likely, likely, likely, likely, likely
# 20, 20, 30, 30, 40, 40, 50, 50
# klass, bore, klass, bore, klass, bore, klass, bore
2, 9,  4,  4,  3, ! 2,  5,  3,  4,|,3456,14,1,HSMGP_num.csv
# likely, likely, likely, likely, likely, likely, likely, likely
# 20, 20, 30, 30, 40, 40, 50, 50
# klass, bore, klass, bore, klass, bore, klass, bore
34, 57,  61,  52,  45,  42,  50, ! 34,  51,|,10127,19,4,BankChurners.csv
# likely, likely, likely, likely, likely, likely, likely, likely
# 20, 20, 30, 30, 40, 40, 50, 50
# klass, bore, klass, bore, klass, bore, klass, bore
36,! 38,  45, ! 27,  54, ! 39, ! 42, ! 33, ! 37,|,1470,32,3,WA_Fn-UseC_-HR-Employee-Attrition.csv
# likely, likely, likely, likely, likely, likely, likely, likely
# 20, 20, 30, 30, 40, 40, 50, 50
# klass, bore, klass, bore, klass, bore, klass, bore
4,! 11, ! 0, ! 5, ! 5, ! 5, ! 5, ! 0, ! 0,|,649,33,1,student_dropout.csv
# likely, likely, likely, likely, likely, likely, likely, likely
# 20, 20, 30, 30, 40, 40, 50, 50
# klass, bore, klass, bore, klass, bore, klass, bore
45, 52,  60,  52,  57, ! 48,  53, ! 48, ! 39,|,4653,38,1,SQL_AllMeasurements.csv
# likely, likely, likely, likely, likely, likely, likely, likely
# 20, 20, 30, 30, 40, 40, 50, 50
# klass, bore, klass, bore, klass, bore, klass, bore
70, 94, ! 69, ! 72,  85,  91, ! 71, ! 67,  89,|,1460,77,4,home_data_for_ml_course.csv
# likely, likely, likely, likely, likely, likely, likely, likely
# 20, 20, 30, 30, 40, 40, 50, 50
# klass, bore, klass, bore, klass, bore, klass, bore
32, 83,  60,  86,  91,  80,  88, ! 32,  103,|,20000,31,5,Loan.csv
# likely, likely, likely, likely, likely, likely, likely, likely
# 20, 20, 30, 30, 40, 40, 50, 50
# klass, bore, klass, bore, klass, bore, klass, bore
53, 104,  106,  84, ! 53,  89,  68,  102,  93,|,21759,35,3,Data_COVID19_Indonesia.csv
# likely, likely, likely, likely, likely, likely, likely, likely
# 20, 20, 30, 30, 40, 40, 50, 50
# klass, bore, klass, bore, klass, bore, klass, bore
53, 66, ! 56,  62, ! 55,  66, ! 53, ! 52, ! 50,|,65536,16,2,SS-W.csv
# likely, likely, likely, likely, likely, likely, likely, likely
# 20, 20, 30, 30, 40, 40, 50, 50
# klass, bore, klass, bore, klass, bore, klass, bore
39, 60,  56,  61,  48,  47, ! 40, ! 42, ! 36,|,86058,11,2,SS-X.csv
# likely, likely, likely, likely, likely, likely, likely, likely
# 20, 20, 30, 30, 40, 40, 50, 50
# klass, bore, klass, bore, klass, bore, klass, bore
6,! 0, ! 10, ! 21, ! 0, ! 10, ! 0, ! 0, ! 10,|,25000,64,1,Medical_Data_and_Hospital_Readmissions.csv
# likely, likely, likely, likely, likely, likely, likely, likely
# 20, 20, 30, 30, 40, 40, 50, 50
# klass, bore, klass, bore, klass, bore, klass, bore
67, 76, ! 63, ! 69, ! 68,  72, ! 66, ! 68, ! 69,|,53662,17,2,SS-N.csv
# likely, likely, likely, likely, likely, likely, likely, likely
# 20, 20, 30, 30, 40, 40, 50, 50
# klass, bore, klass, bore, klass, bore, klass, bore
20, 73,  45,  54,  96,  78,  84, ! 20,  91,|,17737,55,2,all_players.csv
# likely, likely, likely, likely, likely, likely, likely, likely
# 20, 20, 30, 30, 40, 40, 50, 50
# klass, bore, klass, bore, klass, bore, klass, bore
20, 37,  37,  48,  26,  27, ! 22,  28, ! 18,|,10000,88,3,billing10k.csv
# likely, likely, likely, likely, likely, likely, likely, likely
# 20, 20, 30, 30, 40, 40, 50, 50
# klass, bore, klass, bore, klass, bore, klass, bore
9, 30,  24,  18,  21,  23,  27,  31, ! 9,|,1000,124,3,Scrum1k.csv
# likely, likely, likely, likely, likely, likely, likely, likely
# 20, 20, 30, 30, 40, 40, 50, 50
# klass, bore, klass, bore, klass, bore, klass, bore
18, 24,  36,  42,  29,  38, ! 16,  40, ! 19,|,10000,124,3,Scrum10k.csv
# likely, likely, likely, likely, likely, likely, likely, likely
# 20, 20, 30, 30, 40, 40, 50, 50
# klass, bore, klass, bore, klass, bore, klass, bore
19, 29,  30,  37,  27,  33, ! 16, ! 21, ! 19,|,10000,128,3,FFM-125-25-0.50-SAT-1.csv
# likely, likely, likely, likely, likely, likely, likely, likely
# 20, 20, 30, 30, 40, 40, 50, 50
# klass, bore, klass, bore, klass, bore, klass, bore
23, 46, ! 24,  33, ! 23,  38, ! 23,  32, ! 21,|,10000,256,3,FFM-250-50-0.50-SAT-1.csv
# likely, likely, likely, likely, likely, likely, likely, likely
# 20, 20, 30, 30, 40, 40, 50, 50
# klass, bore, klass, bore, klass, bore, klass, bore
34, 49,  43,  47,  41,  50,  40,  51, ! 34,|,100000,124,3,Scrum100k.csv
# likely, likely, likely, likely, likely, likely, likely, likely
# 20, 20, 30, 30, 40, 40, 50, 50
# klass, bore, klass, bore, klass, bore, klass, bore
15, 31,  28,  23,  22,  38, ! 15, ! 18, ! 13,|,10000,511,3,FM-500-100-1.00-SAT-1.csv
# likely, likely, likely, likely, likely, likely, likely, likely
# 20, 20, 30, 30, 40, 40, 50, 50
# klass, bore, klass, bore, klass, bore, klass, bore
16, 49,  37,  27,  24,  41,  22,  38, ! 16,|,10000,511,3,FM-500-100-0.75-SAT-1.csv
# likely, likely, likely, likely, likely, likely, likely, likely
# 20, 20, 30, 30, 40, 40, 50, 50
# klass, bore, klass, bore, klass, bore, klass, bore
23, 39,  35,  44, ! 28,  52, ! 20,  35, ! 21,|,10000,513,3,FM-500-100-0.50-SAT-1.csv
# likely, likely, likely, likely, likely, likely, likely, likely
# 20, 20, 30, 30, 40, 40, 50, 50
# klass, bore, klass, bore, klass, bore, klass, bore
13, 38,  27,  24,  26,  32,  28,  24, ! 13,|,10000,510,3,FFM-500-100-0.50-SAT-1.csv
# likely, likely, likely, likely, likely, likely, likely, likely
# 20, 20, 30, 30, 40, 40, 50, 50
# klass, bore, klass, bore, klass, bore, klass, bore
22, 42,  41, ! 24,  32,  41,  28,  37, ! 21,|,10000,517,3,FM-500-100-0.25-SAT-1.csv
# likely, likely, likely, likely, likely, likely, likely, likely
# 20, 20, 30, 30, 40, 40, 50, 50
# klass, bore, klass, bore, klass, bore, klass, bore
18, 34,  34,  40,  25,  35, ! 18,  32,  22,|,10000,1044,3,FFM-1000-200-0.50-SAT-1.csv
