# likely, likely, likely, likely, likely, likely, likely, likely
# 50, 60, 70, 80, 90, 100, 110, 120
# near, near, near, near, near, near, near, near
26,! 28, ! 25,  65,  56, ! 28, ! 24,  85,  63,|,93,22,3,nasa93dem.csv
# likely, likely, likely, likely, likely, likely, likely, likely
# 50, 60, 70, 80, 90, 100, 110, 120
# near, near, near, near, near, near, near, near
12, 24,  17,  25, ! 12,  21,  22,  21,  20,|,398,4,3,auto93.csv
# likely, likely, likely, likely, likely, likely, likely, likely
# 50, 60, 70, 80, 90, 100, 110, 120
# near, near, near, near, near, near, near, near
34,! 33,  76,  88, ! 35,  73,  88,  65,  84,|,247,22,2,wallpaper.csv
# likely, likely, likely, likely, likely, likely, likely, likely
# 50, 60, 70, 80, 90, 100, 110, 120
# near, near, near, near, near, near, near, near
99,! 99, ! 99, ! 99, ! 99, ! 99, ! 99,  100, ! 99,|,913,20,2,dress-up.csv
# likely, likely, likely, likely, likely, likely, likely, likely
# 50, 60, 70, 80, 90, 100, 110, 120
# near, near, near, near, near, near, near, near
96, 97,  97, ! 96,  98,  97,  97,  97,  97,|,1121,14,2,accessories.csv
# likely, likely, likely, likely, likely, likely, likely, likely
# 50, 60, 70, 80, 90, 100, 110, 120
# near, near, near, near, near, near, near, near
48, 79,  78,  78,  76,  70, ! 44, ! 52,  78,|,317,7,4,A2C_CartPole.csv
# likely, likely, likely, likely, likely, likely, likely, likely
# 50, 60, 70, 80, 90, 100, 110, 120
# near, near, near, near, near, near, near, near
21, 49,  49, ! 21,  55,  46,  44,  50,  42,|,223,10,3,A2C_Acrobot.csv
# likely, likely, likely, likely, likely, likely, likely, likely
# 50, 60, 70, 80, 90, 100, 110, 120
# near, near, near, near, near, near, near, near
33,! 29, ! 37, ! 27, ! 37, ! 28, ! 35, ! 35, ! 36,|,500,9,3,pom3d.csv
# likely, likely, likely, likely, likely, likely, likely, likely
# 50, 60, 70, 80, 90, 100, 110, 120
# near, near, near, near, near, near, near, near
20, 38,  51,  44,  58,  42,  30, ! 20,  37,|,1599,10,2,Wine_quality.csv
# likely, likely, likely, likely, likely, likely, likely, likely
# 50, 60, 70, 80, 90, 100, 110, 120
# near, near, near, near, near, near, near, near
9,! 3, ! 0, ! 15, ! 15, ! 15, ! 12, ! 9, ! 3,|,5160,9,1,dataset120.csv
# likely, likely, likely, likely, likely, likely, likely, likely
# 50, 60, 70, 80, 90, 100, 110, 120
# near, near, near, near, near, near, near, near
6,! 6, ! 6, ! 6, ! 0, ! 9, ! 6, ! 13, ! 6,|,5160,9,1,dataset600.csv
# likely, likely, likely, likely, likely, likely, likely, likely
# 50, 60, 70, 80, 90, 100, 110, 120
# near, near, near, near, near, near, near, near
32,! 33,  35, ! 33, ! 33,  37, ! 32,  37, ! 32,|,10000,5,3,Health-Commits0010.csv
# likely, likely, likely, likely, likely, likely, likely, likely
# 50, 60, 70, 80, 90, 100, 110, 120
# near, near, near, near, near, near, near, near
37, 56,  43,  54,  42,  58, ! 38,  47, ! 36,|,10000,5,3,Health-Commits0003.csv
# likely, likely, likely, likely, likely, likely, likely, likely
# 50, 60, 70, 80, 90, 100, 110, 120
# near, near, near, near, near, near, near, near
71, 73,  72,  73,  73,  73,  72, ! 71, ! 71,|,10000,5,3,Health-Commits0004.csv
# likely, likely, likely, likely, likely, likely, likely, likely
# 50, 60, 70, 80, 90, 100, 110, 120
# near, near, near, near, near, near, near, near
23,! 26,  32,  46,  35, ! 24, ! 15,  32, ! 26,|,10000,5,3,Health-Commits0005.csv
# likely, likely, likely, likely, likely, likely, likely, likely
# 50, 60, 70, 80, 90, 100, 110, 120
# near, near, near, near, near, near, near, near
27, 35,  35, ! 29, ! 26,  34,  31, ! 29, ! 24,|,10000,5,3,Health-Commits0009.csv
# likely, likely, likely, likely, likely, likely, likely, likely
# 50, 60, 70, 80, 90, 100, 110, 120
# near, near, near, near, near, near, near, near
46,! 46, ! 49, ! 39, ! 35, ! 57, ! 48, ! 45, ! 50,|,10000,5,3,Health-Commits0007.csv
# likely, likely, likely, likely, likely, likely, likely, likely
# 50, 60, 70, 80, 90, 100, 110, 120
# near, near, near, near, near, near, near, near
0,! 0, ! 0, ! 0, ! 0, ! 0, ! 0, ! 0, ! 0,|,10000,5,3,Health-Commits0011.csv
# likely, likely, likely, likely, likely, likely, likely, likely
# 50, 60, 70, 80, 90, 100, 110, 120
# near, near, near, near, near, near, near, near
45, 54, ! 44,  51, ! 46,  50, ! 42, ! 47, ! 45,|,10000,5,3,Health-Commits0006.csv
# likely, likely, likely, likely, likely, likely, likely, likely
# 50, 60, 70, 80, 90, 100, 110, 120
# near, near, near, near, near, near, near, near
45, 57,  73,  66,  53,  51, ! 45, ! 44,  56,|,10000,5,3,Health-Commits0008.csv
# likely, likely, likely, likely, likely, likely, likely, likely
# 50, 60, 70, 80, 90, 100, 110, 120
# near, near, near, near, near, near, near, near
54, 65,  61, ! 51,  64,  63, ! 58, ! 54,  63,|,10000,5,3,Health-Commits0002.csv
# likely, likely, likely, likely, likely, likely, likely, likely
# 50, 60, 70, 80, 90, 100, 110, 120
# near, near, near, near, near, near, near, near
3,! 3, ! 3, ! 3, ! 3, ! 3, ! 3, ! 3, ! 3,|,10000,5,3,Health-Commits0001.csv
# likely, likely, likely, likely, likely, likely, likely, likely
# 50, 60, 70, 80, 90, 100, 110, 120
# near, near, near, near, near, near, near, near
53, 72, ! 50,  62, ! 59, ! 56, ! 47, ! 54,  71,|,1000,20,5,coc1000.csv
# likely, likely, likely, likely, likely, likely, likely, likely
# 50, 60, 70, 80, 90, 100, 110, 120
# near, near, near, near, near, near, near, near
0,! 0, ! 0, ! 1, ! 0, ! 0, ! 0, ! 0, ! 0,|,350,20,1,socks.csv
# likely, likely, likely, likely, likely, likely, likely, likely
# 50, 60, 70, 80, 90, 100, 110, 120
# near, near, near, near, near, near, near, near
58, 72,  78,  68,  61,  64, ! 58, ! 58,  66,|,205,38,5,Car_price_cleaned.csv
# likely, likely, likely, likely, likely, likely, likely, likely
# 50, 60, 70, 80, 90, 100, 110, 120
# near, near, near, near, near, near, near, near
18, 23,  31,  25,  24,  21, ! 18, ! 19,  20,|,10000,5,3,Health-Commits0000.csv
# likely, likely, likely, likely, likely, likely, likely, likely
# 50, 60, 70, 80, 90, 100, 110, 120
# near, near, near, near, near, near, near, near
0,! 0, ! 0, ! 0, ! 0, ! 0, ! 0, ! 0, ! 0,|,10000,5,3,Health-ClosedPRs0011.csv
# likely, likely, likely, likely, likely, likely, likely, likely
# 50, 60, 70, 80, 90, 100, 110, 120
# near, near, near, near, near, near, near, near
54, 64,  63, ! 55, ! 53, ! 57, ! 56, ! 53, ! 48,|,10000,5,3,Health-ClosedPRs0010.csv
# likely, likely, likely, likely, likely, likely, likely, likely
# 50, 60, 70, 80, 90, 100, 110, 120
# near, near, near, near, near, near, near, near
59, 75,  72,  74,  76, ! 62, ! 53, ! 58, ! 63,|,10000,5,3,Health-ClosedPRs0009.csv
# likely, likely, likely, likely, likely, likely, likely, likely
# 50, 60, 70, 80, 90, 100, 110, 120
# near, near, near, near, near, near, near, near
33,! 40, ! 38, ! 37, ! 35,  59, ! 25, ! 31, ! 23,|,10000,5,3,Health-ClosedPRs0008.csv
# likely, likely, likely, likely, likely, likely, likely, likely
# 50, 60, 70, 80, 90, 100, 110, 120
# near, near, near, near, near, near, near, near
2,! 0, ! 0, ! 0, ! 5, ! 16, ! 0, ! 0, ! 0,|,10000,5,3,Health-ClosedPRs0007.csv
# likely, likely, likely, likely, likely, likely, likely, likely
# 50, 60, 70, 80, 90, 100, 110, 120
# near, near, near, near, near, near, near, near
7, 65,  35, ! 0, ! 15,  24,  20, ! 8, ! 4,|,10000,5,3,Health-ClosedPRs0006.csv
# likely, likely, likely, likely, likely, likely, likely, likely
# 50, 60, 70, 80, 90, 100, 110, 120
# near, near, near, near, near, near, near, near
0,! 0, ! 0, ! 0, ! 0, ! 0, ! 0, ! 0, ! 0,|,10000,5,3,Health-ClosedPRs0005.csv
# likely, likely, likely, likely, likely, likely, likely, likely
# 50, 60, 70, 80, 90, 100, 110, 120
# near, near, near, near, near, near, near, near
8,! 12, ! 24, ! 4, ! 16, ! 0, ! 0, ! 0, ! 12,|,10000,5,3,Health-ClosedPRs0004.csv
# likely, likely, likely, likely, likely, likely, likely, likely
# 50, 60, 70, 80, 90, 100, 110, 120
# near, near, near, near, near, near, near, near
11, 50, ! 11,  24,  26,  35,  85,  70,  25,|,2938,20,2,Life_Expectancy_Data.csv
# likely, likely, likely, likely, likely, likely, likely, likely
# 50, 60, 70, 80, 90, 100, 110, 120
# near, near, near, near, near, near, near, near
1,! 1, ! 1, ! 1, ! 1, ! 1, ! 1, ! 1, ! 1,|,10000,5,3,Health-ClosedPRs0003.csv
# likely, likely, likely, likely, likely, likely, likely, likely
# 50, 60, 70, 80, 90, 100, 110, 120
# near, near, near, near, near, near, near, near
0, 0, ! 0, ! 0,  0, ! 0, ! 0, ! 0, ! 0,|,1152,16,1,X264_AllMeasurements.csv
# likely, likely, likely, likely, likely, likely, likely, likely
# 50, 60, 70, 80, 90, 100, 110, 120
# near, near, near, near, near, near, near, near
0, 0,  0,  0, ! 0, ! 0, ! 0,  1, ! 0,|,196,3,1,wc+wc-3d-c4-obj1.csv
# likely, likely, likely, likely, likely, likely, likely, likely
# 50, 60, 70, 80, 90, 100, 110, 120
# near, near, near, near, near, near, near, near
0, 0,  1, ! 0,  0,  0,  0,  0,  0,|,196,3,1,wc+sol-3d-c4-obj1.csv
# likely, likely, likely, likely, likely, likely, likely, likely
# 50, 60, 70, 80, 90, 100, 110, 120
# near, near, near, near, near, near, near, near
0,! 0,  1,  0,  0, ! 0,  0,  1, ! 0,|,196,3,1,wc+rs-3d-c4-obj1.csv
# likely, likely, likely, likely, likely, likely, likely, likely
# 50, 60, 70, 80, 90, 100, 110, 120
# near, near, near, near, near, near, near, near
0,! 0, ! 0, ! 0, ! 0, ! 0, ! 0, ! 0, ! 0,|,10000,5,2,Health-ClosedPRs0000.csv
# likely, likely, likely, likely, likely, likely, likely, likely
# 50, 60, 70, 80, 90, 100, 110, 120
# near, near, near, near, near, near, near, near
82, 85,  85,  85,  87, ! 80, ! 83, ! 83,  84,|,10000,5,3,Health-ClosedIssues0010.csv
# likely, likely, likely, likely, likely, likely, likely, likely
# 50, 60, 70, 80, 90, 100, 110, 120
# near, near, near, near, near, near, near, near
0,! 0, ! 0, ! 0, ! 0, ! 0, ! 0, ! 0, ! 0,|,10000,5,3,Health-ClosedIssues0011.csv
# likely, likely, likely, likely, likely, likely, likely, likely
# 50, 60, 70, 80, 90, 100, 110, 120
# near, near, near, near, near, near, near, near
86,! 93, ! 89, ! 94, ! 90, ! 81, ! 72, ! 85, ! 85,|,10000,5,3,Health-ClosedIssues0007.csv
# likely, likely, likely, likely, likely, likely, likely, likely
# 50, 60, 70, 80, 90, 100, 110, 120
# near, near, near, near, near, near, near, near
26,! 28, ! 25, ! 27, ! 22, ! 24, ! 28, ! 25, ! 26,|,10000,5,3,Health-ClosedIssues0006.csv
# likely, likely, likely, likely, likely, likely, likely, likely
# 50, 60, 70, 80, 90, 100, 110, 120
# near, near, near, near, near, near, near, near
0,! 0, ! 0, ! 0, ! 7, ! 0, ! 0, ! 0, ! 0,|,10000,5,3,Health-ClosedPRs0002.csv
# likely, likely, likely, likely, likely, likely, likely, likely
# 50, 60, 70, 80, 90, 100, 110, 120
# near, near, near, near, near, near, near, near
41, 59,  71,  63,  56, ! 39,  51,  46, ! 42,|,10000,5,3,Health-ClosedIssues0009.csv
# likely, likely, likely, likely, likely, likely, likely, likely
# 50, 60, 70, 80, 90, 100, 110, 120
# near, near, near, near, near, near, near, near
38,! 38,  39, ! 38,  40, ! 37,  39,  40,  40,|,10000,5,3,Health-ClosedIssues0005.csv
# likely, likely, likely, likely, likely, likely, likely, likely
# 50, 60, 70, 80, 90, 100, 110, 120
# near, near, near, near, near, near, near, near
70, 74,  77, ! 72, ! 72, ! 70, ! 67, ! 71, ! 67,|,10000,5,3,Health-ClosedIssues0004.csv
# likely, likely, likely, likely, likely, likely, likely, likely
# 50, 60, 70, 80, 90, 100, 110, 120
# near, near, near, near, near, near, near, near
19,! 19,  23,  22,  25, ! 21,  26, ! 19,  22,|,10000,5,3,Health-ClosedIssues0008.csv
# likely, likely, likely, likely, likely, likely, likely, likely
# 50, 60, 70, 80, 90, 100, 110, 120
# near, near, near, near, near, near, near, near
2, 20,  19, ! 2,  18,  10,  28,  45,  50,|,7043,19,2,WA_Fn-UseC_-Telco-Customer-Churn.csv
# likely, likely, likely, likely, likely, likely, likely, likely
# 50, 60, 70, 80, 90, 100, 110, 120
# near, near, near, near, near, near, near, near
24, 51,  45,  40,  38,  41, ! 24,  32,  36,|,2205,31,8,Marketing_Analytics.csv
# likely, likely, likely, likely, likely, likely, likely, likely
# 50, 60, 70, 80, 90, 100, 110, 120
# near, near, near, near, near, near, near, near
23,! 23,  38,  35,  34,  33,  34,  30,  29,|,10000,5,3,Health-ClosedIssues0003.csv
# likely, likely, likely, likely, likely, likely, likely, likely
# 50, 60, 70, 80, 90, 100, 110, 120
# near, near, near, near, near, near, near, near
19,! 20, ! 21, ! 20, ! 21, ! 18, ! 18, ! 20, ! 18,|,10000,5,3,Health-ClosedIssues0002.csv
# likely, likely, likely, likely, likely, likely, likely, likely
# 50, 60, 70, 80, 90, 100, 110, 120
# near, near, near, near, near, near, near, near
55, 60,  60, ! 53,  59, ! 57,  60,  67,  58,|,10000,5,3,Health-ClosedIssues0001.csv
# likely, likely, likely, likely, likely, likely, likely, likely
# 50, 60, 70, 80, 90, 100, 110, 120
# near, near, near, near, near, near, near, near
18, 20, ! 19,  26,  21, ! 19, ! 17, ! 18, ! 17,|,10000,5,3,Health-ClosedIssues0000.csv
# likely, likely, likely, likely, likely, likely, likely, likely
# 50, 60, 70, 80, 90, 100, 110, 120
# near, near, near, near, near, near, near, near
9, 15,  19,  12,  17,  13,  12, ! 8, ! 9,|,972,11,2,SS-O.csv
# likely, likely, likely, likely, likely, likely, likely, likely
# 50, 60, 70, 80, 90, 100, 110, 120
# near, near, near, near, near, near, near, near
1, 3, ! 1,  2,  3, ! 1,  3, ! 1, ! 1,|,1023,11,2,SS-P.csv
# likely, likely, likely, likely, likely, likely, likely, likely
# 50, 60, 70, 80, 90, 100, 110, 120
# near, near, near, near, near, near, near, near
0,! 0,  0,  0, ! 0,  0,  0, ! 0,  0,|,864,17,3,SS-M.csv
# likely, likely, likely, likely, likely, likely, likely, likely
# 50, 60, 70, 80, 90, 100, 110, 120
# near, near, near, near, near, near, near, near
0, 0,  0, ! 0, ! 0,  0,  0,  0,  0,|,259,4,2,SS-H.csv
# likely, likely, likely, likely, likely, likely, likely, likely
# 50, 60, 70, 80, 90, 100, 110, 120
# near, near, near, near, near, near, near, near
39,! 39, ! 37, ! 40, ! 41, ! 40, ! 41, ! 37, ! 39,|,20000,9,3,pom3b.csv
# likely, likely, likely, likely, likely, likely, likely, likely
# 50, 60, 70, 80, 90, 100, 110, 120
# near, near, near, near, near, near, near, near
0, 0,  0,  0, ! 0, ! 0, ! 0, ! 0, ! 0,|,2880,6,1,wc-6d-c1-obj1.csv
# likely, likely, likely, likely, likely, likely, likely, likely
# 50, 60, 70, 80, 90, 100, 110, 120
# near, near, near, near, near, near, near, near
8, 17,  15,  20,  24, ! 7, ! 7,  32, ! 9,|,196,3,2,SS-G.csv
# likely, likely, likely, likely, likely, likely, likely, likely
# 50, 60, 70, 80, 90, 100, 110, 120
# near, near, near, near, near, near, near, near
47,! 45,  57,  52, ! 47,  55, ! 50,  57, ! 48,|,20000,9,3,pom3c.csv
# likely, likely, likely, likely, likely, likely, likely, likely
# 50, 60, 70, 80, 90, 100, 110, 120
# near, near, near, near, near, near, near, near
34,! 40,  52, ! 32, ! 31, ! 29, ! 38, ! 33, ! 37,|,20000,9,3,pom3a.csv
# likely, likely, likely, likely, likely, likely, likely, likely
# 50, 60, 70, 80, 90, 100, 110, 120
# near, near, near, near, near, near, near, near
2, 8, ! 4,  19,  16, ! 1,  8,  18,  8,|,196,3,2,SS-F.csv
# likely, likely, likely, likely, likely, likely, likely, likely
# 50, 60, 70, 80, 90, 100, 110, 120
# near, near, near, near, near, near, near, near
18, 44,  27,  32,  34, ! 18,  25,  47,  27,|,196,3,2,SS-D.csv
# likely, likely, likely, likely, likely, likely, likely, likely
# 50, 60, 70, 80, 90, 100, 110, 120
# near, near, near, near, near, near, near, near
5, 22,  12,  11,  15,  10, ! 6,  10, ! 4,|,756,3,2,SS-E.csv
# likely, likely, likely, likely, likely, likely, likely, likely
# 50, 60, 70, 80, 90, 100, 110, 120
# near, near, near, near, near, near, near, near
10, 19, ! 10,  19,  20,  22,  17,  19,  16,|,3008,14,2,SS-R.csv
# likely, likely, likely, likely, likely, likely, likely, likely
# 50, 60, 70, 80, 90, 100, 110, 120
# near, near, near, near, near, near, near, near
2, 3,  3, ! 2,  3,  5, ! 2,  3,  3,|,2736,13,3,SS-Q.csv
# likely, likely, likely, likely, likely, likely, likely, likely
# 50, 60, 70, 80, 90, 100, 110, 120
# near, near, near, near, near, near, near, near
12, 22,  21,  29,  22, ! 12,  28,  20, ! 13,|,2880,6,2,SS-K.csv
# likely, likely, likely, likely, likely, likely, likely, likely
# 50, 60, 70, 80, 90, 100, 110, 120
# near, near, near, near, near, near, near, near
6, 21, ! 9, ! 6, ! 10, ! 9,  17, ! 1, ! 3,|,1080,5,2,SS-I.csv
# likely, likely, likely, likely, likely, likely, likely, likely
# 50, 60, 70, 80, 90, 100, 110, 120
# near, near, near, near, near, near, near, near
0, 5,  10,  5, ! 0, ! 0, ! 0, ! 0, ! 0,|,192,9,1,Apache_AllMeasurements.csv
# likely, likely, likely, likely, likely, likely, likely, likely
# 50, 60, 70, 80, 90, 100, 110, 120
# near, near, near, near, near, near, near, near
0,! 0,  15, ! 0,  39, ! 0,  15, ! 0, ! 0,|,206,3,2,SS-B.csv
# likely, likely, likely, likely, likely, likely, likely, likely
# 50, 60, 70, 80, 90, 100, 110, 120
# near, near, near, near, near, near, near, near
1, 7,  5,  4, ! 1,  4,  3,  4,  5,|,3840,6,2,SS-S.csv
# likely, likely, likely, likely, likely, likely, likely, likely
# 50, 60, 70, 80, 90, 100, 110, 120
# near, near, near, near, near, near, near, near
15, 22,  23,  21,  21,  20,  19, ! 15,  21,|,1512,3,2,SS-C.csv
# likely, likely, likely, likely, likely, likely, likely, likely
# 50, 60, 70, 80, 90, 100, 110, 120
# near, near, near, near, near, near, near, near
30, 39,  39,  34, ! 31, ! 26, ! 30, ! 31, ! 32,|,10000,25,4,xomo_osp2.csv
# likely, likely, likely, likely, likely, likely, likely, likely
# 50, 60, 70, 80, 90, 100, 110, 120
# near, near, near, near, near, near, near, near
2, 6,  6, ! 2, ! 3, ! 2,  4, ! 2, ! 3,|,5184,12,2,SS-T.csv
# likely, likely, likely, likely, likely, likely, likely, likely
# 50, 60, 70, 80, 90, 100, 110, 120
# near, near, near, near, near, near, near, near
3,! 2,  5,  4,  3,  4, ! 3,  4,  3,|,4608,21,2,SS-U.csv
# likely, likely, likely, likely, likely, likely, likely, likely
# 50, 60, 70, 80, 90, 100, 110, 120
# near, near, near, near, near, near, near, near
2, 7, ! 1,  8,  6, ! 0, ! 3, ! 2,  8,|,1343,3,2,SS-A.csv
# likely, likely, likely, likely, likely, likely, likely, likely
# 50, 60, 70, 80, 90, 100, 110, 120
# near, near, near, near, near, near, near, near
0, 2,  1,  1,  3,  2,  4, ! 0, ! 0,|,1023,11,2,SS-L.csv
# likely, likely, likely, likely, likely, likely, likely, likely
# 50, 60, 70, 80, 90, 100, 110, 120
# near, near, near, near, near, near, near, near
9, 21,  19, ! 9,  15,  18,  15,  17,  12,|,10000,25,4,xomo_flight.csv
# likely, likely, likely, likely, likely, likely, likely, likely
# 50, 60, 70, 80, 90, 100, 110, 120
# near, near, near, near, near, near, near, near
13, 21, ! 12,  22, ! 16, ! 12, ! 12,  18, ! 15,|,10000,25,4,xomo_osp.csv
# likely, likely, likely, likely, likely, likely, likely, likely
# 50, 60, 70, 80, 90, 100, 110, 120
# near, near, near, near, near, near, near, near
6,! 5,  7, ! 6,  7, ! 6, ! 6,  7, ! 7,|,3840,6,2,SS-J.csv
# likely, likely, likely, likely, likely, likely, likely, likely
# 50, 60, 70, 80, 90, 100, 110, 120
# near, near, near, near, near, near, near, near
9, 18,  17,  15,  14, ! 10, ! 6, ! 11,  13,|,6840,16,2,SS-V.csv
# likely, likely, likely, likely, likely, likely, likely, likely
# 50, 60, 70, 80, 90, 100, 110, 120
# near, near, near, near, near, near, near, near
12, 30,  37,  20, ! 14, ! 11,  22,  19,  19,|,10000,25,4,xomo_ground.csv
# likely, likely, likely, likely, likely, likely, likely, likely
# 50, 60, 70, 80, 90, 100, 110, 120
# near, near, near, near, near, near, near, near
0,! 0, ! 0, ! 0,  1, ! 0, ! 0, ! 0, ! 0,|,3840,6,1,rs-6d-c3_obj1.csv
# likely, likely, likely, likely, likely, likely, likely, likely
# 50, 60, 70, 80, 90, 100, 110, 120
# near, near, near, near, near, near, near, near
0, 0, ! 0,  0, ! 0,  0,  0, ! 0, ! 0,|,3840,6,1,rs-6d-c3_obj2.csv
# likely, likely, likely, likely, likely, likely, likely, likely
# 50, 60, 70, 80, 90, 100, 110, 120
# near, near, near, near, near, near, near, near
1, 4, ! 2, ! 1, ! 1, ! 1, ! 1, ! 1, ! 1,|,3456,14,1,HSMGP_num.csv
# likely, likely, likely, likely, likely, likely, likely, likely
# 50, 60, 70, 80, 90, 100, 110, 120
# near, near, near, near, near, near, near, near
5, 6,  6,  6,  5, ! 5, ! 5,  5,  5,|,2866,6,1,sol-6d-c2-obj1.csv
# likely, likely, likely, likely, likely, likely, likely, likely
# 50, 60, 70, 80, 90, 100, 110, 120
# near, near, near, near, near, near, near, near
1, 12,  25,  25,  35, ! 1,  25,  27,  36,|,81,26,1,player_statistics_cleaned_final.csv
# likely, likely, likely, likely, likely, likely, likely, likely
# 50, 60, 70, 80, 90, 100, 110, 120
# near, near, near, near, near, near, near, near
75, 94, ! 76,  98,  93,  98,  90, ! 74,  88,|,1460,77,4,home_data_for_ml_course.csv
# likely, likely, likely, likely, likely, likely, likely, likely
# 50, 60, 70, 80, 90, 100, 110, 120
# near, near, near, near, near, near, near, near
32, 38,  40,  38, ! 34, ! 32, ! 35, ! 31, ! 31,|,10127,19,4,BankChurners.csv
# likely, likely, likely, likely, likely, likely, likely, likely
# 50, 60, 70, 80, 90, 100, 110, 120
# near, near, near, near, near, near, near, near
0,! 0, ! 0, ! 0, ! 0, ! 0, ! 0, ! 0, ! 0,|,649,33,1,student_dropout.csv
# likely, likely, likely, likely, likely, likely, likely, likely
# 50, 60, 70, 80, 90, 100, 110, 120
# near, near, near, near, near, near, near, near
33, 43, ! 31, ! 35,  42, ! 34, ! 31, ! 34, ! 32,|,4653,38,1,SQL_AllMeasurements.csv
# likely, likely, likely, likely, likely, likely, likely, likely
# 50, 60, 70, 80, 90, 100, 110, 120
# near, near, near, near, near, near, near, near
20, 40,  29,  29,  37,  30,  32,  28, ! 20,|,1470,32,3,WA_Fn-UseC_-HR-Employee-Attrition.csv
# likely, likely, likely, likely, likely, likely, likely, likely
# 50, 60, 70, 80, 90, 100, 110, 120
# near, near, near, near, near, near, near, near
7, 24,  22,  22,  30,  19,  22,  18, ! 7,|,1000,124,3,Scrum1k.csv
# likely, likely, likely, likely, likely, likely, likely, likely
# 50, 60, 70, 80, 90, 100, 110, 120
# near, near, near, near, near, near, near, near
49, 83, ! 48,  68,  57, ! 50,  67,  105,  62,|,20000,31,5,Loan.csv
# likely, likely, likely, likely, likely, likely, likely, likely
# 50, 60, 70, 80, 90, 100, 110, 120
# near, near, near, near, near, near, near, near
12, 28, ! 12,  26,  24,  20,  21,  21,  22,|,10000,88,3,billing10k.csv
# likely, likely, likely, likely, likely, likely, likely, likely
# 50, 60, 70, 80, 90, 100, 110, 120
# near, near, near, near, near, near, near, near
23, 104,  90, ! 23,  94,  84,  44,  38,  79,|,21759,35,3,Data_COVID19_Indonesia.csv
# likely, likely, likely, likely, likely, likely, likely, likely
# 50, 60, 70, 80, 90, 100, 110, 120
# near, near, near, near, near, near, near, near
24,! 24,  29,  29,  29,  33, ! 26, ! 25, ! 20,|,10000,124,3,Scrum10k.csv
# likely, likely, likely, likely, likely, likely, likely, likely
# 50, 60, 70, 80, 90, 100, 110, 120
# near, near, near, near, near, near, near, near
1,! 0, ! 0, ! 0, ! 0, ! 0, ! 0, ! 10, ! 0,|,25000,64,1,Medical_Data_and_Hospital_Readmissions.csv
# likely, likely, likely, likely, likely, likely, likely, likely
# 50, 60, 70, 80, 90, 100, 110, 120
# near, near, near, near, near, near, near, near
13, 28,  20,  17,  24,  21,  21, ! 13,  18,|,10000,128,3,FFM-125-25-0.50-SAT-1.csv
# likely, likely, likely, likely, likely, likely, likely, likely
# 50, 60, 70, 80, 90, 100, 110, 120
# near, near, near, near, near, near, near, near
55,! 59, ! 56, ! 56, ! 52, ! 57, ! 55, ! 52, ! 53,|,65536,16,2,SS-W.csv
# likely, likely, likely, likely, likely, likely, likely, likely
# 50, 60, 70, 80, 90, 100, 110, 120
# near, near, near, near, near, near, near, near
59, 73,  76,  71,  69,  99,  67, ! 59,  74,|,17737,55,2,all_players.csv
# likely, likely, likely, likely, likely, likely, likely, likely
# 50, 60, 70, 80, 90, 100, 110, 120
# near, near, near, near, near, near, near, near
17, 21,  25, ! 17,  26, ! 18, ! 17, ! 18, ! 14,|,10000,256,3,FFM-250-50-0.50-SAT-1.csv
# likely, likely, likely, likely, likely, likely, likely, likely
# 50, 60, 70, 80, 90, 100, 110, 120
# near, near, near, near, near, near, near, near
37, 41, ! 37, ! 37, ! 36, ! 38, ! 38, ! 37, ! 35,|,86058,11,2,SS-X.csv
# likely, likely, likely, likely, likely, likely, likely, likely
# 50, 60, 70, 80, 90, 100, 110, 120
# near, near, near, near, near, near, near, near
47, 59,  53,  54, ! 50, ! 45, ! 46,  53, ! 48,|,53662,17,2,SS-N.csv
# likely, likely, likely, likely, likely, likely, likely, likely
# 50, 60, 70, 80, 90, 100, 110, 120
# near, near, near, near, near, near, near, near
13, 24,  23, ! 16,  23,  19, ! 11,  23, ! 13,|,10000,511,3,FM-500-100-1.00-SAT-1.csv
# likely, likely, likely, likely, likely, likely, likely, likely
# 50, 60, 70, 80, 90, 100, 110, 120
# near, near, near, near, near, near, near, near
17, 32,  24, ! 17,  23,  27, ! 18, ! 17, ! 18,|,10000,511,3,FM-500-100-0.75-SAT-1.csv
# likely, likely, likely, likely, likely, likely, likely, likely
# 50, 60, 70, 80, 90, 100, 110, 120
# near, near, near, near, near, near, near, near
22,! 21,  33, ! 26,  29, ! 20,  30, ! 25, ! 18,|,10000,510,3,FFM-500-100-0.50-SAT-1.csv
# likely, likely, likely, likely, likely, likely, likely, likely
# 50, 60, 70, 80, 90, 100, 110, 120
# near, near, near, near, near, near, near, near
17, 29,  29,  26,  29,  29, ! 20,  32, ! 14,|,10000,517,3,FM-500-100-0.25-SAT-1.csv
# likely, likely, likely, likely, likely, likely, likely, likely
# 50, 60, 70, 80, 90, 100, 110, 120
# near, near, near, near, near, near, near, near
23, 32, ! 24, ! 25,  32, ! 25,  30, ! 21, ! 21,|,10000,513,3,FM-500-100-0.50-SAT-1.csv
# likely, likely, likely, likely, likely, likely, likely, likely
# 50, 60, 70, 80, 90, 100, 110, 120
# near, near, near, near, near, near, near, near
32, 43,  50,  42,  43,  41, ! 30, ! 33,  39,|,100000,124,3,Scrum100k.csv
# likely, likely, likely, likely, likely, likely, likely, likely
# 50, 60, 70, 80, 90, 100, 110, 120
# near, near, near, near, near, near, near, near
14, 29,  23,  35,  28, ! 14,  24,  22,  21,|,10000,1044,3,FFM-1000-200-0.50-SAT-1.csv
