# rxrx, rxrx, rxrx, rxrx, rxrx, rxrx, rxrx, rxrx
# 20, 20, 30, 30, 40, 40, 50, 50
# sway, sway2, sway, sway2, sway, sway2, sway, sway2
29, 41,  39,  38,  38, ! 25,  47,  44, ! 33,|,398,4,3,auto93.csv
# rxrx, rxrx, rxrx, rxrx, rxrx, rxrx, rxrx, rxrx
# 20, 20, 30, 30, 40, 40, 50, 50
# sway, sway2, sway, sway2, sway, sway2, sway, sway2
29,! 31,  65,  54,  44,  66, ! 27,  46,  50,|,93,22,3,nasa93dem.csv
# rxrx, rxrx, rxrx, rxrx, rxrx, rxrx, rxrx, rxrx
# 20, 20, 30, 30, 40, 40, 50, 50
# sway, sway2, sway, sway2, sway, sway2, sway, sway2
60, 81,  75,  79,  76,  72,  76, ! 66, ! 55,|,317,7,4,A2C_CartPole.csv
# rxrx, rxrx, rxrx, rxrx, rxrx, rxrx, rxrx, rxrx
# 20, 20, 30, 30, 40, 40, 50, 50
# sway, sway2, sway, sway2, sway, sway2, sway, sway2
33,! 33,  68,  68,  86,  84,  67,  75,  75,|,247,22,2,wallpaper.csv
# rxrx, rxrx, rxrx, rxrx, rxrx, rxrx, rxrx, rxrx
# 20, 20, 30, 30, 40, 40, 50, 50
# sway, sway2, sway, sway2, sway, sway2, sway, sway2
87, 97,  98,  98,  97,  98, ! 87,  97,  98,|,1121,14,2,accessories.csv
# rxrx, rxrx, rxrx, rxrx, rxrx, rxrx, rxrx, rxrx
# 20, 20, 30, 30, 40, 40, 50, 50
# sway, sway2, sway, sway2, sway, sway2, sway, sway2
37, 45,  55,  59,  47,  55,  44,  60, ! 37,|,223,10,3,A2C_Acrobot.csv
# rxrx, rxrx, rxrx, rxrx, rxrx, rxrx, rxrx, rxrx
# 20, 20, 30, 30, 40, 40, 50, 50
# sway, sway2, sway, sway2, sway, sway2, sway, sway2
92, 99, ! 92,  99,  99,  99,  99,  99,  99,|,913,20,2,dress-up.csv
# rxrx, rxrx, rxrx, rxrx, rxrx, rxrx, rxrx, rxrx
# 20, 20, 30, 30, 40, 40, 50, 50
# sway, sway2, sway, sway2, sway, sway2, sway, sway2
26, 37,  41, ! 27,  39,  58,  47, ! 25,  37,|,500,9,3,pom3d.csv
# rxrx, rxrx, rxrx, rxrx, rxrx, rxrx, rxrx, rxrx
# 20, 20, 30, 30, 40, 40, 50, 50
# sway, sway2, sway, sway2, sway, sway2, sway, sway2
46, 61,  63,  60, ! 48,  60, ! 48,  66, ! 41,|,1599,10,2,Wine_quality.csv
# rxrx, rxrx, rxrx, rxrx, rxrx, rxrx, rxrx, rxrx
# 20, 20, 30, 30, 40, 40, 50, 50
# sway, sway2, sway, sway2, sway, sway2, sway, sway2
2, 38,  29, ! 2,  31,  30,  11, ! 3,  17,|,350,20,1,socks.csv
# rxrx, rxrx, rxrx, rxrx, rxrx, rxrx, rxrx, rxrx
# 20, 20, 30, 30, 40, 40, 50, 50
# sway, sway2, sway, sway2, sway, sway2, sway, sway2
51, 74,  65,  85, ! 51,  85,  87,  90,  75,|,205,38,5,Car_price_cleaned.csv
# rxrx, rxrx, rxrx, rxrx, rxrx, rxrx, rxrx, rxrx
# 20, 20, 30, 30, 40, 40, 50, 50
# sway, sway2, sway, sway2, sway, sway2, sway, sway2
41,! 41,  65,  61,  51,  69,  54,  63,  50,|,1000,20,5,coc1000.csv
# rxrx, rxrx, rxrx, rxrx, rxrx, rxrx, rxrx, rxrx
# 20, 20, 30, 30, 40, 40, 50, 50
# sway, sway2, sway, sway2, sway, sway2, sway, sway2
12,! 9, ! 6,  32, ! 9, ! 16, ! 16,  26, ! 16,|,5160,9,1,dataset600.csv
# rxrx, rxrx, rxrx, rxrx, rxrx, rxrx, rxrx, rxrx
# 20, 20, 30, 30, 40, 40, 50, 50
# sway, sway2, sway, sway2, sway, sway2, sway, sway2
45, 57,  53,  54,  49, ! 45,  49,  52,  49,|,10000,5,3,Health-Commits0006.csv
# rxrx, rxrx, rxrx, rxrx, rxrx, rxrx, rxrx, rxrx
# 20, 20, 30, 30, 40, 40, 50, 50
# sway, sway2, sway, sway2, sway, sway2, sway, sway2
35, 69,  75,  73,  45,  72,  65,  67, ! 35,|,10000,5,3,Health-Commits0003.csv
# rxrx, rxrx, rxrx, rxrx, rxrx, rxrx, rxrx, rxrx
# 20, 20, 30, 30, 40, 40, 50, 50
# sway, sway2, sway, sway2, sway, sway2, sway, sway2
39,! 32,  86, ! 41, ! 42, ! 36, ! 46,  73,  68,|,10000,5,3,Health-Commits0007.csv
# rxrx, rxrx, rxrx, rxrx, rxrx, rxrx, rxrx, rxrx
# 20, 20, 30, 30, 40, 40, 50, 50
# sway, sway2, sway, sway2, sway, sway2, sway, sway2
25,! 22, ! 28, ! 31, ! 15, ! 25, ! 12, ! 41, ! 28,|,5160,9,1,dataset120.csv
# rxrx, rxrx, rxrx, rxrx, rxrx, rxrx, rxrx, rxrx
# 20, 20, 30, 30, 40, 40, 50, 50
# sway, sway2, sway, sway2, sway, sway2, sway, sway2
34,! 32,  38,  41, ! 35,  42,  40,  47,  39,|,10000,5,3,Health-Commits0010.csv
# rxrx, rxrx, rxrx, rxrx, rxrx, rxrx, rxrx, rxrx
# 20, 20, 30, 30, 40, 40, 50, 50
# sway, sway2, sway, sway2, sway, sway2, sway, sway2
26, 35,  36,  37,  37,  34, ! 26,  36,  31,|,10000,5,3,Health-Commits0009.csv
# rxrx, rxrx, rxrx, rxrx, rxrx, rxrx, rxrx, rxrx
# 20, 20, 30, 30, 40, 40, 50, 50
# sway, sway2, sway, sway2, sway, sway2, sway, sway2
73,! 73, ! 74,  77, ! 73, ! 73, ! 73, ! 73, ! 73,|,10000,5,3,Health-Commits0004.csv
# rxrx, rxrx, rxrx, rxrx, rxrx, rxrx, rxrx, rxrx
# 20, 20, 30, 30, 40, 40, 50, 50
# sway, sway2, sway, sway2, sway, sway2, sway, sway2
0,! 0, ! 0, ! 0, ! 0, ! 0, ! 0, ! 0, ! 0,|,10000,5,3,Health-Commits0011.csv
# rxrx, rxrx, rxrx, rxrx, rxrx, rxrx, rxrx, rxrx
# 20, 20, 30, 30, 40, 40, 50, 50
# sway, sway2, sway, sway2, sway, sway2, sway, sway2
15, 27,  59, ! 15,  56,  33,  26,  68,  37,|,10000,5,3,Health-Commits0005.csv
# rxrx, rxrx, rxrx, rxrx, rxrx, rxrx, rxrx, rxrx
# 20, 20, 30, 30, 40, 40, 50, 50
# sway, sway2, sway, sway2, sway, sway2, sway, sway2
49, 75,  67,  64, ! 49,  60,  73,  58,  63,|,10000,5,3,Health-Commits0008.csv
# rxrx, rxrx, rxrx, rxrx, rxrx, rxrx, rxrx, rxrx
# 20, 20, 30, 30, 40, 40, 50, 50
# sway, sway2, sway, sway2, sway, sway2, sway, sway2
64,! 65, ! 67, ! 65, ! 65, ! 62, ! 65, ! 62, ! 64,|,10000,5,3,Health-Commits0002.csv
# rxrx, rxrx, rxrx, rxrx, rxrx, rxrx, rxrx, rxrx
# 20, 20, 30, 30, 40, 40, 50, 50
# sway, sway2, sway, sway2, sway, sway2, sway, sway2
3,! 3, ! 3, ! 3, ! 3, ! 3, ! 3, ! 3, ! 3,|,10000,5,3,Health-Commits0001.csv
# rxrx, rxrx, rxrx, rxrx, rxrx, rxrx, rxrx, rxrx
# 20, 20, 30, 30, 40, 40, 50, 50
# sway, sway2, sway, sway2, sway, sway2, sway, sway2
0,! 0, ! 0, ! 0, ! 0, ! 0, ! 0, ! 0, ! 0,|,10000,5,3,Health-ClosedPRs0011.csv
# rxrx, rxrx, rxrx, rxrx, rxrx, rxrx, rxrx, rxrx
# 20, 20, 30, 30, 40, 40, 50, 50
# sway, sway2, sway, sway2, sway, sway2, sway, sway2
27,! 27,  33,  33, ! 26,  30,  33, ! 27,  31,|,10000,5,3,Health-Commits0000.csv
# rxrx, rxrx, rxrx, rxrx, rxrx, rxrx, rxrx, rxrx
# 20, 20, 30, 30, 40, 40, 50, 50
# sway, sway2, sway, sway2, sway, sway2, sway, sway2
45, 73,  82,  61,  74,  78, ! 45,  73,  74,|,10000,5,3,Health-ClosedPRs0010.csv
# rxrx, rxrx, rxrx, rxrx, rxrx, rxrx, rxrx, rxrx
# 20, 20, 30, 30, 40, 40, 50, 50
# sway, sway2, sway, sway2, sway, sway2, sway, sway2
9,! 5, ! 21, ! 10, ! 5, ! 21, ! 0, ! 10, ! 0,|,10000,5,3,Health-ClosedPRs0007.csv
# rxrx, rxrx, rxrx, rxrx, rxrx, rxrx, rxrx, rxrx
# 20, 20, 30, 30, 40, 40, 50, 50
# sway, sway2, sway, sway2, sway, sway2, sway, sway2
69,! 74,  81, ! 66, ! 63,  86, ! 69,  80, ! 71,|,10000,5,3,Health-ClosedPRs0009.csv
# rxrx, rxrx, rxrx, rxrx, rxrx, rxrx, rxrx, rxrx
# 20, 20, 30, 30, 40, 40, 50, 50
# sway, sway2, sway, sway2, sway, sway2, sway, sway2
37,! 43,  51,  90,  51,  63, ! 34,  57, ! 34,|,10000,5,3,Health-ClosedPRs0008.csv
# rxrx, rxrx, rxrx, rxrx, rxrx, rxrx, rxrx, rxrx
# 20, 20, 30, 30, 40, 40, 50, 50
# sway, sway2, sway, sway2, sway, sway2, sway, sway2
37, 95,  65,  55,  65,  55, ! 34,  68, ! 40,|,10000,5,3,Health-ClosedPRs0006.csv
# rxrx, rxrx, rxrx, rxrx, rxrx, rxrx, rxrx, rxrx
# 20, 20, 30, 30, 40, 40, 50, 50
# sway, sway2, sway, sway2, sway, sway2, sway, sway2
0,! 0, ! 0, ! 0, ! 0, ! 0, ! 0, ! 0, ! 0,|,10000,5,3,Health-ClosedPRs0005.csv
# rxrx, rxrx, rxrx, rxrx, rxrx, rxrx, rxrx, rxrx
# 20, 20, 30, 30, 40, 40, 50, 50
# sway, sway2, sway, sway2, sway, sway2, sway, sway2
15,! 19, ! 12,  51, ! 18, ! 8, ! 16, ! 24, ! 8,|,10000,5,3,Health-ClosedPRs0004.csv
# rxrx, rxrx, rxrx, rxrx, rxrx, rxrx, rxrx, rxrx
# 20, 20, 30, 30, 40, 40, 50, 50
# sway, sway2, sway, sway2, sway, sway2, sway, sway2
2,! 5,  14,  12,  8, ! 2, ! 0, ! 2, ! 2,|,196,3,1,wc+wc-3d-c4-obj1.csv
# rxrx, rxrx, rxrx, rxrx, rxrx, rxrx, rxrx, rxrx
# 20, 20, 30, 30, 40, 40, 50, 50
# sway, sway2, sway, sway2, sway, sway2, sway, sway2
2,! 3,  8, ! 4, ! 0,  14, ! 1,  13, ! 0,|,196,3,1,wc+sol-3d-c4-obj1.csv
# rxrx, rxrx, rxrx, rxrx, rxrx, rxrx, rxrx, rxrx
# 20, 20, 30, 30, 40, 40, 50, 50
# sway, sway2, sway, sway2, sway, sway2, sway, sway2
0, 5,  10,  3,  4,  2,  3,  5, ! 0,|,1152,16,1,X264_AllMeasurements.csv
# rxrx, rxrx, rxrx, rxrx, rxrx, rxrx, rxrx, rxrx
# 20, 20, 30, 30, 40, 40, 50, 50
# sway, sway2, sway, sway2, sway, sway2, sway, sway2
1,! 1, ! 1, ! 1, ! 1, ! 1, ! 1, ! 1, ! 1,|,10000,5,3,Health-ClosedPRs0003.csv
# rxrx, rxrx, rxrx, rxrx, rxrx, rxrx, rxrx, rxrx
# 20, 20, 30, 30, 40, 40, 50, 50
# sway, sway2, sway, sway2, sway, sway2, sway, sway2
1,! 0, ! 0, ! 0, ! 14, ! 0, ! 0, ! 0, ! 0,|,10000,5,3,Health-ClosedPRs0002.csv
# rxrx, rxrx, rxrx, rxrx, rxrx, rxrx, rxrx, rxrx
# 20, 20, 30, 30, 40, 40, 50, 50
# sway, sway2, sway, sway2, sway, sway2, sway, sway2
3,! 5,  9, ! 3, ! 4,  8, ! 2,  9, ! 4,|,196,3,1,wc+rs-3d-c4-obj1.csv
# rxrx, rxrx, rxrx, rxrx, rxrx, rxrx, rxrx, rxrx
# 20, 20, 30, 30, 40, 40, 50, 50
# sway, sway2, sway, sway2, sway, sway2, sway, sway2
0,! 0, ! 0, ! 0, ! 0, ! 0, ! 0, ! 0, ! 0,|,10000,5,2,Health-ClosedPRs0000.csv
# rxrx, rxrx, rxrx, rxrx, rxrx, rxrx, rxrx, rxrx
# 20, 20, 30, 30, 40, 40, 50, 50
# sway, sway2, sway, sway2, sway, sway2, sway, sway2
28, 60,  62, ! 28,  53,  52,  54,  59,  47,|,2205,31,8,Marketing_Analytics.csv
# rxrx, rxrx, rxrx, rxrx, rxrx, rxrx, rxrx, rxrx
# 20, 20, 30, 30, 40, 40, 50, 50
# sway, sway2, sway, sway2, sway, sway2, sway, sway2
0,! 0, ! 0, ! 0, ! 0, ! 5, ! 0, ! 0, ! 0,|,10000,5,3,Health-ClosedIssues0011.csv
# rxrx, rxrx, rxrx, rxrx, rxrx, rxrx, rxrx, rxrx
# 20, 20, 30, 30, 40, 40, 50, 50
# sway, sway2, sway, sway2, sway, sway2, sway, sway2
83, 90,  88, ! 83,  87, ! 81,  86, ! 84, ! 83,|,10000,5,3,Health-ClosedIssues0010.csv
# rxrx, rxrx, rxrx, rxrx, rxrx, rxrx, rxrx, rxrx
# 20, 20, 30, 30, 40, 40, 50, 50
# sway, sway2, sway, sway2, sway, sway2, sway, sway2
40,! 36, ! 45, ! 35, ! 40, ! 44, ! 38, ! 39, ! 39,|,10000,5,3,Health-ClosedIssues0008.csv
# rxrx, rxrx, rxrx, rxrx, rxrx, rxrx, rxrx, rxrx
# 20, 20, 30, 30, 40, 40, 50, 50
# sway, sway2, sway, sway2, sway, sway2, sway, sway2
24,! 26, ! 21, ! 20, ! 19, ! 26, ! 32, ! 27, ! 21,|,10000,5,3,Health-ClosedIssues0002.csv
# rxrx, rxrx, rxrx, rxrx, rxrx, rxrx, rxrx, rxrx
# 20, 20, 30, 30, 40, 40, 50, 50
# sway, sway2, sway, sway2, sway, sway2, sway, sway2
72, 78,  81, ! 74, ! 70, ! 70,  80, ! 74, ! 73,|,10000,5,3,Health-ClosedIssues0004.csv
# rxrx, rxrx, rxrx, rxrx, rxrx, rxrx, rxrx, rxrx
# 20, 20, 30, 30, 40, 40, 50, 50
# sway, sway2, sway, sway2, sway, sway2, sway, sway2
52,! 53,  70, ! 60, ! 50, ! 48, ! 54,  73, ! 50,|,10000,5,3,Health-ClosedIssues0003.csv
# rxrx, rxrx, rxrx, rxrx, rxrx, rxrx, rxrx, rxrx
# 20, 20, 30, 30, 40, 40, 50, 50
# sway, sway2, sway, sway2, sway, sway2, sway, sway2
56, 62, ! 54,  62, ! 58,  63,  62,  62, ! 56,|,10000,5,3,Health-ClosedIssues0001.csv
# rxrx, rxrx, rxrx, rxrx, rxrx, rxrx, rxrx, rxrx
# 20, 20, 30, 30, 40, 40, 50, 50
# sway, sway2, sway, sway2, sway, sway2, sway, sway2
53, 94,  94,  85,  94,  81,  80, ! 53,  85,|,10000,5,3,Health-ClosedIssues0007.csv
# rxrx, rxrx, rxrx, rxrx, rxrx, rxrx, rxrx, rxrx
# 20, 20, 30, 30, 40, 40, 50, 50
# sway, sway2, sway, sway2, sway, sway2, sway, sway2
41,! 40, ! 40, ! 40, ! 42, ! 41, ! 41, ! 41, ! 41,|,10000,5,3,Health-ClosedIssues0005.csv
# rxrx, rxrx, rxrx, rxrx, rxrx, rxrx, rxrx, rxrx
# 20, 20, 30, 30, 40, 40, 50, 50
# sway, sway2, sway, sway2, sway, sway2, sway, sway2
33, 45, ! 28, ! 36, ! 35, ! 36, ! 29,  48, ! 32,|,10000,5,3,Health-ClosedIssues0006.csv
# rxrx, rxrx, rxrx, rxrx, rxrx, rxrx, rxrx, rxrx
# 20, 20, 30, 30, 40, 40, 50, 50
# sway, sway2, sway, sway2, sway, sway2, sway, sway2
61, 75,  76,  71,  70,  77,  78,  70, ! 61,|,10000,5,3,Health-ClosedIssues0009.csv
# rxrx, rxrx, rxrx, rxrx, rxrx, rxrx, rxrx, rxrx
# 20, 20, 30, 30, 40, 40, 50, 50
# sway, sway2, sway, sway2, sway, sway2, sway, sway2
16, 25,  24,  30,  27,  22, ! 16,  24,  28,|,10000,5,3,Health-ClosedIssues0000.csv
# rxrx, rxrx, rxrx, rxrx, rxrx, rxrx, rxrx, rxrx
# 20, 20, 30, 30, 40, 40, 50, 50
# sway, sway2, sway, sway2, sway, sway2, sway, sway2
7, 26,  21,  33,  16,  41, ! 6, ! 7, ! 8,|,1023,11,2,SS-P.csv
# rxrx, rxrx, rxrx, rxrx, rxrx, rxrx, rxrx, rxrx
# 20, 20, 30, 30, 40, 40, 50, 50
# sway, sway2, sway, sway2, sway, sway2, sway, sway2
0,! 0,  14,  11,  22,  19,  18,  38, ! 0,|,259,4,2,SS-H.csv
# rxrx, rxrx, rxrx, rxrx, rxrx, rxrx, rxrx, rxrx
# 20, 20, 30, 30, 40, 40, 50, 50
# sway, sway2, sway, sway2, sway, sway2, sway, sway2
37, 67, ! 41,  57, ! 31, ! 33, ! 35,  58, ! 43,|,1080,5,2,SS-I.csv
# rxrx, rxrx, rxrx, rxrx, rxrx, rxrx, rxrx, rxrx
# 20, 20, 30, 30, 40, 40, 50, 50
# sway, sway2, sway, sway2, sway, sway2, sway, sway2
6, 33,  51,  28,  31,  26,  29,  36, ! 6,|,972,11,2,SS-O.csv
# rxrx, rxrx, rxrx, rxrx, rxrx, rxrx, rxrx, rxrx
# 20, 20, 30, 30, 40, 40, 50, 50
# sway, sway2, sway, sway2, sway, sway2, sway, sway2
1, 6,  6,  7, ! 3, ! 1, ! 1,  4, ! 0,|,2880,6,1,wc-6d-c1-obj1.csv
# rxrx, rxrx, rxrx, rxrx, rxrx, rxrx, rxrx, rxrx
# 20, 20, 30, 30, 40, 40, 50, 50
# sway, sway2, sway, sway2, sway, sway2, sway, sway2
0,! 0, ! 0,  2, ! 0,  4, ! 0, ! 0, ! 0,|,864,17,3,SS-M.csv
# rxrx, rxrx, rxrx, rxrx, rxrx, rxrx, rxrx, rxrx
# 20, 20, 30, 30, 40, 40, 50, 50
# sway, sway2, sway, sway2, sway, sway2, sway, sway2
11, 47,  44, ! 11,  39,  42,  47,  53,  37,|,196,3,2,SS-G.csv
# rxrx, rxrx, rxrx, rxrx, rxrx, rxrx, rxrx, rxrx
# 20, 20, 30, 30, 40, 40, 50, 50
# sway, sway2, sway, sway2, sway, sway2, sway, sway2
33, 70,  57,  64, ! 36, ! 34, ! 36,  54, ! 28,|,2938,20,2,Life_Expectancy_Data.csv
# rxrx, rxrx, rxrx, rxrx, rxrx, rxrx, rxrx, rxrx
# 20, 20, 30, 30, 40, 40, 50, 50
# sway, sway2, sway, sway2, sway, sway2, sway, sway2
35, 57,  41, ! 37,  46,  44,  42,  57, ! 33,|,196,3,2,SS-F.csv
# rxrx, rxrx, rxrx, rxrx, rxrx, rxrx, rxrx, rxrx
# 20, 20, 30, 30, 40, 40, 50, 50
# sway, sway2, sway, sway2, sway, sway2, sway, sway2
43, 61,  62,  54,  58,  60,  48, ! 43,  51,|,196,3,2,SS-D.csv
# rxrx, rxrx, rxrx, rxrx, rxrx, rxrx, rxrx, rxrx
# 20, 20, 30, 30, 40, 40, 50, 50
# sway, sway2, sway, sway2, sway, sway2, sway, sway2
4, 20,  23,  80,  70, ! 1, ! 3, ! 10, ! 2,|,7043,19,2,WA_Fn-UseC_-Telco-Customer-Churn.csv
# rxrx, rxrx, rxrx, rxrx, rxrx, rxrx, rxrx, rxrx
# 20, 20, 30, 30, 40, 40, 50, 50
# sway, sway2, sway, sway2, sway, sway2, sway, sway2
11,! 12,  27,  37, ! 10,  24,  27,  38,  20,|,206,3,2,SS-B.csv
# rxrx, rxrx, rxrx, rxrx, rxrx, rxrx, rxrx, rxrx
# 20, 20, 30, 30, 40, 40, 50, 50
# sway, sway2, sway, sway2, sway, sway2, sway, sway2
19, 39,  32,  42,  43,  33,  37,  46, ! 19,|,756,3,2,SS-E.csv
# rxrx, rxrx, rxrx, rxrx, rxrx, rxrx, rxrx, rxrx
# 20, 20, 30, 30, 40, 40, 50, 50
# sway, sway2, sway, sway2, sway, sway2, sway, sway2
8, 31,  23,  42,  25,  44, ! 6, ! 6, ! 11,|,1023,11,2,SS-L.csv
# rxrx, rxrx, rxrx, rxrx, rxrx, rxrx, rxrx, rxrx
# 20, 20, 30, 30, 40, 40, 50, 50
# sway, sway2, sway, sway2, sway, sway2, sway, sway2
17, 36, ! 15, ! 22, ! 14, ! 16, ! 19, ! 18, ! 19,|,1343,3,2,SS-A.csv
# rxrx, rxrx, rxrx, rxrx, rxrx, rxrx, rxrx, rxrx
# 20, 20, 30, 30, 40, 40, 50, 50
# sway, sway2, sway, sway2, sway, sway2, sway, sway2
19,! 19,  34,  26,  32,  26,  23,  25,  24,|,1512,3,2,SS-C.csv
# rxrx, rxrx, rxrx, rxrx, rxrx, rxrx, rxrx, rxrx
# 20, 20, 30, 30, 40, 40, 50, 50
# sway, sway2, sway, sway2, sway, sway2, sway, sway2
34, 42, ! 37,  44,  48,  48,  51,  56, ! 31,|,2880,6,2,SS-K.csv
# rxrx, rxrx, rxrx, rxrx, rxrx, rxrx, rxrx, rxrx
# 20, 20, 30, 30, 40, 40, 50, 50
# sway, sway2, sway, sway2, sway, sway2, sway, sway2
4, 12,  9,  9, ! 3,  13, ! 4,  22, ! 5,|,192,9,1,Apache_AllMeasurements.csv
# rxrx, rxrx, rxrx, rxrx, rxrx, rxrx, rxrx, rxrx
# 20, 20, 30, 30, 40, 40, 50, 50
# sway, sway2, sway, sway2, sway, sway2, sway, sway2
18, 26,  26,  24,  26,  32,  23,  30, ! 18,|,3008,14,2,SS-R.csv
# rxrx, rxrx, rxrx, rxrx, rxrx, rxrx, rxrx, rxrx
# 20, 20, 30, 30, 40, 40, 50, 50
# sway, sway2, sway, sway2, sway, sway2, sway, sway2
4,! 5,  13,  10, ! 4, ! 2, ! 6, ! 5, ! 4,|,2736,13,3,SS-Q.csv
# rxrx, rxrx, rxrx, rxrx, rxrx, rxrx, rxrx, rxrx
# 20, 20, 30, 30, 40, 40, 50, 50
# sway, sway2, sway, sway2, sway, sway2, sway, sway2
4, 11,  13,  13, ! 4,  8, ! 4,  7,  12,|,3840,6,2,SS-S.csv
# rxrx, rxrx, rxrx, rxrx, rxrx, rxrx, rxrx, rxrx
# 20, 20, 30, 30, 40, 40, 50, 50
# sway, sway2, sway, sway2, sway, sway2, sway, sway2
8, 30,  18, ! 8, ! 8,  22, ! 6, ! 12, ! 5,|,3840,6,2,SS-J.csv
# rxrx, rxrx, rxrx, rxrx, rxrx, rxrx, rxrx, rxrx
# 20, 20, 30, 30, 40, 40, 50, 50
# sway, sway2, sway, sway2, sway, sway2, sway, sway2
9,! 6, ! 13, ! 8, ! 10, ! 10, ! 7, ! 10, ! 7,|,4608,21,2,SS-U.csv
# rxrx, rxrx, rxrx, rxrx, rxrx, rxrx, rxrx, rxrx
# 20, 20, 30, 30, 40, 40, 50, 50
# sway, sway2, sway, sway2, sway, sway2, sway, sway2
12,! 10, ! 12, ! 11, ! 13, ! 8, ! 10, ! 17, ! 13,|,5184,12,2,SS-T.csv
# rxrx, rxrx, rxrx, rxrx, rxrx, rxrx, rxrx, rxrx
# 20, 20, 30, 30, 40, 40, 50, 50
# sway, sway2, sway, sway2, sway, sway2, sway, sway2
11, 23, ! 11, ! 14,  20,  19, ! 12,  18, ! 6,|,6840,16,2,SS-V.csv
# rxrx, rxrx, rxrx, rxrx, rxrx, rxrx, rxrx, rxrx
# 20, 20, 30, 30, 40, 40, 50, 50
# sway, sway2, sway, sway2, sway, sway2, sway, sway2
6,! 7,  13, ! 5, ! 5, ! 7, ! 7, ! 7, ! 6,|,2866,6,1,sol-6d-c2-obj1.csv
# rxrx, rxrx, rxrx, rxrx, rxrx, rxrx, rxrx, rxrx
# 20, 20, 30, 30, 40, 40, 50, 50
# sway, sway2, sway, sway2, sway, sway2, sway, sway2
1, 4,  3,  4, ! 1, ! 2, ! 0,  5,  6,|,3840,6,1,rs-6d-c3_obj1.csv
# rxrx, rxrx, rxrx, rxrx, rxrx, rxrx, rxrx, rxrx
# 20, 20, 30, 30, 40, 40, 50, 50
# sway, sway2, sway, sway2, sway, sway2, sway, sway2
0,! 0, ! 0,  0,  0,  0, ! 0,  0, ! 0,|,3840,6,1,rs-6d-c3_obj2.csv
# rxrx, rxrx, rxrx, rxrx, rxrx, rxrx, rxrx, rxrx
# 20, 20, 30, 30, 40, 40, 50, 50
# sway, sway2, sway, sway2, sway, sway2, sway, sway2
2, 6,  10,  4,  9,  6,  4,  9, ! 2,|,3456,14,1,HSMGP_num.csv
# rxrx, rxrx, rxrx, rxrx, rxrx, rxrx, rxrx, rxrx
# 20, 20, 30, 30, 40, 40, 50, 50
# sway, sway2, sway, sway2, sway, sway2, sway, sway2
35, 44, ! 33,  57, ! 37,  50,  47,  47,  43,|,20000,9,3,pom3b.csv
# rxrx, rxrx, rxrx, rxrx, rxrx, rxrx, rxrx, rxrx
# 20, 20, 30, 30, 40, 40, 50, 50
# sway, sway2, sway, sway2, sway, sway2, sway, sway2
37, 52,  48,  46,  51, ! 37,  52,  48,  46,|,20000,9,3,pom3a.csv
# rxrx, rxrx, rxrx, rxrx, rxrx, rxrx, rxrx, rxrx
# 20, 20, 30, 30, 40, 40, 50, 50
# sway, sway2, sway, sway2, sway, sway2, sway, sway2
59,! 61,  68, ! 57, ! 58, ! 60, ! 59,  79,  65,|,20000,9,3,pom3c.csv
# rxrx, rxrx, rxrx, rxrx, rxrx, rxrx, rxrx, rxrx
# 20, 20, 30, 30, 40, 40, 50, 50
# sway, sway2, sway, sway2, sway, sway2, sway, sway2
28,! 27, ! 31,  45, ! 22, ! 34, ! 26, ! 32, ! 25,|,81,26,1,player_statistics_cleaned_final.csv
# rxrx, rxrx, rxrx, rxrx, rxrx, rxrx, rxrx, rxrx
# 20, 20, 30, 30, 40, 40, 50, 50
# sway, sway2, sway, sway2, sway, sway2, sway, sway2
74, 95,  77,  80,  93, ! 75,  86,  96, ! 74,|,1460,77,4,home_data_for_ml_course.csv
# rxrx, rxrx, rxrx, rxrx, rxrx, rxrx, rxrx, rxrx
# 20, 20, 30, 30, 40, 40, 50, 50
# sway, sway2, sway, sway2, sway, sway2, sway, sway2
2,! 5, ! 5, ! 0, ! 5, ! 0, ! 0, ! 0, ! 0,|,649,33,1,student_dropout.csv
# rxrx, rxrx, rxrx, rxrx, rxrx, rxrx, rxrx, rxrx
# 20, 20, 30, 30, 40, 40, 50, 50
# sway, sway2, sway, sway2, sway, sway2, sway, sway2
45,! 45,  60,  53,  53,  50, ! 45,  54, ! 44,|,4653,38,1,SQL_AllMeasurements.csv
# rxrx, rxrx, rxrx, rxrx, rxrx, rxrx, rxrx, rxrx
# 20, 20, 30, 30, 40, 40, 50, 50
# sway, sway2, sway, sway2, sway, sway2, sway, sway2
29, 40,  56,  48,  43,  43, ! 30, ! 33, ! 24,|,1470,32,3,WA_Fn-UseC_-HR-Employee-Attrition.csv
# rxrx, rxrx, rxrx, rxrx, rxrx, rxrx, rxrx, rxrx
# 20, 20, 30, 30, 40, 40, 50, 50
# sway, sway2, sway, sway2, sway, sway2, sway, sway2
31, 53, ! 30,  51,  49,  41,  35,  38, ! 31,|,10127,19,4,BankChurners.csv
# rxrx, rxrx, rxrx, rxrx, rxrx, rxrx, rxrx, rxrx
# 20, 20, 30, 30, 40, 40, 50, 50
# sway, sway2, sway, sway2, sway, sway2, sway, sway2
20, 29,  43,  33,  29,  39,  37,  42, ! 20,|,10000,25,4,xomo_flight.csv
# rxrx, rxrx, rxrx, rxrx, rxrx, rxrx, rxrx, rxrx
# 20, 20, 30, 30, 40, 40, 50, 50
# sway, sway2, sway, sway2, sway, sway2, sway, sway2
34,! 34,  49, ! 34,  40,  41, ! 31,  41, ! 37,|,10000,25,4,xomo_ground.csv
# rxrx, rxrx, rxrx, rxrx, rxrx, rxrx, rxrx, rxrx
# 20, 20, 30, 30, 40, 40, 50, 50
# sway, sway2, sway, sway2, sway, sway2, sway, sway2
30, 60,  44,  45,  45,  47, ! 30,  44,  50,|,10000,25,4,xomo_osp2.csv
# rxrx, rxrx, rxrx, rxrx, rxrx, rxrx, rxrx, rxrx
# 20, 20, 30, 30, 40, 40, 50, 50
# sway, sway2, sway, sway2, sway, sway2, sway, sway2
34, 50,  42, ! 30, ! 33,  51, ! 37,  47, ! 35,|,1000,124,3,Scrum1k.csv
# rxrx, rxrx, rxrx, rxrx, rxrx, rxrx, rxrx, rxrx
# 20, 20, 30, 30, 40, 40, 50, 50
# sway, sway2, sway, sway2, sway, sway2, sway, sway2
24, 33,  49,  42,  39,  44, ! 24,  44,  41,|,10000,25,4,xomo_osp.csv
# rxrx, rxrx, rxrx, rxrx, rxrx, rxrx, rxrx, rxrx
# 20, 20, 30, 30, 40, 40, 50, 50
# sway, sway2, sway, sway2, sway, sway2, sway, sway2
49, 59, ! 44, ! 50, ! 50,  54, ! 52,  54, ! 49,|,86058,11,2,SS-X.csv
# rxrx, rxrx, rxrx, rxrx, rxrx, rxrx, rxrx, rxrx
# 20, 20, 30, 30, 40, 40, 50, 50
# sway, sway2, sway, sway2, sway, sway2, sway, sway2
40, 48,  52,  51, ! 37, ! 43, ! 39,  50, ! 40,|,10000,88,3,billing10k.csv
# rxrx, rxrx, rxrx, rxrx, rxrx, rxrx, rxrx, rxrx
# 20, 20, 30, 30, 40, 40, 50, 50
# sway, sway2, sway, sway2, sway, sway2, sway, sway2
60,! 59, ! 59,  66, ! 61,  64, ! 59,  66,  63,|,65536,16,2,SS-W.csv
# rxrx, rxrx, rxrx, rxrx, rxrx, rxrx, rxrx, rxrx
# 20, 20, 30, 30, 40, 40, 50, 50
# sway, sway2, sway, sway2, sway, sway2, sway, sway2
32,! 32,  46,  51,  41,  49, ! 34, ! 30,  43,|,10000,124,3,Scrum10k.csv
# rxrx, rxrx, rxrx, rxrx, rxrx, rxrx, rxrx, rxrx
# 20, 20, 30, 30, 40, 40, 50, 50
# sway, sway2, sway, sway2, sway, sway2, sway, sway2
60, 83,  80,  65, ! 60, ! 59, ! 60,  74,  82,|,20000,31,5,Loan.csv
# rxrx, rxrx, rxrx, rxrx, rxrx, rxrx, rxrx, rxrx
# 20, 20, 30, 30, 40, 40, 50, 50
# sway, sway2, sway, sway2, sway, sway2, sway, sway2
55, 90,  92,  73,  69,  65, ! 55,  81,  76,|,21759,35,3,Data_COVID19_Indonesia.csv
# rxrx, rxrx, rxrx, rxrx, rxrx, rxrx, rxrx, rxrx
# 20, 20, 30, 30, 40, 40, 50, 50
# sway, sway2, sway, sway2, sway, sway2, sway, sway2
33, 41,  43,  47,  40,  40, ! 33,  48, ! 33,|,10000,128,3,FFM-125-25-0.50-SAT-1.csv
# rxrx, rxrx, rxrx, rxrx, rxrx, rxrx, rxrx, rxrx
# 20, 20, 30, 30, 40, 40, 50, 50
# sway, sway2, sway, sway2, sway, sway2, sway, sway2
1,! 0, ! 0, ! 10, ! 0, ! 0, ! 0, ! 0, ! 0,|,25000,64,1,Medical_Data_and_Hospital_Readmissions.csv
# rxrx, rxrx, rxrx, rxrx, rxrx, rxrx, rxrx, rxrx
# 20, 20, 30, 30, 40, 40, 50, 50
# sway, sway2, sway, sway2, sway, sway2, sway, sway2
54, 64,  64,  61, ! 54, ! 53, ! 51,  61, ! 56,|,53662,17,2,SS-N.csv
# rxrx, rxrx, rxrx, rxrx, rxrx, rxrx, rxrx, rxrx
# 20, 20, 30, 30, 40, 40, 50, 50
# sway, sway2, sway, sway2, sway, sway2, sway, sway2
41, 73,  71,  60, ! 41,  78,  65,  64,  85,|,17737,55,2,all_players.csv
# rxrx, rxrx, rxrx, rxrx, rxrx, rxrx, rxrx, rxrx
# 20, 20, 30, 30, 40, 40, 50, 50
# sway, sway2, sway, sway2, sway, sway2, sway, sway2
27, 51,  35,  39,  44,  43,  35, ! 24, ! 29,|,10000,256,3,FFM-250-50-0.50-SAT-1.csv
# rxrx, rxrx, rxrx, rxrx, rxrx, rxrx, rxrx, rxrx
# 20, 20, 30, 30, 40, 40, 50, 50
# sway, sway2, sway, sway2, sway, sway2, sway, sway2
33,! 34, ! 30,  48, ! 37,  44,  40,  40, ! 31,|,10000,510,3,FFM-500-100-0.50-SAT-1.csv
# rxrx, rxrx, rxrx, rxrx, rxrx, rxrx, rxrx, rxrx
# 20, 20, 30, 30, 40, 40, 50, 50
# sway, sway2, sway, sway2, sway, sway2, sway, sway2
31,! 30,  46,  49, ! 29,  38,  37,  47, ! 33,|,10000,511,3,FM-500-100-1.00-SAT-1.csv
# rxrx, rxrx, rxrx, rxrx, rxrx, rxrx, rxrx, rxrx
# 20, 20, 30, 30, 40, 40, 50, 50
# sway, sway2, sway, sway2, sway, sway2, sway, sway2
38, 46,  45, ! 39,  46, ! 37,  43,  43,  43,|,10000,511,3,FM-500-100-0.75-SAT-1.csv
# rxrx, rxrx, rxrx, rxrx, rxrx, rxrx, rxrx, rxrx
# 20, 20, 30, 30, 40, 40, 50, 50
# sway, sway2, sway, sway2, sway, sway2, sway, sway2
38,! 40,  57,  47,  53,  48, ! 36, ! 43, ! 34,|,10000,513,3,FM-500-100-0.50-SAT-1.csv
# rxrx, rxrx, rxrx, rxrx, rxrx, rxrx, rxrx, rxrx
# 20, 20, 30, 30, 40, 40, 50, 50
# sway, sway2, sway, sway2, sway, sway2, sway, sway2
40,! 44, ! 41,  52, ! 37, ! 41, ! 34, ! 43, ! 37,|,10000,517,3,FM-500-100-0.25-SAT-1.csv
# rxrx, rxrx, rxrx, rxrx, rxrx, rxrx, rxrx, rxrx
# 20, 20, 30, 30, 40, 40, 50, 50
# sway, sway2, sway, sway2, sway, sway2, sway, sway2
37, 53,  57,  46,  62,  45,  46,  50, ! 37,|,100000,124,3,Scrum100k.csv
# rxrx, rxrx, rxrx, rxrx, rxrx, rxrx, rxrx, rxrx
# 20, 20, 30, 30, 40, 40, 50, 50
# sway, sway2, sway, sway2, sway, sway2, sway, sway2
23, 46,  36, ! 23, ! 24,  43,  47,  35, ! 23,|,10000,1044,3,FFM-1000-200-0.50-SAT-1.csv
