# likely, likely, likely, likely, likely, likely, likely, likely
# 20, 20, 30, 30, 40, 40, 50, 50
# near, rand, near, rand, near, rand, near, rand
33,! 33,  81,  73,  68,  72,  68,  80,  98,|,247,22,2,wallpaper.csv
# likely, likely, likely, likely, likely, likely, likely, likely
# 20, 20, 30, 30, 40, 40, 50, 50
# near, rand, near, rand, near, rand, near, rand
17, 30,  29, ! 16,  33, ! 16,  31,  24, ! 19,|,398,4,3,auto93.csv
# likely, likely, likely, likely, likely, likely, likely, likely
# 20, 20, 30, 30, 40, 40, 50, 50
# near, rand, near, rand, near, rand, near, rand
99, 99, ! 99,  99,  99,  100,  99,  99,  99,|,913,20,2,dress-up.csv
# likely, likely, likely, likely, likely, likely, likely, likely
# 20, 20, 30, 30, 40, 40, 50, 50
# near, rand, near, rand, near, rand, near, rand
98,! 98,  98,  99,  98,  100, ! 98,  98,  99,|,1121,14,2,accessories.csv
# likely, likely, likely, likely, likely, likely, likely, likely
# 20, 20, 30, 30, 40, 40, 50, 50
# near, rand, near, rand, near, rand, near, rand
32, 44,  61,  54, ! 34, ! 33, ! 24,  69, ! 35,|,93,22,3,nasa93dem.csv
# likely, likely, likely, likely, likely, likely, likely, likely
# 20, 20, 30, 30, 40, 40, 50, 50
# near, rand, near, rand, near, rand, near, rand
77,! 78, ! 80, ! 78, ! 78, ! 77, ! 71, ! 82, ! 73,|,317,7,4,A2C_CartPole.csv
# likely, likely, likely, likely, likely, likely, likely, likely
# 20, 20, 30, 30, 40, 40, 50, 50
# near, rand, near, rand, near, rand, near, rand
31,! 35,  42,  45, ! 29,  45, ! 27,  38, ! 33,|,500,9,3,pom3d.csv
# likely, likely, likely, likely, likely, likely, likely, likely
# 20, 20, 30, 30, 40, 40, 50, 50
# near, rand, near, rand, near, rand, near, rand
32, 39,  56,  49,  50,  48,  45, ! 32,  49,|,223,10,3,A2C_Acrobot.csv
# likely, likely, likely, likely, likely, likely, likely, likely
# 20, 20, 30, 30, 40, 40, 50, 50
# near, rand, near, rand, near, rand, near, rand
56,! 58, ! 58, ! 60,  67, ! 56, ! 55, ! 49,  66,|,1599,10,2,Wine_quality.csv
# likely, likely, likely, likely, likely, likely, likely, likely
# 20, 20, 30, 30, 40, 40, 50, 50
# near, rand, near, rand, near, rand, near, rand
4, 14,  23, ! 2, ! 7, ! 3, ! 9, ! 0,  13,|,350,20,1,socks.csv
# likely, likely, likely, likely, likely, likely, likely, likely
# 20, 20, 30, 30, 40, 40, 50, 50
# near, rand, near, rand, near, rand, near, rand
19,! 25, ! 22,  34, ! 6,  44,  41, ! 22, ! 19,|,5160,9,1,dataset120.csv
# likely, likely, likely, likely, likely, likely, likely, likely
# 20, 20, 30, 30, 40, 40, 50, 50
# near, rand, near, rand, near, rand, near, rand
14,! 26, ! 9,  36, ! 6,  49, ! 19, ! 13, ! 13,|,5160,9,1,dataset600.csv
# likely, likely, likely, likely, likely, likely, likely, likely
# 20, 20, 30, 30, 40, 40, 50, 50
# near, rand, near, rand, near, rand, near, rand
51,! 54,  69, ! 56, ! 52,  67, ! 51, ! 45, ! 51,|,1000,20,5,coc1000.csv
# likely, likely, likely, likely, likely, likely, likely, likely
# 20, 20, 30, 30, 40, 40, 50, 50
# near, rand, near, rand, near, rand, near, rand
52, 77,  91,  96, ! 54,  64,  70,  86, ! 51,|,205,38,5,Car_price_cleaned.csv
# likely, likely, likely, likely, likely, likely, likely, likely
# 20, 20, 30, 30, 40, 40, 50, 50
# near, rand, near, rand, near, rand, near, rand
32,! 33,  44,  36,  43, ! 32,  35,  38,  37,|,10000,5,3,Health-Commits0010.csv
# likely, likely, likely, likely, likely, likely, likely, likely
# 20, 20, 30, 30, 40, 40, 50, 50
# near, rand, near, rand, near, rand, near, rand
34, 65,  74,  70,  67, ! 34,  55,  57,  47,|,10000,5,3,Health-Commits0003.csv
# likely, likely, likely, likely, likely, likely, likely, likely
# 20, 20, 30, 30, 40, 40, 50, 50
# near, rand, near, rand, near, rand, near, rand
65,! 65, ! 65, ! 65, ! 65, ! 64, ! 65, ! 65, ! 65,|,10000,5,3,Health-Commits0002.csv
# likely, likely, likely, likely, likely, likely, likely, likely
# 20, 20, 30, 30, 40, 40, 50, 50
# near, rand, near, rand, near, rand, near, rand
39,! 34,  78,  71,  62,  58, ! 31, ! 45, ! 48,|,10000,5,3,Health-Commits0007.csv
# likely, likely, likely, likely, likely, likely, likely, likely
# 20, 20, 30, 30, 40, 40, 50, 50
# near, rand, near, rand, near, rand, near, rand
1,! 0, ! 6, ! 5, ! 0, ! 0, ! 0, ! 0, ! 0,|,10000,5,3,Health-Commits0011.csv
# likely, likely, likely, likely, likely, likely, likely, likely
# 20, 20, 30, 30, 40, 40, 50, 50
# near, rand, near, rand, near, rand, near, rand
47, 55, ! 46,  51, ! 47,  49,  51,  50,  55,|,10000,5,3,Health-Commits0006.csv
# likely, likely, likely, likely, likely, likely, likely, likely
# 20, 20, 30, 30, 40, 40, 50, 50
# near, rand, near, rand, near, rand, near, rand
71, 73,  72,  73,  73,  73,  73,  72, ! 71,|,10000,5,3,Health-Commits0004.csv
# likely, likely, likely, likely, likely, likely, likely, likely
# 20, 20, 30, 30, 40, 40, 50, 50
# near, rand, near, rand, near, rand, near, rand
12, 29,  98,  40,  37,  30,  25,  30, ! 12,|,10000,5,3,Health-Commits0005.csv
# likely, likely, likely, likely, likely, likely, likely, likely
# 20, 20, 30, 30, 40, 40, 50, 50
# near, rand, near, rand, near, rand, near, rand
24, 36,  42,  31,  38, ! 24,  29,  33,  34,|,10000,5,3,Health-Commits0009.csv
# likely, likely, likely, likely, likely, likely, likely, likely
# 20, 20, 30, 30, 40, 40, 50, 50
# near, rand, near, rand, near, rand, near, rand
42, 74,  62,  66,  81, ! 42,  62,  71,  54,|,10000,5,3,Health-Commits0008.csv
# likely, likely, likely, likely, likely, likely, likely, likely
# 20, 20, 30, 30, 40, 40, 50, 50
# near, rand, near, rand, near, rand, near, rand
3,! 3, ! 3, ! 3, ! 3, ! 3, ! 3, ! 3, ! 3,|,10000,5,3,Health-Commits0001.csv
# likely, likely, likely, likely, likely, likely, likely, likely
# 20, 20, 30, 30, 40, 40, 50, 50
# near, rand, near, rand, near, rand, near, rand
29,! 29, ! 30, ! 30, ! 30,  34, ! 28, ! 28,  31,|,10000,5,3,Health-Commits0000.csv
# likely, likely, likely, likely, likely, likely, likely, likely
# 20, 20, 30, 30, 40, 40, 50, 50
# near, rand, near, rand, near, rand, near, rand
0,! 0, ! 0, ! 0, ! 0, ! 0, ! 0, ! 0, ! 0,|,10000,5,3,Health-ClosedPRs0011.csv
# likely, likely, likely, likely, likely, likely, likely, likely
# 20, 20, 30, 30, 40, 40, 50, 50
# near, rand, near, rand, near, rand, near, rand
63, 81,  89,  79,  84, ! 64,  84,  76, ! 62,|,10000,5,3,Health-ClosedPRs0010.csv
# likely, likely, likely, likely, likely, likely, likely, likely
# 20, 20, 30, 30, 40, 40, 50, 50
# near, rand, near, rand, near, rand, near, rand
79,! 81,  86,  85,  88, ! 77,  85, ! 78, ! 79,|,10000,5,3,Health-ClosedPRs0009.csv
# likely, likely, likely, likely, likely, likely, likely, likely
# 20, 20, 30, 30, 40, 40, 50, 50
# near, rand, near, rand, near, rand, near, rand
47,! 51,  95, ! 43, ! 58, ! 55, ! 51, ! 42, ! 31,|,10000,5,3,Health-ClosedPRs0008.csv
# likely, likely, likely, likely, likely, likely, likely, likely
# 20, 20, 30, 30, 40, 40, 50, 50
# near, rand, near, rand, near, rand, near, rand
10,! 21, ! 11, ! 5, ! 16, ! 10, ! 0, ! 10, ! 5,|,10000,5,3,Health-ClosedPRs0007.csv
# likely, likely, likely, likely, likely, likely, likely, likely
# 20, 20, 30, 30, 40, 40, 50, 50
# near, rand, near, rand, near, rand, near, rand
54, 86,  86, ! 55,  95, ! 45,  100, ! 49, ! 65,|,10000,5,3,Health-ClosedPRs0006.csv
# likely, likely, likely, likely, likely, likely, likely, likely
# 20, 20, 30, 30, 40, 40, 50, 50
# near, rand, near, rand, near, rand, near, rand
0,! 0, ! 0, ! 0, ! 0, ! 0, ! 0, ! 0, ! 0,|,10000,5,3,Health-ClosedPRs0005.csv
# likely, likely, likely, likely, likely, likely, likely, likely
# 20, 20, 30, 30, 40, 40, 50, 50
# near, rand, near, rand, near, rand, near, rand
15,! 20,  70, ! 24,  41, ! 8, ! 12, ! 24, ! 4,|,10000,5,3,Health-ClosedPRs0004.csv
# likely, likely, likely, likely, likely, likely, likely, likely
# 20, 20, 30, 30, 40, 40, 50, 50
# near, rand, near, rand, near, rand, near, rand
24, 72,  67, ! 24,  49,  40,  57,  41,  45,|,2938,20,2,Life_Expectancy_Data.csv
# likely, likely, likely, likely, likely, likely, likely, likely
# 20, 20, 30, 30, 40, 40, 50, 50
# near, rand, near, rand, near, rand, near, rand
1, 5,  3, ! 1,  3, ! 0, ! 2, ! 1, ! 1,|,1152,16,1,X264_AllMeasurements.csv
# likely, likely, likely, likely, likely, likely, likely, likely
# 20, 20, 30, 30, 40, 40, 50, 50
# near, rand, near, rand, near, rand, near, rand
0,! 1,  4,  3,  4, ! 0, ! 0, ! 0, ! 1,|,196,3,1,wc+wc-3d-c4-obj1.csv
# likely, likely, likely, likely, likely, likely, likely, likely
# 20, 20, 30, 30, 40, 40, 50, 50
# near, rand, near, rand, near, rand, near, rand
0,! 0, ! 0, ! 0, ! 0, ! 0, ! 0, ! 0, ! 0,|,10000,5,3,Health-ClosedPRs0002.csv
# likely, likely, likely, likely, likely, likely, likely, likely
# 20, 20, 30, 30, 40, 40, 50, 50
# near, rand, near, rand, near, rand, near, rand
1,! 1, ! 1, ! 1, ! 1, ! 1, ! 1, ! 1, ! 1,|,10000,5,3,Health-ClosedPRs0003.csv
# likely, likely, likely, likely, likely, likely, likely, likely
# 20, 20, 30, 30, 40, 40, 50, 50
# near, rand, near, rand, near, rand, near, rand
0, 6,  4, ! 2,  3, ! 0, ! 0, ! 0, ! 0,|,196,3,1,wc+sol-3d-c4-obj1.csv
# likely, likely, likely, likely, likely, likely, likely, likely
# 20, 20, 30, 30, 40, 40, 50, 50
# near, rand, near, rand, near, rand, near, rand
0, 2,  4,  2,  2, ! 0, ! 0, ! 1, ! 0,|,196,3,1,wc+rs-3d-c4-obj1.csv
# likely, likely, likely, likely, likely, likely, likely, likely
# 20, 20, 30, 30, 40, 40, 50, 50
# near, rand, near, rand, near, rand, near, rand
0,! 0, ! 0, ! 0, ! 0, ! 0, ! 0, ! 0, ! 0,|,10000,5,2,Health-ClosedPRs0000.csv
# likely, likely, likely, likely, likely, likely, likely, likely
# 20, 20, 30, 30, 40, 40, 50, 50
# near, rand, near, rand, near, rand, near, rand
36, 53,  65,  60,  64, ! 36,  45,  41,  48,|,2205,31,8,Marketing_Analytics.csv
# likely, likely, likely, likely, likely, likely, likely, likely
# 20, 20, 30, 30, 40, 40, 50, 50
# near, rand, near, rand, near, rand, near, rand
2, 20,  20,  24, ! 2,  40,  41, ! 2,  36,|,7043,19,2,WA_Fn-UseC_-Telco-Customer-Churn.csv
# likely, likely, likely, likely, likely, likely, likely, likely
# 20, 20, 30, 30, 40, 40, 50, 50
# near, rand, near, rand, near, rand, near, rand
0,! 0, ! 0, ! 0, ! 0, ! 0, ! 0, ! 0, ! 0,|,10000,5,3,Health-ClosedIssues0011.csv
# likely, likely, likely, likely, likely, likely, likely, likely
# 20, 20, 30, 30, 40, 40, 50, 50
# near, rand, near, rand, near, rand, near, rand
81, 84,  83,  83,  84,  88,  85, ! 81,  87,|,10000,5,3,Health-ClosedIssues0010.csv
# likely, likely, likely, likely, likely, likely, likely, likely
# 20, 20, 30, 30, 40, 40, 50, 50
# near, rand, near, rand, near, rand, near, rand
39,! 39,  41, ! 40,  41, ! 39, ! 40, ! 39,  41,|,10000,5,3,Health-ClosedIssues0005.csv
# likely, likely, likely, likely, likely, likely, likely, likely
# 20, 20, 30, 30, 40, 40, 50, 50
# near, rand, near, rand, near, rand, near, rand
23, 25,  48, ! 23,  29,  31,  31,  27,  43,|,10000,5,3,Health-ClosedIssues0008.csv
# likely, likely, likely, likely, likely, likely, likely, likely
# 20, 20, 30, 30, 40, 40, 50, 50
# near, rand, near, rand, near, rand, near, rand
70, 80,  77,  79, ! 70, ! 72, ! 71,  77, ! 69,|,10000,5,3,Health-ClosedIssues0004.csv
# likely, likely, likely, likely, likely, likely, likely, likely
# 20, 20, 30, 30, 40, 40, 50, 50
# near, rand, near, rand, near, rand, near, rand
88,! 94, ! 95, ! 85, ! 94, ! 94, ! 72, ! 90, ! 76,|,10000,5,3,Health-ClosedIssues0007.csv
# likely, likely, likely, likely, likely, likely, likely, likely
# 20, 20, 30, 30, 40, 40, 50, 50
# near, rand, near, rand, near, rand, near, rand
23, 32,  35,  30,  45,  30,  43, ! 21, ! 26,|,10000,5,3,Health-ClosedIssues0006.csv
# likely, likely, likely, likely, likely, likely, likely, likely
# 20, 20, 30, 30, 40, 40, 50, 50
# near, rand, near, rand, near, rand, near, rand
42,! 43,  62,  54,  55, ! 37, ! 45, ! 41,  52,|,10000,5,3,Health-ClosedIssues0003.csv
# likely, likely, likely, likely, likely, likely, likely, likely
# 20, 20, 30, 30, 40, 40, 50, 50
# near, rand, near, rand, near, rand, near, rand
21,! 21, ! 27, ! 21, ! 21, ! 21, ! 21, ! 19, ! 21,|,10000,5,3,Health-ClosedIssues0002.csv
# likely, likely, likely, likely, likely, likely, likely, likely
# 20, 20, 30, 30, 40, 40, 50, 50
# near, rand, near, rand, near, rand, near, rand
57, 63,  63,  64,  61,  63, ! 56,  63, ! 58,|,10000,5,3,Health-ClosedIssues0001.csv
# likely, likely, likely, likely, likely, likely, likely, likely
# 20, 20, 30, 30, 40, 40, 50, 50
# near, rand, near, rand, near, rand, near, rand
69,! 71,  85, ! 70, ! 68, ! 66,  85, ! 64, ! 72,|,10000,5,3,Health-ClosedIssues0009.csv
# likely, likely, likely, likely, likely, likely, likely, likely
# 20, 20, 30, 30, 40, 40, 50, 50
# near, rand, near, rand, near, rand, near, rand
1, 7,  9, ! 0, ! 3, ! 3, ! 0, ! 0, ! 0,|,2880,6,1,wc-6d-c1-obj1.csv
# likely, likely, likely, likely, likely, likely, likely, likely
# 20, 20, 30, 30, 40, 40, 50, 50
# near, rand, near, rand, near, rand, near, rand
23,! 23, ! 25,  29, ! 22, ! 22,  28, ! 20,  30,|,10000,5,3,Health-ClosedIssues0000.csv
# likely, likely, likely, likely, likely, likely, likely, likely
# 20, 20, 30, 30, 40, 40, 50, 50
# near, rand, near, rand, near, rand, near, rand
10, 47,  38,  32, ! 10,  45,  21,  17,  30,|,196,3,2,SS-G.csv
# likely, likely, likely, likely, likely, likely, likely, likely
# 20, 20, 30, 30, 40, 40, 50, 50
# near, rand, near, rand, near, rand, near, rand
1,! 1,  30, ! 0,  18, ! 3,  5, ! 0,  9,|,259,4,2,SS-H.csv
# likely, likely, likely, likely, likely, likely, likely, likely
# 20, 20, 30, 30, 40, 40, 50, 50
# near, rand, near, rand, near, rand, near, rand
2, 20,  22,  7,  7, ! 2,  8, ! 2,  10,|,1023,11,2,SS-P.csv
# likely, likely, likely, likely, likely, likely, likely, likely
# 20, 20, 30, 30, 40, 40, 50, 50
# near, rand, near, rand, near, rand, near, rand
1, 41,  36,  34,  24,  32,  23, ! 1,  15,|,196,3,2,SS-F.csv
# likely, likely, likely, likely, likely, likely, likely, likely
# 20, 20, 30, 30, 40, 40, 50, 50
# near, rand, near, rand, near, rand, near, rand
5, 25,  36,  32,  32,  15,  33, ! 5,  19,|,972,11,2,SS-O.csv
# likely, likely, likely, likely, likely, likely, likely, likely
# 20, 20, 30, 30, 40, 40, 50, 50
# near, rand, near, rand, near, rand, near, rand
8, 62,  48,  30,  55,  23,  40,  21, ! 8,|,1080,5,2,SS-I.csv
# likely, likely, likely, likely, likely, likely, likely, likely
# 20, 20, 30, 30, 40, 40, 50, 50
# near, rand, near, rand, near, rand, near, rand
28, 58,  49,  40,  43,  56, ! 29, ! 26,  36,|,196,3,2,SS-D.csv
# likely, likely, likely, likely, likely, likely, likely, likely
# 20, 20, 30, 30, 40, 40, 50, 50
# near, rand, near, rand, near, rand, near, rand
24, 43, ! 29,  41, ! 24, ! 23,  34, ! 21, ! 26,|,756,3,2,SS-E.csv
# likely, likely, likely, likely, likely, likely, likely, likely
# 20, 20, 30, 30, 40, 40, 50, 50
# near, rand, near, rand, near, rand, near, rand
1, 5,  4,  3, ! 2, ! 0, ! 2, ! 0, ! 0,|,864,17,3,SS-M.csv
# likely, likely, likely, likely, likely, likely, likely, likely
# 20, 20, 30, 30, 40, 40, 50, 50
# near, rand, near, rand, near, rand, near, rand
0,! 0,  33,  25,  20, ! 0,  17,  10,  15,|,206,3,2,SS-B.csv
# likely, likely, likely, likely, likely, likely, likely, likely
# 20, 20, 30, 30, 40, 40, 50, 50
# near, rand, near, rand, near, rand, near, rand
5, 7,  9,  7,  15, ! 4, ! 5, ! 6, ! 6,|,3840,6,2,SS-S.csv
# likely, likely, likely, likely, likely, likely, likely, likely
# 20, 20, 30, 30, 40, 40, 50, 50
# near, rand, near, rand, near, rand, near, rand
17, 30,  24,  21,  22,  24, ! 17,  21,  23,|,3008,14,2,SS-R.csv
# likely, likely, likely, likely, likely, likely, likely, likely
# 20, 20, 30, 30, 40, 40, 50, 50
# near, rand, near, rand, near, rand, near, rand
18, 24,  23,  27,  25,  23,  23,  21, ! 18,|,1512,3,2,SS-C.csv
# likely, likely, likely, likely, likely, likely, likely, likely
# 20, 20, 30, 30, 40, 40, 50, 50
# near, rand, near, rand, near, rand, near, rand
4,! 4, ! 8, ! 3, ! 4, ! 3, ! 4, ! 3, ! 4,|,2736,13,3,SS-Q.csv
# likely, likely, likely, likely, likely, likely, likely, likely
# 20, 20, 30, 30, 40, 40, 50, 50
# near, rand, near, rand, near, rand, near, rand
13, 30,  60,  53,  36,  44, ! 13,  33,  38,|,2880,6,2,SS-K.csv
# likely, likely, likely, likely, likely, likely, likely, likely
# 20, 20, 30, 30, 40, 40, 50, 50
# near, rand, near, rand, near, rand, near, rand
2, 23,  13, ! 2,  17,  11,  14,  7,  17,|,1343,3,2,SS-A.csv
# likely, likely, likely, likely, likely, likely, likely, likely
# 20, 20, 30, 30, 40, 40, 50, 50
# near, rand, near, rand, near, rand, near, rand
6,! 6,  8, ! 4,  11, ! 5, ! 7,  10, ! 5,|,192,9,1,Apache_AllMeasurements.csv
# likely, likely, likely, likely, likely, likely, likely, likely
# 20, 20, 30, 30, 40, 40, 50, 50
# near, rand, near, rand, near, rand, near, rand
2, 26,  9, ! 4,  6, ! 1,  8, ! 1,  16,|,1023,11,2,SS-L.csv
# likely, likely, likely, likely, likely, likely, likely, likely
# 20, 20, 30, 30, 40, 40, 50, 50
# near, rand, near, rand, near, rand, near, rand
7,! 8, ! 9, ! 5, ! 8, ! 8, ! 7, ! 4, ! 6,|,4608,21,2,SS-U.csv
# likely, likely, likely, likely, likely, likely, likely, likely
# 20, 20, 30, 30, 40, 40, 50, 50
# near, rand, near, rand, near, rand, near, rand
3, 13,  14,  11,  6,  7, ! 4, ! 3, ! 3,|,5184,12,2,SS-T.csv
# likely, likely, likely, likely, likely, likely, likely, likely
# 20, 20, 30, 30, 40, 40, 50, 50
# near, rand, near, rand, near, rand, near, rand
40, 46,  58,  49, ! 39,  47, ! 41, ! 39, ! 42,|,20000,9,3,pom3b.csv
# likely, likely, likely, likely, likely, likely, likely, likely
# 20, 20, 30, 30, 40, 40, 50, 50
# near, rand, near, rand, near, rand, near, rand
6, 15,  18,  15,  14, ! 8,  18, ! 4,  12,|,3840,6,2,SS-J.csv
# likely, likely, likely, likely, likely, likely, likely, likely
# 20, 20, 30, 30, 40, 40, 50, 50
# near, rand, near, rand, near, rand, near, rand
50, 63,  70,  56,  61,  63,  65,  57, ! 50,|,20000,9,3,pom3c.csv
# likely, likely, likely, likely, likely, likely, likely, likely
# 20, 20, 30, 30, 40, 40, 50, 50
# near, rand, near, rand, near, rand, near, rand
50, 90,  69,  96,  74,  86, ! 50,  73,  84,|,1460,77,4,home_data_for_ml_course.csv
# likely, likely, likely, likely, likely, likely, likely, likely
# 20, 20, 30, 30, 40, 40, 50, 50
# near, rand, near, rand, near, rand, near, rand
40, 52,  66, ! 42,  60, ! 45, ! 35, ! 37, ! 42,|,20000,9,3,pom3a.csv
# likely, likely, likely, likely, likely, likely, likely, likely
# 20, 20, 30, 30, 40, 40, 50, 50
# near, rand, near, rand, near, rand, near, rand
18, 37,  25,  29,  32,  27,  24, ! 18,  30,|,6840,16,2,SS-V.csv
# likely, likely, likely, likely, likely, likely, likely, likely
# 20, 20, 30, 30, 40, 40, 50, 50
# near, rand, near, rand, near, rand, near, rand
6, 7,  8, ! 6, ! 6, ! 6, ! 6, ! 6, ! 6,|,2866,6,1,sol-6d-c2-obj1.csv
# likely, likely, likely, likely, likely, likely, likely, likely
# 20, 20, 30, 30, 40, 40, 50, 50
# near, rand, near, rand, near, rand, near, rand
0,! 0,  0, ! 0, ! 0, ! 0, ! 0, ! 0, ! 0,|,3840,6,1,rs-6d-c3_obj2.csv
# likely, likely, likely, likely, likely, likely, likely, likely
# 20, 20, 30, 30, 40, 40, 50, 50
# near, rand, near, rand, near, rand, near, rand
1,! 2, ! 2, ! 1,  5, ! 0, ! 1, ! 0, ! 2,|,3840,6,1,rs-6d-c3_obj1.csv
# likely, likely, likely, likely, likely, likely, likely, likely
# 20, 20, 30, 30, 40, 40, 50, 50
# near, rand, near, rand, near, rand, near, rand
21, 35,  50, ! 16,  35, ! 20,  45, ! 24, ! 24,|,10000,25,4,xomo_osp.csv
# likely, likely, likely, likely, likely, likely, likely, likely
# 20, 20, 30, 30, 40, 40, 50, 50
# near, rand, near, rand, near, rand, near, rand
19, 31,  34,  25,  30, ! 20,  31, ! 18,  33,|,10000,25,4,xomo_flight.csv
# likely, likely, likely, likely, likely, likely, likely, likely
# 20, 20, 30, 30, 40, 40, 50, 50
# near, rand, near, rand, near, rand, near, rand
33, 55,  46, ! 33,  42,  40,  47,  40,  40,|,10000,25,4,xomo_osp2.csv
# likely, likely, likely, likely, likely, likely, likely, likely
# 20, 20, 30, 30, 40, 40, 50, 50
# near, rand, near, rand, near, rand, near, rand
29,! 31,  51, ! 32,  39, ! 28,  37, ! 26,  36,|,10000,25,4,xomo_ground.csv
# likely, likely, likely, likely, likely, likely, likely, likely
# 20, 20, 30, 30, 40, 40, 50, 50
# near, rand, near, rand, near, rand, near, rand
1, 8,  10,  6,  6,  4,  7, ! 0, ! 2,|,3456,14,1,HSMGP_num.csv
# likely, likely, likely, likely, likely, likely, likely, likely
# 20, 20, 30, 30, 40, 40, 50, 50
# near, rand, near, rand, near, rand, near, rand
3,! 0, ! 11, ! 11, ! 0, ! 0, ! 0, ! 5, ! 0,|,649,33,1,student_dropout.csv
# likely, likely, likely, likely, likely, likely, likely, likely
# 20, 20, 30, 30, 40, 40, 50, 50
# near, rand, near, rand, near, rand, near, rand
14, 21,  52,  25,  23, ! 14,  29,  39,  23,|,81,26,1,player_statistics_cleaned_final.csv
# likely, likely, likely, likely, likely, likely, likely, likely
# 20, 20, 30, 30, 40, 40, 50, 50
# near, rand, near, rand, near, rand, near, rand
42, 53,  54, ! 39, ! 47, ! 45,  59, ! 40, ! 36,|,10127,19,4,BankChurners.csv
# likely, likely, likely, likely, likely, likely, likely, likely
# 20, 20, 30, 30, 40, 40, 50, 50
# near, rand, near, rand, near, rand, near, rand
40,! 42,  51,  52,  52,  48,  51, ! 38,  50,|,4653,38,1,SQL_AllMeasurements.csv
# likely, likely, likely, likely, likely, likely, likely, likely
# 20, 20, 30, 30, 40, 40, 50, 50
# near, rand, near, rand, near, rand, near, rand
30,! 31,  46, ! 30,  50, ! 28,  36,  38,  36,|,1470,32,3,WA_Fn-UseC_-HR-Employee-Attrition.csv
# likely, likely, likely, likely, likely, likely, likely, likely
# 20, 20, 30, 30, 40, 40, 50, 50
# near, rand, near, rand, near, rand, near, rand
11, 35,  45,  30,  20,  23,  30, ! 11,  25,|,1000,124,3,Scrum1k.csv
# likely, likely, likely, likely, likely, likely, likely, likely
# 20, 20, 30, 30, 40, 40, 50, 50
# near, rand, near, rand, near, rand, near, rand
22, 42,  50,  35,  33,  32,  38, ! 22,  34,|,10000,88,3,billing10k.csv
# likely, likely, likely, likely, likely, likely, likely, likely
# 20, 20, 30, 30, 40, 40, 50, 50
# near, rand, near, rand, near, rand, near, rand
28, 83,  60,  98,  93, ! 28,  85,  81,  100,|,20000,31,5,Loan.csv
# likely, likely, likely, likely, likely, likely, likely, likely
# 20, 20, 30, 30, 40, 40, 50, 50
# near, rand, near, rand, near, rand, near, rand
32, 104,  106,  80, ! 32,  86,  89,  82,  64,|,21759,35,3,Data_COVID19_Indonesia.csv
# likely, likely, likely, likely, likely, likely, likely, likely
# 20, 20, 30, 30, 40, 40, 50, 50
# near, rand, near, rand, near, rand, near, rand
22, 31,  51,  37,  35,  42,  40,  36, ! 22,|,10000,124,3,Scrum10k.csv
# likely, likely, likely, likely, likely, likely, likely, likely
# 20, 20, 30, 30, 40, 40, 50, 50
# near, rand, near, rand, near, rand, near, rand
1,! 0, ! 0, ! 0,  54, ! 10, ! 0, ! 0, ! 0,|,25000,64,1,Medical_Data_and_Hospital_Readmissions.csv
# likely, likely, likely, likely, likely, likely, likely, likely
# 20, 20, 30, 30, 40, 40, 50, 50
# near, rand, near, rand, near, rand, near, rand
24,! 24,  39,  36,  34,  31,  31, ! 24,  31,|,10000,128,3,FFM-125-25-0.50-SAT-1.csv
# likely, likely, likely, likely, likely, likely, likely, likely
# 20, 20, 30, 30, 40, 40, 50, 50
# near, rand, near, rand, near, rand, near, rand
61, 66,  70, ! 58,  66, ! 63, ! 57, ! 63, ! 61,|,65536,16,2,SS-W.csv
# likely, likely, likely, likely, likely, likely, likely, likely
# 20, 20, 30, 30, 40, 40, 50, 50
# near, rand, near, rand, near, rand, near, rand
30, 73,  45,  67,  74,  76, ! 30,  71,  65,|,17737,55,2,all_players.csv
# likely, likely, likely, likely, likely, likely, likely, likely
# 20, 20, 30, 30, 40, 40, 50, 50
# near, rand, near, rand, near, rand, near, rand
44, 62,  59, ! 40,  62, ! 42, ! 48, ! 44, ! 46,|,86058,11,2,SS-X.csv
# likely, likely, likely, likely, likely, likely, likely, likely
# 20, 20, 30, 30, 40, 40, 50, 50
# near, rand, near, rand, near, rand, near, rand
16, 46,  33, ! 15, ! 21,  32, ! 14, ! 15,  30,|,10000,256,3,FFM-250-50-0.50-SAT-1.csv
# likely, likely, likely, likely, likely, likely, likely, likely
# 20, 20, 30, 30, 40, 40, 50, 50
# near, rand, near, rand, near, rand, near, rand
62, 69, ! 62, ! 62,  71, ! 58, ! 64, ! 63, ! 63,|,53662,17,2,SS-N.csv
# likely, likely, likely, likely, likely, likely, likely, likely
# 20, 20, 30, 30, 40, 40, 50, 50
# near, rand, near, rand, near, rand, near, rand
29,! 31,  34, ! 31,  40, ! 28, ! 29, ! 28,  36,|,10000,511,3,FM-500-100-1.00-SAT-1.csv
# likely, likely, likely, likely, likely, likely, likely, likely
# 20, 20, 30, 30, 40, 40, 50, 50
# near, rand, near, rand, near, rand, near, rand
21, 47,  38,  38,  42,  31, ! 21,  44,  41,|,10000,511,3,FM-500-100-0.75-SAT-1.csv
# likely, likely, likely, likely, likely, likely, likely, likely
# 20, 20, 30, 30, 40, 40, 50, 50
# near, rand, near, rand, near, rand, near, rand
33,! 36,  47, ! 32,  40, ! 34, ! 31, ! 35,  41,|,10000,510,3,FFM-500-100-0.50-SAT-1.csv
# likely, likely, likely, likely, likely, likely, likely, likely
# 20, 20, 30, 30, 40, 40, 50, 50
# near, rand, near, rand, near, rand, near, rand
35,! 36,  45, ! 33, ! 32, ! 37,  48, ! 39, ! 36,|,10000,513,3,FM-500-100-0.50-SAT-1.csv
# likely, likely, likely, likely, likely, likely, likely, likely
# 20, 20, 30, 30, 40, 40, 50, 50
# near, rand, near, rand, near, rand, near, rand
28, 38,  50,  39,  38,  37,  42, ! 28,  35,|,10000,517,3,FM-500-100-0.25-SAT-1.csv
# likely, likely, likely, likely, likely, likely, likely, likely
# 20, 20, 30, 30, 40, 40, 50, 50
# near, rand, near, rand, near, rand, near, rand
32, 56,  58,  43, ! 32,  48,  45,  42,  52,|,100000,124,3,Scrum100k.csv
# likely, likely, likely, likely, likely, likely, likely, likely
# 20, 20, 30, 30, 40, 40, 50, 50
# near, rand, near, rand, near, rand, near, rand
15, 36,  50,  35,  40,  30,  24,  33, ! 15,|,10000,1044,3,FFM-1000-200-0.50-SAT-1.csv
