# likely, likely, likely, likely, likely, likely, likely, likely
# 20, 20, 30, 30, 40, 40, 50, 50
# near, kpp, near, kpp, near, kpp, near, kpp
24, 44,  65,  35,  65, ! 27, ! 20,  51,  52,|,93,22,3,nasa93dem.csv
# likely, likely, likely, likely, likely, likely, likely, likely
# 20, 20, 30, 30, 40, 40, 50, 50
# near, kpp, near, kpp, near, kpp, near, kpp
20, 30,  36, ! 22, ! 23, ! 16,  37,  31, ! 20,|,398,4,3,auto93.csv
# likely, likely, likely, likely, likely, likely, likely, likely
# 20, 20, 30, 30, 40, 40, 50, 50
# near, kpp, near, kpp, near, kpp, near, kpp
72, 73,  73,  73,  73,  73,  73,  74, ! 72,|,10000,5,3,Health-Commits0004.csv
# likely, likely, likely, likely, likely, likely, likely, likely
# 20, 20, 30, 30, 40, 40, 50, 50
# near, kpp, near, kpp, near, kpp, near, kpp
22, 36,  40,  33,  34,  30,  41, ! 22,  32,|,10000,5,3,Health-Commits0009.csv
# likely, likely, likely, likely, likely, likely, likely, likely
# 20, 20, 30, 30, 40, 40, 50, 50
# near, kpp, near, kpp, near, kpp, near, kpp
50, 74,  66,  68,  65,  78,  73, ! 50,  61,|,10000,5,3,Health-Commits0008.csv
# likely, likely, likely, likely, likely, likely, likely, likely
# 20, 20, 30, 30, 40, 40, 50, 50
# near, kpp, near, kpp, near, kpp, near, kpp
32,! 33,  43, ! 29,  42,  41, ! 32, ! 32, ! 31,|,10000,5,3,Health-Commits0010.csv
# likely, likely, likely, likely, likely, likely, likely, likely
# 20, 20, 30, 30, 40, 40, 50, 50
# near, kpp, near, kpp, near, kpp, near, kpp
47, 55, ! 44, ! 49, ! 47,  53, ! 48,  50, ! 45,|,10000,5,3,Health-Commits0006.csv
# likely, likely, likely, likely, likely, likely, likely, likely
# 20, 20, 30, 30, 40, 40, 50, 50
# near, kpp, near, kpp, near, kpp, near, kpp
45, 65,  67,  56,  52,  61,  58,  51, ! 45,|,10000,5,3,Health-Commits0003.csv
# likely, likely, likely, likely, likely, likely, likely, likely
# 20, 20, 30, 30, 40, 40, 50, 50
# near, kpp, near, kpp, near, kpp, near, kpp
0,! 0, ! 0, ! 0, ! 0, ! 0, ! 0, ! 0, ! 0,|,10000,5,3,Health-Commits0011.csv
# likely, likely, likely, likely, likely, likely, likely, likely
# 20, 20, 30, 30, 40, 40, 50, 50
# near, kpp, near, kpp, near, kpp, near, kpp
35,! 34,  89, ! 36,  56, ! 47,  60, ! 31, ! 29,|,10000,5,3,Health-Commits0007.csv
# likely, likely, likely, likely, likely, likely, likely, likely
# 20, 20, 30, 30, 40, 40, 50, 50
# near, kpp, near, kpp, near, kpp, near, kpp
22,! 29,  79,  47,  61,  35,  36, ! 23, ! 15,|,10000,5,3,Health-Commits0005.csv
# likely, likely, likely, likely, likely, likely, likely, likely
# 20, 20, 30, 30, 40, 40, 50, 50
# near, kpp, near, kpp, near, kpp, near, kpp
96, 98,  98,  99, ! 96,  97,  97,  98, ! 96,|,1121,14,2,accessories.csv
# likely, likely, likely, likely, likely, likely, likely, likely
# 20, 20, 30, 30, 40, 40, 50, 50
# near, kpp, near, kpp, near, kpp, near, kpp
65,! 65, ! 65, ! 65, ! 65, ! 65, ! 65, ! 67, ! 65,|,10000,5,3,Health-Commits0002.csv
# likely, likely, likely, likely, likely, likely, likely, likely
# 20, 20, 30, 30, 40, 40, 50, 50
# near, kpp, near, kpp, near, kpp, near, kpp
99, 99, ! 99,  99,  99,  99,  99,  99,  99,|,913,20,2,dress-up.csv
# likely, likely, likely, likely, likely, likely, likely, likely
# 20, 20, 30, 30, 40, 40, 50, 50
# near, kpp, near, kpp, near, kpp, near, kpp
77,! 78,  79, ! 78, ! 76,  80, ! 77,  79,  79,|,317,7,4,A2C_CartPole.csv
# likely, likely, likely, likely, likely, likely, likely, likely
# 20, 20, 30, 30, 40, 40, 50, 50
# near, kpp, near, kpp, near, kpp, near, kpp
26, 35,  42, ! 29, ! 26,  38, ! 22,  33,  36,|,500,9,3,pom3d.csv
# likely, likely, likely, likely, likely, likely, likely, likely
# 20, 20, 30, 30, 40, 40, 50, 50
# near, kpp, near, kpp, near, kpp, near, kpp
41,! 39,  55,  49, ! 42,  48,  51,  50,  58,|,223,10,3,A2C_Acrobot.csv
# likely, likely, likely, likely, likely, likely, likely, likely
# 20, 20, 30, 30, 40, 40, 50, 50
# near, kpp, near, kpp, near, kpp, near, kpp
33,! 33,  81,  73,  65,  87,  74,  65,  71,|,247,22,2,wallpaper.csv
# likely, likely, likely, likely, likely, likely, likely, likely
# 20, 20, 30, 30, 40, 40, 50, 50
# near, kpp, near, kpp, near, kpp, near, kpp
3,! 3, ! 3, ! 3, ! 3, ! 3, ! 3, ! 3, ! 3,|,10000,5,3,Health-Commits0001.csv
# likely, likely, likely, likely, likely, likely, likely, likely
# 20, 20, 30, 30, 40, 40, 50, 50
# near, kpp, near, kpp, near, kpp, near, kpp
17,! 26, ! 13, ! 6, ! 19, ! 36, ! 19, ! 6, ! 9,|,5160,9,1,dataset600.csv
# likely, likely, likely, likely, likely, likely, likely, likely
# 20, 20, 30, 30, 40, 40, 50, 50
# near, kpp, near, kpp, near, kpp, near, kpp
10, 25, ! 15, ! 6,  25, ! 6, ! 12,  25,  28,|,5160,9,1,dataset120.csv
# likely, likely, likely, likely, likely, likely, likely, likely
# 20, 20, 30, 30, 40, 40, 50, 50
# near, kpp, near, kpp, near, kpp, near, kpp
25, 29,  30,  33, ! 25,  31,  34,  31,  32,|,10000,5,3,Health-Commits0000.csv
# likely, likely, likely, likely, likely, likely, likely, likely
# 20, 20, 30, 30, 40, 40, 50, 50
# near, kpp, near, kpp, near, kpp, near, kpp
45, 58,  54,  53,  57, ! 49,  83, ! 41,  57,|,1599,10,2,Wine_quality.csv
# likely, likely, likely, likely, likely, likely, likely, likely
# 20, 20, 30, 30, 40, 40, 50, 50
# near, kpp, near, kpp, near, kpp, near, kpp
32, 46,  60,  41, ! 32,  43,  55,  43,  45,|,20000,9,3,pom3b.csv
# likely, likely, likely, likely, likely, likely, likely, likely
# 20, 20, 30, 30, 40, 40, 50, 50
# near, kpp, near, kpp, near, kpp, near, kpp
57, 63,  70, ! 57, ! 54,  65,  61, ! 59,  66,|,20000,9,3,pom3c.csv
# likely, likely, likely, likely, likely, likely, likely, likely
# 20, 20, 30, 30, 40, 40, 50, 50
# near, kpp, near, kpp, near, kpp, near, kpp
8,! 21, ! 0, ! 5, ! 16, ! 5, ! 10, ! 5, ! 0,|,10000,5,3,Health-ClosedPRs0007.csv
# likely, likely, likely, likely, likely, likely, likely, likely
# 20, 20, 30, 30, 40, 40, 50, 50
# near, kpp, near, kpp, near, kpp, near, kpp
0,! 0, ! 0, ! 0, ! 0, ! 0, ! 0, ! 0, ! 0,|,10000,5,3,Health-ClosedPRs0011.csv
# likely, likely, likely, likely, likely, likely, likely, likely
# 20, 20, 30, 30, 40, 40, 50, 50
# near, kpp, near, kpp, near, kpp, near, kpp
0,! 0, ! 0, ! 0, ! 0, ! 0, ! 0, ! 0, ! 0,|,10000,5,2,Health-ClosedPRs0000.csv
# likely, likely, likely, likely, likely, likely, likely, likely
# 20, 20, 30, 30, 40, 40, 50, 50
# near, kpp, near, kpp, near, kpp, near, kpp
2, 20,  62,  37,  28, ! 4, ! 0,  16,  29,|,10000,5,3,Health-ClosedPRs0004.csv
# likely, likely, likely, likely, likely, likely, likely, likely
# 20, 20, 30, 30, 40, 40, 50, 50
# near, kpp, near, kpp, near, kpp, near, kpp
60, 81,  90,  80,  88,  76,  70, ! 60,  80,|,10000,5,3,Health-ClosedPRs0010.csv
# likely, likely, likely, likely, likely, likely, likely, likely
# 20, 20, 30, 30, 40, 40, 50, 50
# near, kpp, near, kpp, near, kpp, near, kpp
81,! 81, ! 81, ! 78, ! 84, ! 81, ! 84, ! 75, ! 84,|,10000,5,3,Health-ClosedPRs0009.csv
# likely, likely, likely, likely, likely, likely, likely, likely
# 20, 20, 30, 30, 40, 40, 50, 50
# near, kpp, near, kpp, near, kpp, near, kpp
44,! 51,  83,  80,  71, ! 38,  59, ! 47, ! 39,|,10000,5,3,Health-ClosedPRs0008.csv
# likely, likely, likely, likely, likely, likely, likely, likely
# 20, 20, 30, 30, 40, 40, 50, 50
# near, kpp, near, kpp, near, kpp, near, kpp
1,! 1, ! 1, ! 1, ! 1, ! 1, ! 1, ! 1, ! 1,|,10000,5,3,Health-ClosedPRs0003.csv
# likely, likely, likely, likely, likely, likely, likely, likely
# 20, 20, 30, 30, 40, 40, 50, 50
# near, kpp, near, kpp, near, kpp, near, kpp
0,! 0, ! 0, ! 0, ! 0, ! 0, ! 0, ! 0, ! 0,|,10000,5,3,Health-ClosedPRs0002.csv
# likely, likely, likely, likely, likely, likely, likely, likely
# 20, 20, 30, 30, 40, 40, 50, 50
# near, kpp, near, kpp, near, kpp, near, kpp
42, 86,  90, ! 50,  80, ! 45, ! 40, ! 50, ! 25,|,10000,5,3,Health-ClosedPRs0006.csv
# likely, likely, likely, likely, likely, likely, likely, likely
# 20, 20, 30, 30, 40, 40, 50, 50
# near, kpp, near, kpp, near, kpp, near, kpp
0,! 0, ! 0, ! 0, ! 0, ! 0, ! 0, ! 0, ! 0,|,10000,5,3,Health-ClosedPRs0005.csv
# likely, likely, likely, likely, likely, likely, likely, likely
# 20, 20, 30, 30, 40, 40, 50, 50
# near, kpp, near, kpp, near, kpp, near, kpp
20, 52,  65,  47,  50,  45,  45, ! 20,  43,|,20000,9,3,pom3a.csv
# likely, likely, likely, likely, likely, likely, likely, likely
# 20, 20, 30, 30, 40, 40, 50, 50
# near, kpp, near, kpp, near, kpp, near, kpp
0,! 0, ! 0, ! 0, ! 0, ! 0, ! 0, ! 0, ! 0,|,10000,5,3,Health-ClosedIssues0011.csv
# likely, likely, likely, likely, likely, likely, likely, likely
# 20, 20, 30, 30, 40, 40, 50, 50
# near, kpp, near, kpp, near, kpp, near, kpp
83,! 84,  86,  85,  87, ! 82,  87,  85,  86,|,10000,5,3,Health-ClosedIssues0010.csv
# likely, likely, likely, likely, likely, likely, likely, likely
# 20, 20, 30, 30, 40, 40, 50, 50
# near, kpp, near, kpp, near, kpp, near, kpp
59, 71,  78,  74,  81, ! 64,  82, ! 54,  69,|,10000,5,3,Health-ClosedIssues0009.csv
# likely, likely, likely, likely, likely, likely, likely, likely
# 20, 20, 30, 30, 40, 40, 50, 50
# near, kpp, near, kpp, near, kpp, near, kpp
23,! 25,  51, ! 20,  29,  32, ! 24, ! 24,  30,|,10000,5,3,Health-ClosedIssues0008.csv
# likely, likely, likely, likely, likely, likely, likely, likely
# 20, 20, 30, 30, 40, 40, 50, 50
# near, kpp, near, kpp, near, kpp, near, kpp
69, 94,  95,  94,  94, ! 71,  94,  94, ! 67,|,10000,5,3,Health-ClosedIssues0007.csv
# likely, likely, likely, likely, likely, likely, likely, likely
# 20, 20, 30, 30, 40, 40, 50, 50
# near, kpp, near, kpp, near, kpp, near, kpp
0, 6, ! 1, ! 0, ! 1,  4, ! 0, ! 0, ! 0,|,196,3,1,wc+sol-3d-c4-obj1.csv
# likely, likely, likely, likely, likely, likely, likely, likely
# 20, 20, 30, 30, 40, 40, 50, 50
# near, kpp, near, kpp, near, kpp, near, kpp
0, 1,  1, ! 0,  1,  0,  1, ! 0, ! 0,|,196,3,1,wc+wc-3d-c4-obj1.csv
# likely, likely, likely, likely, likely, likely, likely, likely
# 20, 20, 30, 30, 40, 40, 50, 50
# near, kpp, near, kpp, near, kpp, near, kpp
0, 2,  1, ! 0,  2,  2,  1, ! 0, ! 0,|,196,3,1,wc+rs-3d-c4-obj1.csv
# likely, likely, likely, likely, likely, likely, likely, likely
# 20, 20, 30, 30, 40, 40, 50, 50
# near, kpp, near, kpp, near, kpp, near, kpp
24, 32, ! 21,  34, ! 26,  34,  28,  29, ! 23,|,10000,5,3,Health-ClosedIssues0006.csv
# likely, likely, likely, likely, likely, likely, likely, likely
# 20, 20, 30, 30, 40, 40, 50, 50
# near, kpp, near, kpp, near, kpp, near, kpp
39,! 39, ! 40, ! 38, ! 40,  43,  42,  41, ! 39,|,10000,5,3,Health-ClosedIssues0005.csv
# likely, likely, likely, likely, likely, likely, likely, likely
# 20, 20, 30, 30, 40, 40, 50, 50
# near, kpp, near, kpp, near, kpp, near, kpp
70, 80,  79, ! 68, ! 70,  80, ! 72, ! 70, ! 72,|,10000,5,3,Health-ClosedIssues0004.csv
# likely, likely, likely, likely, likely, likely, likely, likely
# 20, 20, 30, 30, 40, 40, 50, 50
# near, kpp, near, kpp, near, kpp, near, kpp
37,! 43,  53,  50,  48, ! 35,  61, ! 34,  49,|,10000,5,3,Health-ClosedIssues0003.csv
# likely, likely, likely, likely, likely, likely, likely, likely
# 20, 20, 30, 30, 40, 40, 50, 50
# near, kpp, near, kpp, near, kpp, near, kpp
21,! 21, ! 21, ! 21, ! 21, ! 21, ! 21, ! 19, ! 21,|,10000,5,3,Health-ClosedIssues0002.csv
# likely, likely, likely, likely, likely, likely, likely, likely
# 20, 20, 30, 30, 40, 40, 50, 50
# near, kpp, near, kpp, near, kpp, near, kpp
59, 63,  64, ! 57,  63, ! 60,  63, ! 60,  64,|,10000,5,3,Health-ClosedIssues0001.csv
# likely, likely, likely, likely, likely, likely, likely, likely
# 20, 20, 30, 30, 40, 40, 50, 50
# near, kpp, near, kpp, near, kpp, near, kpp
19, 23,  25,  26,  37, ! 19,  35,  22,  31,|,10000,5,3,Health-ClosedIssues0000.csv
# likely, likely, likely, likely, likely, likely, likely, likely
# 20, 20, 30, 30, 40, 40, 50, 50
# near, kpp, near, kpp, near, kpp, near, kpp
1, 5,  7, ! 0,  5, ! 2, ! 2, ! 0, ! 1,|,1152,16,1,X264_AllMeasurements.csv
# likely, likely, likely, likely, likely, likely, likely, likely
# 20, 20, 30, 30, 40, 40, 50, 50
# near, kpp, near, kpp, near, kpp, near, kpp
0, 14,  24, ! 0,  27, ! 1,  11, ! 0,  27,|,350,20,1,socks.csv
# likely, likely, likely, likely, likely, likely, likely, likely
# 20, 20, 30, 30, 40, 40, 50, 50
# near, kpp, near, kpp, near, kpp, near, kpp
0, 7,  7,  6, ! 1, ! 0, ! 0, ! 0, ! 0,|,2880,6,1,wc-6d-c1-obj1.csv
# likely, likely, likely, likely, likely, likely, likely, likely
# 20, 20, 30, 30, 40, 40, 50, 50
# near, kpp, near, kpp, near, kpp, near, kpp
45, 54,  62, ! 46,  54,  68, ! 44,  56,  58,|,1000,20,5,coc1000.csv
# likely, likely, likely, likely, likely, likely, likely, likely
# 20, 20, 30, 30, 40, 40, 50, 50
# near, kpp, near, kpp, near, kpp, near, kpp
4, 20,  12, ! 6, ! 2, ! 4,  10, ! 2, ! 5,|,1023,11,2,SS-P.csv
# likely, likely, likely, likely, likely, likely, likely, likely
# 20, 20, 30, 30, 40, 40, 50, 50
# near, kpp, near, kpp, near, kpp, near, kpp
3, 20,  20,  13,  35,  70,  55, ! 5, ! 1,|,7043,19,2,WA_Fn-UseC_-Telco-Customer-Churn.csv
# likely, likely, likely, likely, likely, likely, likely, likely
# 20, 20, 30, 30, 40, 40, 50, 50
# near, kpp, near, kpp, near, kpp, near, kpp
29, 47,  41, ! 32, ! 26, ! 34, ! 28, ! 25, ! 27,|,196,3,2,SS-G.csv
# likely, likely, likely, likely, likely, likely, likely, likely
# 20, 20, 30, 30, 40, 40, 50, 50
# near, kpp, near, kpp, near, kpp, near, kpp
24, 37,  41, ! 27, ! 22, ! 27, ! 23, ! 21, ! 26,|,6840,16,2,SS-V.csv
# likely, likely, likely, likely, likely, likely, likely, likely
# 20, 20, 30, 30, 40, 40, 50, 50
# near, kpp, near, kpp, near, kpp, near, kpp
23, 41,  35, ! 19, ! 24,  35, ! 23, ! 27, ! 20,|,196,3,2,SS-F.csv
# likely, likely, likely, likely, likely, likely, likely, likely
# 20, 20, 30, 30, 40, 40, 50, 50
# near, kpp, near, kpp, near, kpp, near, kpp
2, 7,  9,  8,  4,  5,  7,  4, ! 2,|,3840,6,2,SS-S.csv
# likely, likely, likely, likely, likely, likely, likely, likely
# 20, 20, 30, 30, 40, 40, 50, 50
# near, kpp, near, kpp, near, kpp, near, kpp
6, 13,  14, ! 8,  22, ! 6, ! 7, ! 7, ! 3,|,5184,12,2,SS-T.csv
# likely, likely, likely, likely, likely, likely, likely, likely
# 20, 20, 30, 30, 40, 40, 50, 50
# near, kpp, near, kpp, near, kpp, near, kpp
15, 25,  43, ! 19,  26, ! 13,  35, ! 15, ! 15,|,972,11,2,SS-O.csv
# likely, likely, likely, likely, likely, likely, likely, likely
# 20, 20, 30, 30, 40, 40, 50, 50
# near, kpp, near, kpp, near, kpp, near, kpp
0, 5, ! 1, ! 0,  3, ! 1, ! 0, ! 0, ! 0,|,864,17,3,SS-M.csv
# likely, likely, likely, likely, likely, likely, likely, likely
# 20, 20, 30, 30, 40, 40, 50, 50
# near, kpp, near, kpp, near, kpp, near, kpp
12, 30,  23,  22,  22,  20,  19, ! 12,  22,|,3008,14,2,SS-R.csv
# likely, likely, likely, likely, likely, likely, likely, likely
# 20, 20, 30, 30, 40, 40, 50, 50
# near, kpp, near, kpp, near, kpp, near, kpp
3, 8,  8, ! 3,  8,  6,  5, ! 4,  5,|,4608,21,2,SS-U.csv
# likely, likely, likely, likely, likely, likely, likely, likely
# 20, 20, 30, 30, 40, 40, 50, 50
# near, kpp, near, kpp, near, kpp, near, kpp
1, 4,  2,  2,  4,  5,  2,  2, ! 1,|,2736,13,3,SS-Q.csv
# likely, likely, likely, likely, likely, likely, likely, likely
# 20, 20, 30, 30, 40, 40, 50, 50
# near, kpp, near, kpp, near, kpp, near, kpp
3,! 1,  29,  14,  26, ! 2, ! 6, ! 3,  14,|,259,4,2,SS-H.csv
# likely, likely, likely, likely, likely, likely, likely, likely
# 20, 20, 30, 30, 40, 40, 50, 50
# near, kpp, near, kpp, near, kpp, near, kpp
6, 43,  36,  37,  35,  31,  34,  25, ! 6,|,756,3,2,SS-E.csv
# likely, likely, likely, likely, likely, likely, likely, likely
# 20, 20, 30, 30, 40, 40, 50, 50
# near, kpp, near, kpp, near, kpp, near, kpp
31, 58,  47,  41,  38,  47,  43, ! 31,  47,|,196,3,2,SS-D.csv
# likely, likely, likely, likely, likely, likely, likely, likely
# 20, 20, 30, 30, 40, 40, 50, 50
# near, kpp, near, kpp, near, kpp, near, kpp
4, 62,  49,  45,  21,  25,  23, ! 4,  18,|,1080,5,2,SS-I.csv
# likely, likely, likely, likely, likely, likely, likely, likely
# 20, 20, 30, 30, 40, 40, 50, 50
# near, kpp, near, kpp, near, kpp, near, kpp
21, 30,  61, ! 25,  37, ! 17,  34,  39,  33,|,2880,6,2,SS-K.csv
# likely, likely, likely, likely, likely, likely, likely, likely
# 20, 20, 30, 30, 40, 40, 50, 50
# near, kpp, near, kpp, near, kpp, near, kpp
0,! 0,  30,  18, ! 0,  10,  20,  26,  14,|,206,3,2,SS-B.csv
# likely, likely, likely, likely, likely, likely, likely, likely
# 20, 20, 30, 30, 40, 40, 50, 50
# near, kpp, near, kpp, near, kpp, near, kpp
8, 15,  12,  13,  14, ! 9, ! 8,  11, ! 6,|,3840,6,2,SS-J.csv
# likely, likely, likely, likely, likely, likely, likely, likely
# 20, 20, 30, 30, 40, 40, 50, 50
# near, kpp, near, kpp, near, kpp, near, kpp
23, 31,  53,  30,  32,  31,  37, ! 21, ! 24,|,10000,25,4,xomo_ground.csv
# likely, likely, likely, likely, likely, likely, likely, likely
# 20, 20, 30, 30, 40, 40, 50, 50
# near, kpp, near, kpp, near, kpp, near, kpp
19, 24,  21,  23,  26, ! 19,  25,  24,  24,|,1512,3,2,SS-C.csv
# likely, likely, likely, likely, likely, likely, likely, likely
# 20, 20, 30, 30, 40, 40, 50, 50
# near, kpp, near, kpp, near, kpp, near, kpp
0, 6,  10, ! 1, ! 2,  7, ! 0, ! 0,  9,|,192,9,1,Apache_AllMeasurements.csv
# likely, likely, likely, likely, likely, likely, likely, likely
# 20, 20, 30, 30, 40, 40, 50, 50
# near, kpp, near, kpp, near, kpp, near, kpp
18, 31,  32,  31,  34, ! 18,  26,  24,  32,|,10000,25,4,xomo_flight.csv
# likely, likely, likely, likely, likely, likely, likely, likely
# 20, 20, 30, 30, 40, 40, 50, 50
# near, kpp, near, kpp, near, kpp, near, kpp
14, 35,  50,  26,  42,  22,  39, ! 14,  43,|,10000,25,4,xomo_osp.csv
# likely, likely, likely, likely, likely, likely, likely, likely
# 20, 20, 30, 30, 40, 40, 50, 50
# near, kpp, near, kpp, near, kpp, near, kpp
3, 23,  13,  11,  20,  10,  27, ! 2, ! 4,|,1343,3,2,SS-A.csv
# likely, likely, likely, likely, likely, likely, likely, likely
# 20, 20, 30, 30, 40, 40, 50, 50
# near, kpp, near, kpp, near, kpp, near, kpp
33, 55,  52,  47, ! 36,  43,  52,  43, ! 29,|,10000,25,4,xomo_osp2.csv
# likely, likely, likely, likely, likely, likely, likely, likely
# 20, 20, 30, 30, 40, 40, 50, 50
# near, kpp, near, kpp, near, kpp, near, kpp
8, 26, ! 9, ! 12, ! 8, ! 6, ! 11, ! 4, ! 7,|,1023,11,2,SS-L.csv
# likely, likely, likely, likely, likely, likely, likely, likely
# 20, 20, 30, 30, 40, 40, 50, 50
# near, kpp, near, kpp, near, kpp, near, kpp
59, 66, ! 61, ! 57,  63, ! 58,  64,  69,  66,|,65536,16,2,SS-W.csv
# likely, likely, likely, likely, likely, likely, likely, likely
# 20, 20, 30, 30, 40, 40, 50, 50
# near, kpp, near, kpp, near, kpp, near, kpp
37, 62,  55,  47,  65,  44,  49, ! 37,  53,|,86058,11,2,SS-X.csv
# likely, likely, likely, likely, likely, likely, likely, likely
# 20, 20, 30, 30, 40, 40, 50, 50
# near, kpp, near, kpp, near, kpp, near, kpp
16, 72,  67,  69,  66, ! 16,  43,  44,  36,|,2938,20,2,Life_Expectancy_Data.csv
# likely, likely, likely, likely, likely, likely, likely, likely
# 20, 20, 30, 30, 40, 40, 50, 50
# near, kpp, near, kpp, near, kpp, near, kpp
60, 77,  91,  75, ! 60,  74,  72,  82,  73,|,205,38,5,Car_price_cleaned.csv
# likely, likely, likely, likely, likely, likely, likely, likely
# 20, 20, 30, 30, 40, 40, 50, 50
# near, kpp, near, kpp, near, kpp, near, kpp
4, 7,  6,  6,  6,  6,  6,  6, ! 4,|,2866,6,1,sol-6d-c2-obj1.csv
# likely, likely, likely, likely, likely, likely, likely, likely
# 20, 20, 30, 30, 40, 40, 50, 50
# near, kpp, near, kpp, near, kpp, near, kpp
0, 2,  1,  1, ! 0, ! 0, ! 0, ! 0, ! 0,|,3840,6,1,rs-6d-c3_obj1.csv
# likely, likely, likely, likely, likely, likely, likely, likely
# 20, 20, 30, 30, 40, 40, 50, 50
# near, kpp, near, kpp, near, kpp, near, kpp
0,! 0,  0, ! 0,  0, ! 0, ! 0, ! 0, ! 0,|,3840,6,1,rs-6d-c3_obj2.csv
# likely, likely, likely, likely, likely, likely, likely, likely
# 20, 20, 30, 30, 40, 40, 50, 50
# near, kpp, near, kpp, near, kpp, near, kpp
42, 53,  60, ! 42, ! 44, ! 43, ! 43, ! 38, ! 42,|,10127,19,4,BankChurners.csv
# likely, likely, likely, likely, likely, likely, likely, likely
# 20, 20, 30, 30, 40, 40, 50, 50
# near, kpp, near, kpp, near, kpp, near, kpp
1, 8,  9,  7,  4, ! 1,  3, ! 1, ! 1,|,3456,14,1,HSMGP_num.csv
# likely, likely, likely, likely, likely, likely, likely, likely
# 20, 20, 30, 30, 40, 40, 50, 50
# near, kpp, near, kpp, near, kpp, near, kpp
38, 53,  69,  55,  51, ! 37,  52, ! 38,  69,|,2205,31,8,Marketing_Analytics.csv
# likely, likely, likely, likely, likely, likely, likely, likely
# 20, 20, 30, 30, 40, 40, 50, 50
# near, kpp, near, kpp, near, kpp, near, kpp
16,! 21,  39,  35, ! 11,  27,  25, ! 15,  25,|,81,26,1,player_statistics_cleaned_final.csv
# likely, likely, likely, likely, likely, likely, likely, likely
# 20, 20, 30, 30, 40, 40, 50, 50
# near, kpp, near, kpp, near, kpp, near, kpp
36, 42,  51,  54,  58,  43,  51, ! 36,  48,|,4653,38,1,SQL_AllMeasurements.csv
# likely, likely, likely, likely, likely, likely, likely, likely
# 20, 20, 30, 30, 40, 40, 50, 50
# near, kpp, near, kpp, near, kpp, near, kpp
20, 83,  60,  61,  88,  81,  89, ! 20,  56,|,20000,31,5,Loan.csv
# likely, likely, likely, likely, likely, likely, likely, likely
# 20, 20, 30, 30, 40, 40, 50, 50
# near, kpp, near, kpp, near, kpp, near, kpp
52, 69,  59,  65,  58,  61,  63,  59, ! 52,|,53662,17,2,SS-N.csv
# likely, likely, likely, likely, likely, likely, likely, likely
# 20, 20, 30, 30, 40, 40, 50, 50
# near, kpp, near, kpp, near, kpp, near, kpp
72, 104,  106,  91, ! 72,  81,  95,  90,  81,|,21759,35,3,Data_COVID19_Indonesia.csv
# likely, likely, likely, likely, likely, likely, likely, likely
# 20, 20, 30, 30, 40, 40, 50, 50
# near, kpp, near, kpp, near, kpp, near, kpp
1,! 0, ! 10, ! 0, ! 0, ! 0, ! 0, ! 0, ! 0,|,25000,64,1,Medical_Data_and_Hospital_Readmissions.csv
# likely, likely, likely, likely, likely, likely, likely, likely
# 20, 20, 30, 30, 40, 40, 50, 50
# near, kpp, near, kpp, near, kpp, near, kpp
2,! 0, ! 0, ! 11, ! 0, ! 5, ! 0, ! 5, ! 0,|,649,33,1,student_dropout.csv
# likely, likely, likely, likely, likely, likely, likely, likely
# 20, 20, 30, 30, 40, 40, 50, 50
# near, kpp, near, kpp, near, kpp, near, kpp
35,! 31,  54,  44,  42, ! 36,  41, ! 32, ! 39,|,1470,32,3,WA_Fn-UseC_-HR-Employee-Attrition.csv
# likely, likely, likely, likely, likely, likely, likely, likely
# 20, 20, 30, 30, 40, 40, 50, 50
# near, kpp, near, kpp, near, kpp, near, kpp
20, 42,  46,  33,  34,  30,  44, ! 20,  40,|,10000,88,3,billing10k.csv
# likely, likely, likely, likely, likely, likely, likely, likely
# 20, 20, 30, 30, 40, 40, 50, 50
# near, kpp, near, kpp, near, kpp, near, kpp
64, 90,  69, ! 64,  87,  90,  75,  96,  88,|,1460,77,4,home_data_for_ml_course.csv
# likely, likely, likely, likely, likely, likely, likely, likely
# 20, 20, 30, 30, 40, 40, 50, 50
# near, kpp, near, kpp, near, kpp, near, kpp
15, 35,  39,  23,  34,  25,  42, ! 15,  26,|,1000,124,3,Scrum1k.csv
# likely, likely, likely, likely, likely, likely, likely, likely
# 20, 20, 30, 30, 40, 40, 50, 50
# near, kpp, near, kpp, near, kpp, near, kpp
31,! 31,  47,  44,  41, ! 29,  57, ! 34,  47,|,10000,124,3,Scrum10k.csv
# likely, likely, likely, likely, likely, likely, likely, likely
# 20, 20, 30, 30, 40, 40, 50, 50
# near, kpp, near, kpp, near, kpp, near, kpp
23,! 24,  37,  29, ! 24, ! 21,  33, ! 24, ! 24,|,10000,128,3,FFM-125-25-0.50-SAT-1.csv
# likely, likely, likely, likely, likely, likely, likely, likely
# 20, 20, 30, 30, 40, 40, 50, 50
# near, kpp, near, kpp, near, kpp, near, kpp
47, 73, ! 45,  67,  54,  79, ! 49,  62,  73,|,17737,55,2,all_players.csv
# likely, likely, likely, likely, likely, likely, likely, likely
# 20, 20, 30, 30, 40, 40, 50, 50
# near, kpp, near, kpp, near, kpp, near, kpp
43, 56,  69, ! 48, ! 45, ! 39, ! 43, ! 46, ! 38,|,100000,124,3,Scrum100k.csv
# likely, likely, likely, likely, likely, likely, likely, likely
# 20, 20, 30, 30, 40, 40, 50, 50
# near, kpp, near, kpp, near, kpp, near, kpp
27, 46,  33,  37,  49, ! 24,  32, ! 29, ! 28,|,10000,256,3,FFM-250-50-0.50-SAT-1.csv
# likely, likely, likely, likely, likely, likely, likely, likely
# 20, 20, 30, 30, 40, 40, 50, 50
# near, kpp, near, kpp, near, kpp, near, kpp
37,! 36, ! 37, ! 37,  49, ! 38,  42, ! 35,  43,|,10000,510,3,FFM-500-100-0.50-SAT-1.csv
# likely, likely, likely, likely, likely, likely, likely, likely
# 20, 20, 30, 30, 40, 40, 50, 50
# near, kpp, near, kpp, near, kpp, near, kpp
20, 31,  36,  28,  40, ! 23,  28, ! 17,  26,|,10000,511,3,FM-500-100-1.00-SAT-1.csv
# likely, likely, likely, likely, likely, likely, likely, likely
# 20, 20, 30, 30, 40, 40, 50, 50
# near, kpp, near, kpp, near, kpp, near, kpp
25, 47,  39,  45,  33,  35,  31, ! 23, ! 27,|,10000,511,3,FM-500-100-0.75-SAT-1.csv
# likely, likely, likely, likely, likely, likely, likely, likely
# 20, 20, 30, 30, 40, 40, 50, 50
# near, kpp, near, kpp, near, kpp, near, kpp
31,! 36,  43, ! 28,  39, ! 31,  45, ! 29,  44,|,10000,513,3,FM-500-100-0.50-SAT-1.csv
# likely, likely, likely, likely, likely, likely, likely, likely
# 20, 20, 30, 30, 40, 40, 50, 50
# near, kpp, near, kpp, near, kpp, near, kpp
23, 38,  53, ! 25,  38, ! 22,  37,  34,  36,|,10000,517,3,FM-500-100-0.25-SAT-1.csv
# likely, likely, likely, likely, likely, likely, likely, likely
# 20, 20, 30, 30, 40, 40, 50, 50
# near, kpp, near, kpp, near, kpp, near, kpp
31, 36, ! 33,  35, ! 32, ! 31,  42, ! 30, ! 29,|,10000,1044,3,FFM-1000-200-0.50-SAT-1.csv
