# likely, likely, likely, likely, likely, likely, likely, likely, likely, likely, likely, likely
# 20, 20, 20, 30, 30, 30, 40, 40, 40, 50, 50, 50
# xploit, xplore, adapt, xploit, xplore, adapt, xploit, xplore, adapt, xploit, xplore, adapt
19, 45,  32, ! 25,  73, ! 13,  29,  74, ! 19,  35,  72,  32,  65,|,93,22,3,nasa93dem.csv
# likely, likely, likely, likely, likely, likely, likely, likely, likely, likely, likely, likely
# 20, 20, 20, 30, 30, 30, 40, 40, 40, 50, 50, 50
# xploit, xplore, adapt, xploit, xplore, adapt, xploit, xplore, adapt, xploit, xplore, adapt
12, 25,  23,  25,  27,  47,  27, ! 12,  27,  25,  29,  30,  40,|,398,4,3,auto93.csv
# likely, likely, likely, likely, likely, likely, likely, likely, likely, likely, likely, likely
# 20, 20, 20, 30, 30, 30, 40, 40, 40, 50, 50, 50
# xploit, xplore, adapt, xploit, xplore, adapt, xploit, xplore, adapt, xploit, xplore, adapt
45, 78, ! 45,  81,  76,  80,  79,  74,  78,  74,  79,  70,  77,|,317,7,4,A2C_CartPole.csv
# likely, likely, likely, likely, likely, likely, likely, likely, likely, likely, likely, likely
# 20, 20, 20, 30, 30, 30, 40, 40, 40, 50, 50, 50
# xploit, xplore, adapt, xploit, xplore, adapt, xploit, xplore, adapt, xploit, xplore, adapt
45,! 45,  53,  48,  51,  49,  54,  56, ! 44,  53,  55,  49,  51,|,223,10,3,A2C_Acrobot.csv
# likely, likely, likely, likely, likely, likely, likely, likely, likely, likely, likely, likely
# 20, 20, 20, 30, 30, 30, 40, 40, 40, 50, 50, 50
# xploit, xplore, adapt, xploit, xplore, adapt, xploit, xplore, adapt, xploit, xplore, adapt
1, 33,  72,  88,  88, ! 1,  75,  76,  68,  91,  87,  71,  85,|,247,22,2,wallpaper.csv
# likely, likely, likely, likely, likely, likely, likely, likely, likely, likely, likely, likely
# 20, 20, 20, 30, 30, 30, 40, 40, 40, 50, 50, 50
# xploit, xplore, adapt, xploit, xplore, adapt, xploit, xplore, adapt, xploit, xplore, adapt
34,! 31, ! 35,  46, ! 27,  42,  55, ! 30, ! 37, ! 39, ! 36, ! 31,  49,|,500,9,3,pom3d.csv
# likely, likely, likely, likely, likely, likely, likely, likely, likely, likely, likely, likely
# 20, 20, 20, 30, 30, 30, 40, 40, 40, 50, 50, 50
# xploit, xplore, adapt, xploit, xplore, adapt, xploit, xplore, adapt, xploit, xplore, adapt
22,! 6, ! 37, ! 44, ! 25, ! 18, ! 30, ! 18, ! 37, ! 6, ! 6, ! 19, ! 25,|,10000,5,3,Health-Commits0011.csv
# likely, likely, likely, likely, likely, likely, likely, likely, likely, likely, likely, likely
# 20, 20, 20, 30, 30, 30, 40, 40, 40, 50, 50, 50
# xploit, xplore, adapt, xploit, xplore, adapt, xploit, xplore, adapt, xploit, xplore, adapt
30, 35, ! 27,  39,  34, ! 32, ! 31,  34, ! 30,  38, ! 30, ! 30, ! 30,|,10000,5,3,Health-Commits0009.csv
# likely, likely, likely, likely, likely, likely, likely, likely, likely, likely, likely, likely
# 20, 20, 20, 30, 30, 30, 40, 40, 40, 50, 50, 50
# xploit, xplore, adapt, xploit, xplore, adapt, xploit, xplore, adapt, xploit, xplore, adapt
33, 43, ! 33,  43,  40, ! 38,  55,  46,  51, ! 25,  41, ! 33,  52,|,10000,5,3,Health-Commits0005.csv
# likely, likely, likely, likely, likely, likely, likely, likely, likely, likely, likely, likely
# 20, 20, 20, 30, 30, 30, 40, 40, 40, 50, 50, 50
# xploit, xplore, adapt, xploit, xplore, adapt, xploit, xplore, adapt, xploit, xplore, adapt
14,! 10, ! 10, ! 24, ! 10, ! 3, ! 24, ! 3, ! 23, ! 10, ! 17, ! 17, ! 17,|,10000,5,3,Health-Commits0001.csv
# likely, likely, likely, likely, likely, likely, likely, likely, likely, likely, likely, likely
# 20, 20, 20, 30, 30, 30, 40, 40, 40, 50, 50, 50
# xploit, xplore, adapt, xploit, xplore, adapt, xploit, xplore, adapt, xploit, xplore, adapt
73,! 73, ! 74, ! 73, ! 72, ! 74,  78, ! 73, ! 74, ! 74, ! 74, ! 73, ! 74,|,10000,5,3,Health-Commits0004.csv
# likely, likely, likely, likely, likely, likely, likely, likely, likely, likely, likely, likely
# 20, 20, 20, 30, 30, 30, 40, 40, 40, 50, 50, 50
# xploit, xplore, adapt, xploit, xplore, adapt, xploit, xplore, adapt, xploit, xplore, adapt
67,! 65, ! 70, ! 70, ! 64, ! 66, ! 62, ! 68, ! 74, ! 60, ! 66, ! 71, ! 64,|,10000,5,3,Health-Commits0002.csv
# likely, likely, likely, likely, likely, likely, likely, likely, likely, likely, likely, likely
# 20, 20, 20, 30, 30, 30, 40, 40, 40, 50, 50, 50
# xploit, xplore, adapt, xploit, xplore, adapt, xploit, xplore, adapt, xploit, xplore, adapt
38,! 34,  55,  48, ! 35, ! 41,  44, ! 38, ! 40,  44, ! 42, ! 38, ! 37,|,10000,5,3,Health-Commits0010.csv
# likely, likely, likely, likely, likely, likely, likely, likely, likely, likely, likely, likely
# 20, 20, 20, 30, 30, 30, 40, 40, 40, 50, 50, 50
# xploit, xplore, adapt, xploit, xplore, adapt, xploit, xplore, adapt, xploit, xplore, adapt
35, 51,  57, ! 38, ! 33, ! 35,  59, ! 27,  60,  70, ! 39,  50,  54,|,10000,5,3,Health-Commits0007.csv
# likely, likely, likely, likely, likely, likely, likely, likely, likely, likely, likely, likely
# 20, 20, 20, 30, 30, 30, 40, 40, 40, 50, 50, 50
# xploit, xplore, adapt, xploit, xplore, adapt, xploit, xplore, adapt, xploit, xplore, adapt
62, 74,  70,  71, ! 65,  68, ! 58, ! 65,  75, ! 61, ! 59, ! 64,  69,|,10000,5,3,Health-Commits0008.csv
# likely, likely, likely, likely, likely, likely, likely, likely, likely, likely, likely, likely
# 20, 20, 20, 30, 30, 30, 40, 40, 40, 50, 50, 50
# xploit, xplore, adapt, xploit, xplore, adapt, xploit, xplore, adapt, xploit, xplore, adapt
47, 54,  51,  54,  54,  50, ! 48, ! 49,  53, ! 45, ! 49,  54, ! 44,|,10000,5,3,Health-Commits0006.csv
# likely, likely, likely, likely, likely, likely, likely, likely, likely, likely, likely, likely
# 20, 20, 20, 30, 30, 30, 40, 40, 40, 50, 50, 50
# xploit, xplore, adapt, xploit, xplore, adapt, xploit, xplore, adapt, xploit, xplore, adapt
54, 63,  64,  68, ! 51,  64,  64, ! 55, ! 55,  76,  61,  62,  68,|,10000,5,3,Health-Commits0003.csv
# likely, likely, likely, likely, likely, likely, likely, likely, likely, likely, likely, likely
# 20, 20, 20, 30, 30, 30, 40, 40, 40, 50, 50, 50
# xploit, xplore, adapt, xploit, xplore, adapt, xploit, xplore, adapt, xploit, xplore, adapt
51,! 49,  60,  61, ! 48,  68,  61,  59,  63,  62, ! 52,  59, ! 55,|,1599,10,2,Wine_quality.csv
# likely, likely, likely, likely, likely, likely, likely, likely, likely, likely, likely, likely
# 20, 20, 20, 30, 30, 30, 40, 40, 40, 50, 50, 50
# xploit, xplore, adapt, xploit, xplore, adapt, xploit, xplore, adapt, xploit, xplore, adapt
6, 28, ! 4, ! 4, ! 11, ! 0, ! 1, ! 10, ! 9, ! 10, ! 8,  18, ! 3,|,350,20,1,socks.csv
# likely, likely, likely, likely, likely, likely, likely, likely, likely, likely, likely, likely
# 20, 20, 20, 30, 30, 30, 40, 40, 40, 50, 50, 50
# xploit, xplore, adapt, xploit, xplore, adapt, xploit, xplore, adapt, xploit, xplore, adapt
13,! 9, ! 13,  36, ! 16,  23,  26, ! 19, ! 0,  39, ! 19,  26, ! 16,|,5160,9,1,dataset600.csv
# likely, likely, likely, likely, likely, likely, likely, likely, likely, likely, likely, likely
# 20, 20, 20, 30, 30, 30, 40, 40, 40, 50, 50, 50
# xploit, xplore, adapt, xploit, xplore, adapt, xploit, xplore, adapt, xploit, xplore, adapt
25,! 15, ! 22,  57, ! 25, ! 34, ! 25, ! 34, ! 19, ! 28, ! 19, ! 25, ! 25,|,5160,9,1,dataset120.csv
# likely, likely, likely, likely, likely, likely, likely, likely, likely, likely, likely, likely
# 20, 20, 20, 30, 30, 30, 40, 40, 40, 50, 50, 50
# xploit, xplore, adapt, xploit, xplore, adapt, xploit, xplore, adapt, xploit, xplore, adapt
21, 28,  35,  32, ! 19,  31,  27,  27,  30, ! 23,  29,  32,  30,|,10000,5,3,Health-Commits0000.csv
# likely, likely, likely, likely, likely, likely, likely, likely, likely, likely, likely, likely
# 20, 20, 20, 30, 30, 30, 40, 40, 40, 50, 50, 50
# xploit, xplore, adapt, xploit, xplore, adapt, xploit, xplore, adapt, xploit, xplore, adapt
9,! 7, ! 14, ! 14, ! 7, ! 0, ! 0, ! 0, ! 22, ! 0, ! 29, ! 14, ! 0,|,10000,5,3,Health-ClosedPRs0011.csv
# likely, likely, likely, likely, likely, likely, likely, likely, likely, likely, likely, likely
# 20, 20, 20, 30, 30, 30, 40, 40, 40, 50, 50, 50
# xploit, xplore, adapt, xploit, xplore, adapt, xploit, xplore, adapt, xploit, xplore, adapt
97, 98,  98, ! 97,  99,  98,  98,  98,  99,  98,  99,  98,  98,|,1121,14,2,accessories.csv
# likely, likely, likely, likely, likely, likely, likely, likely, likely, likely, likely, likely
# 20, 20, 20, 30, 30, 30, 40, 40, 40, 50, 50, 50
# xploit, xplore, adapt, xploit, xplore, adapt, xploit, xplore, adapt, xploit, xplore, adapt
71, 85,  83,  87,  82, ! 68, ! 77, ! 73, ! 76, ! 67, ! 65, ! 72, ! 71,|,10000,5,3,Health-ClosedPRs0010.csv
# likely, likely, likely, likely, likely, likely, likely, likely, likely, likely, likely, likely
# 20, 20, 20, 30, 30, 30, 40, 40, 40, 50, 50, 50
# xploit, xplore, adapt, xploit, xplore, adapt, xploit, xplore, adapt, xploit, xplore, adapt
77,! 78,  89, ! 80,  86, ! 76, ! 76, ! 81, ! 74, ! 78, ! 77, ! 77,  83,|,10000,5,3,Health-ClosedPRs0009.csv
# likely, likely, likely, likely, likely, likely, likely, likely, likely, likely, likely, likely
# 20, 20, 20, 30, 30, 30, 40, 40, 40, 50, 50, 50
# xploit, xplore, adapt, xploit, xplore, adapt, xploit, xplore, adapt, xploit, xplore, adapt
56, 70,  78,  83,  77, ! 61,  72,  85,  93,  79,  73, ! 52,  74,|,10000,5,3,Health-ClosedPRs0008.csv
# likely, likely, likely, likely, likely, likely, likely, likely, likely, likely, likely, likely
# 20, 20, 20, 30, 30, 30, 40, 40, 40, 50, 50, 50
# xploit, xplore, adapt, xploit, xplore, adapt, xploit, xplore, adapt, xploit, xplore, adapt
99,! 99, ! 99, ! 99, ! 100, ! 99, ! 99, ! 99, ! 99, ! 100, ! 99, ! 99, ! 100,|,913,20,2,dress-up.csv
# likely, likely, likely, likely, likely, likely, likely, likely, likely, likely, likely, likely
# 20, 20, 20, 30, 30, 30, 40, 40, 40, 50, 50, 50
# xploit, xplore, adapt, xploit, xplore, adapt, xploit, xplore, adapt, xploit, xplore, adapt
41,! 43, ! 43,  64, ! 43, ! 49, ! 39, ! 49,  67, ! 43, ! 32, ! 44, ! 27,|,10000,5,3,Health-ClosedPRs0007.csv
# likely, likely, likely, likely, likely, likely, likely, likely, likely, likely, likely, likely
# 20, 20, 20, 30, 30, 30, 40, 40, 40, 50, 50, 50
# xploit, xplore, adapt, xploit, xplore, adapt, xploit, xplore, adapt, xploit, xplore, adapt
40,! 41,  69,  51, ! 39,  56,  57,  50,  66,  62,  62,  59, ! 41,|,1000,20,5,coc1000.csv
# likely, likely, likely, likely, likely, likely, likely, likely, likely, likely, likely, likely
# 20, 20, 20, 30, 30, 30, 40, 40, 40, 50, 50, 50
# xploit, xplore, adapt, xploit, xplore, adapt, xploit, xplore, adapt, xploit, xplore, adapt
0,! 0, ! 0, ! 0, ! 0, ! 0, ! 0, ! 0, ! 0, ! 0, ! 0, ! 0, ! 0,|,10000,5,2,Health-ClosedPRs0000.csv
# likely, likely, likely, likely, likely, likely, likely, likely, likely, likely, likely, likely
# 20, 20, 20, 30, 30, 30, 40, 40, 40, 50, 50, 50
# xploit, xplore, adapt, xploit, xplore, adapt, xploit, xplore, adapt, xploit, xplore, adapt
8,! 1, ! 8, ! 23, ! 8, ! 1, ! 1, ! 1, ! 23, ! 1, ! 8, ! 16, ! 1,|,10000,5,3,Health-ClosedPRs0003.csv
# likely, likely, likely, likely, likely, likely, likely, likely, likely, likely, likely, likely
# 20, 20, 20, 30, 30, 30, 40, 40, 40, 50, 50, 50
# xploit, xplore, adapt, xploit, xplore, adapt, xploit, xplore, adapt, xploit, xplore, adapt
5,! 0, ! 14, ! 7, ! 7, ! 0, ! 0, ! 14, ! 0, ! 7, ! 7, ! 7, ! 0,|,10000,5,3,Health-ClosedPRs0002.csv
# likely, likely, likely, likely, likely, likely, likely, likely, likely, likely, likely, likely
# 20, 20, 20, 30, 30, 30, 40, 40, 40, 50, 50, 50
# xploit, xplore, adapt, xploit, xplore, adapt, xploit, xplore, adapt, xploit, xplore, adapt
10,! 7, ! 0, ! 28, ! 7, ! 0, ! 7, ! 7, ! 27, ! 7, ! 14, ! 0, ! 13,|,10000,5,3,Health-ClosedPRs0005.csv
# likely, likely, likely, likely, likely, likely, likely, likely, likely, likely, likely, likely
# 20, 20, 20, 30, 30, 30, 40, 40, 40, 50, 50, 50
# xploit, xplore, adapt, xploit, xplore, adapt, xploit, xplore, adapt, xploit, xplore, adapt
25, 85,  65, ! 25,  70,  65,  75,  65,  90,  90,  75,  75,  70,|,10000,5,3,Health-ClosedPRs0006.csv
# likely, likely, likely, likely, likely, likely, likely, likely, likely, likely, likely, likely
# 20, 20, 20, 30, 30, 30, 40, 40, 40, 50, 50, 50
# xploit, xplore, adapt, xploit, xplore, adapt, xploit, xplore, adapt, xploit, xplore, adapt
22,! 23, ! 19, ! 35, ! 25, ! 13, ! 22, ! 12, ! 38, ! 12, ! 29, ! 23, ! 6,|,10000,5,3,Health-ClosedIssues0011.csv
# likely, likely, likely, likely, likely, likely, likely, likely, likely, likely, likely, likely
# 20, 20, 20, 30, 30, 30, 40, 40, 40, 50, 50, 50
# xploit, xplore, adapt, xploit, xplore, adapt, xploit, xplore, adapt, xploit, xplore, adapt
32,! 25, ! 34,  62, ! 22, ! 42,  52, ! 40,  59,  60, ! 28, ! 24, ! 40,|,10000,5,3,Health-ClosedPRs0004.csv
# likely, likely, likely, likely, likely, likely, likely, likely, likely, likely, likely, likely
# 20, 20, 20, 30, 30, 30, 40, 40, 40, 50, 50, 50
# xploit, xplore, adapt, xploit, xplore, adapt, xploit, xplore, adapt, xploit, xplore, adapt
84,! 82,  89,  87, ! 85, ! 85,  88,  86,  87,  90, ! 84, ! 84,  88,|,10000,5,3,Health-ClosedIssues0010.csv
# likely, likely, likely, likely, likely, likely, likely, likely, likely, likely, likely, likely
# 20, 20, 20, 30, 30, 30, 40, 40, 40, 50, 50, 50
# xploit, xplore, adapt, xploit, xplore, adapt, xploit, xplore, adapt, xploit, xplore, adapt
42,! 42, ! 43,  61, ! 38, ! 39, ! 46, ! 41, ! 43, ! 49, ! 37, ! 38,  54,|,10000,5,3,Health-ClosedIssues0008.csv
# likely, likely, likely, likely, likely, likely, likely, likely, likely, likely, likely, likely
# 20, 20, 20, 30, 30, 30, 40, 40, 40, 50, 50, 50
# xploit, xplore, adapt, xploit, xplore, adapt, xploit, xplore, adapt, xploit, xplore, adapt
64, 96,  97,  88,  92, ! 64,  88,  82,  92,  96,  92,  97,  96,|,10000,5,3,Health-ClosedIssues0007.csv
# likely, likely, likely, likely, likely, likely, likely, likely, likely, likely, likely, likely
# 20, 20, 20, 30, 30, 30, 40, 40, 40, 50, 50, 50
# xploit, xplore, adapt, xploit, xplore, adapt, xploit, xplore, adapt, xploit, xplore, adapt
31, 42, ! 33,  41,  42,  57, ! 33,  48, ! 26,  40,  37,  39,  38,|,10000,5,3,Health-ClosedIssues0006.csv
# likely, likely, likely, likely, likely, likely, likely, likely, likely, likely, likely, likely
# 20, 20, 20, 30, 30, 30, 40, 40, 40, 50, 50, 50
# xploit, xplore, adapt, xploit, xplore, adapt, xploit, xplore, adapt, xploit, xplore, adapt
71,! 73,  82,  87,  86,  82, ! 71, ! 75, ! 61,  81, ! 68, ! 76,  84,|,10000,5,3,Health-ClosedIssues0009.csv
# likely, likely, likely, likely, likely, likely, likely, likely, likely, likely, likely, likely
# 20, 20, 20, 30, 30, 30, 40, 40, 40, 50, 50, 50
# xploit, xplore, adapt, xploit, xplore, adapt, xploit, xplore, adapt, xploit, xplore, adapt
44,! 40, ! 50, ! 45, ! 42, ! 38, ! 48, ! 45, ! 46, ! 41, ! 42, ! 43, ! 43,|,10000,5,3,Health-ClosedIssues0005.csv
# likely, likely, likely, likely, likely, likely, likely, likely, likely, likely, likely, likely
# 20, 20, 20, 30, 30, 30, 40, 40, 40, 50, 50, 50
# xploit, xplore, adapt, xploit, xplore, adapt, xploit, xplore, adapt, xploit, xplore, adapt
0,! 1, ! 2,  6, ! 0, ! 0, ! 0, ! 0, ! 0, ! 0, ! 0, ! 0, ! 0,|,196,3,1,wc+wc-3d-c4-obj1.csv
# likely, likely, likely, likely, likely, likely, likely, likely, likely, likely, likely, likely
# 20, 20, 20, 30, 30, 30, 40, 40, 40, 50, 50, 50
# xploit, xplore, adapt, xploit, xplore, adapt, xploit, xplore, adapt, xploit, xplore, adapt
0,! 0, ! 2,  7, ! 0, ! 1, ! 1, ! 0, ! 0, ! 0, ! 0, ! 0, ! 1,|,196,3,1,wc+rs-3d-c4-obj1.csv
# likely, likely, likely, likely, likely, likely, likely, likely, likely, likely, likely, likely
# 20, 20, 20, 30, 30, 30, 40, 40, 40, 50, 50, 50
# xploit, xplore, adapt, xploit, xplore, adapt, xploit, xplore, adapt, xploit, xplore, adapt
0,! 0,  1,  1,  1,  1,  1, ! 0, ! 0, ! 0, ! 0, ! 0,  0,|,196,3,1,wc+sol-3d-c4-obj1.csv
# likely, likely, likely, likely, likely, likely, likely, likely, likely, likely, likely, likely
# 20, 20, 20, 30, 30, 30, 40, 40, 40, 50, 50, 50
# xploit, xplore, adapt, xploit, xplore, adapt, xploit, xplore, adapt, xploit, xplore, adapt
72, 82,  79,  80,  77,  78,  79,  81,  77, ! 72,  77,  80,  79,|,10000,5,3,Health-ClosedIssues0004.csv
# likely, likely, likely, likely, likely, likely, likely, likely, likely, likely, likely, likely
# 20, 20, 20, 30, 30, 30, 40, 40, 40, 50, 50, 50
# xploit, xplore, adapt, xploit, xplore, adapt, xploit, xplore, adapt, xploit, xplore, adapt
49, 62,  65,  65,  58,  65,  65, ! 48,  60,  61, ! 50,  61,  59,|,10000,5,3,Health-ClosedIssues0003.csv
# likely, likely, likely, likely, likely, likely, likely, likely, likely, likely, likely, likely
# 20, 20, 20, 30, 30, 30, 40, 40, 40, 50, 50, 50
# xploit, xplore, adapt, xploit, xplore, adapt, xploit, xplore, adapt, xploit, xplore, adapt
41, 52,  52,  51,  51, ! 37,  48, ! 41, ! 41,  48, ! 41,  49, ! 42,|,20000,9,3,pom3a.csv
# likely, likely, likely, likely, likely, likely, likely, likely, likely, likely, likely, likely
# 20, 20, 20, 30, 30, 30, 40, 40, 40, 50, 50, 50
# xploit, xplore, adapt, xploit, xplore, adapt, xploit, xplore, adapt, xploit, xplore, adapt
60, 68, ! 62,  74, ! 60, ! 64, ! 62, ! 57, ! 58, ! 62, ! 52, ! 60, ! 60,|,20000,9,3,pom3c.csv
# likely, likely, likely, likely, likely, likely, likely, likely, likely, likely, likely, likely
# 20, 20, 20, 30, 30, 30, 40, 40, 40, 50, 50, 50
# xploit, xplore, adapt, xploit, xplore, adapt, xploit, xplore, adapt, xploit, xplore, adapt
39, 46,  47,  50,  51,  46,  46,  56,  50,  45,  43, ! 39,  52,|,20000,9,3,pom3b.csv
# likely, likely, likely, likely, likely, likely, likely, likely, likely, likely, likely, likely
# 20, 20, 20, 30, 30, 30, 40, 40, 40, 50, 50, 50
# xploit, xplore, adapt, xploit, xplore, adapt, xploit, xplore, adapt, xploit, xplore, adapt
24,! 19, ! 27, ! 32, ! 21, ! 23, ! 23, ! 21,  48, ! 26, ! 23, ! 19, ! 31,|,10000,5,3,Health-ClosedIssues0002.csv
# likely, likely, likely, likely, likely, likely, likely, likely, likely, likely, likely, likely
# 20, 20, 20, 30, 30, 30, 40, 40, 40, 50, 50, 50
# xploit, xplore, adapt, xploit, xplore, adapt, xploit, xplore, adapt, xploit, xplore, adapt
59, 64,  67, ! 61, ! 61, ! 58, ! 62, ! 56, ! 59, ! 61, ! 58, ! 57, ! 61,|,10000,5,3,Health-ClosedIssues0001.csv
# likely, likely, likely, likely, likely, likely, likely, likely, likely, likely, likely, likely
# 20, 20, 20, 30, 30, 30, 40, 40, 40, 50, 50, 50
# xploit, xplore, adapt, xploit, xplore, adapt, xploit, xplore, adapt, xploit, xplore, adapt
21, 27,  31,  38,  40,  39,  27,  28,  28,  32,  30,  31, ! 21,|,10000,5,3,Health-ClosedIssues0000.csv
# likely, likely, likely, likely, likely, likely, likely, likely, likely, likely, likely, likely
# 20, 20, 20, 30, 30, 30, 40, 40, 40, 50, 50, 50
# xploit, xplore, adapt, xploit, xplore, adapt, xploit, xplore, adapt, xploit, xplore, adapt
9, 41,  33,  43,  42,  40,  40,  38,  34,  22,  32,  17, ! 9,|,196,3,2,SS-G.csv
# likely, likely, likely, likely, likely, likely, likely, likely, likely, likely, likely, likely
# 20, 20, 20, 30, 30, 30, 40, 40, 40, 50, 50, 50
# xploit, xplore, adapt, xploit, xplore, adapt, xploit, xplore, adapt, xploit, xplore, adapt
2,! 0,  37, ! 5,  7,  20,  25, ! 3,  9,  12, ! 0,  19, ! 5,|,259,4,2,SS-H.csv
# likely, likely, likely, likely, likely, likely, likely, likely, likely, likely, likely, likely
# 20, 20, 20, 30, 30, 30, 40, 40, 40, 50, 50, 50
# xploit, xplore, adapt, xploit, xplore, adapt, xploit, xplore, adapt, xploit, xplore, adapt
4, 43,  35,  24,  39,  28,  42,  32,  25,  22,  16, ! 5, ! 3,|,196,3,2,SS-F.csv
# likely, likely, likely, likely, likely, likely, likely, likely, likely, likely, likely, likely
# 20, 20, 20, 30, 30, 30, 40, 40, 40, 50, 50, 50
# xploit, xplore, adapt, xploit, xplore, adapt, xploit, xplore, adapt, xploit, xplore, adapt
2, 6, ! 4,  6, ! 2, ! 1, ! 2,  10, ! 1,  5,  5, ! 3, ! 0,|,2880,6,1,wc-6d-c1-obj1.csv
# likely, likely, likely, likely, likely, likely, likely, likely, likely, likely, likely, likely
# 20, 20, 20, 30, 30, 30, 40, 40, 40, 50, 50, 50
# xploit, xplore, adapt, xploit, xplore, adapt, xploit, xplore, adapt, xploit, xplore, adapt
25, 59,  38,  50,  37,  53,  41,  44,  40, ! 25,  35, ! 23, ! 27,|,196,3,2,SS-D.csv
# likely, likely, likely, likely, likely, likely, likely, likely, likely, likely, likely, likely
# 20, 20, 20, 30, 30, 30, 40, 40, 40, 50, 50, 50
# xploit, xplore, adapt, xploit, xplore, adapt, xploit, xplore, adapt, xploit, xplore, adapt
6, 9,  10,  10, ! 6, ! 5,  10,  10, ! 7, ! 8,  12, ! 7, ! 4,|,3840,6,2,SS-S.csv
# likely, likely, likely, likely, likely, likely, likely, likely, likely, likely, likely, likely
# 20, 20, 20, 30, 30, 30, 40, 40, 40, 50, 50, 50
# xploit, xplore, adapt, xploit, xplore, adapt, xploit, xplore, adapt, xploit, xplore, adapt
19, 62,  50,  42,  27,  37, ! 18,  32,  30, ! 25,  34, ! 14,  37,|,1080,5,2,SS-I.csv
# likely, likely, likely, likely, likely, likely, likely, likely, likely, likely, likely, likely
# 20, 20, 20, 30, 30, 30, 40, 40, 40, 50, 50, 50
# xploit, xplore, adapt, xploit, xplore, adapt, xploit, xplore, adapt, xploit, xplore, adapt
21, 31,  46,  43,  49,  43,  32,  40,  48,  45,  36, ! 24, ! 18,|,756,3,2,SS-E.csv
# likely, likely, likely, likely, likely, likely, likely, likely, likely, likely, likely, likely
# 20, 20, 20, 30, 30, 30, 40, 40, 40, 50, 50, 50
# xploit, xplore, adapt, xploit, xplore, adapt, xploit, xplore, adapt, xploit, xplore, adapt
1,! 0,  15,  8,  10,  6,  17, ! 2,  19,  17,  15,  7,  44,|,206,3,2,SS-B.csv
# likely, likely, likely, likely, likely, likely, likely, likely, likely, likely, likely, likely
# 20, 20, 20, 30, 30, 30, 40, 40, 40, 50, 50, 50
# xploit, xplore, adapt, xploit, xplore, adapt, xploit, xplore, adapt, xploit, xplore, adapt
45, 57,  64,  55,  55,  54,  51,  54, ! 48, ! 45, ! 42,  54, ! 46,|,2880,6,2,SS-K.csv
# likely, likely, likely, likely, likely, likely, likely, likely, likely, likely, likely, likely
# 20, 20, 20, 30, 30, 30, 40, 40, 40, 50, 50, 50
# xploit, xplore, adapt, xploit, xplore, adapt, xploit, xplore, adapt, xploit, xplore, adapt
13, 24,  22, ! 17,  27, ! 9,  20,  37, ! 12,  23, ! 15,  21,  20,|,3840,6,2,SS-J.csv
# likely, likely, likely, likely, likely, likely, likely, likely, likely, likely, likely, likely
# 20, 20, 20, 30, 30, 30, 40, 40, 40, 50, 50, 50
# xploit, xplore, adapt, xploit, xplore, adapt, xploit, xplore, adapt, xploit, xplore, adapt
23, 27, ! 25,  31, ! 24,  30, ! 21, ! 22, ! 24,  27,  26, ! 22, ! 25,|,1512,3,2,SS-C.csv
# likely, likely, likely, likely, likely, likely, likely, likely, likely, likely, likely, likely
# 20, 20, 20, 30, 30, 30, 40, 40, 40, 50, 50, 50
# xploit, xplore, adapt, xploit, xplore, adapt, xploit, xplore, adapt, xploit, xplore, adapt
5, 15,  16,  11, ! 5,  15,  14, ! 5, ! 5,  10, ! 1, ! 7,  10,|,1023,11,2,SS-P.csv
# likely, likely, likely, likely, likely, likely, likely, likely, likely, likely, likely, likely
# 20, 20, 20, 30, 30, 30, 40, 40, 40, 50, 50, 50
# xploit, xplore, adapt, xploit, xplore, adapt, xploit, xplore, adapt, xploit, xplore, adapt
28, 54,  45,  60,  49,  59,  67,  45,  47,  46,  52, ! 28,  53,|,2205,31,8,Marketing_Analytics.csv
# likely, likely, likely, likely, likely, likely, likely, likely, likely, likely, likely, likely
# 20, 20, 20, 30, 30, 30, 40, 40, 40, 50, 50, 50
# xploit, xplore, adapt, xploit, xplore, adapt, xploit, xplore, adapt, xploit, xplore, adapt
8, 32,  29,  44,  31,  23,  37,  16,  29,  25, ! 8,  28,  36,|,972,11,2,SS-O.csv
# likely, likely, likely, likely, likely, likely, likely, likely, likely, likely, likely, likely
# 20, 20, 20, 30, 30, 30, 40, 40, 40, 50, 50, 50
# xploit, xplore, adapt, xploit, xplore, adapt, xploit, xplore, adapt, xploit, xplore, adapt
15, 28,  35,  27, ! 14,  22,  34, ! 13, ! 17,  33, ! 15,  25,  20,|,1343,3,2,SS-A.csv
# likely, likely, likely, likely, likely, likely, likely, likely, likely, likely, likely, likely
# 20, 20, 20, 30, 30, 30, 40, 40, 40, 50, 50, 50
# xploit, xplore, adapt, xploit, xplore, adapt, xploit, xplore, adapt, xploit, xplore, adapt
9, 19,  34, ! 8, ! 14,  19, ! 7, ! 7,  18, ! 12, ! 10, ! 8,  17,|,1023,11,2,SS-L.csv
# likely, likely, likely, likely, likely, likely, likely, likely, likely, likely, likely, likely
# 20, 20, 20, 30, 30, 30, 40, 40, 40, 50, 50, 50
# xploit, xplore, adapt, xploit, xplore, adapt, xploit, xplore, adapt, xploit, xplore, adapt
14,! 17,  22,  22,  33, ! 13, ! 18,  21,  26,  22, ! 11, ! 11, ! 15,|,5184,12,2,SS-T.csv
# likely, likely, likely, likely, likely, likely, likely, likely, likely, likely, likely, likely
# 20, 20, 20, 30, 30, 30, 40, 40, 40, 50, 50, 50
# xploit, xplore, adapt, xploit, xplore, adapt, xploit, xplore, adapt, xploit, xplore, adapt
3,! 3,  12,  7,  10, ! 6,  9, ! 2,  11,  13, ! 0, ! 3,  11,|,1152,16,1,X264_AllMeasurements.csv
# likely, likely, likely, likely, likely, likely, likely, likely, likely, likely, likely, likely
# 20, 20, 20, 30, 30, 30, 40, 40, 40, 50, 50, 50
# xploit, xplore, adapt, xploit, xplore, adapt, xploit, xplore, adapt, xploit, xplore, adapt
0, 5,  10,  12, ! 0,  8,  5,  2,  6,  6, ! 0,  5, ! 1,|,192,9,1,Apache_AllMeasurements.csv
# likely, likely, likely, likely, likely, likely, likely, likely, likely, likely, likely, likely
# 20, 20, 20, 30, 30, 30, 40, 40, 40, 50, 50, 50
# xploit, xplore, adapt, xploit, xplore, adapt, xploit, xplore, adapt, xploit, xplore, adapt
25, 35,  35,  36, ! 24, ! 26,  31, ! 25, ! 22, ! 27, ! 27, ! 24, ! 20,|,3008,14,2,SS-R.csv
# likely, likely, likely, likely, likely, likely, likely, likely, likely, likely, likely, likely
# 20, 20, 20, 30, 30, 30, 40, 40, 40, 50, 50, 50
# xploit, xplore, adapt, xploit, xplore, adapt, xploit, xplore, adapt, xploit, xplore, adapt
11,! 11, ! 15, ! 20, ! 5, ! 18, ! 12, ! 8, ! 14, ! 6, ! 7, ! 6, ! 9,|,2736,13,3,SS-Q.csv
# likely, likely, likely, likely, likely, likely, likely, likely, likely, likely, likely, likely
# 20, 20, 20, 30, 30, 30, 40, 40, 40, 50, 50, 50
# xploit, xplore, adapt, xploit, xplore, adapt, xploit, xplore, adapt, xploit, xplore, adapt
34, 65, ! 34,  64, ! 34,  58,  44,  43,  49,  53,  43,  51,  46,|,2938,20,2,Life_Expectancy_Data.csv
# likely, likely, likely, likely, likely, likely, likely, likely, likely, likely, likely, likely
# 20, 20, 20, 30, 30, 30, 40, 40, 40, 50, 50, 50
# xploit, xplore, adapt, xploit, xplore, adapt, xploit, xplore, adapt, xploit, xplore, adapt
8,! 7, ! 12, ! 7, ! 7, ! 8, ! 7, ! 7, ! 8, ! 10, ! 8, ! 7, ! 7,|,2866,6,1,sol-6d-c2-obj1.csv
# likely, likely, likely, likely, likely, likely, likely, likely, likely, likely, likely, likely
# 20, 20, 20, 30, 30, 30, 40, 40, 40, 50, 50, 50
# xploit, xplore, adapt, xploit, xplore, adapt, xploit, xplore, adapt, xploit, xplore, adapt
4,! 2, ! 6, ! 2, ! 5, ! 3, ! 1, ! 5, ! 6, ! 2, ! 6, ! 8, ! 2,|,864,17,3,SS-M.csv
# likely, likely, likely, likely, likely, likely, likely, likely, likely, likely, likely, likely
# 20, 20, 20, 30, 30, 30, 40, 40, 40, 50, 50, 50
# xploit, xplore, adapt, xploit, xplore, adapt, xploit, xplore, adapt, xploit, xplore, adapt
0,! 0, ! 0,  1, ! 0, ! 0, ! 0, ! 0, ! 0, ! 0, ! 0, ! 0, ! 0,|,3840,6,1,rs-6d-c3_obj2.csv
# likely, likely, likely, likely, likely, likely, likely, likely, likely, likely, likely, likely
# 20, 20, 20, 30, 30, 30, 40, 40, 40, 50, 50, 50
# xploit, xplore, adapt, xploit, xplore, adapt, xploit, xplore, adapt, xploit, xplore, adapt
30, 44, ! 30, ! 27,  38,  34, ! 27,  35, ! 27, ! 31,  39, ! 33, ! 33,|,6840,16,2,SS-V.csv
# likely, likely, likely, likely, likely, likely, likely, likely, likely, likely, likely, likely
# 20, 20, 20, 30, 30, 30, 40, 40, 40, 50, 50, 50
# xploit, xplore, adapt, xploit, xplore, adapt, xploit, xplore, adapt, xploit, xplore, adapt
4, 20,  64,  70, ! 8,  21, ! 8,  59, ! 2, ! 2,  16, ! 2, ! 3,|,7043,19,2,WA_Fn-UseC_-Telco-Customer-Churn.csv
# likely, likely, likely, likely, likely, likely, likely, likely, likely, likely, likely, likely
# 20, 20, 20, 30, 30, 30, 40, 40, 40, 50, 50, 50
# xploit, xplore, adapt, xploit, xplore, adapt, xploit, xplore, adapt, xploit, xplore, adapt
12, 28,  38,  45,  32,  16,  33,  19,  25,  24,  20,  18, ! 12,|,10000,25,4,xomo_flight.csv
# likely, likely, likely, likely, likely, likely, likely, likely, likely, likely, likely, likely
# 20, 20, 20, 30, 30, 30, 40, 40, 40, 50, 50, 50
# xploit, xplore, adapt, xploit, xplore, adapt, xploit, xplore, adapt, xploit, xplore, adapt
23, 38,  40,  42,  39,  32,  35,  29,  31, ! 20,  30, ! 25,  32,|,10000,25,4,xomo_ground.csv
# likely, likely, likely, likely, likely, likely, likely, likely, likely, likely, likely, likely
# 20, 20, 20, 30, 30, 30, 40, 40, 40, 50, 50, 50
# xploit, xplore, adapt, xploit, xplore, adapt, xploit, xplore, adapt, xploit, xplore, adapt
2, 6, ! 1, ! 1, ! 2, ! 3, ! 0, ! 2, ! 3, ! 3, ! 2, ! 3,  6,|,3840,6,1,rs-6d-c3_obj1.csv
# likely, likely, likely, likely, likely, likely, likely, likely, likely, likely, likely, likely
# 20, 20, 20, 30, 30, 30, 40, 40, 40, 50, 50, 50
# xploit, xplore, adapt, xploit, xplore, adapt, xploit, xplore, adapt, xploit, xplore, adapt
35, 56,  57,  52,  45,  49, ! 37, ! 29, ! 40,  52, ! 34, ! 35, ! 33,|,10000,25,4,xomo_osp2.csv
# likely, likely, likely, likely, likely, likely, likely, likely, likely, likely, likely, likely
# 20, 20, 20, 30, 30, 30, 40, 40, 40, 50, 50, 50
# xploit, xplore, adapt, xploit, xplore, adapt, xploit, xplore, adapt, xploit, xplore, adapt
24, 38,  33,  52,  35, ! 25,  30, ! 28, ! 26, ! 21, ! 22,  30, ! 24,|,10000,25,4,xomo_osp.csv
# likely, likely, likely, likely, likely, likely, likely, likely, likely, likely, likely, likely
# 20, 20, 20, 30, 30, 30, 40, 40, 40, 50, 50, 50
# xploit, xplore, adapt, xploit, xplore, adapt, xploit, xplore, adapt, xploit, xplore, adapt
20,! 29, ! 26, ! 14, ! 21, ! 23, ! 19, ! 21, ! 15, ! 19, ! 25, ! 23, ! 6,|,4608,21,2,SS-U.csv
# likely, likely, likely, likely, likely, likely, likely, likely, likely, likely, likely, likely
# 20, 20, 20, 30, 30, 30, 40, 40, 40, 50, 50, 50
# xploit, xplore, adapt, xploit, xplore, adapt, xploit, xplore, adapt, xploit, xplore, adapt
0, 18,  26,  31,  23,  28,  35, ! 0,  27,  27,  25,  30,  14,|,81,26,1,player_statistics_cleaned_final.csv
# likely, likely, likely, likely, likely, likely, likely, likely, likely, likely, likely, likely
# 20, 20, 20, 30, 30, 30, 40, 40, 40, 50, 50, 50
# xploit, xplore, adapt, xploit, xplore, adapt, xploit, xplore, adapt, xploit, xplore, adapt
3, 6,  7,  7, ! 2,  7,  5, ! 3, ! 3, ! 4,  5, ! 4, ! 2,|,3456,14,1,HSMGP_num.csv
# likely, likely, likely, likely, likely, likely, likely, likely, likely, likely, likely, likely
# 20, 20, 20, 30, 30, 30, 40, 40, 40, 50, 50, 50
# xploit, xplore, adapt, xploit, xplore, adapt, xploit, xplore, adapt, xploit, xplore, adapt
42, 67,  53,  58,  51,  53,  52, ! 41,  52, ! 44, ! 36,  55, ! 47,|,10127,19,4,BankChurners.csv
# likely, likely, likely, likely, likely, likely, likely, likely, likely, likely, likely, likely
# 20, 20, 20, 30, 30, 30, 40, 40, 40, 50, 50, 50
# xploit, xplore, adapt, xploit, xplore, adapt, xploit, xplore, adapt, xploit, xplore, adapt
42, 58,  54,  50,  48,  61,  55, ! 44,  48,  48, ! 41, ! 41,  49,|,86058,11,2,SS-X.csv
# likely, likely, likely, likely, likely, likely, likely, likely, likely, likely, likely, likely
# 20, 20, 20, 30, 30, 30, 40, 40, 40, 50, 50, 50
# xploit, xplore, adapt, xploit, xplore, adapt, xploit, xplore, adapt, xploit, xplore, adapt
54, 60,  62,  62, ! 57,  67, ! 56, ! 51, ! 54,  60, ! 52, ! 54, ! 52,|,65536,16,2,SS-W.csv
# likely, likely, likely, likely, likely, likely, likely, likely, likely, likely, likely, likely
# 20, 20, 20, 30, 30, 30, 40, 40, 40, 50, 50, 50
# xploit, xplore, adapt, xploit, xplore, adapt, xploit, xplore, adapt, xploit, xplore, adapt
49,! 51,  57,  60, ! 45, ! 48,  60, ! 51, ! 48, ! 53, ! 48, ! 50, ! 44,|,4653,38,1,SQL_AllMeasurements.csv
# likely, likely, likely, likely, likely, likely, likely, likely, likely, likely, likely, likely
# 20, 20, 20, 30, 30, 30, 40, 40, 40, 50, 50, 50
# xploit, xplore, adapt, xploit, xplore, adapt, xploit, xplore, adapt, xploit, xplore, adapt
2, 23, ! 0,  23,  29, ! 11,  23, ! 0, ! 0, ! 5, ! 0, ! 0, ! 0,|,649,33,1,student_dropout.csv
# likely, likely, likely, likely, likely, likely, likely, likely, likely, likely, likely, likely
# 20, 20, 20, 30, 30, 30, 40, 40, 40, 50, 50, 50
# xploit, xplore, adapt, xploit, xplore, adapt, xploit, xplore, adapt, xploit, xplore, adapt
26, 44,  55,  47,  37,  34,  37,  35,  30,  32,  33,  37, ! 26,|,1470,32,3,WA_Fn-UseC_-HR-Employee-Attrition.csv
# likely, likely, likely, likely, likely, likely, likely, likely, likely, likely, likely, likely
# 20, 20, 20, 30, 30, 30, 40, 40, 40, 50, 50, 50
# xploit, xplore, adapt, xploit, xplore, adapt, xploit, xplore, adapt, xploit, xplore, adapt
59, 83,  93, ! 59,  88,  75,  78,  88,  66,  83,  66,  88,  87,|,20000,31,5,Loan.csv
# likely, likely, likely, likely, likely, likely, likely, likely, likely, likely, likely, likely
# 20, 20, 20, 30, 30, 30, 40, 40, 40, 50, 50, 50
# xploit, xplore, adapt, xploit, xplore, adapt, xploit, xplore, adapt, xploit, xplore, adapt
42, 104,  95, ! 42,  89,  64,  60,  57,  88,  55,  96,  87,  50,|,21759,35,3,Data_COVID19_Indonesia.csv
# likely, likely, likely, likely, likely, likely, likely, likely, likely, likely, likely, likely
# 20, 20, 20, 30, 30, 30, 40, 40, 40, 50, 50, 50
# xploit, xplore, adapt, xploit, xplore, adapt, xploit, xplore, adapt, xploit, xplore, adapt
57, 94,  101,  77,  86,  90, ! 57,  89,  65,  93,  89,  92,  90,|,1460,77,4,home_data_for_ml_course.csv
# likely, likely, likely, likely, likely, likely, likely, likely, likely, likely, likely, likely
# 20, 20, 20, 30, 30, 30, 40, 40, 40, 50, 50, 50
# xploit, xplore, adapt, xploit, xplore, adapt, xploit, xplore, adapt, xploit, xplore, adapt
59, 69,  72,  70,  67,  70,  76,  65,  67,  75, ! 59,  66,  68,|,53662,17,2,SS-N.csv
# likely, likely, likely, likely, likely, likely, likely, likely, likely, likely, likely, likely
# 20, 20, 20, 30, 30, 30, 40, 40, 40, 50, 50, 50
# xploit, xplore, adapt, xploit, xplore, adapt, xploit, xplore, adapt, xploit, xplore, adapt
1,! 0, ! 0, ! 0, ! 10, ! 0, ! 0, ! 0, ! 0, ! 0, ! 0, ! 10, ! 0,|,25000,64,1,Medical_Data_and_Hospital_Readmissions.csv
# likely, likely, likely, likely, likely, likely, likely, likely, likely, likely, likely, likely
# 20, 20, 20, 30, 30, 30, 40, 40, 40, 50, 50, 50
# xploit, xplore, adapt, xploit, xplore, adapt, xploit, xplore, adapt, xploit, xplore, adapt
21, 34,  39,  31, ! 21,  29,  42, ! 26, ! 18,  30, ! 18, ! 22, ! 20,|,10000,88,3,billing10k.csv
# likely, likely, likely, likely, likely, likely, likely, likely, likely, likely, likely, likely
# 20, 20, 20, 30, 30, 30, 40, 40, 40, 50, 50, 50
# xploit, xplore, adapt, xploit, xplore, adapt, xploit, xplore, adapt, xploit, xplore, adapt
41, 73,  82,  61,  61,  54,  106,  70,  85,  61,  86,  84, ! 41,|,17737,55,2,all_players.csv
# likely, likely, likely, likely, likely, likely, likely, likely, likely, likely, likely, likely
# 20, 20, 20, 30, 30, 30, 40, 40, 40, 50, 50, 50
# xploit, xplore, adapt, xploit, xplore, adapt, xploit, xplore, adapt, xploit, xplore, adapt
21,! 20,  33, ! 22, ! 20,  27,  25, ! 22, ! 18,  31, ! 22,  27,  28,|,1000,124,3,Scrum1k.csv
# likely, likely, likely, likely, likely, likely, likely, likely, likely, likely, likely, likely
# 20, 20, 20, 30, 30, 30, 40, 40, 40, 50, 50, 50
# xploit, xplore, adapt, xploit, xplore, adapt, xploit, xplore, adapt, xploit, xplore, adapt
23,! 24,  40,  34, ! 27,  31,  34,  29, ! 25, ! 22, ! 19, ! 21,  32,|,10000,124,3,Scrum10k.csv
# likely, likely, likely, likely, likely, likely, likely, likely, likely, likely, likely, likely
# 20, 20, 20, 30, 30, 30, 40, 40, 40, 50, 50, 50
# xploit, xplore, adapt, xploit, xplore, adapt, xploit, xplore, adapt, xploit, xplore, adapt
20,! 24,  32,  32, ! 22, ! 21,  29, ! 20,  31, ! 20, ! 18, ! 15, ! 16,|,10000,128,3,FFM-125-25-0.50-SAT-1.csv
# likely, likely, likely, likely, likely, likely, likely, likely, likely, likely, likely, likely
# 20, 20, 20, 30, 30, 30, 40, 40, 40, 50, 50, 50
# xploit, xplore, adapt, xploit, xplore, adapt, xploit, xplore, adapt, xploit, xplore, adapt
18, 28,  50,  39, ! 17,  35,  30,  23,  33,  33,  22, ! 19,  36,|,10000,256,3,FFM-250-50-0.50-SAT-1.csv
# likely, likely, likely, likely, likely, likely, likely, likely, likely, likely, likely, likely
# 20, 20, 20, 30, 30, 30, 40, 40, 40, 50, 50, 50
# xploit, xplore, adapt, xploit, xplore, adapt, xploit, xplore, adapt, xploit, xplore, adapt
37, 50,  54,  46,  44,  54,  49, ! 36, ! 32, ! 39, ! 36, ! 38, ! 38,|,100000,124,3,Scrum100k.csv
# likely, likely, likely, likely, likely, likely, likely, likely, likely, likely, likely, likely
# 20, 20, 20, 30, 30, 30, 40, 40, 40, 50, 50, 50
# xploit, xplore, adapt, xploit, xplore, adapt, xploit, xplore, adapt, xploit, xplore, adapt
9, 22,  51,  43,  17,  39,  44,  21,  35,  23, ! 9,  28,  28,|,10000,511,3,FM-500-100-1.00-SAT-1.csv
# likely, likely, likely, likely, likely, likely, likely, likely, likely, likely, likely, likely
# 20, 20, 20, 30, 30, 30, 40, 40, 40, 50, 50, 50
# xploit, xplore, adapt, xploit, xplore, adapt, xploit, xplore, adapt, xploit, xplore, adapt
10, 30,  50,  58,  29,  23,  32,  22,  31,  31, ! 10,  31,  36,|,10000,510,3,FFM-500-100-0.50-SAT-1.csv
# likely, likely, likely, likely, likely, likely, likely, likely, likely, likely, likely, likely
# 20, 20, 20, 30, 30, 30, 40, 40, 40, 50, 50, 50
# xploit, xplore, adapt, xploit, xplore, adapt, xploit, xplore, adapt, xploit, xplore, adapt
15, 29,  49,  54,  27,  38,  43,  24,  23,  47, ! 15,  43,  36,|,10000,513,3,FM-500-100-0.50-SAT-1.csv
# likely, likely, likely, likely, likely, likely, likely, likely, likely, likely, likely, likely
# 20, 20, 20, 30, 30, 30, 40, 40, 40, 50, 50, 50
# xploit, xplore, adapt, xploit, xplore, adapt, xploit, xplore, adapt, xploit, xplore, adapt
16, 30,  44,  45, ! 16,  41,  31,  26,  46,  33, ! 16,  41,  44,|,10000,511,3,FM-500-100-0.75-SAT-1.csv
# likely, likely, likely, likely, likely, likely, likely, likely, likely, likely, likely, likely
# 20, 20, 20, 30, 30, 30, 40, 40, 40, 50, 50, 50
# xploit, xplore, adapt, xploit, xplore, adapt, xploit, xplore, adapt, xploit, xplore, adapt
22, 42,  51,  50,  32,  38,  39,  33,  40,  35, ! 22,  45,  44,|,10000,517,3,FM-500-100-0.25-SAT-1.csv
# likely, likely, likely, likely, likely, likely, likely, likely, likely, likely, likely, likely
# 20, 20, 20, 30, 30, 30, 40, 40, 40, 50, 50, 50
# xploit, xplore, adapt, xploit, xplore, adapt, xploit, xplore, adapt, xploit, xplore, adapt
21, 31,  44,  41, ! 24,  40,  27, ! 23,  36,  53, ! 16,  34, ! 19,|,10000,1044,3,FFM-1000-200-0.50-SAT-1.csv
