# likely
# 120
# near
28,! 28,|,93,22,3,nasa93dem.csv
# likely
# 120
# near
33,! 33,|,247,22,2,wallpaper.csv
# likely
# 120
# near
33,! 33,|,398,4,3,auto93.csv
# likely
# 120
# near
99,! 99,|,913,20,2,dress-up.csv
# likely
# 120
# near
97,! 97,|,1121,14,2,accessories.csv
# likely
# 120
# near
34,! 34,|,223,10,3,A2C_Acrobot.csv
# likely
# 120
# near
80,! 80,|,317,7,4,A2C_CartPole.csv
# likely
# 120
# near
38,! 38,|,1599,10,2,Wine_quality.csv
# likely
# 120
# near
20,! 20,|,500,9,3,pom3d.csv
# likely
# 120
# near
19,! 19,|,5160,9,1,dataset120.csv
# likely
# 120
# near
9,! 9,|,5160,9,1,dataset600.csv
# likely
# 120
# near
33,! 33,|,10000,5,3,Health-Commits0010.csv
# likely
# 120
# near
22,! 22,|,10000,5,3,Health-Commits0007.csv
# likely
# 120
# near
43,! 43,|,10000,5,3,Health-Commits0003.csv
# likely
# 120
# near
73,! 73,|,10000,5,3,Health-Commits0004.csv
# likely
# 120
# near
33,! 33,|,10000,5,3,Health-Commits0009.csv
# likely
# 120
# near
0,! 0,|,10000,5,3,Health-Commits0011.csv
# likely
# 120
# near
50,! 50,|,10000,5,3,Health-Commits0006.csv
# likely
# 120
# near
18,! 18,|,10000,5,3,Health-Commits0005.csv
# likely
# 120
# near
48,! 48,|,10000,5,3,Health-Commits0008.csv
# likely
# 120
# near
64,! 64,|,10000,5,3,Health-Commits0002.csv
# likely
# 120
# near
63,! 63,|,205,38,5,Car_price_cleaned.csv
# likely
# 120
# near
3,! 3,|,10000,5,3,Health-Commits0001.csv
# likely
# 120
# near
17,! 17,|,10000,5,3,Health-Commits0000.csv
# likely
# 120
# near
0,! 0,|,10000,5,3,Health-ClosedPRs0011.csv
# likely
# 120
# near
48,! 48,|,10000,5,3,Health-ClosedPRs0010.csv
# likely
# 120
# near
53,! 53,|,1000,20,5,coc1000.csv
# likely
# 120
# near
38,! 38,|,10000,5,3,Health-ClosedPRs0009.csv
# likely
# 120
# near
0,! 0,|,350,20,1,socks.csv
# likely
# 120
# near
27,! 27,|,10000,5,3,Health-ClosedPRs0008.csv
# likely
# 120
# near
0,! 0,|,10000,5,3,Health-ClosedPRs0007.csv
# likely
# 120
# near
49,! 49,|,10000,5,3,Health-ClosedPRs0006.csv
# likely
# 120
# near
0,! 0,|,10000,5,3,Health-ClosedPRs0005.csv
# likely
# 120
# near
8,! 8,|,10000,5,3,Health-ClosedPRs0004.csv
# likely
# 120
# near
1,! 1,|,10000,5,3,Health-ClosedPRs0003.csv
# likely
# 120
# near
0,! 0,|,196,3,1,wc+wc-3d-c4-obj1.csv
# likely
# 120
# near
0,! 0,|,1152,16,1,X264_AllMeasurements.csv
# likely
# 120
# near
41,! 41,|,2938,20,2,Life_Expectancy_Data.csv
# likely
# 120
# near
0,! 0,|,196,3,1,wc+sol-3d-c4-obj1.csv
# likely
# 120
# near
0,! 0,|,10000,5,2,Health-ClosedPRs0000.csv
# likely
# 120
# near
0,! 0,|,10000,5,3,Health-ClosedIssues0011.csv
# likely
# 120
# near
23,! 23,|,10000,5,3,Health-ClosedIssues0008.csv
# likely
# 120
# near
51,! 51,|,10000,5,3,Health-ClosedIssues0009.csv
# likely
# 120
# near
82,! 82,|,10000,5,3,Health-ClosedIssues0010.csv
# likely
# 120
# near
21,! 21,|,10000,5,3,Health-ClosedIssues0006.csv
# likely
# 120
# near
0,! 0,|,10000,5,3,Health-ClosedPRs0002.csv
# likely
# 120
# near
72,! 72,|,10000,5,3,Health-ClosedIssues0007.csv
# likely
# 120
# near
38,! 38,|,10000,5,3,Health-ClosedIssues0005.csv
# likely
# 120
# near
70,! 70,|,10000,5,3,Health-ClosedIssues0004.csv
# likely
# 120
# near
0,! 0,|,196,3,1,wc+rs-3d-c4-obj1.csv
# likely
# 120
# near
23,! 23,|,10000,5,3,Health-ClosedIssues0003.csv
# likely
# 120
# near
20,! 20,|,7043,19,2,WA_Fn-UseC_-Telco-Customer-Churn.csv
# likely
# 120
# near
14,! 14,|,10000,5,3,Health-ClosedIssues0002.csv
# likely
# 120
# near
54,! 54,|,2205,31,8,Marketing_Analytics.csv
# likely
# 120
# near
61,! 61,|,10000,5,3,Health-ClosedIssues0001.csv
# likely
# 120
# near
17,! 17,|,10000,5,3,Health-ClosedIssues0000.csv
# likely
# 120
# near
15,! 15,|,972,11,2,SS-O.csv
# likely
# 120
# near
2,! 2,|,1023,11,2,SS-P.csv
# likely
# 120
# near
32,! 32,|,20000,9,3,pom3b.csv
# likely
# 120
# near
32,! 32,|,20000,9,3,pom3a.csv
# likely
# 120
# near
0,! 0,|,196,3,2,SS-G.csv
# likely
# 120
# near
53,! 53,|,20000,9,3,pom3c.csv
# likely
# 120
# near
0,! 0,|,864,17,3,SS-M.csv
# likely
# 120
# near
2,! 2,|,196,3,2,SS-F.csv
# likely
# 120
# near
0,! 0,|,259,4,2,SS-H.csv
# likely
# 120
# near
28,! 28,|,196,3,2,SS-D.csv
# likely
# 120
# near
0,! 0,|,2880,6,1,wc-6d-c1-obj1.csv
# likely
# 120
# near
19,! 19,|,3008,14,2,SS-R.csv
# likely
# 120
# near
0,! 0,|,206,3,2,SS-B.csv
# likely
# 120
# near
4,! 4,|,2736,13,3,SS-Q.csv
# likely
# 120
# near
2,! 2,|,756,3,2,SS-E.csv
# likely
# 120
# near
0,! 0,|,1080,5,2,SS-I.csv
# likely
# 120
# near
12,! 12,|,2880,6,2,SS-K.csv
# likely
# 120
# near
4,! 4,|,3840,6,2,SS-S.csv
# likely
# 120
# near
5,! 5,|,192,9,1,Apache_AllMeasurements.csv
# likely
# 120
# near
19,! 19,|,1512,3,2,SS-C.csv
# likely
# 120
# near
32,! 32,|,10000,25,4,xomo_osp2.csv
# likely
# 120
# near
1,! 1,|,5184,12,2,SS-T.csv
# likely
# 120
# near
2,! 2,|,4608,21,2,SS-U.csv
# likely
# 120
# near
3,! 3,|,1343,3,2,SS-A.csv
# likely
# 120
# near
3,! 3,|,3840,6,2,SS-J.csv
# likely
# 120
# near
10,! 10,|,6840,16,2,SS-V.csv
# likely
# 120
# near
14,! 14,|,10000,25,4,xomo_osp.csv
# likely
# 120
# near
16,! 16,|,10000,25,4,xomo_ground.csv
# likely
# 120
# near
0,! 0,|,1023,11,2,SS-L.csv
# likely
# 120
# near
10,! 10,|,10000,25,4,xomo_flight.csv
# likely
# 120
# near
0,! 0,|,3840,6,1,rs-6d-c3_obj2.csv
# likely
# 120
# near
0,! 0,|,3840,6,1,rs-6d-c3_obj1.csv
# likely
# 120
# near
12,! 12,|,81,26,1,player_statistics_cleaned_final.csv
# likely
# 120
# near
2,! 2,|,3456,14,1,HSMGP_num.csv
# likely
# 120
# near
94,! 94,|,1460,77,4,home_data_for_ml_course.csv
# likely
# 120
# near
6,! 6,|,2866,6,1,sol-6d-c2-obj1.csv
# likely
# 120
# near
32,! 32,|,10127,19,4,BankChurners.csv
# likely
# 120
# near
27,! 27,|,4653,38,1,SQL_AllMeasurements.csv
# likely
# 120
# near
0,! 0,|,649,33,1,student_dropout.csv
# likely
# 120
# near
27,! 27,|,1470,32,3,WA_Fn-UseC_-HR-Employee-Attrition.csv
# likely
# 120
# near
12,! 12,|,1000,124,3,Scrum1k.csv
# likely
# 120
# near
83,! 83,|,20000,31,5,Loan.csv
# likely
# 120
# near
91,! 91,|,21759,35,3,Data_COVID19_Indonesia.csv
# likely
# 120
# near
21,! 21,|,10000,88,3,billing10k.csv
# likely
# 120
# near
23,! 23,|,10000,124,3,Scrum10k.csv
# likely
# 120
# near
0,! 0,|,25000,64,1,Medical_Data_and_Hospital_Readmissions.csv
# likely
# 120
# near
13,! 13,|,10000,128,3,FFM-125-25-0.50-SAT-1.csv
# likely
# 120
# near
54,! 54,|,65536,16,2,SS-W.csv
# likely
# 120
# near
73,! 73,|,17737,55,2,all_players.csv
# likely
# 120
# near
14,! 14,|,10000,256,3,FFM-250-50-0.50-SAT-1.csv
# likely
# 120
# near
46,! 46,|,53662,17,2,SS-N.csv
# likely
# 120
# near
36,! 36,|,86058,11,2,SS-X.csv
# likely
# 120
# near
16,! 16,|,10000,511,3,FM-500-100-1.00-SAT-1.csv
# likely
# 120
# near
23,! 23,|,10000,511,3,FM-500-100-0.75-SAT-1.csv
# likely
# 120
# near
19,! 19,|,10000,510,3,FFM-500-100-0.50-SAT-1.csv
# likely
# 120
# near
16,! 16,|,10000,513,3,FM-500-100-0.50-SAT-1.csv
# likely
# 120
# near
28,! 28,|,10000,517,3,FM-500-100-0.25-SAT-1.csv
# likely
# 120
# near
32,! 32,|,100000,124,3,Scrum100k.csv
# likely
# 120
# near
17,! 17,|,10000,1044,3,FFM-1000-200-0.50-SAT-1.csv
