# likely
# 10
# near
33,! 33,|,247,22,2,wallpaper.csv
# likely
# 10
# near
17,! 17,|,93,22,3,nasa93dem.csv
# likely
# 10
# near
25,! 25,|,398,4,3,auto93.csv
# likely
# 10
# near
50,! 50,|,223,10,3,A2C_Acrobot.csv
# likely
# 10
# near
78,! 78,|,317,7,4,A2C_CartPole.csv
# likely
# 10
# near
48,! 48,|,500,9,3,pom3d.csv
# likely
# 10
# near
99,! 99,|,913,20,2,dress-up.csv
# likely
# 10
# near
97,! 97,|,1121,14,2,accessories.csv
# likely
# 10
# near
23,! 23,|,350,20,1,socks.csv
# likely
# 10
# near
77,! 77,|,205,38,5,Car_price_cleaned.csv
# likely
# 10
# near
71,! 71,|,1599,10,2,Wine_quality.csv
# likely
# 10
# near
40,! 40,|,1000,20,5,coc1000.csv
# likely
# 10
# near
15,! 15,|,5160,9,1,dataset120.csv
# likely
# 10
# near
0,! 0,|,5160,9,1,dataset600.csv
# likely
# 10
# near
65,! 65,|,10000,5,3,Health-Commits0002.csv
# likely
# 10
# near
41,! 41,|,10000,5,3,Health-Commits0007.csv
# likely
# 10
# near
38,! 38,|,10000,5,3,Health-Commits0009.csv
# likely
# 10
# near
54,! 54,|,10000,5,3,Health-Commits0006.csv
# likely
# 10
# near
39,! 39,|,10000,5,3,Health-Commits0010.csv
# likely
# 10
# near
79,! 79,|,10000,5,3,Health-Commits0008.csv
# likely
# 10
# near
75,! 75,|,10000,5,3,Health-Commits0003.csv
# likely
# 10
# near
74,! 74,|,10000,5,3,Health-Commits0004.csv
# likely
# 10
# near
36,! 36,|,10000,5,3,Health-Commits0005.csv
# likely
# 10
# near
6,! 6,|,10000,5,3,Health-Commits0011.csv
# likely
# 10
# near
0,! 0,|,10000,5,3,Health-ClosedPRs0011.csv
# likely
# 10
# near
33,! 33,|,10000,5,3,Health-Commits0000.csv
# likely
# 10
# near
17,! 17,|,10000,5,3,Health-Commits0001.csv
# likely
# 10
# near
78,! 78,|,10000,5,3,Health-ClosedPRs0009.csv
# likely
# 10
# near
65,! 65,|,2205,31,8,Marketing_Analytics.csv
# likely
# 10
# near
80,! 80,|,10000,5,3,Health-ClosedPRs0010.csv
# likely
# 10
# near
100,! 100,|,10000,5,3,Health-ClosedPRs0006.csv
# likely
# 10
# near
78,! 78,|,10000,5,3,Health-ClosedPRs0008.csv
# likely
# 10
# near
5,! 5,|,10000,5,3,Health-ClosedPRs0007.csv
# likely
# 10
# near
14,! 14,|,10000,5,3,Health-ClosedPRs0005.csv
# likely
# 10
# near
13,! 13,|,196,3,1,wc+wc-3d-c4-obj1.csv
# likely
# 10
# near
9,! 9,|,196,3,1,wc+sol-3d-c4-obj1.csv
# likely
# 10
# near
0,! 0,|,10000,5,3,Health-ClosedPRs0004.csv
# likely
# 10
# near
8,! 8,|,196,3,1,wc+rs-3d-c4-obj1.csv
# likely
# 10
# near
7,! 7,|,1152,16,1,X264_AllMeasurements.csv
# likely
# 10
# near
1,! 1,|,10000,5,3,Health-ClosedPRs0003.csv
# likely
# 10
# near
0,! 0,|,10000,5,3,Health-ClosedPRs0002.csv
# likely
# 10
# near
9,! 9,|,2880,6,1,wc-6d-c1-obj1.csv
# likely
# 10
# near
0,! 0,|,10000,5,2,Health-ClosedPRs0000.csv
# likely
# 10
# near
79,! 79,|,2938,20,2,Life_Expectancy_Data.csv
# likely
# 10
# near
0,! 0,|,10000,5,3,Health-ClosedIssues0011.csv
# likely
# 10
# near
26,! 26,|,4608,21,2,SS-U.csv
# likely
# 10
# near
20,! 20,|,7043,19,2,WA_Fn-UseC_-Telco-Customer-Churn.csv
# likely
# 10
# near
26,! 26,|,1023,11,2,SS-P.csv
# likely
# 10
# near
48,! 48,|,6840,16,2,SS-V.csv
# likely
# 10
# near
10,! 10,|,3840,6,2,SS-S.csv
# likely
# 10
# near
77,! 77,|,10000,5,3,Health-ClosedIssues0009.csv
# likely
# 10
# near
84,! 84,|,10000,5,3,Health-ClosedIssues0004.csv
# likely
# 10
# near
47,! 47,|,10000,5,3,Health-ClosedIssues0005.csv
# likely
# 10
# near
36,! 36,|,10000,5,3,Health-ClosedIssues0006.csv
# likely
# 10
# near
21,! 21,|,2736,13,3,SS-Q.csv
# likely
# 10
# near
41,! 41,|,972,11,2,SS-O.csv
# likely
# 10
# near
88,! 88,|,10000,5,3,Health-ClosedIssues0010.csv
# likely
# 10
# near
34,! 34,|,3008,14,2,SS-R.csv
# likely
# 10
# near
43,! 43,|,10000,5,3,Health-ClosedIssues0008.csv
# likely
# 10
# near
6,! 6,|,259,4,2,SS-H.csv
# likely
# 10
# near
62,! 62,|,10000,5,3,Health-ClosedIssues0001.csv
# likely
# 10
# near
0,! 0,|,864,17,3,SS-M.csv
# likely
# 10
# near
95,! 95,|,10000,5,3,Health-ClosedIssues0007.csv
# likely
# 10
# near
27,! 27,|,10000,5,3,Health-ClosedIssues0002.csv
# likely
# 10
# near
59,! 59,|,196,3,2,SS-F.csv
# likely
# 10
# near
66,! 66,|,196,3,2,SS-D.csv
# likely
# 10
# near
22,! 22,|,5184,12,2,SS-T.csv
# likely
# 10
# near
50,! 50,|,196,3,2,SS-G.csv
# likely
# 10
# near
49,! 49,|,10000,5,3,Health-ClosedIssues0003.csv
# likely
# 10
# near
2,! 2,|,206,3,2,SS-B.csv
# likely
# 10
# near
31,! 31,|,10000,5,3,Health-ClosedIssues0000.csv
# likely
# 10
# near
48,! 48,|,756,3,2,SS-E.csv
# likely
# 10
# near
7,! 7,|,192,9,1,Apache_AllMeasurements.csv
# likely
# 10
# near
66,! 66,|,1080,5,2,SS-I.csv
# likely
# 10
# near
27,! 27,|,1023,11,2,SS-L.csv
# likely
# 10
# near
45,! 45,|,1343,3,2,SS-A.csv
# likely
# 10
# near
22,! 22,|,1512,3,2,SS-C.csv
# likely
# 10
# near
94,! 94,|,1460,77,4,home_data_for_ml_course.csv
# likely
# 10
# near
32,! 32,|,2880,6,2,SS-K.csv
# likely
# 10
# near
8,! 8,|,2866,6,1,sol-6d-c2-obj1.csv
# likely
# 10
# near
56,! 56,|,3840,6,2,SS-J.csv
# likely
# 10
# near
0,! 0,|,3840,6,1,rs-6d-c3_obj2.csv
# likely
# 10
# near
11,! 11,|,3456,14,1,HSMGP_num.csv
# likely
# 10
# near
6,! 6,|,3840,6,1,rs-6d-c3_obj1.csv
# likely
# 10
# near
32,! 32,|,81,26,1,player_statistics_cleaned_final.csv
# likely
# 10
# near
46,! 46,|,1000,124,3,Scrum1k.csv
# likely
# 10
# near
82,! 82,|,649,33,1,student_dropout.csv
# likely
# 10
# near
46,! 46,|,4653,38,1,SQL_AllMeasurements.csv
# likely
# 10
# near
54,! 54,|,20000,9,3,pom3b.csv
# likely
# 10
# near
36,! 36,|,1470,32,3,WA_Fn-UseC_-HR-Employee-Attrition.csv
# likely
# 10
# near
61,! 61,|,20000,9,3,pom3c.csv
# likely
# 10
# near
56,! 56,|,20000,9,3,pom3a.csv
# likely
# 10
# near
42,! 42,|,10000,25,4,xomo_ground.csv
# likely
# 10
# near
37,! 37,|,10000,25,4,xomo_osp.csv
# likely
# 10
# near
72,! 72,|,10127,19,4,BankChurners.csv
# likely
# 10
# near
36,! 36,|,10000,25,4,xomo_flight.csv
# likely
# 10
# near
72,! 72,|,10000,25,4,xomo_osp2.csv
# likely
# 10
# near
46,! 46,|,10000,88,3,billing10k.csv
# likely
# 10
# near
35,! 35,|,10000,124,3,Scrum10k.csv
# likely
# 10
# near
34,! 34,|,10000,128,3,FFM-125-25-0.50-SAT-1.csv
# likely
# 10
# near
62,! 62,|,65536,16,2,SS-W.csv
# likely
# 10
# near
69,! 69,|,86058,11,2,SS-X.csv
# likely
# 10
# near
83,! 83,|,20000,31,5,Loan.csv
# likely
# 10
# near
104,! 104,|,21759,35,3,Data_COVID19_Indonesia.csv
# likely
# 10
# near
0,! 0,|,25000,64,1,Medical_Data_and_Hospital_Readmissions.csv
# likely
# 10
# near
54,! 54,|,10000,256,3,FFM-250-50-0.50-SAT-1.csv
# likely
# 10
# near
73,! 73,|,17737,55,2,all_players.csv
# likely
# 10
# near
76,! 76,|,53662,17,2,SS-N.csv
# likely
# 10
# near
49,! 49,|,10000,511,3,FM-500-100-0.75-SAT-1.csv
# likely
# 10
# near
38,! 38,|,10000,511,3,FM-500-100-1.00-SAT-1.csv
# likely
# 10
# near
46,! 46,|,10000,513,3,FM-500-100-0.50-SAT-1.csv
# likely
# 10
# near
46,! 46,|,10000,517,3,FM-500-100-0.25-SAT-1.csv
# likely
# 10
# near
38,! 38,|,10000,510,3,FFM-500-100-0.50-SAT-1.csv
# likely
# 10
# near
44,! 44,|,10000,1044,3,FFM-1000-200-0.50-SAT-1.csv
# likely
# 10
# near
61,! 61,|,100000,124,3,Scrum100k.csv
