date : April/04/2024 14:47:21,
file : ../data/healthClosedIssues12mths0001.csv,
repeats  : 20,
seed : 31210,
rows : 10000,
cols : 8,
best : 0.16,
tiny : 0.05
#base #SNEAK #2rrp #rrp #b6 #bonr6 #rand6 #b12 #bonr12 #rand12 #b25 #bonr25 #rand25 #b50 #bonr50 #rand50 #rand100 #rand200 #rand400 #rand800 
#report20
#
 0,             rand,800,  0.31,  0.09,    ----*            |                   ,  0.16,  0.90
#
 1,             rand,400,  0.35,  0.08,       ---*          |                   ,  0.16,  0.90
 1,             rand,200,  0.35,  0.07,        ---*         |                   ,  0.16,  0.90
#
 2,            SNEAK,100,  0.40,  0.00,             *       |                   ,  0.16,  0.90
 2,             rand,100,  0.40,  0.02,            -*       |                   ,  0.16,  0.90
 2,              rand,50,  0.40,  0.03,             *       |                   ,  0.16,  0.90
 2,              bonr,25,  0.41,  0.05,            --*      |                   ,  0.16,  0.90
 2,                 b,50,  0.41,  0.03,             -*      |                   ,  0.16,  0.90
#
 3,              rand,25,  0.41,  0.03,             -*      |                   ,  0.16,  0.90
 3,              bonr,50,  0.42,  0.02,              *      |                   ,  0.16,  0.90
 3,                 b,25,  0.42,  0.07,           ---*      |                   ,  0.16,  0.90
 3,              rand,12,  0.42,  0.04,             --*     |                   ,  0.16,  0.90
#
 4,               bonr,6,  0.43,  0.02,              -*     |                   ,  0.16,  0.90
 4,              bonr,12,  0.43,  0.02,              -*     |                   ,  0.16,  0.90
 4,                 b,12,  0.43,  0.02,              -*     |                   ,  0.16,  0.90
#
 5,                rrp,7,  0.43,  0.05,             --*     |                   ,  0.16,  0.90
 5,              2rrp,14,  0.44,  0.05,             --*     |                   ,  0.16,  0.90
 5,                  b,6,  0.44,  0.02,               *     |                   ,  0.16,  0.90
 5,               rand,6,  0.44,  0.01,               -*    |                   ,  0.16,  0.90
#
 6,           base,10000,  0.46,  0.25,                -*---|-------            ,  0.16,  0.90
