date : April/04/2024 12:39:41,
file : ../data/pom3b.csv,
repeats  : 20,
seed : 31210,
rows : 500,
cols : 12,
best : 0.0,
tiny : 0.05
#base #SNEAK #2rrp #rrp #b6 #bonr6 #rand6 #b12 #bonr12 #rand12 #b25 #bonr25 #rand25 #b50 #bonr50 #rand50 #rand100 #rand200 #rand400 
#report19
#
 0,             rand,400,  0.00,  0.00, *                   |                   ,  0.00,  0.63
#
 1,             rand,200,  0.03,  0.04, -*                  |                   ,  0.00,  0.63
 1,             rand,100,  0.04,  0.04,  -*                 |                   ,  0.00,  0.63
#
 2,                 b,25,  0.06,  0.05,    *--              |                   ,  0.00,  0.63
 2,                 b,50,  0.06,  0.07,   -*--              |                   ,  0.00,  0.63
 2,              rand,50,  0.09,  0.07,    --*-             |                   ,  0.00,  0.63
 2,              bonr,25,  0.09,  0.09,    ---*-            |                   ,  0.00,  0.63
#
 3,              bonr,50,  0.09,  0.06,    ---*             |                   ,  0.00,  0.63
 3,              rand,25,  0.10,  0.09,    ---*--           |                   ,  0.00,  0.63
#
 4,              rand,12,  0.12,  0.14,      --*------      |                   ,  0.00,  0.63
 4,                 b,12,  0.14,  0.09,       --*--         |                   ,  0.00,  0.63
#
 5,                  b,6,  0.17,  0.12,         --*-----    |                   ,  0.00,  0.63
 5,               rand,6,  0.17,  0.08,         --*--       |                   ,  0.00,  0.63
 5,             SNEAK,22,  0.17,  0.00,           *         |                   ,  0.00,  0.63
 5,              bonr,12,  0.17,  0.13,       -----*--      |                   ,  0.00,  0.63
 5,                rrp,5,  0.17,  0.14,          --*------  |                   ,  0.00,  0.63
 5,               2rrp,9,  0.20,  0.09,         ----*       |                   ,  0.00,  0.63
#
 6,               bonr,6,  0.20,  0.15,          ---*-----  |                   ,  0.00,  0.63
#
 7,             base,500,  0.40,  0.20,                   --|----*----          ,  0.00,  0.63
