date : April/04/2024 13:04:19,
file : ../data/xomo_ground.csv,
repeats  : 20,
seed : 31210,
rows : 10000,
cols : 31,
best : 0.01,
tiny : 0.03
#base #SNEAK #2rrp #rrp #b6 #bonr6 #rand6 #b12 #bonr12 #rand12 #b25 #bonr25 #rand25 #b50 #bonr50 #rand50 #rand100 #rand200 #rand400 #rand800 
#report20
#
 0,             rand,800,  0.03,  0.01,  -*                 |                   ,  0.01,  0.43
 0,             rand,400,  0.04,  0.01,   -*                |                   ,  0.01,  0.43
#
 1,             rand,200,  0.06,  0.02,    --*              |                   ,  0.01,  0.43
#
 2,                 b,50,  0.07,  0.05,    --*-             |                   ,  0.01,  0.43
 2,             rand,100,  0.07,  0.02,      *-             |                   ,  0.01,  0.43
 2,              bonr,50,  0.07,  0.04,     -*--            |                   ,  0.01,  0.43
#
 3,              rand,50,  0.08,  0.02,      -*             |                   ,  0.01,  0.43
 3,                 b,25,  0.08,  0.06,      -*----         |                   ,  0.01,  0.43
 3,              bonr,25,  0.08,  0.05,      -*---          |                   ,  0.01,  0.43
#
 4,              bonr,12,  0.10,  0.04,       --*--         |                   ,  0.01,  0.43
 4,            SNEAK,100,  0.10,  0.00,         *           |                   ,  0.01,  0.43
#
 5,                 b,12,  0.10,  0.05,      ---*-          |                   ,  0.01,  0.43
 5,              rand,25,  0.11,  0.05,       ---*          |                   ,  0.01,  0.43
 5,              2rrp,14,  0.12,  0.08,       ----*--       |                   ,  0.01,  0.43
#
 6,              rand,12,  0.12,  0.07,        ---*---      |                   ,  0.01,  0.43
 6,                rrp,7,  0.12,  0.06,         ---*-       |                   ,  0.01,  0.43
 6,                  b,6,  0.14,  0.06,          ---*--     |                   ,  0.01,  0.43
 6,               bonr,6,  0.15,  0.06,            --*---   |                   ,  0.01,  0.43
 6,               rand,6,  0.16,  0.08,          ----*---   |                   ,  0.01,  0.43
#
 7,           base,10000,  0.26,  0.11,                   --|--*----            ,  0.01,  0.43
