date : March/03/2024 21:11:01,
file : ../data/auto93.csv,
repeats  : 20,
seed : 31210,
rows : 398,
cols : 8,
best : 0.17,
tiny : 0.06
#base #2rrp #rrp #b6 #2b6 #bonr6 #rand6 #b12 #2b12 #bonr12 #rand12 #b25 #2b25 #bonr25 #rand25 #b50 #2b50 #bonr50 #rand50 #rand100 #rand200 
#report21
#
 0,             rand,200,  0.17,  0.03, *                   |                   ,  0.17,  0.85
#
 1,             rand,100,  0.19,  0.03, -*                  |                   ,  0.17,  0.85
#
 2,                 b,50,  0.20,  0.08, -*--                |                   ,  0.17,  0.85
 2,                2b,25,  0.24,  0.09, ----*               |                   ,  0.17,  0.85
 2,              rand,25,  0.26,  0.12,  ----*--            |                   ,  0.17,  0.85
 2,              rand,50,  0.26,  0.08,  ----*              |                   ,  0.17,  0.85
#
 3,              rand,12,  0.27,  0.16,  ----*----          |                   ,  0.17,  0.85
 3,                 b,25,  0.27,  0.14, -----*--            |                   ,  0.17,  0.85
#
 4,                2b,50,  0.27,  0.11,  -----*-            |                   ,  0.17,  0.85
 4,               2rrp,9,  0.28,  0.07,      -*--           |                   ,  0.17,  0.85
#
 5,                 b,12,  0.31,  0.13,       --*----       |                   ,  0.17,  0.85
 5,                rrp,5,  0.33,  0.13,      ----*--        |                   ,  0.17,  0.85
 5,                2b,12,  0.33,  0.12,       ---*---       |                   ,  0.17,  0.85
 5,              bonr,12,  0.33,  0.11,        --*----      |                   ,  0.17,  0.85
 5,              bonr,50,  0.34,  0.09,        ---*-        |                   ,  0.17,  0.85
#
 6,                 2b,6,  0.36,  0.14,       -----*--      |                   ,  0.17,  0.85
 6,              bonr,25,  0.36,  0.12,        ----*--      |                   ,  0.17,  0.85
 6,               bonr,6,  0.38,  0.09,          ---*-      |                   ,  0.17,  0.85
 6,                  b,6,  0.38,  0.11,          ---*--     |                   ,  0.17,  0.85
#
 7,               rand,6,  0.39,  0.11,           ---*--    |                   ,  0.17,  0.85
#
 8,             base,398,  0.55,  0.19,                -----|-*---              ,  0.17,  0.85
