date : February/02/2024 10:17:46,
file : ../data/coc1000.csv,
repeats  : 20,
seed : 31210,
rows : 1000,
cols : 25,
best : 0.13,
tiny : 0.04
#base #2rrp #rrp #b6 #2b6 #bonr6 #rand6 #b9 #2b9 #bonr9 #rand9 #b15 #2b15 #bonr15 #rand15 #b20 #2b20 #bonr20 #rand20 #b30 #2b30 #bonr30 #rand30 #b32 #2b32 #bonr32 #rand32 #b50 #2b50 #bonr50 #rand50 #rand250 #rand900 
#report33
#
 0,             rand,900,  0.13,  0.00, *                   |                   ,  0.13,  0.78
#
 1,             rand,250,  0.16,  0.02,  *-                 |                   ,  0.13,  0.78
#
 2,                2b,50,  0.19,  0.05,  --*                |                   ,  0.13,  0.78
 2,              bonr,50,  0.19,  0.07,   -*---             |                   ,  0.13,  0.78
 2,              rand,50,  0.19,  0.04,   -*-               |                   ,  0.13,  0.78
#
 3,              bonr,32,  0.20,  0.06,    -*--             |                   ,  0.13,  0.78
 3,                 b,50,  0.21,  0.07,    --*--            |                   ,  0.13,  0.78
#
 4,              rand,30,  0.22,  0.08,     -*---           |                   ,  0.13,  0.78
 4,                2b,30,  0.22,  0.08,    --*--            |                   ,  0.13,  0.78
 4,                 b,32,  0.23,  0.07,     --*--           |                   ,  0.13,  0.78
 4,                2b,32,  0.24,  0.06,     --*-            |                   ,  0.13,  0.78
 4,                 b,30,  0.25,  0.07,     ---*            |                   ,  0.13,  0.78
 4,              rand,32,  0.25,  0.05,      --*            |                   ,  0.13,  0.78
 4,                 b,20,  0.26,  0.10,     ----*-          |                   ,  0.13,  0.78
 4,                 b,15,  0.26,  0.08,      ---*-          |                   ,  0.13,  0.78
 4,                2b,20,  0.26,  0.06,       --*-          |                   ,  0.13,  0.78
 4,              bonr,20,  0.26,  0.10,       --*---        |                   ,  0.13,  0.78
 4,              bonr,30,  0.27,  0.08,     ----*           |                   ,  0.13,  0.78
 4,                 2b,9,  0.28,  0.12,      ----*--        |                   ,  0.13,  0.78
 4,                2b,15,  0.28,  0.07,       ---*          |                   ,  0.13,  0.78
#
 5,                  b,9,  0.28,  0.10,        --*---       |                   ,  0.13,  0.78
 5,               bonr,9,  0.29,  0.13,         -*------    |                   ,  0.13,  0.78
 5,              bonr,15,  0.29,  0.15,     -----*----      |                   ,  0.13,  0.78
 5,              rand,15,  0.29,  0.08,       ---*-         |                   ,  0.13,  0.78
 5,              rand,20,  0.30,  0.05,         --*         |                   ,  0.13,  0.78
 5,               rand,9,  0.31,  0.18,       ----*------   |                   ,  0.13,  0.78
#
 6,               rand,6,  0.32,  0.15,         ---*-----   |                   ,  0.13,  0.78
 6,              2rrp,10,  0.33,  0.14,         ----*---    |                   ,  0.13,  0.78
 6,                rrp,5,  0.36,  0.08,           ---*-     |                   ,  0.13,  0.78
 6,                 2b,6,  0.36,  0.13,          -----*--   |                   ,  0.13,  0.78
#
 7,               bonr,6,  0.39,  0.14,            ----*----|                   ,  0.13,  0.78
 7,                  b,6,  0.40,  0.08,              ---*-  |                   ,  0.13,  0.78
#
 8,            base,1000,  0.46,  0.15,                -----*---                ,  0.13,  0.78
