date : March/03/2024 21:11:02,
file : ../data/healthCloseIsses12mths0001-hard.csv,
repeats  : 20,
seed : 31210,
rows : 10000,
cols : 8,
best : 0.16,
tiny : 0.05
#base #2rrp #rrp #b6 #2b6 #bonr6 #rand6 #b12 #2b12 #bonr12 #rand12 #b25 #2b25 #bonr25 #rand25 #b50 #2b50 #bonr50 #rand50 #rand100 #rand200 #rand400 #rand800 
#report23
#
 0,             rand,800,  0.32,  0.06,       --*           |                   ,  0.16,  0.90
 0,             rand,400,  0.34,  0.05,        --*          |                   ,  0.16,  0.90
#
 1,             rand,200,  0.36,  0.05,          -*-        |                   ,  0.16,  0.90
 1,             rand,100,  0.38,  0.05,           -*-       |                   ,  0.16,  0.90
#
 2,              rand,50,  0.40,  0.04,            -*       |                   ,  0.16,  0.90
 2,                 b,50,  0.40,  0.04,            -*       |                   ,  0.16,  0.90
#
 3,              rand,25,  0.41,  0.05,            --*      |                   ,  0.16,  0.90
 3,              bonr,50,  0.41,  0.05,            --*      |                   ,  0.16,  0.90
 3,                 b,12,  0.41,  0.07,           ---*      |                   ,  0.16,  0.90
#
 4,                2b,25,  0.41,  0.02,              *      |                   ,  0.16,  0.90
 4,              bonr,25,  0.42,  0.02,              *      |                   ,  0.16,  0.90
 4,                 b,25,  0.42,  0.03,             -*      |                   ,  0.16,  0.90
 4,                2b,50,  0.42,  0.01,              -*     |                   ,  0.16,  0.90
 4,                2b,12,  0.43,  0.02,              -*     |                   ,  0.16,  0.90
#
 5,              2rrp,14,  0.43,  0.06,             --*     |                   ,  0.16,  0.90
 5,              rand,12,  0.43,  0.03,              -*     |                   ,  0.16,  0.90
 5,                rrp,7,  0.43,  0.02,              -*     |                   ,  0.16,  0.90
 5,              bonr,12,  0.43,  0.02,              -*     |                   ,  0.16,  0.90
 5,               bonr,6,  0.43,  0.03,              -*     |                   ,  0.16,  0.90
 5,               rand,6,  0.44,  0.01,               *     |                   ,  0.16,  0.90
 5,                  b,6,  0.44,  0.02,               *     |                   ,  0.16,  0.90
 5,                 2b,6,  0.44,  0.02,               -*    |                   ,  0.16,  0.90
#
 6,           base,10000,  0.46,  0.25,                -*---|-------            ,  0.16,  0.90
