
ez: ai can be easy, let me show you how   
(c) 2023, Tim Menzies, <timm@ieee.org>, BSD-2  
  
USAGE:    
1. download ez.py, etc.py, eg.py    
2. python3 eg.py [OPTIONS]   
  
OPTIONS:  

     -a --adequate    good if over adequate*best = .1
     -A --ample       only want this many rules  = 20
     -b --budget0     initial evals              = 4  
     -B --Budget      subsequent evals           = 5   
     -c --cohen       small effect size          = .35  
     -C --confidence  statistical confidence     = .05
     -e --effectSize  non-parametric small delta = 0.2385
     -E --Experiments number of Bootstraps       = 256
     -f --file        csv data file name         = '../data/auto93.csv'  
     -F --Far         far search outlier control = .95 
     -h --help        print help                 = false
     -H --Half        #items for far search      = 256
     -k --k           rare class  kludge         = 1  
     -m --m           rare attribute  kludge     = 2  
     -M --Min         min size is N**Min         = .5
     -p --p           distance coefficient       = 2
     -r --ranges      max number of bins         = 16
     -R --Repeats     max number of bins         = 20
     -s --seed        random number seed         = 31210 
     -S --score       support exponent for range = 2  
     -t --todo        start up action            = 'help'   
     -T --Top         best section               = .5 
     -u --upper       in SMO, keep upper ratio   = .8  

