date : June/06/2024 16:51:55,
file : ../data/pom.csv,
repeats  : 20,
seed : 31210,
rows : 10000,
cols : 13,
best : 0.04,
tiny : 0.04
#base #2rrp #rrp #b10 #bonr10 #rand10 #b20 #bonr20 #rand20 #b30 #bonr30 #rand30 #b40 #bonr40 #rand40 #b50 #bonr50 #rand50 #b60 #bonr60 #rand60 #b70 #bonr70 #rand70 #b80 #bonr80 #rand80 
#report27
#
 0,              rand,70,  0.08,  0.04,  ---*               |                   ,  0.04,  0.51
 0,                 b,60,  0.09,  0.06,  ---*-              |                   ,  0.04,  0.51
 0,              rand,60,  0.10,  0.04,    --*              |                   ,  0.04,  0.51
#
 1,              rand,80,  0.10,  0.04,    --*              |                   ,  0.04,  0.51
 1,              bonr,80,  0.10,  0.05,     -*-             |                   ,  0.04,  0.51
 1,                 b,80,  0.10,  0.04,    --*              |                   ,  0.04,  0.51
 1,                 b,70,  0.10,  0.04,    --*-             |                   ,  0.04,  0.51
 1,              rand,40,  0.10,  0.04,     -*-             |                   ,  0.04,  0.51
 1,              rand,50,  0.11,  0.04,     -*-             |                   ,  0.04,  0.51
#
 2,                 b,30,  0.11,  0.06,     -*----          |                   ,  0.04,  0.51
 2,              bonr,60,  0.11,  0.04,    --*-             |                   ,  0.04,  0.51
 2,                 b,40,  0.11,  0.05,     --*-            |                   ,  0.04,  0.51
 2,              rand,30,  0.11,  0.06,    ---*-            |                   ,  0.04,  0.51
 2,                 b,50,  0.11,  0.03,     --*             |                   ,  0.04,  0.51
 2,              bonr,30,  0.11,  0.03,      -*-            |                   ,  0.04,  0.51
 2,              bonr,70,  0.11,  0.05,     --*-            |                   ,  0.04,  0.51
 2,              bonr,40,  0.12,  0.04,      -*--           |                   ,  0.04,  0.51
#
 3,                 b,20,  0.12,  0.04,      --*            |                   ,  0.04,  0.51
 3,              bonr,50,  0.13,  0.04,      --*            |                   ,  0.04,  0.51
 3,              bonr,20,  0.13,  0.06,      --*--          |                   ,  0.04,  0.51
 3,              rand,10,  0.14,  0.07,       --*--         |                   ,  0.04,  0.51
#
 4,              rand,20,  0.14,  0.05,       --*-          |                   ,  0.04,  0.51
 4,              2rrp,17,  0.14,  0.05,       --*--         |                   ,  0.04,  0.51
 4,                 b,10,  0.15,  0.08,        --*----      |                   ,  0.04,  0.51
#
 5,              bonr,10,  0.15,  0.07,         --*---      |                   ,  0.04,  0.51
 5,                rrp,7,  0.15,  0.05,         --*-        |                   ,  0.04,  0.51
#
 6,           base,10000,  0.29,  0.17,               ------|*-------           ,  0.04,  0.51
