date : June/06/2024 19:23:04,
file : ../data/pom3c.csv,
repeats  : 20,
seed : 31210,
rows : 500,
cols : 12,
best : 0.15,
tiny : 0.05
#base #2rrp #rrp #b10 #bonr10 #rand10 #b20 #bonr20 #rand20 #b30 #bonr30 #rand30 #b40 #bonr40 #rand40 #b50 #bonr50 #rand50 #b60 #bonr60 #rand60 #b70 #bonr70 #rand70 #b80 #bonr80 #rand80 
#report27
#
 0,              rand,60,  0.28,  0.08,      ---*-          |                   ,  0.15,  0.78
 0,              rand,80,  0.28,  0.03,        -*           |                   ,  0.15,  0.78
#
 1,              rand,30,  0.28,  0.06,        -*-          |                   ,  0.15,  0.78
 1,                 b,50,  0.28,  0.07,        -*--         |                   ,  0.15,  0.78
 1,              rand,50,  0.28,  0.05,        -*-          |                   ,  0.15,  0.78
#
 2,              rand,70,  0.28,  0.06,        -*-          |                   ,  0.15,  0.78
 2,              bonr,20,  0.29,  0.08,        -*---        |                   ,  0.15,  0.78
 2,                 b,80,  0.29,  0.06,        -*--         |                   ,  0.15,  0.78
 2,                 b,30,  0.30,  0.07,        --*--        |                   ,  0.15,  0.78
 2,              rand,40,  0.30,  0.11,      ----*-         |                   ,  0.15,  0.78
 2,              bonr,50,  0.30,  0.09,         -*----      |                   ,  0.15,  0.78
 2,                 b,70,  0.30,  0.07,         -*--        |                   ,  0.15,  0.78
 2,                 b,20,  0.31,  0.06,        ---*         |                   ,  0.15,  0.78
 2,              bonr,40,  0.31,  0.08,         --*--       |                   ,  0.15,  0.78
#
 3,                 b,60,  0.31,  0.07,        ---*-        |                   ,  0.15,  0.78
 3,                 b,40,  0.32,  0.10,         --*---      |                   ,  0.15,  0.78
 3,              bonr,60,  0.33,  0.07,         ---*-       |                   ,  0.15,  0.78
 3,              bonr,30,  0.33,  0.13,      ------*-       |                   ,  0.15,  0.78
 3,              bonr,80,  0.35,  0.08,          ---*-      |                   ,  0.15,  0.78
#
 4,              bonr,70,  0.35,  0.08,          ---*-      |                   ,  0.15,  0.78
 4,                 b,10,  0.35,  0.06,           --*-      |                   ,  0.15,  0.78
 4,              rand,10,  0.36,  0.07,            --*-     |                   ,  0.15,  0.78
 4,                rrp,5,  0.36,  0.06,             -*--    |                   ,  0.15,  0.78
 4,              rand,20,  0.36,  0.11,         -----*-     |                   ,  0.15,  0.78
 4,              2rrp,12,  0.38,  0.03,              -*     |                   ,  0.15,  0.78
#
 5,              bonr,10,  0.38,  0.13,           ----*---  |                   ,  0.15,  0.78
#
 6,             base,500,  0.58,  0.18,                     |------*----        ,  0.15,  0.78
