date : June/06/2024 19:23:04,
file : ../data/pom3a.csv,
repeats  : 20,
seed : 31210,
rows : 500,
cols : 12,
best : 0.07,
tiny : 0.06
#base #2rrp #rrp #b10 #bonr10 #rand10 #b20 #bonr20 #rand20 #b30 #bonr30 #rand30 #b40 #bonr40 #rand40 #b50 #bonr50 #rand50 #b60 #bonr60 #rand60 #b70 #bonr70 #rand70 #b80 #bonr80 #rand80 
#report27
#
 0,              rand,80,  0.08,  0.08, *---                |                   ,  0.07,  0.75
 0,              rand,70,  0.10,  0.08, -*--                |                   ,  0.07,  0.75
 0,                 b,20,  0.12,  0.18, ---*------          |                   ,  0.07,  0.75
 0,              rand,40,  0.15,  0.11, ----*-              |                   ,  0.07,  0.75
 0,              rand,60,  0.15,  0.13, ----*--             |                   ,  0.07,  0.75
 0,                 b,70,  0.16,  0.13,  ----*---           |                   ,  0.07,  0.75
#
 1,              rand,50,  0.18,  0.10,  -----*             |                   ,  0.07,  0.75
 1,              bonr,20,  0.18,  0.18,  -----*-----        |                   ,  0.07,  0.75
 1,                 b,30,  0.18,  0.12,  -----*-            |                   ,  0.07,  0.75
 1,              bonr,40,  0.18,  0.09,     --*---          |                   ,  0.07,  0.75
 1,              rand,30,  0.19,  0.12,    ----*--          |                   ,  0.07,  0.75
 1,                 b,40,  0.19,  0.16, -------*-           |                   ,  0.07,  0.75
 1,              bonr,50,  0.19,  0.08,      --*-           |                   ,  0.07,  0.75
 1,              bonr,80,  0.19,  0.09,     ---*--          |                   ,  0.07,  0.75
#
 2,              bonr,30,  0.20,  0.08,      --*-           |                   ,  0.07,  0.75
 2,                 b,80,  0.20,  0.11,    ----*-           |                   ,  0.07,  0.75
 2,                 b,50,  0.20,  0.14,  ------*--          |                   ,  0.07,  0.75
 2,              bonr,70,  0.22,  0.08,       --*--         |                   ,  0.07,  0.75
 2,                 b,60,  0.22,  0.21,    ------*-----     |                   ,  0.07,  0.75
 2,              rand,20,  0.22,  0.06,       ---*          |                   ,  0.07,  0.75
 2,              bonr,60,  0.24,  0.13,     -----*--        |                   ,  0.07,  0.75
#
 3,              bonr,10,  0.24,  0.16,        ---*-----    |                   ,  0.07,  0.75
 3,                 b,10,  0.24,  0.09,       ----*-        |                   ,  0.07,  0.75
 3,                rrp,5,  0.25,  0.20,    -------*---      |                   ,  0.07,  0.75
 3,              rand,10,  0.26,  0.08,          --*--      |                   ,  0.07,  0.75
 3,              2rrp,12,  0.32,  0.17,         ------*---  |                   ,  0.07,  0.75
#
 4,             base,500,  0.51,  0.20,                    -|----*-----         ,  0.07,  0.75
