date : March/03/2024 21:25:00,
file : /Users/timm/gits/txt/aa24/data/flash/SS-A.csv,
repeats  : 20,
seed : 31210,
rows : 1343,
cols : 5,
best : 0.0,
tiny : 0.07
#base #2rrp #rrp #b6 #2b6 #bonr6 #rand6 #b12 #2b12 #bonr12 #rand12 #b25 #2b25 #bonr25 #rand25 #b50 #2b50 #bonr50 #rand50 #rand100 #rand200 #rand400 #rand800 
#report23
#
 0,             rand,800,  0.00,  0.01, *                   |                   ,  0.00,  0.63
#
 1,             rand,400,  0.01,  0.01, *                   |                   ,  0.00,  0.63
#
 2,             rand,200,  0.02,  0.02, -*                  |                   ,  0.00,  0.63
 2,                 b,25,  0.03,  0.04,  *-                 |                   ,  0.00,  0.63
#
 3,             rand,100,  0.03,  0.03,  *-                 |                   ,  0.00,  0.63
 3,              rand,50,  0.04,  0.03,  -*                 |                   ,  0.00,  0.63
 3,                2b,50,  0.04,  0.04,  -*                 |                   ,  0.00,  0.63
#
 4,                 b,50,  0.05,  0.04,  -*-                |                   ,  0.00,  0.63
 4,              2rrp,11,  0.06,  0.05,  --*-               |                   ,  0.00,  0.63
 4,              rand,25,  0.06,  0.03,   -*                |                   ,  0.00,  0.63
 4,                2b,12,  0.06,  0.06,  --*-               |                   ,  0.00,  0.63
 4,                2b,25,  0.06,  0.05,  --*                |                   ,  0.00,  0.63
 4,                 b,12,  0.06,  0.06,   -*--              |                   ,  0.00,  0.63
#
 5,              rand,12,  0.07,  0.02,    -*               |                   ,  0.00,  0.63
 5,                  b,6,  0.07,  0.07,    -*--             |                   ,  0.00,  0.63
 5,              bonr,12,  0.08,  0.07,   ---*-             |                   ,  0.00,  0.63
 5,                rrp,6,  0.09,  0.03,     -*              |                   ,  0.00,  0.63
 5,               rand,6,  0.09,  0.03,     -*              |                   ,  0.00,  0.63
 5,              bonr,50,  0.09,  0.05,     -*-             |                   ,  0.00,  0.63
 5,                 2b,6,  0.10,  0.07,    ---*-            |                   ,  0.00,  0.63
 5,               bonr,6,  0.10,  0.04,      -*             |                   ,  0.00,  0.63
 5,              bonr,25,  0.10,  0.06,    ---*             |                   ,  0.00,  0.63
#
 6,            base,1343,  0.19,  0.15,        -----*----   |                   ,  0.00,  0.63
