date : February/02/2024 21:46:28,
file : /Users/timm/gits/txt/aa24/data/flash/SS-B.csv,
repeats  : 20,
seed : 31210,
rows : 206,
cols : 5,
best : 0.0,
tiny : 0.07
#base #2rrp #rrp #b6 #2b6 #bonr6 #rand6 #b9 #2b9 #bonr9 #rand9 #b14 #2b14 #bonr14 #rand14 #b15 #2b15 #bonr15 #rand15 #b20 #2b20 #bonr20 #rand20 #b30 #2b30 #bonr30 #rand30 #b50 #2b50 #bonr50 #rand50 #rand185 
#report32
#
 0,                 b,20,  0.00,  0.24, *---------          |                   ,  0.00,  0.95
#
 1,                2b,20,  0.00,  0.22, *--------           |                   ,  0.00,  0.95
#
 2,                 b,30,  0.00,  0.00, *                   |                   ,  0.00,  0.95
 2,                2b,30,  0.00,  0.06, *-                  |                   ,  0.00,  0.95
 2,                 b,50,  0.00,  0.00, *                   |                   ,  0.00,  0.95
 2,                2b,50,  0.00,  0.00, *                   |                   ,  0.00,  0.95
 2,              bonr,50,  0.00,  0.13, *----               |                   ,  0.00,  0.95
 2,             rand,185,  0.00,  0.00, *                   |                   ,  0.00,  0.95
#
 3,               2rrp,8,  0.06,  0.13,   *----             |                   ,  0.00,  0.95
#
 4,                2b,14,  0.06,  0.22, --*------           |                   ,  0.00,  0.95
 4,                2b,15,  0.06,  0.23, --*------           |                   ,  0.00,  0.95
 4,              rand,50,  0.09,  0.16,   -*-----           |                   ,  0.00,  0.95
 4,                 b,15,  0.14,  0.23, -----*---           |                   ,  0.00,  0.95
 4,                 b,14,  0.19,  0.24, -------*--          |                   ,  0.00,  0.95
#
 5,              rand,20,  0.19,  0.25, -------*--          |                   ,  0.00,  0.95
 5,              rand,30,  0.19,  0.16,   -----*-           |                   ,  0.00,  0.95
 5,              bonr,30,  0.22,  0.24,   -------*--        |                   ,  0.00,  0.95
 5,                 2b,9,  0.22,  0.27,   -------*---       |                   ,  0.00,  0.95
 5,              rand,14,  0.22,  0.12,      ----*          |                   ,  0.00,  0.95
#
 6,               rand,9,  0.23,  0.16,      ----*--        |                   ,  0.00,  0.95
 6,              rand,15,  0.23,  0.16,      ----*--        |                   ,  0.00,  0.95
 6,                  b,9,  0.24,  0.37, ----------*----     |                   ,  0.00,  0.95
 6,              bonr,15,  0.24,  0.13,          -*---      |                   ,  0.00,  0.95
 6,                rrp,4,  0.25,  0.12,          -*---      |                   ,  0.00,  0.95
 6,              bonr,20,  0.25,  0.09,          -*-        |                   ,  0.00,  0.95
#
 7,              bonr,14,  0.28,  0.09,          --*        |                   ,  0.00,  0.95
 7,                  b,6,  0.29,  0.23,        -----*----   |                   ,  0.00,  0.95
 7,               rand,6,  0.29,  0.10,          ---*       |                   ,  0.00,  0.95
 7,               bonr,9,  0.30,  0.13,          ---*-      |                   ,  0.00,  0.95
 7,                 2b,6,  0.34,  0.11,            ---*-    |                   ,  0.00,  0.95
 7,               bonr,6,  0.35,  0.17,             --*---- |                   ,  0.00,  0.95
#
 8,             base,206,  0.56,  0.29,                  ---|--*-----           ,  0.00,  0.95
