date : June/06/2024 16:57:27,
file : ../data/SS-C.csv,
repeats  : 20,
seed : 31210,
rows : 1512,
cols : 5,
best : 0.0,
tiny : 0.08
#base #2rrp #rrp #b10 #bonr10 #rand10 #b20 #bonr20 #rand20 #b30 #bonr30 #rand30 #b40 #bonr40 #rand40 #b50 #bonr50 #rand50 #b60 #bonr60 #rand60 #b70 #bonr70 #rand70 #b80 #bonr80 #rand80 
#report27
#
 0,              rand,70,  0.05,  0.01,   *                 |                   ,  0.00,  0.83
 0,              rand,50,  0.05,  0.01,   *                 |                   ,  0.00,  0.83
 0,                 b,60,  0.05,  0.03,   *                 |                   ,  0.00,  0.83
 0,                 b,80,  0.05,  0.03,   *                 |                   ,  0.00,  0.83
 0,              rand,80,  0.05,  0.01,   *                 |                   ,  0.00,  0.83
 0,                 b,70,  0.05,  0.02,   *                 |                   ,  0.00,  0.83
 0,                 b,50,  0.06,  0.03,   *-                |                   ,  0.00,  0.83
 0,                 b,20,  0.06,  0.03,   *                 |                   ,  0.00,  0.83
 0,                 b,30,  0.06,  0.04,   *-                |                   ,  0.00,  0.83
 0,                 b,40,  0.06,  0.04,   -*                |                   ,  0.00,  0.83
 0,              rand,60,  0.06,  0.02,   -*                |                   ,  0.00,  0.83
#
 1,              rand,40,  0.07,  0.02,   -*                |                   ,  0.00,  0.83
 1,              rand,30,  0.07,  0.03,   -*                |                   ,  0.00,  0.83
 1,              bonr,50,  0.07,  0.02,    *                |                   ,  0.00,  0.83
#
 2,              rand,20,  0.07,  0.03,   -*                |                   ,  0.00,  0.83
 2,                 b,10,  0.08,  0.08,   -*--              |                   ,  0.00,  0.83
 2,              bonr,40,  0.08,  0.03,    -*               |                   ,  0.00,  0.83
 2,              bonr,10,  0.09,  0.03,    -*               |                   ,  0.00,  0.83
 2,              rand,10,  0.09,  0.03,    -*               |                   ,  0.00,  0.83
#
 3,              2rrp,14,  0.09,  0.03,    -*               |                   ,  0.00,  0.83
 3,              bonr,70,  0.09,  0.04,     *               |                   ,  0.00,  0.83
 3,              bonr,30,  0.10,  0.09,    -*--             |                   ,  0.00,  0.83
 3,              bonr,80,  0.10,  0.07,    -*--             |                   ,  0.00,  0.83
 3,              bonr,20,  0.10,  0.04,     *               |                   ,  0.00,  0.83
 3,                rrp,6,  0.10,  0.05,    -*               |                   ,  0.00,  0.83
 3,              bonr,60,  0.10,  0.03,     *               |                   ,  0.00,  0.83
#
 4,            base,1512,  0.26,  0.19,       ------*--     |                   ,  0.00,  0.83
