date : March/03/2024 21:25:00,
file : /Users/timm/gits/txt/aa24/data/flash/SS-D.csv,
repeats  : 20,
seed : 31210,
rows : 196,
cols : 5,
best : 0.32,
tiny : 0.03
#base #2rrp #rrp #b6 #2b6 #bonr6 #rand6 #b12 #2b12 #bonr12 #rand12 #b25 #2b25 #bonr25 #rand25 #b50 #2b50 #bonr50 #rand50 #rand100 
#report20
#
 0,              rand,50,  0.35,  0.05, ---*-               |                   ,  0.32,  0.70
 0,             rand,100,  0.35,  0.04, ---*                |                   ,  0.32,  0.70
#
 1,              rand,25,  0.37,  0.05,    --*--            |                   ,  0.32,  0.70
#
 2,                2b,50,  0.40,  0.07,       --*----       |                   ,  0.32,  0.70
#
 3,              bonr,50,  0.41,  0.09,      -----*---      |                   ,  0.32,  0.70
 3,                 b,12,  0.42,  0.08,      ------*-       |                   ,  0.32,  0.70
 3,                 b,25,  0.42,  0.05,         ---*-       |                   ,  0.32,  0.70
 3,               2rrp,8,  0.44,  0.05,         -----*      |                   ,  0.32,  0.70
 3,              rand,12,  0.44,  0.05,         -----*      |                   ,  0.32,  0.70
 3,               bonr,6,  0.44,  0.07,         -----*-     |                   ,  0.32,  0.70
 3,                  b,6,  0.45,  0.07,            --*----  |                   ,  0.32,  0.70
 3,                2b,25,  0.45,  0.08,       -------*      |                   ,  0.32,  0.70
 3,              bonr,12,  0.45,  0.09,      --------*-     |                   ,  0.32,  0.70
 3,                 b,50,  0.45,  0.06,         -----*      |                   ,  0.32,  0.70
 3,                2b,12,  0.45,  0.10,      --------*-     |                   ,  0.32,  0.70
#
 4,               rand,6,  0.46,  0.02,              -*     |                   ,  0.32,  0.70
 4,                 2b,6,  0.46,  0.07,              -*-----|                   ,  0.32,  0.70
 4,              bonr,25,  0.46,  0.04,              -*--   |                   ,  0.32,  0.70
 4,                rrp,4,  0.46,  0.08,            ---*---- |                   ,  0.32,  0.70
#
 5,             base,196,  0.52,  0.11,                -----|*-----             ,  0.32,  0.70
