date : June/06/2024 16:57:27,
file : ../data/SS-E.csv,
repeats  : 20,
seed : 31210,
rows : 756,
cols : 5,
best : 0.12,
tiny : 0.05
#base #2rrp #rrp #b10 #bonr10 #rand10 #b20 #bonr20 #rand20 #b30 #bonr30 #rand30 #b40 #bonr40 #rand40 #b50 #bonr50 #rand50 #b60 #bonr60 #rand60 #b70 #bonr70 #rand70 #b80 #bonr80 #rand80 
#report27
#
 0,              rand,60,  0.15,  0.03, -*                  |                   ,  0.12,  0.70
 0,              rand,80,  0.15,  0.05, -*--                |                   ,  0.12,  0.70
#
 1,              rand,70,  0.15,  0.04, --*                 |                   ,  0.12,  0.70
#
 2,              rand,50,  0.18,  0.05,   -*--              |                   ,  0.12,  0.70
#
 3,              rand,40,  0.19,  0.09, ----*--             |                   ,  0.12,  0.70
 3,              rand,30,  0.20,  0.06,    --*-             |                   ,  0.12,  0.70
#
 4,                 b,20,  0.22,  0.11,     --*-----        |                   ,  0.12,  0.70
#
 5,              rand,20,  0.22,  0.07,     --*-            |                   ,  0.12,  0.70
 5,                 b,40,  0.22,  0.10,      -*----         |                   ,  0.12,  0.70
 5,                 b,30,  0.24,  0.12,     ----*---        |                   ,  0.12,  0.70
 5,              2rrp,13,  0.27,  0.08,       ---*--        |                   ,  0.12,  0.70
 5,                 b,70,  0.27,  0.12,     ------*--       |                   ,  0.12,  0.70
#
 6,              bonr,40,  0.27,  0.10,       ----*--       |                   ,  0.12,  0.70
 6,                rrp,5,  0.28,  0.10,      -----*-        |                   ,  0.12,  0.70
 6,                 b,80,  0.28,  0.12,     ------*-        |                   ,  0.12,  0.70
 6,              bonr,30,  0.28,  0.07,         --*--       |                   ,  0.12,  0.70
 6,                 b,60,  0.28,  0.11,      ------*-       |                   ,  0.12,  0.70
 6,              bonr,80,  0.29,  0.09,        ----*-       |                   ,  0.12,  0.70
 6,              rand,10,  0.30,  0.10,        -----*       |                   ,  0.12,  0.70
 6,              bonr,20,  0.30,  0.10,       ------*       |                   ,  0.12,  0.70
#
 7,              bonr,10,  0.31,  0.06,          ---*       |                   ,  0.12,  0.70
 7,                 b,50,  0.31,  0.09,         ----*-      |                   ,  0.12,  0.70
 7,              bonr,70,  0.31,  0.04,           --*       |                   ,  0.12,  0.70
 7,                 b,10,  0.31,  0.03,             *-      |                   ,  0.12,  0.70
 7,              bonr,50,  0.32,  0.08,         -----*      |                   ,  0.12,  0.70
 7,              bonr,60,  0.32,  0.04,            --*      |                   ,  0.12,  0.70
#
 8,             base,756,  0.36,  0.19,             ----*---|----               ,  0.12,  0.70
