date : March/03/2024 21:25:00,
file : /Users/timm/gits/txt/aa24/data/flash/SS-G.csv,
repeats  : 20,
seed : 31210,
rows : 196,
cols : 5,
best : 0.33,
tiny : 0.04
#base #2rrp #rrp #b6 #2b6 #bonr6 #rand6 #b12 #2b12 #bonr12 #rand12 #b25 #2b25 #bonr25 #rand25 #b50 #2b50 #bonr50 #rand50 #rand100 
#report20
#
 0,              rand,50,  0.35,  0.04, -*--                |                   ,  0.33,  0.71
#
 1,             rand,100,  0.35,  0.02, -*                  |                   ,  0.33,  0.71
 1,                2b,50,  0.38,  0.08,  ---*-----          |                   ,  0.33,  0.71
 1,              rand,25,  0.39,  0.07,   ----*--           |                   ,  0.33,  0.71
 1,                 b,12,  0.42,  0.12,  --------*----      |                   ,  0.33,  0.71
 1,                2b,12,  0.42,  0.09,  --------*-         |                   ,  0.33,  0.71
 1,                2b,25,  0.42,  0.09,   -------*-         |                   ,  0.33,  0.71
#
 2,              bonr,12,  0.43,  0.07,       ----*--       |                   ,  0.33,  0.71
 2,              rand,12,  0.43,  0.04,          -*-        |                   ,  0.33,  0.71
 2,                 b,50,  0.43,  0.03,         --*-        |                   ,  0.33,  0.71
 2,                 b,25,  0.44,  0.01,           *-        |                   ,  0.33,  0.71
 2,              bonr,50,  0.44,  0.09,     ------*---      |                   ,  0.33,  0.71
 2,               2rrp,8,  0.44,  0.02,           -*        |                   ,  0.33,  0.71
 2,                  b,6,  0.44,  0.07,           -*------  |                   ,  0.33,  0.71
 2,              bonr,25,  0.45,  0.05,          ---*-      |                   ,  0.33,  0.71
 2,               bonr,6,  0.45,  0.06,          ---*--     |                   ,  0.33,  0.71
 2,               rand,6,  0.45,  0.05,          ---*--     |                   ,  0.33,  0.71
#
 3,                rrp,4,  0.47,  0.04,             --*--   |                   ,  0.33,  0.71
 3,                 2b,6,  0.50,  0.12,          --------*--|                   ,  0.33,  0.71
#
 4,             base,196,  0.53,  0.16,                  ---|*------------      ,  0.33,  0.71
