date : March/03/2024 21:25:00,
file : /Users/timm/gits/txt/aa24/data/flash/SS-H.csv,
repeats  : 20,
seed : 31210,
rows : 259,
cols : 6,
best : 0.23,
tiny : 0.06
#base #2rrp #rrp #b6 #2b6 #bonr6 #rand6 #b12 #2b12 #bonr12 #rand12 #b25 #2b25 #bonr25 #rand25 #b50 #2b50 #bonr50 #rand50 #rand100 #rand200 
#report21
#
 0,                 b,25,  0.23,  0.09, *---                |                   ,  0.23,  0.97
 0,             rand,200,  0.23,  0.00, *                   |                   ,  0.23,  0.97
 0,                 b,50,  0.23,  0.09, *---                |                   ,  0.23,  0.97
 0,                2b,50,  0.23,  0.28, *--------------     |                   ,  0.23,  0.97
 0,             rand,100,  0.23,  0.00, *                   |                   ,  0.23,  0.97
 0,              rand,50,  0.31,  0.09, ----*               |                   ,  0.23,  0.97
 0,              rand,25,  0.31,  0.15, ----*---            |                   ,  0.23,  0.97
#
 1,                2b,25,  0.38,  0.19, --------*-          |                   ,  0.23,  0.97
 1,              rand,12,  0.38,  0.15,     ----*---        |                   ,  0.23,  0.97
 1,              bonr,12,  0.39,  0.11,         *----       |                   ,  0.23,  0.97
 1,                 b,12,  0.42,  0.30,     ------*---------|                   ,  0.23,  0.97
 1,              bonr,50,  0.42,  0.11,         --*--       |                   ,  0.23,  0.97
 1,              bonr,25,  0.42,  0.11,         --*--       |                   ,  0.23,  0.97
 1,                rrp,5,  0.45,  0.16,         ---*----    |                   ,  0.23,  0.97
 1,                2b,12,  0.45,  0.23,         ---*--------|                   ,  0.23,  0.97
 1,               2rrp,9,  0.45,  0.13,         ---*--      |                   ,  0.23,  0.97
#
 2,               rand,6,  0.45,  0.12,         ----*--     |                   ,  0.23,  0.97
 2,                 2b,6,  0.46,  0.15,         ----*---    |                   ,  0.23,  0.97
 2,               bonr,6,  0.46,  0.11,           --*---    |                   ,  0.23,  0.97
 2,                  b,6,  0.51,  0.23,         -------*----|                   ,  0.23,  0.97
#
 3,             base,259,  0.72,  0.18,                     |-----*--           ,  0.23,  0.97
