date : June/06/2024 16:57:32,
file : ../data/SS-I.csv,
repeats  : 20,
seed : 31210,
rows : 1080,
cols : 7,
best : 0.0,
tiny : 0.05
#base #2rrp #rrp #b10 #bonr10 #rand10 #b20 #bonr20 #rand20 #b30 #bonr30 #rand30 #b40 #bonr40 #rand40 #b50 #bonr50 #rand50 #b60 #bonr60 #rand60 #b70 #bonr70 #rand70 #b80 #bonr80 #rand80 
#report27
#
 0,                 b,80,  0.01,  0.24, *-----------        |                   ,  0.00,  0.77
 0,              rand,70,  0.02,  0.05, *-                  |                   ,  0.00,  0.77
 0,              rand,60,  0.02,  0.03, *                   |                   ,  0.00,  0.77
 0,              rand,80,  0.02,  0.03, *                   |                   ,  0.00,  0.77
#
 1,                 b,60,  0.02,  0.23, -*----------        |                   ,  0.00,  0.77
 1,              rand,40,  0.05,  0.13, --*----             |                   ,  0.00,  0.77
 1,              rand,50,  0.05,  0.10, --*---              |                   ,  0.00,  0.77
#
 2,                 b,70,  0.05,  0.23, --*---------        |                   ,  0.00,  0.77
 2,              2rrp,14,  0.05,  0.23, --*---------        |                   ,  0.00,  0.77
 2,                 b,50,  0.05,  0.23, --*---------        |                   ,  0.00,  0.77
 2,              rand,30,  0.06,  0.22, ---*--------        |                   ,  0.00,  0.77
 2,              bonr,50,  0.13,  0.20,  ------*----        |                   ,  0.00,  0.77
#
 3,              rand,20,  0.14,  0.19,   -----*----        |                   ,  0.00,  0.77
 3,              bonr,60,  0.16,  0.24, --------*----       |                   ,  0.00,  0.77
 3,              bonr,10,  0.20,  0.10,       ----*         |                   ,  0.00,  0.77
 3,                 b,20,  0.20,  0.23, ----------*-        |                   ,  0.00,  0.77
 3,              bonr,20,  0.22,  0.12,       -----*-       |                   ,  0.00,  0.77
 3,                 b,30,  0.22,  0.24, -----------*        |                   ,  0.00,  0.77
 3,              bonr,70,  0.23,  0.24,  -----------*       |                   ,  0.00,  0.77
 3,                 b,40,  0.24,  0.23, ------------*       |                   ,  0.00,  0.77
 3,              bonr,80,  0.24,  0.07,            -*-      |                   ,  0.00,  0.77
 3,                rrp,6,  0.24,  0.04,            -*       |                   ,  0.00,  0.77
#
 4,              rand,10,  0.24,  0.17,       ------*-      |                   ,  0.00,  0.77
 4,              bonr,40,  0.25,  0.03,             *-      |                   ,  0.00,  0.77
 4,                 b,10,  0.25,  0.05,           --*       |                   ,  0.00,  0.77
 4,              bonr,30,  0.25,  0.25,  ------------*      |                   ,  0.00,  0.77
#
 5,            base,1080,  0.36,  0.15,                ---*-|--                 ,  0.00,  0.77
