date : March/03/2024 21:25:03,
file : /Users/timm/gits/txt/aa24/data/flash/SS-J.csv,
repeats  : 20,
seed : 31210,
rows : 3840,
cols : 8,
best : 0.02,
tiny : 0.07
#base #2rrp #rrp #b6 #2b6 #bonr6 #rand6 #b12 #2b12 #bonr12 #rand12 #b25 #2b25 #bonr25 #rand25 #b50 #2b50 #bonr50 #rand50 #rand100 #rand200 #rand400 #rand800 
#report23
#
 0,             rand,800,  0.04,  0.01, *                   |                   ,  0.02,  0.82
 0,             rand,400,  0.05,  0.02, -*                  |                   ,  0.02,  0.82
#
 1,             rand,200,  0.05,  0.01, -*                  |                   ,  0.02,  0.82
 1,             rand,100,  0.06,  0.03,  *                  |                   ,  0.02,  0.82
 1,              rand,50,  0.06,  0.01,  *                  |                   ,  0.02,  0.82
#
 2,              rand,25,  0.08,  0.03,  -*                 |                   ,  0.02,  0.82
 2,              2rrp,12,  0.08,  0.03,  -*                 |                   ,  0.02,  0.82
 2,                rrp,6,  0.10,  0.09,   -*--              |                   ,  0.02,  0.82
#
 3,              rand,12,  0.11,  0.22,   --*--------       |                   ,  0.02,  0.82
 3,              bonr,25,  0.16,  0.23,   ----*------       |                   ,  0.02,  0.82
#
 4,                2b,50,  0.16,  0.29,  -----*--------     |                   ,  0.02,  0.82
 4,                 b,25,  0.20,  0.26,  -------*-----      |                   ,  0.02,  0.82
 4,                2b,25,  0.21,  0.34,        --*----------|---                ,  0.02,  0.82
 4,              bonr,12,  0.23,  0.12,         --*---      |                   ,  0.02,  0.82
 4,                 b,50,  0.23,  0.40,   --------*---------|-                  ,  0.02,  0.82
 4,              bonr,50,  0.24,  0.22,   --------*--       |                   ,  0.02,  0.82
 4,                 b,12,  0.29,  0.27,   -----------*--    |                   ,  0.02,  0.82
#
 5,               rand,6,  0.30,  0.22,           ---*------|                   ,  0.02,  0.82
 5,                2b,12,  0.30,  0.30,             --*-----|-------            ,  0.02,  0.82
 5,               bonr,6,  0.31,  0.17,         ------*--   |                   ,  0.02,  0.82
 5,                 2b,6,  0.34,  0.37,          -------*---|-------            ,  0.02,  0.82
 5,                  b,6,  0.50,  0.36,           ----------|---*---            ,  0.02,  0.82
#
 6,            base,3840,  0.59,  0.33,                -----|-------*--         ,  0.02,  0.82
