date : June/06/2024 16:57:33,
file : ../data/SS-K.csv,
repeats  : 20,
seed : 31210,
rows : 2880,
cols : 8,
best : 0.01,
tiny : 0.06
#base #2rrp #rrp #b10 #bonr10 #rand10 #b20 #bonr20 #rand20 #b30 #bonr30 #rand30 #b40 #bonr40 #rand40 #b50 #bonr50 #rand50 #b60 #bonr60 #rand60 #b70 #bonr70 #rand70 #b80 #bonr80 #rand80 
#report27
#
 0,              rand,60,  0.08,  0.09,   -*---             |                   ,  0.01,  0.71
 0,              rand,80,  0.08,  0.05,    *-               |                   ,  0.01,  0.71
 0,              rand,70,  0.10,  0.08,    -*---            |                   ,  0.01,  0.71
#
 1,                 b,30,  0.12,  0.29,   ---*------------- |                   ,  0.01,  0.71
 1,              rand,50,  0.14,  0.08,     ---*-           |                   ,  0.01,  0.71
 1,              rand,40,  0.15,  0.09,      --*---         |                   ,  0.01,  0.71
 1,              rand,30,  0.16,  0.15,      ---*-----      |                   ,  0.01,  0.71
#
 2,              rand,20,  0.21,  0.14,          --*-----   |                   ,  0.01,  0.71
 2,                 b,80,  0.24,  0.25,    ---------*----   |                   ,  0.01,  0.71
 2,                 b,50,  0.27,  0.30,  -------------*---  |                   ,  0.01,  0.71
 2,              rand,10,  0.28,  0.21,        --------*--- |                   ,  0.01,  0.71
#
 3,                rrp,6,  0.28,  0.15,             ---*----|                   ,  0.01,  0.71
 3,                 b,70,  0.28,  0.24,      ----------*--  |                   ,  0.01,  0.71
 3,              2rrp,15,  0.30,  0.21,         --------*-- |                   ,  0.01,  0.71
 3,                 b,60,  0.30,  0.24,      -----------*-- |                   ,  0.01,  0.71
 3,              bonr,40,  0.30,  0.11,              ---*-- |                   ,  0.01,  0.71
 3,              bonr,30,  0.31,  0.25,      -----------*---|                   ,  0.01,  0.71
#
 4,              bonr,80,  0.31,  0.14,            -----*-- |                   ,  0.01,  0.71
 4,                 b,20,  0.32,  0.15,               ---*--|--                 ,  0.01,  0.71
 4,                 b,40,  0.32,  0.08,                --*- |                   ,  0.01,  0.71
 4,              bonr,60,  0.33,  0.10,                  -*-|--                 ,  0.01,  0.71
 4,              bonr,20,  0.33,  0.10,                ---*-|                   ,  0.01,  0.71
 4,              bonr,70,  0.33,  0.16,              -----*-|-                  ,  0.01,  0.71
 4,              bonr,50,  0.34,  0.12,               ----*-|                   ,  0.01,  0.71
 4,                 b,10,  0.36,  0.07,                   --*-                  ,  0.01,  0.71
#
 5,              bonr,10,  0.37,  0.09,                   --*--                 ,  0.01,  0.71
#
 6,            base,2880,  0.52,  0.25,                     |--------*------    ,  0.01,  0.71
