date : June/06/2024 16:57:33,
file : ../data/SS-L.csv,
repeats  : 20,
seed : 31210,
rows : 1023,
cols : 13,
best : 0.16,
tiny : 0.06
#base #2rrp #rrp #b10 #bonr10 #rand10 #b20 #bonr20 #rand20 #b30 #bonr30 #rand30 #b40 #bonr40 #rand40 #b50 #bonr50 #rand50 #b60 #bonr60 #rand60 #b70 #bonr70 #rand70 #b80 #bonr80 #rand80 
#report27
#
 0,                 b,20,  0.16,  0.02, *                   |                   ,  0.16,  0.83
 0,                 b,50,  0.16,  0.02, *                   |                   ,  0.16,  0.83
 0,                 b,60,  0.16,  0.02, *                   |                   ,  0.16,  0.83
 0,                 b,80,  0.16,  0.02, *                   |                   ,  0.16,  0.83
 0,                 b,30,  0.17,  0.02, *                   |                   ,  0.16,  0.83
 0,                 b,40,  0.17,  0.06, *--                 |                   ,  0.16,  0.83
 0,              rand,50,  0.17,  0.02, *                   |                   ,  0.16,  0.83
 0,                 b,70,  0.17,  0.02, *                   |                   ,  0.16,  0.83
 0,              rand,70,  0.18,  0.02, -*                  |                   ,  0.16,  0.83
 0,              rand,60,  0.18,  0.02, -*                  |                   ,  0.16,  0.83
 0,                 b,10,  0.18,  0.21, -*----------        |                   ,  0.16,  0.83
 0,              rand,80,  0.19,  0.02,  *                  |                   ,  0.16,  0.83
#
 1,              bonr,20,  0.19,  0.26, -*-------------     |                   ,  0.16,  0.83
 1,              rand,40,  0.19,  0.02,  -*                 |                   ,  0.16,  0.83
 1,              bonr,80,  0.20,  0.24, --*-----------      |                   ,  0.16,  0.83
 1,              rand,30,  0.20,  0.02,   *                 |                   ,  0.16,  0.83
 1,              bonr,30,  0.20,  0.27,  -*--------------   |                   ,  0.16,  0.83
 1,              bonr,50,  0.20,  0.22, --*----------       |                   ,  0.16,  0.83
#
 2,              rand,20,  0.20,  0.18,  -*---------        |                   ,  0.16,  0.83
#
 3,              bonr,60,  0.21,  0.24,  --*------------    |                   ,  0.16,  0.83
 3,              2rrp,13,  0.22,  0.21,   -*-----------     |                   ,  0.16,  0.83
 3,              bonr,40,  0.36,  0.26, -----------*---     |                   ,  0.16,  0.83
 3,              rand,10,  0.39,  0.22,   -----------*--    |                   ,  0.16,  0.83
 3,              bonr,70,  0.39,  0.25,  -------------*-    |                   ,  0.16,  0.83
#
 4,                rrp,6,  0.39,  0.33,    -----------*-----|-                  ,  0.16,  0.83
#
 5,              bonr,10,  0.42,  0.17,              --*----|--                 ,  0.16,  0.83
#
 6,            base,1023,  0.68,  0.21,                     | --------*---      ,  0.16,  0.83
