date : February/02/2024 21:47:18,
file : /Users/timm/gits/txt/aa24/data/flash/SS-N.csv,
repeats  : 20,
seed : 31210,
rows : 53662,
cols : 19,
best : 0.0,
tiny : 0.02
#base #2rrp #rrp #b6 #2b6 #bonr6 #rand6 #b9 #2b9 #bonr9 #rand9 #b15 #2b15 #bonr15 #rand15 #b20 #2b20 #bonr20 #rand20 #b30 #2b30 #bonr30 #rand30 #b50 #2b50 #bonr50 #rand50 #rand190 #rand232 #rand48296 
#report30
#
 0,           rand,48296,  0.00,  0.00, *                   |                   ,  0.00,  0.77
#
 1,             rand,232,  0.10,  0.03,     -*              |                   ,  0.00,  0.77
#
 2,             rand,190,  0.11,  0.05,     -*              |                   ,  0.00,  0.77
#
 3,                rrp,8,  0.13,  0.07,       *---          |                   ,  0.00,  0.77
 3,              rand,50,  0.14,  0.07,       -*-           |                   ,  0.00,  0.77
#
 4,              2rrp,16,  0.15,  0.09,       -*--          |                   ,  0.00,  0.77
 4,              rand,30,  0.15,  0.06,       -*-           |                   ,  0.00,  0.77
 4,              bonr,30,  0.17,  0.06,       ---*          |                   ,  0.00,  0.77
 4,              rand,15,  0.19,  0.05,        --*          |                   ,  0.00,  0.77
#
 5,                 b,15,  0.19,  0.04,         -*          |                   ,  0.00,  0.77
 5,              rand,20,  0.19,  0.03,         -*          |                   ,  0.00,  0.77
 5,              bonr,50,  0.19,  0.07,       ---*          |                   ,  0.00,  0.77
#
 6,              bonr,20,  0.19,  0.07,       ---*          |                   ,  0.00,  0.77
 6,                 b,50,  0.19,  0.01,          -*         |                   ,  0.00,  0.77
 6,                 b,20,  0.19,  0.02,          -*         |                   ,  0.00,  0.77
 6,                 b,30,  0.19,  0.07,       ----*         |                   ,  0.00,  0.77
 6,                2b,50,  0.19,  0.01,          -*         |                   ,  0.00,  0.77
 6,              bonr,15,  0.19,  0.07,        ---*         |                   ,  0.00,  0.77
 6,                2b,15,  0.20,  0.02,          -*         |                   ,  0.00,  0.77
 6,                2b,20,  0.20,  0.01,          -*         |                   ,  0.00,  0.77
 6,                2b,30,  0.20,  0.01,          -*         |                   ,  0.00,  0.77
 6,               rand,9,  0.20,  0.02,          -*         |                   ,  0.00,  0.77
 6,               bonr,9,  0.20,  0.02,          -*         |                   ,  0.00,  0.77
#
 7,               rand,6,  0.20,  0.02,          -*         |                   ,  0.00,  0.77
 7,               bonr,6,  0.20,  0.04,         --*         |                   ,  0.00,  0.77
 7,                  b,6,  0.20,  0.02,          -*         |                   ,  0.00,  0.77
 7,                  b,9,  0.20,  0.01,           *         |                   ,  0.00,  0.77
 7,                 2b,9,  0.20,  0.02,          -*         |                   ,  0.00,  0.77
 7,                 2b,6,  0.21,  0.06,          -*-        |                   ,  0.00,  0.77
#
 8,           base,53662,  0.26,  0.08,           ---*-     |                   ,  0.00,  0.77
