date : March/03/2024 21:25:41,
file : /Users/timm/gits/txt/aa24/data/flash/SS-O.csv,
repeats  : 20,
seed : 31210,
rows : 65424,
cols : 61,
best : 0.0,
tiny : 0.05
#base #2rrp #rrp #b6 #2b6 #bonr6 #rand6 #b12 #2b12 #bonr12 #rand12 #b25 #2b25 #bonr25 #rand25 #b50 #2b50 #bonr50 #rand50 #rand100 #rand200 #rand400 #rand800 
#report23
#
 0,             rand,400,  0.00,  0.00, *                   |                   ,  0.00,  0.07
#
 1,             rand,800,  0.00,  0.00, *                   |                   ,  0.00,  0.07
#
 2,                2b,50,  0.00,  0.00, *                   |                   ,  0.00,  0.07
 2,             rand,200,  0.00,  0.00, *                   |                   ,  0.00,  0.07
#
 3,                 b,25,  0.00,  0.00, *                   |                   ,  0.00,  0.07
 3,                 b,50,  0.00,  0.00, *                   |                   ,  0.00,  0.07
 3,              bonr,50,  0.00,  0.00, *                   |                   ,  0.00,  0.07
 3,              rand,50,  0.00,  0.00, *                   |                   ,  0.00,  0.07
#
 4,             rand,100,  0.00,  0.00, *                   |                   ,  0.00,  0.07
#
 5,              2rrp,16,  0.00,  0.00, *                   |                   ,  0.00,  0.07
 5,                2b,12,  0.00,  0.00, *                   |                   ,  0.00,  0.07
 5,                2b,25,  0.00,  0.00, *                   |                   ,  0.00,  0.07
 5,              bonr,25,  0.00,  0.00, *                   |                   ,  0.00,  0.07
 5,                rrp,9,  0.00,  0.00, *                   |                   ,  0.00,  0.07
#
 6,               rand,6,  0.00,  0.00, *                   |                   ,  0.00,  0.07
 6,              bonr,12,  0.00,  0.00, *                   |                   ,  0.00,  0.07
 6,              rand,25,  0.00,  0.00, *                   |                   ,  0.00,  0.07
 6,                 2b,6,  0.00,  0.00, *                   |                   ,  0.00,  0.07
 6,              rand,12,  0.00,  0.00, *                   |                   ,  0.00,  0.07
 6,               bonr,6,  0.00,  0.00, *                   |                   ,  0.00,  0.07
 6,                 b,12,  0.00,  0.00, *                   |                   ,  0.00,  0.07
#
 7,                  b,6,  0.00,  0.00, *                   |                   ,  0.00,  0.07
#
 8,           base,65424,  0.00,  0.00, *                   |                   ,  0.00,  0.07
