date : March/03/2024 21:15:39,
file : /Users/timm/gits/txt/aa24/data/Process/small/xomo_ground.csv,
repeats  : 20,
seed : 31210,
rows : 10000,
cols : 31,
best : 0.01,
tiny : 0.03
#base #2rrp #rrp #b6 #2b6 #bonr6 #rand6 #b12 #2b12 #bonr12 #rand12 #b25 #2b25 #bonr25 #rand25 #b50 #2b50 #bonr50 #rand50 #rand100 #rand200 #rand400 #rand800 
#report23
#
 0,             rand,800,  0.03,  0.02, --*                 |                   ,  0.01,  0.43
#
 1,             rand,400,  0.04,  0.02,   -*                |                   ,  0.01,  0.43
#
 2,             rand,200,  0.05,  0.02,    *                |                   ,  0.01,  0.43
#
 3,                2b,50,  0.06,  0.03,    --*              |                   ,  0.01,  0.43
 3,              rand,50,  0.06,  0.04,    --*-             |                   ,  0.01,  0.43
 3,                 b,50,  0.06,  0.05,   ---*-             |                   ,  0.01,  0.43
#
 4,              bonr,50,  0.07,  0.03,     -*-             |                   ,  0.01,  0.43
 4,             rand,100,  0.07,  0.03,    ---*             |                   ,  0.01,  0.43
 4,                 b,25,  0.08,  0.07,     --*----         |                   ,  0.01,  0.43
 4,                2b,25,  0.08,  0.05,    ---*-            |                   ,  0.01,  0.43
 4,              bonr,25,  0.08,  0.05,    ---*-            |                   ,  0.01,  0.43
#
 5,                 b,12,  0.09,  0.07,       -*-----       |                   ,  0.01,  0.43
 5,              2rrp,14,  0.10,  0.04,        -*--         |                   ,  0.01,  0.43
 5,              rand,25,  0.11,  0.03,        --*          |                   ,  0.01,  0.43
#
 6,                2b,12,  0.11,  0.08,      ----*---       |                   ,  0.01,  0.43
 6,                rrp,7,  0.13,  0.06,          --*---     |                   ,  0.01,  0.43
 6,                 2b,6,  0.13,  0.11,         ---*------  |                   ,  0.01,  0.43
 6,              bonr,12,  0.14,  0.05,           --*-      |                   ,  0.01,  0.43
 6,              rand,12,  0.14,  0.09,        -----*---    |                   ,  0.01,  0.43
#
 7,                  b,6,  0.16,  0.10,          -----*---  |                   ,  0.01,  0.43
 7,               rand,6,  0.17,  0.09,            ---*---- |                   ,  0.01,  0.43
 7,               bonr,6,  0.18,  0.06,              ---*-  |                   ,  0.01,  0.43
#
 8,           base,10000,  0.26,  0.11,                   --|--*----            ,  0.01,  0.43
