date : March/03/2024 21:15:39,
file : /Users/timm/gits/txt/aa24/data/Process/small/xomo_flight.csv,
repeats  : 20,
seed : 31210,
rows : 10000,
cols : 31,
best : 0.0,
tiny : 0.04
#base #2rrp #rrp #b6 #2b6 #bonr6 #rand6 #b12 #2b12 #bonr12 #rand12 #b25 #2b25 #bonr25 #rand25 #b50 #2b50 #bonr50 #rand50 #rand100 #rand200 #rand400 #rand800 
#report23
#
 0,             rand,800,  0.02,  0.01,  *                  |                   ,  0.00,  0.45
 0,             rand,400,  0.03,  0.02,  -*                 |                   ,  0.00,  0.45
#
 1,                 b,50,  0.03,  0.02,   *                 |                   ,  0.00,  0.45
 1,             rand,200,  0.04,  0.03,  --*                |                   ,  0.00,  0.45
 1,                2b,25,  0.04,  0.05,    *---             |                   ,  0.00,  0.45
#
 2,                 b,25,  0.04,  0.03,   -*-               |                   ,  0.00,  0.45
 2,                2b,50,  0.05,  0.03,   -*-               |                   ,  0.00,  0.45
 2,              bonr,50,  0.05,  0.03,    -*-              |                   ,  0.00,  0.45
 2,             rand,100,  0.05,  0.03,   --*               |                   ,  0.00,  0.45
#
 3,              bonr,25,  0.05,  0.04,   --*               |                   ,  0.00,  0.45
 3,              2rrp,14,  0.06,  0.04,     -*--            |                   ,  0.00,  0.45
 3,              rand,50,  0.07,  0.04,    --*-             |                   ,  0.00,  0.45
 3,              rand,25,  0.07,  0.06,     --*--           |                   ,  0.00,  0.45
#
 4,                 b,12,  0.09,  0.10,      --*------      |                   ,  0.00,  0.45
 4,                2b,12,  0.10,  0.03,        -*-          |                   ,  0.00,  0.45
 4,              bonr,12,  0.10,  0.05,      ---*-          |                   ,  0.00,  0.45
 4,                rrp,7,  0.12,  0.06,      -----*         |                   ,  0.00,  0.45
#
 5,              rand,12,  0.13,  0.07,        ----*-       |                   ,  0.00,  0.45
 5,                  b,6,  0.13,  0.06,         ---*-       |                   ,  0.00,  0.45
 5,               bonr,6,  0.14,  0.08,        -----*-      |                   ,  0.00,  0.45
 5,                 2b,6,  0.15,  0.10,         -----*--    |                   ,  0.00,  0.45
 5,               rand,6,  0.15,  0.08,          ----*-     |                   ,  0.00,  0.45
#
 6,           base,10000,  0.24,  0.13,                -----*-----              ,  0.00,  0.45
