date : February/02/2024 02:49:16,
file : /Users/timm/gits/txt/aa24/data/Process/small/xomo_osp2.csv,
repeats  : 20,
seed : 31210,
rows : 10000,
cols : 31,
best : 0.07,
tiny : 0.04
#base #2rrp #rrp #b6 #2b6 #bonr6 #rand6 #b9 #2b9 #bonr9 #rand9 #b15 #2b15 #bonr15 #rand15 #b20 #2b20 #bonr20 #rand20 #b30 #2b30 #bonr30 #rand30 #b50 #2b50 #bonr50 #rand50 #rand100 #rand310 #rand9000 
#report30
#
 0,            rand,9000,  0.07,  0.00, *                   |                   ,  0.07,  0.59
#
 1,              bonr,50,  0.11,  0.05, --*-                |                   ,  0.07,  0.59
 1,             rand,310,  0.11,  0.02,   -*                |                   ,  0.07,  0.59
#
 2,                2b,50,  0.11,  0.03,   -*-               |                   ,  0.07,  0.59
 2,                 b,50,  0.12,  0.03,   --*               |                   ,  0.07,  0.59
 2,              bonr,30,  0.13,  0.05,    -*--             |                   ,  0.07,  0.59
#
 3,                 b,20,  0.14,  0.04,     -*-             |                   ,  0.07,  0.59
 3,              bonr,20,  0.14,  0.03,     -*-             |                   ,  0.07,  0.59
 3,                2b,30,  0.15,  0.04,     -*-             |                   ,  0.07,  0.59
 3,             rand,100,  0.15,  0.04,     --*             |                   ,  0.07,  0.59
#
 4,                 b,30,  0.15,  0.04,      -*-            |                   ,  0.07,  0.59
 4,                 b,15,  0.16,  0.08,      -*----         |                   ,  0.07,  0.59
 4,                2b,15,  0.16,  0.06,    ----*            |                   ,  0.07,  0.59
#
 5,              2rrp,14,  0.16,  0.07,      --*--          |                   ,  0.07,  0.59
 5,              rand,30,  0.17,  0.05,      --*-           |                   ,  0.07,  0.59
 5,              rand,50,  0.17,  0.05,      ---*           |                   ,  0.07,  0.59
 5,                rrp,7,  0.18,  0.11,      ---*----       |                   ,  0.07,  0.59
 5,                  b,9,  0.18,  0.06,       --*--         |                   ,  0.07,  0.59
 5,                 2b,9,  0.18,  0.17,      ---*---------  |                   ,  0.07,  0.59
 5,                2b,20,  0.18,  0.10,      ---*---        |                   ,  0.07,  0.59
#
 6,                  b,6,  0.19,  0.09,        --*----      |                   ,  0.07,  0.59
 6,              bonr,15,  0.19,  0.08,       ---*--        |                   ,  0.07,  0.59
 6,              rand,20,  0.20,  0.06,        --*-         |                   ,  0.07,  0.59
 6,              rand,15,  0.20,  0.06,         -*--        |                   ,  0.07,  0.59
 6,                 2b,6,  0.20,  0.10,       ----*---      |                   ,  0.07,  0.59
#
 7,               bonr,6,  0.21,  0.14,         --*-------- |                   ,  0.07,  0.59
 7,               bonr,9,  0.21,  0.08,         --*---      |                   ,  0.07,  0.59
 7,               rand,9,  0.21,  0.05,          -*--       |                   ,  0.07,  0.59
 7,               rand,6,  0.25,  0.08,          -----*     |                   ,  0.07,  0.59
#
 8,           base,10000,  0.35,  0.15,                 ----|*------            ,  0.07,  0.59
