date : March/03/2024 21:15:39,
file : /Users/timm/gits/txt/aa24/data/Process/small/xomo_osp.csv,
repeats  : 20,
seed : 31210,
rows : 10000,
cols : 31,
best : 0.01,
tiny : 0.03
#base #2rrp #rrp #b6 #2b6 #bonr6 #rand6 #b12 #2b12 #bonr12 #rand12 #b25 #2b25 #bonr25 #rand25 #b50 #2b50 #bonr50 #rand50 #rand100 #rand200 #rand400 #rand800 
#report23
#
 0,             rand,800,  0.02,  0.02, -*                  |                   ,  0.01,  0.39
#
 1,             rand,400,  0.04,  0.02,  -*                 |                   ,  0.01,  0.39
 1,                 b,50,  0.04,  0.04,  -*--               |                   ,  0.01,  0.39
 1,             rand,200,  0.04,  0.02,  -*                 |                   ,  0.01,  0.39
#
 2,                2b,50,  0.05,  0.04,  --*--              |                   ,  0.01,  0.39
 2,             rand,100,  0.05,  0.02,   --*               |                   ,  0.01,  0.39
 2,              bonr,50,  0.05,  0.04,   --*-              |                   ,  0.01,  0.39
 2,              bonr,25,  0.06,  0.04,    -*--             |                   ,  0.01,  0.39
 2,                 b,25,  0.06,  0.05,   ---*-             |                   ,  0.01,  0.39
 2,                2b,25,  0.07,  0.07,    ---*---          |                   ,  0.01,  0.39
#
 3,              rand,50,  0.07,  0.04,      -*--           |                   ,  0.01,  0.39
 3,              rand,25,  0.08,  0.05,      --*--          |                   ,  0.01,  0.39
#
 4,                2b,12,  0.09,  0.06,       --*---        |                   ,  0.01,  0.39
 4,                 b,12,  0.10,  0.05,        -*--         |                   ,  0.01,  0.39
 4,              bonr,12,  0.10,  0.05,       --*--         |                   ,  0.01,  0.39
 4,              2rrp,14,  0.10,  0.07,     -----*-         |                   ,  0.01,  0.39
#
 5,               rand,6,  0.11,  0.07,          -*----     |                   ,  0.01,  0.39
 5,              rand,12,  0.13,  0.05,         ----*       |                   ,  0.01,  0.39
 5,                rrp,7,  0.13,  0.08,        -----*--     |                   ,  0.01,  0.39
#
 6,                 2b,6,  0.14,  0.08,         -----*--    |                   ,  0.01,  0.39
 6,                  b,6,  0.14,  0.06,           ---*--    |                   ,  0.01,  0.39
#
 7,               bonr,6,  0.17,  0.08,             -----*--|                   ,  0.01,  0.39
#
 8,           base,10000,  0.22,  0.11,                 ----|-*-----            ,  0.01,  0.39
