date : February/02/2024 10:17:46,
file : ../data/auto93.csv,
repeats  : 20,
seed : 31210,
rows : 398,
cols : 8,
best : 0.17,
tiny : 0.06
#base #2rrp #rrp #b6 #2b6 #bonr6 #rand6 #b9 #2b9 #bonr9 #rand9 #b15 #2b15 #bonr15 #rand15 #b20 #2b20 #bonr20 #rand20 #b30 #2b30 #bonr30 #rand30 #b50 #2b50 #bonr50 #rand50 #rand80 #rand358 
#report29
#
 0,                 b,50,  0.17,  0.07, *--                 |                   ,  0.17,  0.93
 0,             rand,358,  0.17,  0.02, *                   |                   ,  0.17,  0.93
 0,                2b,30,  0.19,  0.08, -*--                |                   ,  0.17,  0.93
 0,              rand,80,  0.19,  0.00,  *                  |                   ,  0.17,  0.93
 0,                 b,20,  0.24,  0.10, ---*-               |                   ,  0.17,  0.93
 0,                2b,50,  0.24,  0.07, ---*                |                   ,  0.17,  0.93
 0,                 b,30,  0.25,  0.12,  ---*--             |                   ,  0.17,  0.93
 0,              rand,30,  0.25,  0.11,  ---*--             |                   ,  0.17,  0.93
 0,              bonr,30,  0.26,  0.14, ----*--             |                   ,  0.17,  0.93
 0,              rand,50,  0.26,  0.08,  ---*               |                   ,  0.17,  0.93
 0,                2b,20,  0.27,  0.06,    --*              |                   ,  0.17,  0.93
#
 1,              bonr,50,  0.27,  0.08,    --*-             |                   ,  0.17,  0.93
 1,                2b,15,  0.27,  0.13, -----*              |                   ,  0.17,  0.93
#
 2,               2rrp,9,  0.28,  0.07,     -*--            |                   ,  0.17,  0.93
 2,                 b,15,  0.28,  0.12,    --*----          |                   ,  0.17,  0.93
 2,              bonr,20,  0.31,  0.12,      --*---         |                   ,  0.17,  0.93
 2,              rand,20,  0.31,  0.10,     ---*-           |                   ,  0.17,  0.93
 2,              rand,15,  0.32,  0.09,     ----*           |                   ,  0.17,  0.93
 2,                rrp,5,  0.33,  0.13,     ----*--         |                   ,  0.17,  0.93
#
 3,                  b,9,  0.33,  0.11,        -*----       |                   ,  0.17,  0.93
 3,               rand,9,  0.33,  0.16,  -------*-          |                   ,  0.17,  0.93
 3,              bonr,15,  0.34,  0.09,       ---*-         |                   ,  0.17,  0.93
 3,               bonr,9,  0.35,  0.11,       ---*--        |                   ,  0.17,  0.93
 3,                  b,6,  0.36,  0.11,        ---*--       |                   ,  0.17,  0.93
 3,               bonr,6,  0.36,  0.09,        ---*-        |                   ,  0.17,  0.93
 3,                 2b,9,  0.38,  0.14,      ------*-       |                   ,  0.17,  0.93
 3,                 2b,6,  0.38,  0.16,      ------*--      |                   ,  0.17,  0.93
#
 4,               rand,6,  0.39,  0.11,          --*---     |                   ,  0.17,  0.93
#
 5,             base,398,  0.55,  0.20,              -------*---                ,  0.17,  0.93
