date : February/02/2024 10:17:46,
file : ../data/china.csv,
repeats  : 20,
seed : 31210,
rows : 499,
cols : 19,
best : 0.0,
tiny : 0.05
#base #2rrp #rrp #b6 #2b6 #bonr6 #rand6 #b9 #2b9 #bonr9 #rand9 #b15 #2b15 #bonr15 #rand15 #b20 #2b20 #bonr20 #rand20 #b22 #2b22 #bonr22 #rand22 #b30 #2b30 #bonr30 #rand30 #b50 #2b50 #bonr50 #rand50 #rand190 #rand449 
#report33
#
 0,             rand,449,  0.00,  0.00, *                   |                   ,  0.00,  1.00
#
 1,                 b,50,  0.00,  0.00, *                   |                   ,  0.00,  1.00
#
 2,                2b,50,  0.00,  0.00, *                   |                   ,  0.00,  1.00
 2,              bonr,50,  0.00,  0.00, *                   |                   ,  0.00,  1.00
 2,             rand,190,  0.00,  0.00, *                   |                   ,  0.00,  1.00
#
 3,                2b,15,  0.00,  0.00, *                   |                   ,  0.00,  1.00
 3,                 b,20,  0.00,  0.00, *                   |                   ,  0.00,  1.00
 3,                2b,20,  0.00,  0.00, *                   |                   ,  0.00,  1.00
 3,                 b,22,  0.00,  0.00, *                   |                   ,  0.00,  1.00
 3,                2b,22,  0.00,  0.00, *                   |                   ,  0.00,  1.00
 3,                 b,30,  0.00,  0.00, *                   |                   ,  0.00,  1.00
 3,                2b,30,  0.00,  0.00, *                   |                   ,  0.00,  1.00
#
 4,              bonr,30,  0.00,  0.00, *                   |                   ,  0.00,  1.00
 4,              rand,50,  0.00,  0.00, *                   |                   ,  0.00,  1.00
 4,              bonr,20,  0.00,  0.00, *                   |                   ,  0.00,  1.00
#
 5,              bonr,15,  0.00,  0.00, *                   |                   ,  0.00,  1.00
 5,              bonr,22,  0.00,  0.00, *                   |                   ,  0.00,  1.00
 5,              rand,30,  0.00,  0.00, *                   |                   ,  0.00,  1.00
 5,              rand,20,  0.00,  0.00, *                   |                   ,  0.00,  1.00
 5,              rand,22,  0.00,  0.00, *                   |                   ,  0.00,  1.00
 5,                 b,15,  0.00,  0.00, *                   |                   ,  0.00,  1.00
 5,              rand,15,  0.00,  0.00, *                   |                   ,  0.00,  1.00
#
 6,                  b,9,  0.00,  0.01, *                   |                   ,  0.00,  1.00
 6,                 2b,6,  0.00,  0.01, *                   |                   ,  0.00,  1.00
 6,                 2b,9,  0.00,  0.01, *                   |                   ,  0.00,  1.00
 6,               bonr,9,  0.00,  0.00, *                   |                   ,  0.00,  1.00
 6,                rrp,5,  0.01,  0.01, *                   |                   ,  0.00,  1.00
 6,               2rrp,9,  0.01,  0.01, *                   |                   ,  0.00,  1.00
#
 7,               rand,9,  0.01,  0.00, *                   |                   ,  0.00,  1.00
 7,                  b,6,  0.01,  0.01, *                   |                   ,  0.00,  1.00
 7,               rand,6,  0.01,  0.01, *                   |                   ,  0.00,  1.00
 7,               bonr,6,  0.01,  0.01, *                   |                   ,  0.00,  1.00
#
 8,             base,499,  0.04,  0.06, -*-                 |                   ,  0.00,  1.00
