date : February/02/2024 10:17:46,
file : ../data/healthCloseIsses12mths0001-hard.csv,
repeats  : 20,
seed : 31210,
rows : 10000,
cols : 8,
best : 0.16,
tiny : 0.05
#base #2rrp #rrp #b6 #2b6 #bonr6 #rand6 #b9 #2b9 #bonr9 #rand9 #b15 #2b15 #bonr15 #rand15 #b20 #2b20 #bonr20 #rand20 #b30 #2b30 #bonr30 #rand30 #b50 #2b50 #bonr50 #rand50 #rand80 #rand100 #rand9000 
#report30
#
 0,            rand,9000,  0.16,  0.00, *                   |                   ,  0.16,  0.90
#
 1,             rand,100,  0.39,  0.05,          ---*       |                   ,  0.16,  0.90
#
 2,                 b,50,  0.39,  0.03,            -*       |                   ,  0.16,  0.90
 2,              rand,80,  0.39,  0.10,         ----*       |                   ,  0.16,  0.90
 2,              rand,30,  0.39,  0.04,            -*       |                   ,  0.16,  0.90
 2,                2b,50,  0.40,  0.05,            -*       |                   ,  0.16,  0.90
 2,                 b,20,  0.40,  0.04,            -*       |                   ,  0.16,  0.90
 2,              bonr,30,  0.40,  0.04,             -*      |                   ,  0.16,  0.90
 2,              rand,50,  0.40,  0.03,            --*      |                   ,  0.16,  0.90
 2,              bonr,20,  0.41,  0.02,             -*      |                   ,  0.16,  0.90
 2,              bonr,15,  0.41,  0.04,             -*      |                   ,  0.16,  0.90
 2,                2b,15,  0.42,  0.03,              *      |                   ,  0.16,  0.90
 2,              rand,15,  0.42,  0.03,             -*      |                   ,  0.16,  0.90
 2,                2b,30,  0.42,  0.02,             -*      |                   ,  0.16,  0.90
 2,              bonr,50,  0.42,  0.06,           ---*      |                   ,  0.16,  0.90
 2,                 b,15,  0.42,  0.04,             -*      |                   ,  0.16,  0.90
 2,                 b,30,  0.42,  0.05,            --*      |                   ,  0.16,  0.90
#
 3,                2b,20,  0.42,  0.03,              -*     |                   ,  0.16,  0.90
 3,                  b,9,  0.43,  0.03,             --*     |                   ,  0.16,  0.90
 3,              2rrp,14,  0.43,  0.06,            ---*     |                   ,  0.16,  0.90
 3,              rand,20,  0.43,  0.05,             --*     |                   ,  0.16,  0.90
#
 4,               bonr,6,  0.43,  0.03,              -*     |                   ,  0.16,  0.90
 4,                rrp,7,  0.43,  0.02,              -*     |                   ,  0.16,  0.90
 4,                 2b,9,  0.43,  0.01,               *     |                   ,  0.16,  0.90
 4,               rand,9,  0.43,  0.03,              -*     |                   ,  0.16,  0.90
 4,               bonr,9,  0.43,  0.01,               *     |                   ,  0.16,  0.90
 4,               rand,6,  0.44,  0.01,               *     |                   ,  0.16,  0.90
 4,                  b,6,  0.44,  0.01,               *     |                   ,  0.16,  0.90
 4,                 2b,6,  0.44,  0.02,               -*    |                   ,  0.16,  0.90
#
 5,           base,10000,  0.57,  0.25,                -----|*------            ,  0.16,  0.90
