date : February/02/2024 10:17:46,
file : ../data/nasa93dem.csv,
repeats  : 20,
seed : 31210,
rows : 93,
cols : 29,
best : 0.0,
tiny : 0.04
#base #2rrp #rrp #b6 #2b6 #bonr6 #rand6 #b9 #2b9 #bonr9 #rand9 #b10 #2b10 #bonr10 #rand10 #b15 #2b15 #bonr15 #rand15 #b20 #2b20 #bonr20 #rand20 #b30 #2b30 #bonr30 #rand30 #b50 #2b50 #bonr50 #rand50 #rand84 
#report32
#
 0,              bonr,20,  0.00,  0.00, *                   |                   ,  0.00,  0.88
 0,                 b,30,  0.00,  0.00, *                   |                   ,  0.00,  0.88
 0,                2b,30,  0.00,  0.00, *                   |                   ,  0.00,  0.88
 0,              bonr,30,  0.00,  0.00, *                   |                   ,  0.00,  0.88
 0,                 b,50,  0.00,  0.00, *                   |                   ,  0.00,  0.88
 0,                2b,50,  0.00,  0.00, *                   |                   ,  0.00,  0.88
 0,              bonr,50,  0.00,  0.00, *                   |                   ,  0.00,  0.88
 0,              rand,84,  0.00,  0.00, *                   |                   ,  0.00,  0.88
#
 1,              rand,30,  0.01,  0.02, *                   |                   ,  0.00,  0.88
 1,              rand,50,  0.01,  0.02, *                   |                   ,  0.00,  0.88
 1,                2b,15,  0.02,  0.03, *                   |                   ,  0.00,  0.88
 1,                 b,20,  0.02,  0.03, *                   |                   ,  0.00,  0.88
 1,                2b,20,  0.02,  0.03, *                   |                   ,  0.00,  0.88
 1,                  b,9,  0.03,  0.04, -*                  |                   ,  0.00,  0.88
 1,                 b,15,  0.03,  0.03, -*                  |                   ,  0.00,  0.88
 1,              bonr,15,  0.03,  0.02, -*                  |                   ,  0.00,  0.88
 1,              rand,15,  0.03,  0.02, -*                  |                   ,  0.00,  0.88
 1,              rand,20,  0.03,  0.02, -*                  |                   ,  0.00,  0.88
 1,                 b,10,  0.03,  0.01,  *                  |                   ,  0.00,  0.88
 1,                2b,10,  0.03,  0.03, -*                  |                   ,  0.00,  0.88
#
 2,              rand,10,  0.03,  0.05, -*                  |                   ,  0.00,  0.88
 2,              bonr,10,  0.03,  0.02,  *                  |                   ,  0.00,  0.88
#
 3,                  b,6,  0.03,  0.03, -*                  |                   ,  0.00,  0.88
 3,               rand,9,  0.03,  0.03, -*                  |                   ,  0.00,  0.88
 3,               2rrp,7,  0.04,  0.01,  -*                 |                   ,  0.00,  0.88
 3,                 2b,6,  0.04,  0.03,  -*                 |                   ,  0.00,  0.88
 3,               rand,6,  0.04,  0.04, --*                 |                   ,  0.00,  0.88
 3,                 2b,9,  0.04,  0.02,  -*                 |                   ,  0.00,  0.88
 3,               bonr,9,  0.04,  0.04, --*                 |                   ,  0.00,  0.88
#
 4,                rrp,4,  0.05,  0.02,   *                 |                   ,  0.00,  0.88
 4,               bonr,6,  0.05,  0.02,   *                 |                   ,  0.00,  0.88
#
 5,              base,93,  0.11,  0.12,   --*---            |                   ,  0.00,  0.88
