date : February/02/2024 20:40:14,
file : /Users/timm/gits/txt/aa24/data/Process/pom3a.csv,
repeats  : 20,
seed : 31210,
rows : 500,
cols : 12,
best : 0.07,
tiny : 0.06
#base #2rrp #rrp #b6 #2b6 #bonr6 #rand6 #b9 #2b9 #bonr9 #rand9 #b15 #2b15 #bonr15 #rand15 #b20 #2b20 #bonr20 #rand20 #b22 #2b22 #bonr22 #rand22 #b30 #2b30 #bonr30 #rand30 #b50 #2b50 #bonr50 #rand50 #rand120 #rand450 
#report33
#
 0,             rand,450,  0.07,  0.00, *                   |                   ,  0.07,  0.90
#
 1,                 b,30,  0.08,  0.09, *---                |                   ,  0.07,  0.90
 1,                2b,50,  0.08,  0.05, *-                  |                   ,  0.07,  0.90
 1,              bonr,50,  0.08,  0.08, *---                |                   ,  0.07,  0.90
 1,             rand,120,  0.08,  0.09, *---                |                   ,  0.07,  0.90
 1,                 b,50,  0.10,  0.11, -*---               |                   ,  0.07,  0.90
#
 2,                 b,20,  0.15,  0.15,  ---*---            |                   ,  0.07,  0.90
 2,              bonr,30,  0.15,  0.14, ----*--             |                   ,  0.07,  0.90
 2,                2b,30,  0.18,  0.12,  ----*-             |                   ,  0.07,  0.90
 2,              rand,50,  0.18,  0.10,  ----*              |                   ,  0.07,  0.90
 2,              bonr,22,  0.19,  0.15,  -----*-            |                   ,  0.07,  0.90
 2,              rand,30,  0.19,  0.09,     --*-            |                   ,  0.07,  0.90
#
 3,                2b,15,  0.20,  0.15,  -----*-            |                   ,  0.07,  0.90
 3,              rand,15,  0.20,  0.06,      -*-            |                   ,  0.07,  0.90
 3,              rand,20,  0.20,  0.17,     --*-----        |                   ,  0.07,  0.90
 3,                2b,22,  0.20,  0.09,     --*-            |                   ,  0.07,  0.90
 3,                 b,22,  0.21,  0.11,     --*--           |                   ,  0.07,  0.90
 3,                  b,9,  0.22,  0.23,     ---*-------     |                   ,  0.07,  0.90
 3,                 b,15,  0.22,  0.16,  ------*-           |                   ,  0.07,  0.90
 3,              bonr,15,  0.22,  0.07,      --*-           |                   ,  0.07,  0.90
 3,              bonr,20,  0.22,  0.12,   -----*            |                   ,  0.07,  0.90
 3,                2b,20,  0.23,  0.11,      --*--          |                   ,  0.07,  0.90
 3,              rand,22,  0.24,  0.12,   ------*           |                   ,  0.07,  0.90
 3,                rrp,5,  0.25,  0.20,   ------*---        |                   ,  0.07,  0.90
#
 4,                 2b,6,  0.26,  0.16,       ---*---       |                   ,  0.07,  0.90
 4,                 2b,9,  0.26,  0.13,        --*---       |                   ,  0.07,  0.90
 4,               bonr,9,  0.26,  0.12,        --*---       |                   ,  0.07,  0.90
 4,               rand,6,  0.28,  0.10,         --*--       |                   ,  0.07,  0.90
 4,               rand,9,  0.32,  0.11,          --*--      |                   ,  0.07,  0.90
 4,                  b,6,  0.32,  0.10,         ---*-       |                   ,  0.07,  0.90
 4,               2rrp,9,  0.32,  0.17,       ------*--     |                   ,  0.07,  0.90
#
 5,               bonr,6,  0.32,  0.16,         ----*---    |                   ,  0.07,  0.90
#
 6,             base,500,  0.52,  0.22,                 ----|*----              ,  0.07,  0.90
