date : February/02/2024 21:46:28,
file : /Users/timm/gits/txt/aa24/data/flash/SS-A.csv,
repeats  : 20,
seed : 31210,
rows : 1343,
cols : 5,
best : 0.0,
tiny : 0.07
#base #2rrp #rrp #b6 #2b6 #bonr6 #rand6 #b9 #2b9 #bonr9 #rand9 #b15 #2b15 #bonr15 #rand15 #b20 #2b20 #bonr20 #rand20 #b30 #2b30 #bonr30 #rand30 #b37 #2b37 #bonr37 #rand37 #b50 #2b50 #bonr50 #rand50 #rand1209 
#report32
#
 0,            rand,1209,  0.00,  0.00, *                   |                   ,  0.00,  1.00
#
 1,                 b,50,  0.01,  0.02, *                   |                   ,  0.00,  1.00
 1,                 b,30,  0.02,  0.05, *-                  |                   ,  0.00,  1.00
 1,                 b,37,  0.02,  0.02, *                   |                   ,  0.00,  1.00
 1,                2b,50,  0.02,  0.03, *                   |                   ,  0.00,  1.00
 1,                2b,30,  0.03,  0.03, -*                  |                   ,  0.00,  1.00
#
 2,                2b,37,  0.03,  0.02, -*                  |                   ,  0.00,  1.00
 2,              rand,50,  0.04,  0.02,  *                  |                   ,  0.00,  1.00
#
 3,                 b,15,  0.04,  0.05,  *-                 |                   ,  0.00,  1.00
 3,                2b,20,  0.05,  0.02,  *                  |                   ,  0.00,  1.00
#
 4,                 b,20,  0.05,  0.04,  *                  |                   ,  0.00,  1.00
 4,              rand,30,  0.05,  0.05, -*                  |                   ,  0.00,  1.00
 4,              rand,37,  0.05,  0.03,  *                  |                   ,  0.00,  1.00
 4,              2rrp,11,  0.06,  0.05,  -*                 |                   ,  0.00,  1.00
 4,              bonr,37,  0.06,  0.08,  -*-                |                   ,  0.00,  1.00
 4,                  b,9,  0.06,  0.06,  -*                 |                   ,  0.00,  1.00
 4,                2b,15,  0.06,  0.03,  -*                 |                   ,  0.00,  1.00
 4,                 2b,9,  0.06,  0.08,  -*-                |                   ,  0.00,  1.00
#
 5,              rand,20,  0.06,  0.03,  -*                 |                   ,  0.00,  1.00
 5,              bonr,50,  0.06,  0.05,  -*                 |                   ,  0.00,  1.00
 5,              rand,15,  0.07,  0.03,   *                 |                   ,  0.00,  1.00
#
 6,               rand,9,  0.07,  0.04,   *-                |                   ,  0.00,  1.00
 6,                  b,6,  0.07,  0.07,  -*-                |                   ,  0.00,  1.00
 6,              bonr,30,  0.08,  0.06,   -*                |                   ,  0.00,  1.00
 6,              bonr,20,  0.08,  0.05,   -*                |                   ,  0.00,  1.00
 6,                rrp,6,  0.09,  0.03,   -*                |                   ,  0.00,  1.00
#
 7,               rand,6,  0.09,  0.03,   -*                |                   ,  0.00,  1.00
 7,              bonr,15,  0.09,  0.06,   -*                |                   ,  0.00,  1.00
 7,               bonr,9,  0.09,  0.05,   -*                |                   ,  0.00,  1.00
 7,                 2b,6,  0.10,  0.07,   --*               |                   ,  0.00,  1.00
 7,               bonr,6,  0.10,  0.04,    -*               |                   ,  0.00,  1.00
#
 8,            base,1343,  0.20,  0.17,     ----*--         |                   ,  0.00,  1.00
