date : February/02/2024 21:46:29,
file : /Users/timm/gits/txt/aa24/data/flash/SS-C.csv,
repeats  : 20,
seed : 31210,
rows : 1512,
cols : 5,
best : 0.0,
tiny : 0.08
#base #2rrp #rrp #b6 #2b6 #bonr6 #rand6 #b9 #2b9 #bonr9 #rand9 #b15 #2b15 #bonr15 #rand15 #b20 #2b20 #bonr20 #rand20 #b30 #2b30 #bonr30 #rand30 #b39 #2b39 #bonr39 #rand39 #b50 #2b50 #bonr50 #rand50 #rand1361 
#report32
#
 0,            rand,1361,  0.00,  0.00, *                   |                   ,  0.00,  1.00
#
 1,                2b,39,  0.05,  0.02,   *                 |                   ,  0.00,  1.00
 1,                2b,30,  0.06,  0.02,   *                 |                   ,  0.00,  1.00
 1,                 b,39,  0.06,  0.01,   *                 |                   ,  0.00,  1.00
 1,              rand,39,  0.06,  0.02,   *                 |                   ,  0.00,  1.00
 1,                 b,50,  0.06,  0.02,   *                 |                   ,  0.00,  1.00
 1,                 b,20,  0.06,  0.04,   *                 |                   ,  0.00,  1.00
 1,                2b,50,  0.06,  0.02,   *                 |                   ,  0.00,  1.00
#
 2,                 b,30,  0.06,  0.03,   *                 |                   ,  0.00,  1.00
 2,              rand,50,  0.06,  0.02,   *                 |                   ,  0.00,  1.00
 2,                 b,15,  0.07,  0.03,   *                 |                   ,  0.00,  1.00
 2,              rand,30,  0.07,  0.03,   *                 |                   ,  0.00,  1.00
#
 3,                2b,20,  0.08,  0.03,   -*                |                   ,  0.00,  1.00
 3,              bonr,39,  0.08,  0.08,   -*-               |                   ,  0.00,  1.00
 3,                2b,15,  0.08,  0.05,   -*                |                   ,  0.00,  1.00
#
 4,              rand,15,  0.08,  0.03,   -*                |                   ,  0.00,  1.00
 4,                 2b,6,  0.08,  0.03,   -*                |                   ,  0.00,  1.00
 4,              bonr,15,  0.08,  0.04,   -*                |                   ,  0.00,  1.00
 4,              bonr,20,  0.08,  0.04,   -*                |                   ,  0.00,  1.00
 4,              bonr,30,  0.09,  0.04,   -*                |                   ,  0.00,  1.00
 4,               rand,9,  0.09,  0.02,    *                |                   ,  0.00,  1.00
 4,                 2b,9,  0.09,  0.09,   -*-               |                   ,  0.00,  1.00
 4,                  b,9,  0.09,  0.15,   -*----            |                   ,  0.00,  1.00
 4,              rand,20,  0.09,  0.04,   -*                |                   ,  0.00,  1.00
 4,              2rrp,11,  0.09,  0.03,   -*                |                   ,  0.00,  1.00
 4,              bonr,50,  0.09,  0.07,   -*                |                   ,  0.00,  1.00
#
 5,                  b,6,  0.09,  0.07,   -*-               |                   ,  0.00,  1.00
 5,                rrp,6,  0.10,  0.05,   --*               |                   ,  0.00,  1.00
 5,               rand,6,  0.10,  0.04,    -*               |                   ,  0.00,  1.00
 5,               bonr,9,  0.11,  0.04,    -*               |                   ,  0.00,  1.00
 5,               bonr,6,  0.12,  0.10,    -*--             |                   ,  0.00,  1.00
#
 6,            base,1512,  0.27,  0.26,      -----*----     |                   ,  0.00,  1.00
