date : February/02/2024 21:46:28,
file : /Users/timm/gits/txt/aa24/data/flash/SS-D.csv,
repeats  : 20,
seed : 31210,
rows : 196,
cols : 5,
best : 0.32,
tiny : 0.03
#base #2rrp #rrp #b6 #2b6 #bonr6 #rand6 #b9 #2b9 #bonr9 #rand9 #b14 #2b14 #bonr14 #rand14 #b15 #2b15 #bonr15 #rand15 #b20 #2b20 #bonr20 #rand20 #b30 #2b30 #bonr30 #rand30 #b50 #2b50 #bonr50 #rand50 #rand176 
#report32
#
 0,             rand,176,  0.32,  0.00, *                   |                   ,  0.32,  0.86
#
 1,              rand,50,  0.35,  0.03,   *-                |                   ,  0.32,  0.86
 1,                 b,50,  0.37,  0.09, ---*--              |                   ,  0.32,  0.86
#
 2,              rand,30,  0.37,  0.03,   --*               |                   ,  0.32,  0.86
 2,              rand,20,  0.38,  0.08,    -*----           |                   ,  0.32,  0.86
 2,              bonr,30,  0.38,  0.06,    -*---            |                   ,  0.32,  0.86
 2,              bonr,50,  0.38,  0.06,   --*-              |                   ,  0.32,  0.86
 2,                 b,30,  0.38,  0.07,     *----           |                   ,  0.32,  0.86
 2,                2b,50,  0.38,  0.03,    -*-              |                   ,  0.32,  0.86
#
 3,              rand,14,  0.40,  0.07,     --*--           |                   ,  0.32,  0.86
 3,                2b,30,  0.40,  0.08,    ---*--           |                   ,  0.32,  0.86
 3,              rand,15,  0.41,  0.08,     --*--           |                   ,  0.32,  0.86
 3,                 b,14,  0.42,  0.04,       --*           |                   ,  0.32,  0.86
 3,               bonr,9,  0.43,  0.11,     ----*---        |                   ,  0.32,  0.86
 3,              bonr,20,  0.43,  0.09,     ----*--         |                   ,  0.32,  0.86
 3,               2rrp,8,  0.44,  0.05,      ----*          |                   ,  0.32,  0.86
 3,                2b,15,  0.44,  0.08,     -----*          |                   ,  0.32,  0.86
 3,                 b,20,  0.44,  0.05,       ---*          |                   ,  0.32,  0.86
 3,                2b,20,  0.44,  0.08,    ------*          |                   ,  0.32,  0.86
 3,               bonr,6,  0.44,  0.07,       ---*-         |                   ,  0.32,  0.86
 3,                 b,15,  0.44,  0.05,       ---*          |                   ,  0.32,  0.86
 3,                  b,6,  0.45,  0.07,         -*--        |                   ,  0.32,  0.86
 3,              bonr,15,  0.45,  0.05,        --*-         |                   ,  0.32,  0.86
 3,                  b,9,  0.45,  0.08,       ---*-         |                   ,  0.32,  0.86
 3,               rand,9,  0.45,  0.06,       ---*-         |                   ,  0.32,  0.86
 3,                2b,14,  0.45,  0.06,       ---*          |                   ,  0.32,  0.86
 3,                 2b,9,  0.45,  0.09,     -----*-         |                   ,  0.32,  0.86
 3,              bonr,14,  0.46,  0.06,         --*-        |                   ,  0.32,  0.86
 3,               rand,6,  0.46,  0.02,          -*         |                   ,  0.32,  0.86
#
 4,                 2b,6,  0.46,  0.07,          -*---      |                   ,  0.32,  0.86
 4,                rrp,4,  0.46,  0.08,         --*---      |                   ,  0.32,  0.86
#
 5,             base,196,  0.53,  0.14,            ----*----|-                  ,  0.32,  0.86
