date : February/02/2024 21:46:28,
file : /Users/timm/gits/txt/aa24/data/flash/SS-E.csv,
repeats  : 20,
seed : 31210,
rows : 756,
cols : 5,
best : 0.12,
tiny : 0.05
#base #2rrp #rrp #b6 #2b6 #bonr6 #rand6 #b9 #2b9 #bonr9 #rand9 #b15 #2b15 #bonr15 #rand15 #b20 #2b20 #bonr20 #rand20 #b27 #2b27 #bonr27 #rand27 #b30 #2b30 #bonr30 #rand30 #b50 #2b50 #bonr50 #rand50 #rand680 
#report32
#
 0,             rand,680,  0.12,  0.00, *                   |                   ,  0.12,  0.84
#
 1,              rand,50,  0.14,  0.04, *-                  |                   ,  0.12,  0.84
#
 2,              rand,27,  0.18,  0.09,  -*---              |                   ,  0.12,  0.84
 2,                 b,50,  0.19,  0.10,    *-----           |                   ,  0.12,  0.84
#
 3,                2b,50,  0.19,  0.06,   -*-               |                   ,  0.12,  0.84
 3,              rand,30,  0.20,  0.05,   --*               |                   ,  0.12,  0.84
 3,                2b,30,  0.22,  0.10,    --*---           |                   ,  0.12,  0.84
#
 4,                2b,27,  0.24,  0.11,    ---*---          |                   ,  0.12,  0.84
 4,              bonr,27,  0.24,  0.07,      -*--           |                   ,  0.12,  0.84
 4,              bonr,50,  0.24,  0.08,    ---*-            |                   ,  0.12,  0.84
 4,              rand,20,  0.25,  0.06,     ---*            |                   ,  0.12,  0.84
#
 5,              bonr,20,  0.25,  0.10,      --*--          |                   ,  0.12,  0.84
 5,              2rrp,10,  0.27,  0.08,      --*-           |                   ,  0.12,  0.84
 5,                 b,30,  0.27,  0.11,    -----*-          |                   ,  0.12,  0.84
 5,              bonr,30,  0.27,  0.09,      ---*-          |                   ,  0.12,  0.84
 5,                rrp,5,  0.28,  0.10,     ----*-          |                   ,  0.12,  0.84
 5,                 b,27,  0.28,  0.08,       --*--         |                   ,  0.12,  0.84
 5,               rand,9,  0.28,  0.09,      ---*-          |                   ,  0.12,  0.84
 5,                2b,15,  0.28,  0.10,     ----*           |                   ,  0.12,  0.84
 5,              rand,15,  0.29,  0.06,       ---*          |                   ,  0.12,  0.84
#
 6,              bonr,15,  0.29,  0.06,        --*-         |                   ,  0.12,  0.84
 6,               rand,6,  0.29,  0.08,       ---*-         |                   ,  0.12,  0.84
 6,                2b,20,  0.30,  0.10,      ----*-         |                   ,  0.12,  0.84
 6,                 b,15,  0.30,  0.09,      -----*         |                   ,  0.12,  0.84
 6,                  b,9,  0.30,  0.05,         --*         |                   ,  0.12,  0.84
 6,                 2b,9,  0.31,  0.04,         --*         |                   ,  0.12,  0.84
 6,                 b,20,  0.31,  0.09,         --*-        |                   ,  0.12,  0.84
 6,               bonr,9,  0.31,  0.09,        ---*         |                   ,  0.12,  0.84
 6,               bonr,6,  0.31,  0.09,         --*--       |                   ,  0.12,  0.84
#
 7,                  b,6,  0.31,  0.06,         --*-        |                   ,  0.12,  0.84
 7,                 2b,6,  0.32,  0.06,          -*--       |                   ,  0.12,  0.84
#
 8,             base,756,  0.37,  0.20,           ---*------|                   ,  0.12,  0.84
