date : February/02/2024 21:46:28,
file : /Users/timm/gits/txt/aa24/data/flash/SS-H.csv,
repeats  : 20,
seed : 31210,
rows : 259,
cols : 6,
best : 0.23,
tiny : 0.06
#base #2rrp #rrp #b6 #2b6 #bonr6 #rand6 #b9 #2b9 #bonr9 #rand9 #b15 #2b15 #bonr15 #rand15 #b16 #2b16 #bonr16 #rand16 #b20 #2b20 #bonr20 #rand20 #b30 #2b30 #bonr30 #rand30 #b50 #2b50 #bonr50 #rand50 #rand60 #rand233 
#report33
#
 0,                 b,50,  0.23,  0.00, *                   |                   ,  0.23,  0.97
#
 1,                2b,50,  0.23,  0.00, *                   |                   ,  0.23,  0.97
 1,             rand,233,  0.23,  0.00, *                   |                   ,  0.23,  0.97
 1,                 b,15,  0.23,  0.15, *-------            |                   ,  0.23,  0.97
 1,                2b,20,  0.23,  0.19, *---------          |                   ,  0.23,  0.97
 1,                 b,30,  0.23,  0.00, *                   |                   ,  0.23,  0.97
 1,                2b,30,  0.23,  0.00, *                   |                   ,  0.23,  0.97
 1,              bonr,50,  0.23,  0.09, *---                |                   ,  0.23,  0.97
#
 2,              rand,60,  0.23,  0.00, *                   |                   ,  0.23,  0.97
#
 3,                 b,16,  0.31,  0.38, ----*---------------|                   ,  0.23,  0.97
 3,                2b,16,  0.31,  0.23, ----*-------        |                   ,  0.23,  0.97
 3,                 b,20,  0.31,  0.38, ----*---------------|                   ,  0.23,  0.97
 3,              rand,50,  0.31,  0.09, ----*               |                   ,  0.23,  0.97
 3,              bonr,30,  0.31,  0.19, ----*-----          |                   ,  0.23,  0.97
 3,              rand,30,  0.31,  0.15, ----*---            |                   ,  0.23,  0.97
#
 4,              rand,15,  0.38,  0.13,     ----*--         |                   ,  0.23,  0.97
 4,              rand,16,  0.38,  0.15,     ----*---        |                   ,  0.23,  0.97
 4,              rand,20,  0.38,  0.22, --------*--         |                   ,  0.23,  0.97
 4,              bonr,20,  0.38,  0.13,     ----*--         |                   ,  0.23,  0.97
 4,                2b,15,  0.42,  0.19, ----------*         |                   ,  0.23,  0.97
#
 5,              bonr,16,  0.45,  0.08,         ---*        |                   ,  0.23,  0.97
 5,                rrp,5,  0.45,  0.16,         ---*----    |                   ,  0.23,  0.97
 5,               rand,9,  0.45,  0.20,     -------*---     |                   ,  0.23,  0.97
#
 6,               2rrp,9,  0.45,  0.13,         ---*--      |                   ,  0.23,  0.97
 6,              bonr,15,  0.45,  0.13,         ---*---     |                   ,  0.23,  0.97
 6,               bonr,6,  0.45,  0.13,         ----*--     |                   ,  0.23,  0.97
 6,               rand,6,  0.45,  0.12,         ----*--     |                   ,  0.23,  0.97
 6,                  b,9,  0.45,  0.32,     --------*-------|-                  ,  0.23,  0.97
 6,                 2b,6,  0.46,  0.15,         ----*---    |                   ,  0.23,  0.97
 6,               bonr,9,  0.48,  0.19,           ---*------|                   ,  0.23,  0.97
 6,                  b,6,  0.51,  0.23,         -------*----|                   ,  0.23,  0.97
 6,                 2b,9,  0.51,  0.26,         -------*----|-                  ,  0.23,  0.97
#
 7,             base,259,  0.72,  0.26,                     |-----*------       ,  0.23,  0.97
