date : February/02/2024 21:46:39,
file : /Users/timm/gits/txt/aa24/data/flash/SS-J.csv,
repeats  : 20,
seed : 31210,
rows : 3840,
cols : 8,
best : 0.02,
tiny : 0.07
#base #2rrp #rrp #b6 #2b6 #bonr6 #rand6 #b9 #2b9 #bonr9 #rand9 #b15 #2b15 #bonr15 #rand15 #b20 #2b20 #bonr20 #rand20 #b30 #2b30 #bonr30 #rand30 #b50 #2b50 #bonr50 #rand50 #rand62 #rand80 #rand3456 
#report30
#
 0,            rand,3456,  0.02,  0.00, *                   |                   ,  0.02,  1.00
 0,                 b,50,  0.05,  0.14, *-----              |                   ,  0.02,  1.00
 0,                2b,50,  0.05,  0.43, *-----------------  |                   ,  0.02,  1.00
 0,              rand,80,  0.06,  0.03, -*                  |                   ,  0.02,  1.00
 0,              rand,62,  0.06,  0.03,  *                  |                   ,  0.02,  1.00
 0,              rand,50,  0.06,  0.03, -*                  |                   ,  0.02,  1.00
 0,              rand,30,  0.07,  0.03,  *                  |                   ,  0.02,  1.00
#
 1,              rand,20,  0.07,  0.06,  -*                 |                   ,  0.02,  1.00
 1,              2rrp,12,  0.08,  0.03,  -*                 |                   ,  0.02,  1.00
#
 2,              rand,15,  0.09,  0.20,   *-------          |                   ,  0.02,  1.00
 2,                rrp,6,  0.10,  0.09,   -*-               |                   ,  0.02,  1.00
 2,              bonr,30,  0.11,  0.16,   -*-----           |                   ,  0.02,  1.00
 2,              bonr,15,  0.12,  0.20,   --*-----          |                   ,  0.02,  1.00
#
 3,                 b,30,  0.20,  0.25, -------*---         |                   ,  0.02,  1.00
 3,                 b,15,  0.20,  0.49,   -----*------------|-                  ,  0.02,  1.00
 3,              bonr,50,  0.21,  0.37,   -----*---------   |                   ,  0.02,  1.00
 3,                2b,20,  0.23,  0.31,  -------*----       |                   ,  0.02,  1.00
 3,               rand,9,  0.23,  0.20,    -----*--         |                   ,  0.02,  1.00
 3,                 b,20,  0.23,  0.28,  -------*---        |                   ,  0.02,  1.00
 3,              bonr,20,  0.24,  0.22,   ------*--         |                   ,  0.02,  1.00
#
 4,                2b,30,  0.29,  0.43,   --------*---------|                   ,  0.02,  1.00
 4,               bonr,9,  0.29,  0.35,    -------*-------  |                   ,  0.02,  1.00
 4,                  b,9,  0.30,  0.26,         ---*------  |                   ,  0.02,  1.00
 4,               rand,6,  0.30,  0.22,         ---*-----   |                   ,  0.02,  1.00
 4,                2b,15,  0.31,  0.36,         ---*--------|--                 ,  0.02,  1.00
 4,               bonr,6,  0.31,  0.19,        ----*--      |                   ,  0.02,  1.00
 4,                 2b,6,  0.34,  0.37,        ------*------|-                  ,  0.02,  1.00
#
 5,                 2b,9,  0.46,  0.24,            ------*--|                   ,  0.02,  1.00
 5,                  b,6,  0.50,  0.36,         -----------*|--                 ,  0.02,  1.00
#
 6,            base,3840,  0.59,  0.32,              -------|--*--              ,  0.02,  1.00
