date : February/02/2024 21:46:40,
file : /Users/timm/gits/txt/aa24/data/flash/SS-K.csv,
repeats  : 20,
seed : 31210,
rows : 2880,
cols : 8,
best : 0.01,
tiny : 0.06
#base #2rrp #rrp #b6 #2b6 #bonr6 #rand6 #b9 #2b9 #bonr9 #rand9 #b15 #2b15 #bonr15 #rand15 #b20 #2b20 #bonr20 #rand20 #b30 #2b30 #bonr30 #rand30 #b50 #2b50 #bonr50 #rand50 #rand54 #rand80 #rand2592 
#report30
#
 0,            rand,2592,  0.01,  0.00, *                   |                   ,  0.01,  0.90
#
 1,                 b,50,  0.08,  0.28, --*----------       |                   ,  0.01,  0.90
 1,              rand,80,  0.10,  0.10,   -*--              |                   ,  0.01,  0.90
#
 2,              rand,50,  0.10,  0.10,   --*-              |                   ,  0.01,  0.90
 2,                2b,50,  0.12,  0.14,     *-----          |                   ,  0.01,  0.90
 2,              rand,54,  0.12,  0.05,    -*-              |                   ,  0.01,  0.90
#
 3,              bonr,50,  0.15,  0.22,     --*-------      |                   ,  0.01,  0.90
 3,              rand,30,  0.17,  0.08,      --*-           |                   ,  0.01,  0.90
#
 4,              rand,20,  0.21,  0.12,      ---*--         |                   ,  0.01,  0.90
 4,              rand,15,  0.24,  0.18,        ---*----     |                   ,  0.01,  0.90
 4,                 b,30,  0.26,  0.21,     -------*-       |                   ,  0.01,  0.90
 4,              bonr,30,  0.27,  0.22,     -------*--      |                   ,  0.01,  0.90
 4,                rrp,6,  0.28,  0.15,          ---*---    |                   ,  0.01,  0.90
 4,                2b,30,  0.28,  0.18,        -----*--     |                   ,  0.01,  0.90
 4,                 b,15,  0.29,  0.25,     --------*--     |                   ,  0.01,  0.90
#
 5,              bonr,15,  0.29,  0.09,            -*--     |                   ,  0.01,  0.90
 5,              2rrp,12,  0.30,  0.21,       -------*-     |                   ,  0.01,  0.90
 5,              bonr,20,  0.30,  0.24,      --------*--    |                   ,  0.01,  0.90
 5,                 b,20,  0.31,  0.24,     ---------*-     |                   ,  0.01,  0.90
 5,               rand,9,  0.31,  0.19,       -------*-     |                   ,  0.01,  0.90
 5,                  b,9,  0.33,  0.08,             --*-    |                   ,  0.01,  0.90
 5,                2b,20,  0.34,  0.23,      ---------*     |                   ,  0.01,  0.90
#
 6,                2b,15,  0.35,  0.08,               -*-   |                   ,  0.01,  0.90
 6,               bonr,9,  0.36,  0.13,            ----*-   |                   ,  0.01,  0.90
 6,                 2b,9,  0.36,  0.16,               -*----|                   ,  0.01,  0.90
 6,               rand,6,  0.37,  0.09,               --*-  |                   ,  0.01,  0.90
 6,                  b,6,  0.39,  0.16,               --*---|                   ,  0.01,  0.90
 6,                 2b,6,  0.39,  0.06,                --*  |                   ,  0.01,  0.90
 6,               bonr,6,  0.41,  0.13,               ---*--|                   ,  0.01,  0.90
#
 7,            base,2880,  0.53,  0.25,                  ---|--*----            ,  0.01,  0.90
