date : February/02/2024 21:46:40,
file : /Users/timm/gits/txt/aa24/data/flash/SS-L.csv,
repeats  : 20,
seed : 31210,
rows : 1023,
cols : 13,
best : 0.16,
tiny : 0.06
#base #2rrp #rrp #b6 #2b6 #bonr6 #rand6 #b9 #2b9 #bonr9 #rand9 #b15 #2b15 #bonr15 #rand15 #b20 #2b20 #bonr20 #rand20 #b30 #2b30 #bonr30 #rand30 #b32 #2b32 #bonr32 #rand32 #b50 #2b50 #bonr50 #rand50 #rand130 #rand921 
#report33
#
 0,                 b,50,  0.16,  0.00, *                   |                   ,  0.16,  0.88
 0,                2b,50,  0.16,  0.00, *                   |                   ,  0.16,  0.88
 0,             rand,921,  0.16,  0.00, *                   |                   ,  0.16,  0.88
 0,                2b,32,  0.16,  0.02, *                   |                   ,  0.16,  0.88
#
 1,                 b,32,  0.16,  0.01, *                   |                   ,  0.16,  0.88
 1,                2b,20,  0.16,  0.02, *                   |                   ,  0.16,  0.88
 1,                 b,30,  0.17,  0.02, *                   |                   ,  0.16,  0.88
 1,                2b,30,  0.17,  0.03, *                   |                   ,  0.16,  0.88
 1,             rand,130,  0.17,  0.02, *                   |                   ,  0.16,  0.88
 1,                 b,15,  0.18,  0.03, -*                  |                   ,  0.16,  0.88
 1,                 b,20,  0.18,  0.02, -*                  |                   ,  0.16,  0.88
#
 2,              bonr,50,  0.18,  0.31, -*---------------   |                   ,  0.16,  0.88
 2,              bonr,30,  0.18,  0.24, -*-----------       |                   ,  0.16,  0.88
 2,              rand,50,  0.18,  0.02, -*                  |                   ,  0.16,  0.88
 2,              bonr,32,  0.19,  0.21, -*----------        |                   ,  0.16,  0.88
 2,                  b,9,  0.19,  0.32,  -*---------------  |                   ,  0.16,  0.88
 2,              bonr,20,  0.20,  0.24, --*----------       |                   ,  0.16,  0.88
#
 3,              rand,32,  0.20,  0.03,  -*                 |                   ,  0.16,  0.88
#
 4,              rand,30,  0.21,  0.02,   *                 |                   ,  0.16,  0.88
#
 5,              rand,20,  0.21,  0.20,   *----------       |                   ,  0.16,  0.88
 5,              rand,15,  0.21,  0.23,   -*-----------     |                   ,  0.16,  0.88
 5,              2rrp,10,  0.22,  0.21,   -*----------      |                   ,  0.16,  0.88
 5,               rand,9,  0.37,  0.24,   ---------*---     |                   ,  0.16,  0.88
 5,                2b,15,  0.37,  0.30,  ----------*-----   |                   ,  0.16,  0.88
 5,              bonr,15,  0.38,  0.22,  -----------*       |                   ,  0.16,  0.88
 5,                 2b,6,  0.38,  0.32,  -----------*------ |                   ,  0.16,  0.88
 5,               bonr,9,  0.39,  0.33,   ----------*-------|                   ,  0.16,  0.88
 5,                  b,6,  0.39,  0.22,   -----------*      |                   ,  0.16,  0.88
#
 6,                rrp,6,  0.39,  0.33,    ----------*------|                   ,  0.16,  0.88
 6,                 2b,9,  0.40,  0.29,   -----------*----  |                   ,  0.16,  0.88
#
 7,               rand,6,  0.41,  0.31,   -----------*------|                   ,  0.16,  0.88
 7,               bonr,6,  0.43,  0.37,    ------------*----|---                ,  0.16,  0.88
#
 8,            base,1023,  0.69,  0.21,                     |--------*---       ,  0.16,  0.88
