date : February/02/2024 21:47:04,
file : /Users/timm/gits/txt/aa24/data/flash/SS-M.csv,
repeats  : 20,
seed : 31210,
rows : 239360,
cols : 15,
best : 0.0,
tiny : 0.05
#base #2rrp #rrp #b6 #2b6 #bonr6 #rand6 #b9 #2b9 #bonr9 #rand9 #b15 #2b15 #bonr15 #rand15 #b20 #2b20 #bonr20 #rand20 #b30 #2b30 #bonr30 #rand30 #b50 #2b50 #bonr50 #rand50 #rand150 #rand489 #rand215424 
#report30
#
 0,          rand,215424,  0.00,  0.00, *                   |                   ,  0.00,  1.00
#
 1,             rand,489,  0.00,  0.00, *                   |                   ,  0.00,  1.00
#
 2,             rand,150,  0.00,  0.00, *                   |                   ,  0.00,  1.00
 2,                 b,50,  0.00,  0.00, *                   |                   ,  0.00,  1.00
 2,                2b,30,  0.00,  0.00, *                   |                   ,  0.00,  1.00
#
 3,              bonr,50,  0.00,  0.00, *                   |                   ,  0.00,  1.00
 3,                2b,15,  0.00,  0.00, *                   |                   ,  0.00,  1.00
 3,              bonr,30,  0.00,  0.00, *                   |                   ,  0.00,  1.00
 3,                 b,30,  0.00,  0.00, *                   |                   ,  0.00,  1.00
#
 4,              rand,50,  0.00,  0.00, *                   |                   ,  0.00,  1.00
 4,                 b,15,  0.00,  0.00, *                   |                   ,  0.00,  1.00
 4,              rand,30,  0.00,  0.00, *                   |                   ,  0.00,  1.00
 4,              2rrp,18,  0.00,  0.00, *                   |                   ,  0.00,  1.00
 4,              rand,20,  0.00,  0.00, *                   |                   ,  0.00,  1.00
 4,                 b,20,  0.00,  0.00, *                   |                   ,  0.00,  1.00
 4,                2b,20,  0.00,  0.00, *                   |                   ,  0.00,  1.00
 4,                2b,50,  0.00,  0.00, *                   |                   ,  0.00,  1.00
 4,              bonr,20,  0.00,  0.00, *                   |                   ,  0.00,  1.00
 4,              rand,15,  0.00,  0.00, *                   |                   ,  0.00,  1.00
 4,                  b,9,  0.00,  0.00, *                   |                   ,  0.00,  1.00
#
 5,                rrp,9,  0.00,  0.00, *                   |                   ,  0.00,  1.00
 5,               bonr,9,  0.00,  0.00, *                   |                   ,  0.00,  1.00
 5,               rand,9,  0.00,  0.00, *                   |                   ,  0.00,  1.00
 5,              bonr,15,  0.00,  0.00, *                   |                   ,  0.00,  1.00
 5,                 2b,6,  0.00,  0.00, *                   |                   ,  0.00,  1.00
#
 6,                 2b,9,  0.00,  0.00, *                   |                   ,  0.00,  1.00
 6,               rand,6,  0.00,  0.00, *                   |                   ,  0.00,  1.00
 6,               bonr,6,  0.00,  0.00, *                   |                   ,  0.00,  1.00
 6,                  b,6,  0.00,  0.00, *                   |                   ,  0.00,  1.00
#
 7,          base,239360,  0.01,  0.01, *                   |                   ,  0.00,  1.00
