date : February/02/2024 21:48:14,
file : /Users/timm/gits/txt/aa24/data/flash/SS-O.csv,
repeats  : 20,
seed : 31210,
rows : 65424,
cols : 61,
best : 0.0,
tiny : 0.05
#base #2rrp #rrp #b6 #2b6 #bonr6 #rand6 #b9 #2b9 #bonr9 #rand9 #b15 #2b15 #bonr15 #rand15 #b20 #2b20 #bonr20 #rand20 #b30 #2b30 #bonr30 #rand30 #b50 #2b50 #bonr50 #rand50 #rand256 #rand610 #rand58882 
#report30
#
 0,           rand,58882,  0.00,  0.00, *                   |                   ,  0.00,  0.71
#
 1,             rand,610,  0.00,  0.00, *                   |                   ,  0.00,  0.71
#
 2,                 b,50,  0.00,  0.00, *                   |                   ,  0.00,  0.71
 2,             rand,256,  0.00,  0.00, *                   |                   ,  0.00,  0.71
#
 3,                 b,30,  0.00,  0.00, *                   |                   ,  0.00,  0.71
 3,              bonr,50,  0.00,  0.00, *                   |                   ,  0.00,  0.71
#
 4,              2rrp,16,  0.00,  0.00, *                   |                   ,  0.00,  0.71
 4,                2b,50,  0.00,  0.00, *                   |                   ,  0.00,  0.71
 4,              rand,50,  0.00,  0.00, *                   |                   ,  0.00,  0.71
 4,                2b,15,  0.00,  0.00, *                   |                   ,  0.00,  0.71
 4,                2b,20,  0.00,  0.00, *                   |                   ,  0.00,  0.71
 4,              bonr,20,  0.00,  0.00, *                   |                   ,  0.00,  0.71
 4,              rand,20,  0.00,  0.00, *                   |                   ,  0.00,  0.71
 4,              bonr,30,  0.00,  0.00, *                   |                   ,  0.00,  0.71
#
 5,              rand,30,  0.00,  0.00, *                   |                   ,  0.00,  0.71
 5,                rrp,9,  0.00,  0.00, *                   |                   ,  0.00,  0.71
 5,               rand,6,  0.00,  0.00, *                   |                   ,  0.00,  0.71
 5,                 b,15,  0.00,  0.00, *                   |                   ,  0.00,  0.71
 5,              bonr,15,  0.00,  0.00, *                   |                   ,  0.00,  0.71
 5,                 2b,6,  0.00,  0.00, *                   |                   ,  0.00,  0.71
 5,                 2b,9,  0.00,  0.00, *                   |                   ,  0.00,  0.71
 5,               bonr,9,  0.00,  0.00, *                   |                   ,  0.00,  0.71
 5,              rand,15,  0.00,  0.00, *                   |                   ,  0.00,  0.71
 5,               bonr,6,  0.00,  0.00, *                   |                   ,  0.00,  0.71
 5,                  b,9,  0.00,  0.00, *                   |                   ,  0.00,  0.71
 5,                 b,20,  0.00,  0.00, *                   |                   ,  0.00,  0.71
 5,                2b,30,  0.00,  0.00, *                   |                   ,  0.00,  0.71
 5,               rand,9,  0.00,  0.00, *                   |                   ,  0.00,  0.71
 5,                  b,6,  0.00,  0.00, *                   |                   ,  0.00,  0.71
#
 6,           base,65424,  0.00,  0.00, *                   |                   ,  0.00,  0.71
