date : April/04/2024 15:12:50,
file : ../data/auto93.csv,
repeats  : 20,
seed : 31210,
rows : 398,
cols : 8,
best : 0.17,
tiny : 0.06
#base #SNEAK #2rrp #rrp #b10 #bonr10 #rand10 #b20 #bonr20 #rand20 #b30 #bonr30 #rand30 #b40 #bonr40 #rand40 #b50 #bonr50 #rand50 #b60 #bonr60 #rand60 #b70 #bonr70 #rand70 #b80 #bonr80 #rand80 
#report28
#
 0,                 b,80,  0.19,  0.14, -*------            |                   ,  0.17,  0.85
 0,              rand,80,  0.19,  0.09, -*---               |                   ,  0.17,  0.85
 0,              rand,70,  0.20,  0.06,  *--                |                   ,  0.17,  0.85
 0,                 b,20,  0.24,  0.11, ----*-              |                   ,  0.17,  0.85
 0,                 b,30,  0.24,  0.18,  ---*-------        |                   ,  0.17,  0.85
 0,              rand,30,  0.24,  0.07,  ---*               |                   ,  0.17,  0.85
#
 1,                 b,40,  0.25,  0.13,  ---*----           |                   ,  0.17,  0.85
 1,              rand,50,  0.25,  0.11,  ---*---            |                   ,  0.17,  0.85
 1,                 b,60,  0.25,  0.14, ----*---            |                   ,  0.17,  0.85
 1,              rand,60,  0.25,  0.11,  ---*---            |                   ,  0.17,  0.85
 1,              rand,40,  0.26,  0.12,  ----*--            |                   ,  0.17,  0.85
 1,                 b,70,  0.26,  0.20,  ----*-------       |                   ,  0.17,  0.85
 1,                 b,10,  0.27,  0.16,  -----*---          |                   ,  0.17,  0.85
 1,                 b,50,  0.27,  0.19,  -----*-----        |                   ,  0.17,  0.85
 1,               2rrp,9,  0.28,  0.07,      -*--           |                   ,  0.17,  0.85
#
 2,              bonr,60,  0.30,  0.09,      --*--          |                   ,  0.17,  0.85
 2,              rand,20,  0.31,  0.09,      ---*--         |                   ,  0.17,  0.85
 2,              bonr,40,  0.32,  0.12,       ---*---       |                   ,  0.17,  0.85
 2,              bonr,30,  0.32,  0.11,       ---*--        |                   ,  0.17,  0.85
 2,              bonr,70,  0.34,  0.11,         --*----     |                   ,  0.17,  0.85
 2,                rrp,5,  0.35,  0.15,      -----*---      |                   ,  0.17,  0.85
 2,              rand,10,  0.35,  0.05,         --*         |                   ,  0.17,  0.85
 2,              bonr,10,  0.35,  0.09,          -*---      |                   ,  0.17,  0.85
 2,              bonr,20,  0.35,  0.13,         --*-----    |                   ,  0.17,  0.85
#
 3,              bonr,80,  0.38,  0.12,       ------*       |                   ,  0.17,  0.85
 3,              bonr,50,  0.38,  0.08,          ---*-      |                   ,  0.17,  0.85
#
 4,             base,398,  0.55,  0.19,                -----|-*---              ,  0.17,  0.85
 4,             SNEAK,19,  0.57,  0.00,                     |  *                ,  0.17,  0.85
