date : April/04/2024 15:13:22,
file : ../data/china.csv,
repeats  : 20,
seed : 31210,
rows : 499,
cols : 19,
best : 0.0,
tiny : 0.05
#base #SNEAK #2rrp #rrp #b10 #bonr10 #rand10 #b20 #bonr20 #rand20 #b30 #bonr30 #rand30 #b40 #bonr40 #rand40 #b50 #bonr50 #rand50 #b60 #bonr60 #rand60 #b70 #bonr70 #rand70 #b80 #bonr80 #rand80 
#report28
#
 0,                 b,50,  0.00,  0.00, *                   |                   ,  0.00,  0.31
 0,                 b,20,  0.00,  0.00, *                   |                   ,  0.00,  0.31
 0,                 b,30,  0.00,  0.00, *                   |                   ,  0.00,  0.31
 0,                 b,40,  0.00,  0.00, *                   |                   ,  0.00,  0.31
 0,              bonr,50,  0.00,  0.00, *                   |                   ,  0.00,  0.31
 0,                 b,60,  0.00,  0.00, *                   |                   ,  0.00,  0.31
 0,                 b,70,  0.00,  0.00, *                   |                   ,  0.00,  0.31
 0,              rand,70,  0.00,  0.00, *                   |                   ,  0.00,  0.31
 0,                 b,80,  0.00,  0.00, *                   |                   ,  0.00,  0.31
 0,              bonr,80,  0.00,  0.00, *                   |                   ,  0.00,  0.31
 0,              rand,80,  0.00,  0.00, *                   |                   ,  0.00,  0.31
 0,              rand,60,  0.00,  0.00, *                   |                   ,  0.00,  0.31
 0,              rand,50,  0.00,  0.00, *                   |                   ,  0.00,  0.31
#
 1,              bonr,40,  0.00,  0.00, *                   |                   ,  0.00,  0.31
 1,              bonr,30,  0.00,  0.00, *                   |                   ,  0.00,  0.31
 1,              rand,30,  0.00,  0.00, *                   |                   ,  0.00,  0.31
 1,              bonr,20,  0.00,  0.00, *                   |                   ,  0.00,  0.31
 1,              bonr,60,  0.00,  0.00, *                   |                   ,  0.00,  0.31
 1,              bonr,70,  0.00,  0.00, *                   |                   ,  0.00,  0.31
 1,              rand,20,  0.00,  0.00, *                   |                   ,  0.00,  0.31
 1,              rand,40,  0.00,  0.00, *                   |                   ,  0.00,  0.31
 1,              bonr,10,  0.00,  0.00, *                   |                   ,  0.00,  0.31
#
 2,              rand,10,  0.00,  0.01, *                   |                   ,  0.00,  0.31
 2,               2rrp,9,  0.00,  0.01, *                   |                   ,  0.00,  0.31
 2,                 b,10,  0.00,  0.01, *                   |                   ,  0.00,  0.31
 2,                rrp,5,  0.01,  0.01, -*                  |                   ,  0.00,  0.31
#
 3,             base,499,  0.03,  0.06,  ---*----           |                   ,  0.00,  0.31
 3,             SNEAK,22,  0.04,  0.00,     *               |                   ,  0.00,  0.31
