date : April/04/2024 15:14:59,
file : ../data/coc1000.csv,
repeats  : 20,
seed : 31210,
rows : 1000,
cols : 25,
best : 0.13,
tiny : 0.04
#base #SNEAK #2rrp #rrp #b10 #bonr10 #rand10 #b20 #bonr20 #rand20 #b30 #bonr30 #rand30 #b40 #bonr40 #rand40 #b50 #bonr50 #rand50 #b60 #bonr60 #rand60 #b70 #bonr70 #rand70 #b80 #bonr80 #rand80 
#report28
#
 0,              rand,80,  0.18,  0.02,    *-               |                   ,  0.13,  0.63
#
 1,              rand,70,  0.20,  0.03,     -*              |                   ,  0.13,  0.63
 1,              rand,50,  0.21,  0.07,     --*---          |                   ,  0.13,  0.63
#
 2,              bonr,30,  0.21,  0.06,      -*---          |                   ,  0.13,  0.63
 2,                 b,50,  0.21,  0.10,     --*----         |                   ,  0.13,  0.63
 2,              rand,40,  0.21,  0.08,     --*----         |                   ,  0.13,  0.63
 2,              rand,60,  0.21,  0.08,    ---*---          |                   ,  0.13,  0.63
 2,                 b,70,  0.21,  0.08,     --*---          |                   ,  0.13,  0.63
 2,              bonr,40,  0.22,  0.07,      -*----         |                   ,  0.13,  0.63
 2,                 b,80,  0.22,  0.06,      -*--           |                   ,  0.13,  0.63
 2,              bonr,60,  0.24,  0.06,       --*--         |                   ,  0.13,  0.63
 2,                 b,40,  0.25,  0.06,       ---*-         |                   ,  0.13,  0.63
 2,              bonr,50,  0.25,  0.05,       ---*          |                   ,  0.13,  0.63
 2,              bonr,80,  0.25,  0.09,     -----*-         |                   ,  0.13,  0.63
 2,                 b,30,  0.25,  0.11,     -----*--        |                   ,  0.13,  0.63
#
 3,              rand,30,  0.25,  0.08,       ---*--        |                   ,  0.13,  0.63
 3,              rand,20,  0.26,  0.06,       ----*         |                   ,  0.13,  0.63
 3,                 b,60,  0.26,  0.09,       ----*--       |                   ,  0.13,  0.63
 3,              bonr,70,  0.26,  0.12,       ----*----     |                   ,  0.13,  0.63
 3,             SNEAK,31,  0.26,  0.00,           *         |                   ,  0.13,  0.63
#
 4,                 b,20,  0.27,  0.14,       ----*------   |                   ,  0.13,  0.63
 4,              bonr,10,  0.28,  0.13,           -*--------|                   ,  0.13,  0.63
#
 5,              bonr,20,  0.29,  0.08,          ---*--     |                   ,  0.13,  0.63
 5,              rand,10,  0.29,  0.10,         ----*---    |                   ,  0.13,  0.63
#
 6,              2rrp,10,  0.31,  0.09,           ----*--   |                   ,  0.13,  0.63
 6,                 b,10,  0.31,  0.10,            ---*---- |                   ,  0.13,  0.63
#
 7,                rrp,5,  0.32,  0.13,            ---*-----|                   ,  0.13,  0.63
#
 8,            base,1000,  0.46,  0.15,                    -|-----*----         ,  0.13,  0.63
