date : April/04/2024 15:03:29,
file : ../data/healthCommits12mths0011.csv,
repeats  : 20,
seed : 31210,
rows : 10000,
cols : 8,
best : 0.0,
tiny : 0.06
#base #SNEAK #2rrp #rrp #b10 #bonr10 #rand10 #b20 #bonr20 #rand20 #b30 #bonr30 #rand30 #b40 #bonr40 #rand40 #b50 #bonr50 #rand50 #b60 #bonr60 #rand60 #b70 #bonr70 #rand70 #b80 #bonr80 #rand80 
#report28
#
 0,              2rrp,14,  0.00,  0.58, *-------------------|------------       ,  0.00,  0.70
 0,                rrp,7,  0.00,  0.54, *-------------------|----------         ,  0.00,  0.70
 0,                 b,10,  0.00,  0.14, *-------            |                   ,  0.00,  0.70
 0,              rand,10,  0.00,  0.58, *-------------------|------------       ,  0.00,  0.70
 0,                 b,20,  0.00,  0.55, *-------------------|----------         ,  0.00,  0.70
 0,              bonr,20,  0.00,  0.55, *-------------------|----------         ,  0.00,  0.70
 0,              rand,20,  0.00,  0.00, *                   |                   ,  0.00,  0.70
 0,                 b,30,  0.00,  0.00, *                   |                   ,  0.00,  0.70
 0,              bonr,30,  0.00,  0.00, *                   |                   ,  0.00,  0.70
 0,              rand,30,  0.00,  0.00, *                   |                   ,  0.00,  0.70
 0,                 b,40,  0.00,  0.00, *                   |                   ,  0.00,  0.70
 0,              bonr,40,  0.00,  0.00, *                   |                   ,  0.00,  0.70
 0,              rand,40,  0.00,  0.00, *                   |                   ,  0.00,  0.70
 0,                 b,50,  0.00,  0.00, *                   |                   ,  0.00,  0.70
 0,              bonr,50,  0.00,  0.51, *-------------------|--------           ,  0.00,  0.70
 0,              rand,50,  0.00,  0.00, *                   |                   ,  0.00,  0.70
 0,                 b,60,  0.00,  0.00, *                   |                   ,  0.00,  0.70
 0,              bonr,60,  0.00,  0.53, *-------------------|---------          ,  0.00,  0.70
 0,              rand,60,  0.00,  0.00, *                   |                   ,  0.00,  0.70
 0,                 b,70,  0.00,  0.14, *-------            |                   ,  0.00,  0.70
 0,              bonr,70,  0.00,  0.00, *                   |                   ,  0.00,  0.70
 0,              rand,70,  0.00,  0.00, *                   |                   ,  0.00,  0.70
 0,                 b,80,  0.00,  0.00, *                   |                   ,  0.00,  0.70
 0,              bonr,80,  0.00,  0.53, *-------------------|---------          ,  0.00,  0.70
 0,              rand,80,  0.00,  0.00, *                   |                   ,  0.00,  0.70
 0,            SNEAK,100,  0.00,  0.00, *                   |                   ,  0.00,  0.70

#
 1,              bonr,10,  0.52,  0.58, --------------------|--------*---       ,  0.00,  0.70
#
 2,           base,10000,  0.59,  0.10,                     |            -*---- ,  0.00,  0.70
#
