date : April/04/2024 15:47:08,
file : ../data/healthCommits12mths0001.csv,
repeats  : 20,
seed : 31210,
rows : 10000,
cols : 8,
best : 0.44,
tiny : 0.02
#base #SNEAK #2rrp #rrp #b10 #bonr10 #rand10 #b20 #bonr20 #rand20 #b30 #bonr30 #rand30 #b40 #bonr40 #rand40 #b50 #bonr50 #rand50 #b60 #bonr60 #rand60 #b70 #bonr70 #rand70 #b80 #bonr80 #rand80 
#report28
#
 0,                 b,30,  0.59,  0.18,             -*------|-------            ,  0.44,  0.89
 0,                 b,80,  0.60,  0.17,              -*-----|-------            ,  0.44,  0.89
 0,                 b,60,  0.62,  0.17,              --*----|-------            ,  0.44,  0.89
 0,              rand,70,  0.62,  0.23, ----------------*---|                   ,  0.44,  0.89
 0,              rand,80,  0.62,  0.04,               --*-  |                   ,  0.44,  0.89
 0,                 b,50,  0.62,  0.16,               --*---|-------            ,  0.44,  0.89
 0,              rand,50,  0.63,  0.08,               ---*--|                   ,  0.44,  0.89
 0,              rand,60,  0.64,  0.10,                --*--|---                ,  0.44,  0.89
 0,              bonr,80,  0.64,  0.14,                 --*-|-------            ,  0.44,  0.89
 0,              bonr,40,  0.66,  0.15,                -----*-------            ,  0.44,  0.89
 0,              rand,20,  0.67,  0.16,               ------|*-------           ,  0.44,  0.89
#
 1,            SNEAK,100,  0.68,  0.00,                     |*                  ,  0.44,  0.89
 1,              rand,30,  0.68,  0.12,                   --|*------            ,  0.44,  0.89
 1,              rand,40,  0.69,  0.16,                -----|-*------           ,  0.44,  0.89
 1,                 b,70,  0.69,  0.15,                -----|-*-----            ,  0.44,  0.89
 1,              bonr,60,  0.71,  0.12,                   --|---*---            ,  0.44,  0.89
 1,              rand,10,  0.73,  0.14,                 ----|-----*--           ,  0.44,  0.89
 1,              bonr,70,  0.76,  0.15,                -----|-------*           ,  0.44,  0.89
 1,              bonr,30,  0.76,  0.16,               ------|-------*           ,  0.44,  0.89
 1,                rrp,7,  0.76,  0.03,                     |     --*           ,  0.44,  0.89
 1,              bonr,20,  0.76,  0.06,                     |  -----*           ,  0.44,  0.89
 1,                 b,40,  0.76,  0.15,                -----|-------*           ,  0.44,  0.89
 1,              bonr,50,  0.76,  0.12,                   --|-------*           ,  0.44,  0.89
 1,              2rrp,14,  0.76,  0.04,                     |    ---*           ,  0.44,  0.89
 1,                 b,20,  0.76,  0.15,                -----|-------*           ,  0.44,  0.89
 1,                 b,10,  0.76,  0.15,                -----|-------*           ,  0.44,  0.89
#
 2,              bonr,10,  0.76,  0.01,                     |       *           ,  0.44,  0.89
#
 3,           base,10000,  0.86,  0.11,                     |        ---------* ,  0.44,  0.89
