date : April/04/2024 15:39:12,
file : ../data/healthClosedPRs12mths0011.csv,
repeats  : 20,
seed : 31210,
rows : 10000,
cols : 8,
best : 0.0,
tiny : 0.13
#base #SNEAK #2rrp #rrp #b10 #bonr10 #rand10 #b20 #bonr20 #rand20 #b30 #bonr30 #rand30 #b40 #bonr40 #rand40 #b50 #bonr50 #rand50 #b60 #bonr60 #rand60 #b70 #bonr70 #rand70 #b80 #bonr80 #rand80 
#report28
#
 0,            SNEAK,100,  0.00,  0.00, *                   |                   ,  0.00,  0.80
 0,              2rrp,14,  0.00,  0.00, *                   |                   ,  0.00,  0.80
 0,                rrp,7,  0.00,  0.00, *                   |                   ,  0.00,  0.80
 0,                 b,10,  0.00,  0.00, *                   |                   ,  0.00,  0.80
 0,              bonr,10,  0.00,  0.00, *                   |                   ,  0.00,  0.80
 0,              rand,10,  0.00,  0.00, *                   |                   ,  0.00,  0.80
 0,                 b,20,  0.00,  0.00, *                   |                   ,  0.00,  0.80
 0,              bonr,20,  0.00,  0.00, *                   |                   ,  0.00,  0.80
 0,              rand,20,  0.00,  0.00, *                   |                   ,  0.00,  0.80
 0,                 b,30,  0.00,  0.00, *                   |                   ,  0.00,  0.80
 0,              bonr,30,  0.00,  0.00, *                   |                   ,  0.00,  0.80
 0,              rand,30,  0.00,  0.00, *                   |                   ,  0.00,  0.80
 0,                 b,40,  0.00,  0.00, *                   |                   ,  0.00,  0.80
 0,              bonr,40,  0.00,  0.00, *                   |                   ,  0.00,  0.80
 0,              rand,40,  0.00,  0.00, *                   |                   ,  0.00,  0.80
 0,                 b,50,  0.00,  0.00, *                   |                   ,  0.00,  0.80
 0,              bonr,50,  0.00,  0.00, *                   |                   ,  0.00,  0.80
 0,              rand,50,  0.00,  0.00, *                   |                   ,  0.00,  0.80
 0,                 b,60,  0.00,  0.00, *                   |                   ,  0.00,  0.80
 0,              bonr,60,  0.00,  0.00, *                   |                   ,  0.00,  0.80
 0,              rand,60,  0.00,  0.00, *                   |                   ,  0.00,  0.80
 0,                 b,70,  0.00,  0.00, *                   |                   ,  0.00,  0.80
 0,              bonr,70,  0.00,  0.00, *                   |                   ,  0.00,  0.80
 0,              rand,70,  0.00,  0.00, *                   |                   ,  0.00,  0.80
 0,                 b,80,  0.00,  0.00, *                   |                   ,  0.00,  0.80
 0,              bonr,80,  0.00,  0.00, *                   |                   ,  0.00,  0.80
 0,              rand,80,  0.00,  0.00, *                   |                   ,  0.00,  0.80
#
 1,           base,10000,  0.79,  0.80, --------------------|------------------*,  0.00,  0.80
