date : April/04/2024 15:17:15,
file : ../data/healthClosedIssues12mths0001.csv,
repeats  : 20,
seed : 31210,
rows : 10000,
cols : 8,
best : 0.16,
tiny : 0.05
#base #SNEAK #2rrp #rrp #b10 #bonr10 #rand10 #b20 #bonr20 #rand20 #b30 #bonr30 #rand30 #b40 #bonr40 #rand40 #b50 #bonr50 #rand50 #b60 #bonr60 #rand60 #b70 #bonr70 #rand70 #b80 #bonr80 #rand80 
#report28
#
 0,              rand,80,  0.38,  0.05,          --*        |                   ,  0.16,  0.90
 0,              rand,60,  0.38,  0.04,           -*        |                   ,  0.16,  0.90
 0,              rand,70,  0.39,  0.03,            -*       |                   ,  0.16,  0.90
 0,              rand,30,  0.39,  0.05,            -*       |                   ,  0.16,  0.90
 0,              rand,50,  0.40,  0.05,           --*       |                   ,  0.16,  0.90
#
 1,            SNEAK,100,  0.40,  0.00,              *      |                   ,  0.16,  0.90
 1,              rand,40,  0.40,  0.03,             -*      |                   ,  0.16,  0.90
 1,                 b,70,  0.41,  0.03,             -*      |                   ,  0.16,  0.90
 1,              bonr,30,  0.41,  0.02,              *      |                   ,  0.16,  0.90
 1,              rand,20,  0.41,  0.04,             -*      |                   ,  0.16,  0.90
 1,                 b,40,  0.41,  0.05,            --*      |                   ,  0.16,  0.90
 1,                 b,50,  0.41,  0.03,             -*      |                   ,  0.16,  0.90
#
 2,              bonr,60,  0.42,  0.03,             -*      |                   ,  0.16,  0.90
 2,              bonr,70,  0.42,  0.03,             -*      |                   ,  0.16,  0.90
 2,                 b,60,  0.42,  0.03,             -*      |                   ,  0.16,  0.90
 2,                 b,30,  0.42,  0.03,             -*      |                   ,  0.16,  0.90
 2,                 b,20,  0.42,  0.04,             -*      |                   ,  0.16,  0.90
 2,                 b,80,  0.42,  0.04,            --*      |                   ,  0.16,  0.90
 2,              bonr,50,  0.42,  0.02,              *      |                   ,  0.16,  0.90
 2,              bonr,40,  0.42,  0.02,              *      |                   ,  0.16,  0.90
 2,              bonr,20,  0.42,  0.04,             --*     |                   ,  0.16,  0.90
 2,              bonr,80,  0.42,  0.02,              -*     |                   ,  0.16,  0.90
#
 3,              rand,10,  0.43,  0.02,              -*     |                   ,  0.16,  0.90
 3,                 b,10,  0.43,  0.03,              -*     |                   ,  0.16,  0.90
 3,              bonr,10,  0.43,  0.02,              -*     |                   ,  0.16,  0.90
 3,              2rrp,14,  0.43,  0.06,            ---*     |                   ,  0.16,  0.90
#
 4,                rrp,7,  0.44,  0.02,               *     |                   ,  0.16,  0.90
#
 5,           base,10000,  0.46,  0.25,                -*---|-------            ,  0.16,  0.90
