date : April/04/2024 15:55:11,
file : ../data/nasa93dem.csv,
repeats  : 20,
seed : 31210,
rows : 93,
cols : 29,
best : 0.0,
tiny : 0.04
#base #SNEAK #2rrp #rrp #b10 #bonr10 #rand10 #b20 #bonr20 #rand20 #b30 #bonr30 #rand30 #b40 #bonr40 #rand40 #b50 #bonr50 #rand50 #b60 #bonr60 #rand60 #b70 #bonr70 #rand70 #b80 #bonr80 #rand80 
#report28
#
 0,              rand,50,  0.00,  0.01, *                   |                   ,  0.00,  0.32
 0,              rand,60,  0.00,  0.01, *                   |                   ,  0.00,  0.32
 0,              rand,70,  0.00,  0.00, *                   |                   ,  0.00,  0.32
#
 1,              rand,80,  0.00,  0.00, *                   |                   ,  0.00,  0.32
#
 2,              rand,20,  0.01,  0.02,  *--                |                   ,  0.00,  0.32
 2,                 b,40,  0.01,  0.03, -*-                 |                   ,  0.00,  0.32
 2,              rand,40,  0.01,  0.03, -*-                 |                   ,  0.00,  0.32
 2,                 b,50,  0.01,  0.03, -*-                 |                   ,  0.00,  0.32
#
 3,                 b,60,  0.01,  0.03, -*-                 |                   ,  0.00,  0.32
 3,              SNEAK,9,  0.02,  0.00,   *                 |                   ,  0.00,  0.32
 3,              bonr,20,  0.02,  0.04, --*-                |                   ,  0.00,  0.32
 3,              bonr,30,  0.02,  0.03,  -*--               |                   ,  0.00,  0.32
 3,              rand,30,  0.02,  0.02,  -*-                |                   ,  0.00,  0.32
 3,                 b,70,  0.02,  0.03, --*                 |                   ,  0.00,  0.32
 3,                 b,80,  0.02,  0.03, --*-                |                   ,  0.00,  0.32
 3,              bonr,80,  0.02,  0.04, --*--               |                   ,  0.00,  0.32
 3,                 b,20,  0.03,  0.02,  --*                |                   ,  0.00,  0.32
 3,                 b,30,  0.03,  0.01,   -*                |                   ,  0.00,  0.32
 3,              bonr,60,  0.03,  0.04, ----*               |                   ,  0.00,  0.32
 3,              bonr,70,  0.03,  0.04, ----*               |                   ,  0.00,  0.32
 3,              bonr,10,  0.03,  0.02,    -*-              |                   ,  0.00,  0.32
 3,              rand,10,  0.03,  0.03,   --*               |                   ,  0.00,  0.32
#
 4,              bonr,50,  0.03,  0.02,   --*               |                   ,  0.00,  0.32
 4,                 b,10,  0.03,  0.02,    -*-              |                   ,  0.00,  0.32
 4,              bonr,40,  0.03,  0.03,   --*-              |                   ,  0.00,  0.32
#
 5,               2rrp,7,  0.05,  0.01,      -*             |                   ,  0.00,  0.32
 5,                rrp,4,  0.05,  0.02,      -*-            |                   ,  0.00,  0.32
#
 6,              base,93,  0.11,  0.11,        ------*------|                   ,  0.00,  0.32
