date : April/04/2024 15:55:33,
file : ../data/pom3a.csv,
repeats  : 20,
seed : 31210,
rows : 500,
cols : 12,
best : 0.07,
tiny : 0.06
#base #SNEAK #2rrp #rrp #b10 #bonr10 #rand10 #b20 #bonr20 #rand20 #b30 #bonr30 #rand30 #b40 #bonr40 #rand40 #b50 #bonr50 #rand50 #b60 #bonr60 #rand60 #b70 #bonr70 #rand70 #b80 #bonr80 #rand80 
#report28
#
 0,              rand,60,  0.07,  0.05, *--                 |                   ,  0.07,  0.75
 0,                 b,30,  0.08,  0.13, *------             |                   ,  0.07,  0.75
 0,              rand,80,  0.08,  0.08, *---                |                   ,  0.07,  0.75
 0,                 b,20,  0.10,  0.13, -*-----             |                   ,  0.07,  0.75
 0,              rand,50,  0.10,  0.12, -*-----             |                   ,  0.07,  0.75
 0,                 b,40,  0.12,  0.16, ---*-----           |                   ,  0.07,  0.75
 0,              rand,70,  0.12,  0.09, ---*-               |                   ,  0.07,  0.75
 0,                 b,80,  0.12,  0.12, ---*---             |                   ,  0.07,  0.75
 0,              bonr,70,  0.15,  0.13, ----*---            |                   ,  0.07,  0.75
 0,                 b,50,  0.16,  0.17, -----*----          |                   ,  0.07,  0.75
 0,              rand,40,  0.18,  0.09,    ---*-            |                   ,  0.07,  0.75
#
 1,                 b,60,  0.19,  0.12,    ----*--          |                   ,  0.07,  0.75
 1,              bonr,80,  0.19,  0.12,    ----*--          |                   ,  0.07,  0.75
 1,              bonr,30,  0.20,  0.14,  ------*--          |                   ,  0.07,  0.75
 1,              bonr,50,  0.20,  0.09,     ---*-           |                   ,  0.07,  0.75
 1,              rand,30,  0.20,  0.08,      --*--          |                   ,  0.07,  0.75
 1,              bonr,60,  0.20,  0.10,     ---*--          |                   ,  0.07,  0.75
 1,              bonr,40,  0.21,  0.15, --------*           |                   ,  0.07,  0.75
 1,              bonr,10,  0.21,  0.09,       --*--         |                   ,  0.07,  0.75
 1,              bonr,20,  0.21,  0.12,    -----*-          |                   ,  0.07,  0.75
 1,              rand,20,  0.22,  0.12,     ----*--         |                   ,  0.07,  0.75
 1,                 b,70,  0.22,  0.07,       --*-          |                   ,  0.07,  0.75
#
 2,             SNEAK,22,  0.22,  0.00,          *          |                   ,  0.07,  0.75
#
 3,               2rrp,9,  0.22,  0.15,       ---*-----     |                   ,  0.07,  0.75
#
 4,                 b,10,  0.26,  0.11,           -*----    |                   ,  0.07,  0.75
 4,              rand,10,  0.28,  0.09,          ---*-      |                   ,  0.07,  0.75
 4,                rrp,5,  0.28,  0.13,            -*-----  |                   ,  0.07,  0.75
#
 5,             base,500,  0.51,  0.20,                    -|----*-----         ,  0.07,  0.75
