date : April/04/2024 15:56:07,
file : ../data/pom3b.csv,
repeats  : 20,
seed : 31210,
rows : 500,
cols : 12,
best : 0.0,
tiny : 0.05
#base #SNEAK #2rrp #rrp #b10 #bonr10 #rand10 #b20 #bonr20 #rand20 #b30 #bonr30 #rand30 #b40 #bonr40 #rand40 #b50 #bonr50 #rand50 #b60 #bonr60 #rand60 #b70 #bonr70 #rand70 #b80 #bonr80 #rand80 
#report28
#
 0,              rand,70,  0.04,  0.03,  -*                 |                   ,  0.00,  0.63
 0,              rand,80,  0.04,  0.04,  -*                 |                   ,  0.00,  0.63
#
 1,              rand,40,  0.06,  0.06,   -*--              |                   ,  0.00,  0.63
 1,              rand,50,  0.06,  0.02,    *                |                   ,  0.00,  0.63
 1,                 b,60,  0.06,  0.06,   -*--              |                   ,  0.00,  0.63
 1,              rand,60,  0.06,  0.04,  --*                |                   ,  0.00,  0.63
#
 2,                 b,50,  0.06,  0.12,  ---*----           |                   ,  0.00,  0.63
 2,              bonr,50,  0.06,  0.11,   --*----           |                   ,  0.00,  0.63
 2,                 b,70,  0.06,  0.11,  ---*----           |                   ,  0.00,  0.63
 2,              bonr,80,  0.06,  0.11,   --*----           |                   ,  0.00,  0.63
 2,              bonr,30,  0.09,  0.11,   ----*--           |                   ,  0.00,  0.63
 2,              bonr,70,  0.10,  0.10,   ----*-            |                   ,  0.00,  0.63
 2,                 b,40,  0.10,  0.09,    ---*--           |                   ,  0.00,  0.63
 2,              rand,30,  0.10,  0.05,      -*-            |                   ,  0.00,  0.63
 2,              bonr,20,  0.10,  0.09,    ---*-            |                   ,  0.00,  0.63
 2,                 b,30,  0.10,  0.09,    ---*--           |                   ,  0.00,  0.63
#
 3,                 b,80,  0.11,  0.12,   -----*-           |                   ,  0.00,  0.63
 3,              bonr,40,  0.12,  0.07,      --*-           |                   ,  0.00,  0.63
 3,              bonr,60,  0.12,  0.09,    ----*-           |                   ,  0.00,  0.63
 3,                 b,20,  0.14,  0.09,    -----*           |                   ,  0.00,  0.63
 3,              rand,20,  0.14,  0.10,    -----*           |                   ,  0.00,  0.63
 3,              bonr,10,  0.15,  0.13,       ---*----      |                   ,  0.00,  0.63
 3,                rrp,5,  0.16,  0.11,     ------*         |                   ,  0.00,  0.63
#
 4,              rand,10,  0.16,  0.06,       ----*         |                   ,  0.00,  0.63
 4,                 b,10,  0.17,  0.09,       ----*-        |                   ,  0.00,  0.63
 4,             SNEAK,22,  0.17,  0.00,           *         |                   ,  0.00,  0.63
#
 5,               2rrp,9,  0.17,  0.15,       ----*-----    |                   ,  0.00,  0.63
#
 6,             base,500,  0.40,  0.20,                   --|----*----          ,  0.00,  0.63
