date : April/04/2024 15:59:37,
file : ../data/SS-A.csv,
repeats  : 20,
seed : 31210,
rows : 1343,
cols : 5,
best : 0.0,
tiny : 0.07
#base #SNEAK #2rrp #rrp #b10 #bonr10 #rand10 #b20 #bonr20 #rand20 #b30 #bonr30 #rand30 #b40 #bonr40 #rand40 #b50 #bonr50 #rand50 #b60 #bonr60 #rand60 #b70 #bonr70 #rand70 #b80 #bonr80 #rand80 
#report28
#
 0,              rand,70,  0.02,  0.01,  *                  |                   ,  0.00,  0.63
 0,                 b,50,  0.02,  0.05, -*-                 |                   ,  0.00,  0.63
 0,                 b,70,  0.02,  0.05, -*-                 |                   ,  0.00,  0.63
 0,              rand,80,  0.02,  0.02,  *                  |                   ,  0.00,  0.63
 0,                 b,30,  0.03,  0.03, -*                  |                   ,  0.00,  0.63
 0,                 b,40,  0.03,  0.02,  *                  |                   ,  0.00,  0.63
 0,              rand,60,  0.03,  0.02,  *                  |                   ,  0.00,  0.63
#
 1,                 b,80,  0.03,  0.05, -*-                 |                   ,  0.00,  0.63
 1,                 b,60,  0.04,  0.05,  -*-                |                   ,  0.00,  0.63
 1,              rand,30,  0.04,  0.03,  -*                 |                   ,  0.00,  0.63
 1,              rand,40,  0.05,  0.03,  -*                 |                   ,  0.00,  0.63
 1,              rand,50,  0.05,  0.03,  -*                 |                   ,  0.00,  0.63
#
 2,                 b,20,  0.06,  0.05,  --*                |                   ,  0.00,  0.63
 2,              rand,10,  0.06,  0.08,   -*---             |                   ,  0.00,  0.63
 2,              bonr,30,  0.06,  0.03,    *-               |                   ,  0.00,  0.63
#
 3,                rrp,6,  0.07,  0.04,    -*               |                   ,  0.00,  0.63
 3,                 b,10,  0.07,  0.07,   --*-              |                   ,  0.00,  0.63
 3,              bonr,50,  0.07,  0.06,   --*-              |                   ,  0.00,  0.63
 3,              bonr,20,  0.07,  0.03,    -*               |                   ,  0.00,  0.63
 3,              2rrp,11,  0.07,  0.05,   --*               |                   ,  0.00,  0.63
 3,              bonr,80,  0.07,  0.06,     *--             |                   ,  0.00,  0.63
 3,              rand,20,  0.08,  0.04,    -*               |                   ,  0.00,  0.63
 3,              bonr,60,  0.09,  0.06,     -*--            |                   ,  0.00,  0.63
 3,              bonr,70,  0.09,  0.04,     -*-             |                   ,  0.00,  0.63
#
 4,              bonr,40,  0.10,  0.07,    ---*-            |                   ,  0.00,  0.63
 4,              bonr,10,  0.10,  0.07,     --*--           |                   ,  0.00,  0.63
#
 5,             SNEAK,36,  0.15,  0.00,          *          |                   ,  0.00,  0.63
#
 6,            base,1343,  0.19,  0.15,        -----*----   |                   ,  0.00,  0.63
