date : April/04/2024 16:05:22,
file : ../data/SS-F.csv,
repeats  : 20,
seed : 31210,
rows : 196,
cols : 5,
best : 0.35,
tiny : 0.03
#base #SNEAK #2rrp #rrp #b10 #bonr10 #rand10 #b20 #bonr20 #rand20 #b30 #bonr30 #rand30 #b40 #bonr40 #rand40 #b50 #bonr50 #rand50 #b60 #bonr60 #rand60 #b70 #bonr70 #rand70 #b80 #bonr80 #rand80 
#report28
#
 0,              rand,60,  0.35,  0.02, *-                  |                   ,  0.35,  0.70
 0,              rand,70,  0.35,  0.01, *-                  |                   ,  0.35,  0.70
 0,              rand,80,  0.35,  0.03, *---                |                   ,  0.35,  0.70
#
 1,              rand,50,  0.37,  0.05, --*--               |                   ,  0.35,  0.70
 1,              rand,30,  0.38,  0.05, ----*-              |                   ,  0.35,  0.70
 1,              rand,20,  0.39,  0.04,   --*-              |                   ,  0.35,  0.70
 1,              rand,40,  0.39,  0.05, ----*-              |                   ,  0.35,  0.70
#
 2,                 b,30,  0.41,  0.05,      -*----         |                   ,  0.35,  0.70
 2,              bonr,50,  0.41,  0.07,      -*------       |                   ,  0.35,  0.70
#
 3,                 b,70,  0.41,  0.08,     --*------       |                   ,  0.35,  0.70
 3,                 b,80,  0.42,  0.05,      ---*--         |                   ,  0.35,  0.70
 3,              bonr,20,  0.42,  0.10,     ----*------     |                   ,  0.35,  0.70
 3,                 b,60,  0.42,  0.05,      ---*--         |                   ,  0.35,  0.70
 3,              rand,10,  0.43,  0.06,      ----*--        |                   ,  0.35,  0.70
 3,              bonr,40,  0.43,  0.08,      ----*-----     |                   ,  0.35,  0.70
 3,              bonr,60,  0.43,  0.09,      ----*-----     |                   ,  0.35,  0.70
 3,                 b,10,  0.45,  0.07,      ------*-       |                   ,  0.35,  0.70
 3,                 b,20,  0.45,  0.05,      ------*        |                   ,  0.35,  0.70
 3,                 b,50,  0.45,  0.12,   ---------*---     |                   ,  0.35,  0.70
 3,              bonr,70,  0.45,  0.09,      ------*---     |                   ,  0.35,  0.70
 3,              bonr,80,  0.45,  0.09,      ------*---     |                   ,  0.35,  0.70
 3,              bonr,30,  0.45,  0.09,       -----*----    |                   ,  0.35,  0.70
 3,                 b,40,  0.45,  0.06,      ------*-       |                   ,  0.35,  0.70
 3,               2rrp,8,  0.46,  0.02,           -*-       |                   ,  0.35,  0.70
 3,              bonr,10,  0.46,  0.08,        -----*---    |                   ,  0.35,  0.70
 3,             SNEAK,14,  0.46,  0.00,             *       |                   ,  0.35,  0.70
#
 4,                rrp,4,  0.49,  0.06,             ---*--- |                   ,  0.35,  0.70
#
 5,             base,196,  0.53,  0.14,                -----*----------         ,  0.35,  0.70
