date : April/04/2024 16:06:32,
file : ../data/SS-H.csv,
repeats  : 20,
seed : 31210,
rows : 259,
cols : 6,
best : 0.23,
tiny : 0.06
#base #SNEAK #2rrp #rrp #b10 #bonr10 #rand10 #b20 #bonr20 #rand20 #b30 #bonr30 #rand30 #b40 #bonr40 #rand40 #b50 #bonr50 #rand50 #b60 #bonr60 #rand60 #b70 #bonr70 #rand70 #b80 #bonr80 #rand80 
#report28
#
 0,                 b,50,  0.23,  0.19, *---------          |                   ,  0.23,  0.97
 0,                 b,20,  0.23,  0.19, *---------          |                   ,  0.23,  0.97
 0,                 b,30,  0.23,  0.09, *---                |                   ,  0.23,  0.97
 0,              rand,30,  0.23,  0.15, *-------            |                   ,  0.23,  0.97
 0,                 b,40,  0.23,  0.09, *---                |                   ,  0.23,  0.97
 0,              rand,50,  0.23,  0.09, *---                |                   ,  0.23,  0.97
 0,                 b,60,  0.23,  0.09, *---                |                   ,  0.23,  0.97
 0,              rand,60,  0.23,  0.09, *---                |                   ,  0.23,  0.97
 0,                 b,70,  0.23,  0.09, *---                |                   ,  0.23,  0.97
 0,              rand,70,  0.23,  0.09, *---                |                   ,  0.23,  0.97
 0,              rand,80,  0.23,  0.09, *---                |                   ,  0.23,  0.97
 0,              rand,20,  0.31,  0.07,     *---            |                   ,  0.23,  0.97
 0,              bonr,40,  0.31,  0.19, ----*-----          |                   ,  0.23,  0.97
 0,              rand,40,  0.31,  0.16, ----*---            |                   ,  0.23,  0.97
 0,                 b,80,  0.31,  0.19, ----*-----          |                   ,  0.23,  0.97
 0,              bonr,70,  0.38,  0.19, --------*-          |                   ,  0.23,  0.97
 0,              bonr,30,  0.38,  0.22, --------*--         |                   ,  0.23,  0.97
 0,              bonr,50,  0.38,  0.20,     ----*------     |                   ,  0.23,  0.97
 0,              bonr,60,  0.38,  0.15,     ----*---        |                   ,  0.23,  0.97
 0,              bonr,20,  0.38,  0.15,     ----*---        |                   ,  0.23,  0.97
#
 1,               2rrp,9,  0.39,  0.24, --------*---        |                   ,  0.23,  0.97
 1,              rand,10,  0.39,  0.20,     ----*------     |                   ,  0.23,  0.97
 1,              bonr,80,  0.42,  0.08,         --*-        |                   ,  0.23,  0.97
 1,             SNEAK,16,  0.42,  0.00,           *         |                   ,  0.23,  0.97
 1,                 b,10,  0.42,  0.13,         --*---      |                   ,  0.23,  0.97
 1,              bonr,10,  0.45,  0.22,     -------*----    |                   ,  0.23,  0.97
#
 2,                rrp,5,  0.46,  0.16,           --*------ |                   ,  0.23,  0.97
#
 3,             base,259,  0.72,  0.18,                     |-----*--           ,  0.23,  0.97
