date : April/04/2024 16:07:03,
file : ../data/SS-I.csv,
repeats  : 20,
seed : 31210,
rows : 1080,
cols : 7,
best : 0.0,
tiny : 0.05
#base #SNEAK #2rrp #rrp #b10 #bonr10 #rand10 #b20 #bonr20 #rand20 #b30 #bonr30 #rand30 #b40 #bonr40 #rand40 #b50 #bonr50 #rand50 #b60 #bonr60 #rand60 #b70 #bonr70 #rand70 #b80 #bonr80 #rand80 
#report28
#
 0,                 b,50,  0.01,  0.22, *----------         |                   ,  0.00,  0.77
 0,                 b,70,  0.02,  0.24, *-----------        |                   ,  0.00,  0.77
 0,              rand,80,  0.02,  0.05, *-                  |                   ,  0.00,  0.77
 0,              rand,70,  0.02,  0.03, *                   |                   ,  0.00,  0.77
 0,                 b,30,  0.02,  0.24, -*----------        |                   ,  0.00,  0.77
 0,                 b,80,  0.02,  0.22, -*---------         |                   ,  0.00,  0.77
 0,              rand,60,  0.03,  0.11, -*----              |                   ,  0.00,  0.77
 0,              rand,50,  0.04,  0.04,  *-                 |                   ,  0.00,  0.77
 0,              rand,40,  0.05,  0.09, --*--               |                   ,  0.00,  0.77
 0,              rand,20,  0.06,  0.11,  --*---             |                   ,  0.00,  0.77
#
 1,                 b,10,  0.07,  0.21,  --*--------        |                   ,  0.00,  0.77
 1,              rand,30,  0.12,  0.20, ------*----         |                   ,  0.00,  0.77
#
 2,             SNEAK,32,  0.14,  0.00,        *            |                   ,  0.00,  0.77
 2,              rand,10,  0.16,  0.19,    -----*----       |                   ,  0.00,  0.77
 2,                 b,40,  0.20,  0.24, ----------*-        |                   ,  0.00,  0.77
 2,                 b,60,  0.21,  0.23, ----------*-        |                   ,  0.00,  0.77
 2,              2rrp,11,  0.22,  0.21,  ----------*        |                   ,  0.00,  0.77
 2,              bonr,20,  0.23,  0.17,       -----*---     |                   ,  0.00,  0.77
 2,              bonr,80,  0.23,  0.15,       -----*-       |                   ,  0.00,  0.77
 2,              bonr,50,  0.23,  0.16,      ------*-       |                   ,  0.00,  0.77
 2,                 b,20,  0.23,  0.24, -----------*        |                   ,  0.00,  0.77
#
 3,                rrp,6,  0.23,  0.04,            -*       |                   ,  0.00,  0.77
 3,              bonr,30,  0.23,  0.12,        -----*       |                   ,  0.00,  0.77
 3,              bonr,70,  0.25,  0.16,        ------*-     |                   ,  0.00,  0.77
 3,              bonr,10,  0.26,  0.07,            --*-     |                   ,  0.00,  0.77
 3,              bonr,60,  0.26,  0.12,         -----*      |                   ,  0.00,  0.77
 3,              bonr,40,  0.26,  0.17,        ------*-     |                   ,  0.00,  0.77
#
 4,            base,1080,  0.36,  0.15,                ---*-|--                 ,  0.00,  0.77
