date : April/04/2024 18:06:26,
file : ../data/SS-J.csv,
repeats  : 20,
seed : 31210,
rows : 3840,
cols : 8,
best : 0.02,
tiny : 0.07
#base #2rrp #rrp #b10 #bonr10 #rand10 #b20 #bonr20 #rand20 #b30 #bonr30 #rand30 #b40 #bonr40 #rand40 #b50 #bonr50 #rand50 #b60 #bonr60 #rand60 #b70 #bonr70 #rand70 #b80 #bonr80 #rand80 
#report27
#
 0,              rand,80,  0.05,  0.01,  *                  |                   ,  0.02,  0.82
 0,              rand,70,  0.06,  0.03,  *                  |                   ,  0.02,  0.82
 0,              rand,60,  0.06,  0.02,  *                  |                   ,  0.02,  0.82
 0,              rand,40,  0.06,  0.03,  -*                 |                   ,  0.02,  0.82
 0,              rand,50,  0.06,  0.02,  -*                 |                   ,  0.02,  0.82
 0,                 b,70,  0.07,  0.14,  -*----             |                   ,  0.02,  0.82
 0,              rand,30,  0.07,  0.03,  -*                 |                   ,  0.02,  0.82
 0,              2rrp,12,  0.08,  0.03,   *                 |                   ,  0.02,  0.82
#
 1,                rrp,6,  0.09,  0.05,   -*-               |                   ,  0.02,  0.82
 1,              rand,20,  0.10,  0.15,   -*-----           |                   ,  0.02,  0.82
 1,              rand,10,  0.11,  0.22,  ---*-------        |                   ,  0.02,  0.82
 1,              bonr,40,  0.16,  0.23,  -----*------       |                   ,  0.02,  0.82
 1,                 b,20,  0.18,  0.25,  ------*-----       |                   ,  0.02,  0.82
 1,                 b,60,  0.18,  0.48, -------*------------|---                ,  0.02,  0.82
 1,                 b,80,  0.19,  0.54,  -------*-----------|-------            ,  0.02,  0.82
#
 2,              bonr,50,  0.20,  0.38,    ------*----------|-                  ,  0.02,  0.82
 2,                 b,30,  0.21,  0.13,       ---*---       |                   ,  0.02,  0.82
 2,                 b,40,  0.21,  0.51,   -------*----------|------             ,  0.02,  0.82
 2,             SNEAK,62,  0.21,  0.00,          *          |                   ,  0.02,  0.82
 2,              bonr,20,  0.23,  0.28,   --------*-----    |                   ,  0.02,  0.82
 2,                 b,50,  0.23,  0.40,   --------*---------|-                  ,  0.02,  0.82
 2,              bonr,60,  0.24,  0.27,   --------*-----    |                   ,  0.02,  0.82
 2,              bonr,10,  0.24,  0.26,    --------*----    |                   ,  0.02,  0.82
 2,              bonr,30,  0.24,  0.20,    --------*-       |                   ,  0.02,  0.82
 2,              bonr,80,  0.29,  0.49,    ----------*------|------             ,  0.02,  0.82
 2,                 b,10,  0.31,  0.48,     ----------*-----|-------            ,  0.02,  0.82
 2,              bonr,70,  0.34,  0.31,             ---*----|-------            ,  0.02,  0.82
#
 3,            base,3840,  0.59,  0.33,                -----|-------*--         ,  0.02,  0.82
