date : April/04/2024 16:09:23,
file : ../data/SS-K.csv,
repeats  : 20,
seed : 31210,
rows : 2880,
cols : 8,
best : 0.01,
tiny : 0.06
#base #SNEAK #2rrp #rrp #b10 #bonr10 #rand10 #b20 #bonr20 #rand20 #b30 #bonr30 #rand30 #b40 #bonr40 #rand40 #b50 #bonr50 #rand50 #b60 #bonr60 #rand60 #b70 #bonr70 #rand70 #b80 #bonr80 #rand80 
#report28
#
 0,              rand,80,  0.08,  0.06,   -*-               |                   ,  0.01,  0.71
 0,              rand,70,  0.10,  0.12,  ----*-             |                   ,  0.01,  0.71
 0,              rand,60,  0.11,  0.08,    --*-             |                   ,  0.01,  0.71
#
 1,              rand,40,  0.13,  0.07,      -*--           |                   ,  0.01,  0.71
 1,              rand,50,  0.14,  0.10,    ----*-           |                   ,  0.01,  0.71
 1,              rand,30,  0.15,  0.12,     ----*--         |                   ,  0.01,  0.71
#
 2,              rand,20,  0.17,  0.10,        -*---        |                   ,  0.01,  0.71
#
 3,              2rrp,12,  0.24,  0.15,          ----*----  |                   ,  0.01,  0.71
 3,              rand,10,  0.27,  0.21,         ------*-----|                   ,  0.01,  0.71
#
 4,              bonr,50,  0.27,  0.17,           ----*---- |                   ,  0.01,  0.71
 4,                 b,60,  0.28,  0.23,           -----*----|--                 ,  0.01,  0.71
 4,                rrp,6,  0.29,  0.18,             ----*---|--                 ,  0.01,  0.71
 4,                 b,50,  0.30,  0.11,             ----*-- |                   ,  0.01,  0.71
#
 5,                 b,40,  0.30,  0.20,        ---------*-  |                   ,  0.01,  0.71
 5,                 b,70,  0.31,  0.18,        ----------*  |                   ,  0.01,  0.71
 5,                 b,30,  0.32,  0.10,               ---*--|                   ,  0.01,  0.71
 5,                 b,80,  0.32,  0.22,       -----------*- |                   ,  0.01,  0.71
 5,              bonr,30,  0.32,  0.14,                --*--|--                 ,  0.01,  0.71
 5,              bonr,20,  0.33,  0.06,                  -*-|                   ,  0.01,  0.71
 5,              bonr,70,  0.33,  0.10,                ---*-|                   ,  0.01,  0.71
 5,              bonr,80,  0.33,  0.11,                ---*-|                   ,  0.01,  0.71
 5,                 b,10,  0.34,  0.15,                ---*-|--                 ,  0.01,  0.71
 5,              bonr,60,  0.34,  0.06,                 --*-|                   ,  0.01,  0.71
 5,              bonr,40,  0.34,  0.07,                ----*|                   ,  0.01,  0.71
 5,                 b,20,  0.35,  0.24,          ----------*|--                 ,  0.01,  0.71
 5,             SNEAK,53,  0.35,  0.00,                    *|                   ,  0.01,  0.71
 5,              bonr,10,  0.39,  0.13,                 ----|*--                ,  0.01,  0.71
#
 6,            base,2880,  0.52,  0.25,                     |--------*------    ,  0.01,  0.71
