date : April/04/2024 16:11:10,
file : ../data/SS-L.csv,
repeats  : 20,
seed : 31210,
rows : 1023,
cols : 13,
best : 0.16,
tiny : 0.06
#base #SNEAK #2rrp #rrp #b10 #bonr10 #rand10 #b20 #bonr20 #rand20 #b30 #bonr30 #rand30 #b40 #bonr40 #rand40 #b50 #bonr50 #rand50 #b60 #bonr60 #rand60 #b70 #bonr70 #rand70 #b80 #bonr80 #rand80 
#report28
#
 0,                 b,30,  0.16,  0.00, *                   |                   ,  0.16,  0.85
 0,                 b,70,  0.16,  0.02, *                   |                   ,  0.16,  0.85
 0,                 b,50,  0.17,  0.02, *                   |                   ,  0.16,  0.85
 0,                 b,60,  0.17,  0.03, *                   |                   ,  0.16,  0.85
 0,              rand,80,  0.17,  0.02, *                   |                   ,  0.16,  0.85
 0,                 b,20,  0.18,  0.03, -*                  |                   ,  0.16,  0.85
 0,                 b,40,  0.18,  0.03, -*                  |                   ,  0.16,  0.85
 0,                 b,80,  0.18,  0.02, -*                  |                   ,  0.16,  0.85
 0,              rand,60,  0.18,  0.02, -*                  |                   ,  0.16,  0.85
 0,              rand,70,  0.18,  0.03, -*                  |                   ,  0.16,  0.85
#
 1,              rand,50,  0.18,  0.02,  *                  |                   ,  0.16,  0.85
 1,              rand,40,  0.19,  0.02,  *                  |                   ,  0.16,  0.85
#
 2,              rand,10,  0.20,  0.23,  -*-----------      |                   ,  0.16,  0.85
 2,              2rrp,10,  0.20,  0.03,  -*                 |                   ,  0.16,  0.85
 2,              bonr,30,  0.20,  0.25, --*------------     |                   ,  0.16,  0.85
#
 3,              rand,20,  0.20,  0.18,   *---------        |                   ,  0.16,  0.85
 3,              rand,30,  0.21,  0.02,   *                 |                   ,  0.16,  0.85
 3,             SNEAK,32,  0.21,  0.00,   *                 |                   ,  0.16,  0.83
 3,              bonr,50,  0.23,  0.31,  ---*-------------  |                   ,  0.16,  0.85
 3,              bonr,80,  0.23,  0.21,  ---*--------       |                   ,  0.16,  0.85
 3,              bonr,40,  0.36,  0.26,  ----------*----    |                   ,  0.16,  0.85
 3,                 b,10,  0.36,  0.23,  ----------*--      |                   ,  0.16,  0.85
 3,              bonr,70,  0.37,  0.22,  -----------*-      |                   ,  0.16,  0.85
 3,                rrp,6,  0.39,  0.20,    ----------*      |                   ,  0.16,  0.85
 3,              bonr,20,  0.39,  0.22,    ----------*-     |                   ,  0.16,  0.85
 3,              bonr,60,  0.40,  0.23,  ------------*      |                   ,  0.16,  0.85
#
 4,              bonr,10,  0.41,  0.14,             --*-----|                   ,  0.16,  0.85
#
 5,            base,1023,  0.68,  0.21,                     |--------*---       ,  0.16,  0.85
