date : April/04/2024 16:12:40,
file : ../data/Wine_quality.csv,
repeats  : 20,
seed : 31210,
rows : 1599,
cols : 12,
best : 0.15,
tiny : 0.03
#base #SNEAK #2rrp #rrp #b10 #bonr10 #rand10 #b20 #bonr20 #rand20 #b30 #bonr30 #rand30 #b40 #bonr40 #rand40 #b50 #bonr50 #rand50 #b60 #bonr60 #rand60 #b70 #bonr70 #rand70 #b80 #bonr80 #rand80 
#report28
#
 0,                 b,80,  0.22,  0.11,    ---*------       |                   ,  0.15,  0.58
 0,              rand,60,  0.22,  0.08,    ---*---          |                   ,  0.15,  0.58
 0,              rand,80,  0.22,  0.03,      -*-            |                   ,  0.15,  0.58
 0,              rand,70,  0.23,  0.08,     ---*----        |                   ,  0.15,  0.58
#
 1,              2rrp,11,  0.24,  0.13,    -----*------     |                   ,  0.15,  0.58
 1,              bonr,60,  0.24,  0.12,    -----*-----      |                   ,  0.15,  0.58
 1,                 b,40,  0.26,  0.08,       ----*--       |                   ,  0.15,  0.58
 1,              bonr,30,  0.28,  0.10,     -------*-       |                   ,  0.15,  0.58
 1,              rand,50,  0.28,  0.07,        ----*-       |                   ,  0.15,  0.58
 1,              rand,40,  0.28,  0.05,         ----*       |                   ,  0.15,  0.58
 1,              bonr,70,  0.28,  0.05,         ----*       |                   ,  0.15,  0.58
 1,                 b,20,  0.29,  0.08,       -------*      |                   ,  0.15,  0.58
 1,              bonr,20,  0.29,  0.08,       -------*      |                   ,  0.15,  0.58
 1,              rand,20,  0.29,  0.08,       -------*      |                   ,  0.15,  0.58
#
 2,                 b,30,  0.29,  0.01,              *      |                   ,  0.15,  0.58
 2,              bonr,40,  0.29,  0.07,        ------*      |                   ,  0.15,  0.58
 2,                 b,60,  0.29,  0.07,        ------*      |                   ,  0.15,  0.58
 2,                 b,70,  0.29,  0.09,       -------*      |                   ,  0.15,  0.58
 2,                 b,10,  0.29,  0.02,              *      |                   ,  0.15,  0.58
 2,              rand,30,  0.29,  0.07,       -------*      |                   ,  0.15,  0.58
 2,                 b,50,  0.29,  0.10,     ---------*      |                   ,  0.15,  0.58
#
 3,              bonr,50,  0.29,  0.08,       -------*      |                   ,  0.15,  0.58
 3,              bonr,10,  0.30,  0.01,              -*     |                   ,  0.15,  0.58
 3,             SNEAK,39,  0.30,  0.00,               *     |                   ,  0.15,  0.58
 3,              rand,10,  0.30,  0.05,              -*---  |                   ,  0.15,  0.58
 3,              bonr,80,  0.30,  0.03,            ---*     |                   ,  0.15,  0.58
 3,                rrp,6,  0.31,  0.03,             --*     |                   ,  0.15,  0.58
#
 4,            base,1599,  0.44,  0.10,                    -|-----*-            ,  0.15,  0.58
