date : April/04/2024 17:20:07,
file : ../data/xomo_osp2.csv,
repeats  : 20,
seed : 31210,
rows : 10000,
cols : 31,
best : 0.07,
tiny : 0.04
#base #SNEAK #2rrp #rrp #b10 #bonr10 #rand10 #b20 #bonr20 #rand20 #b30 #bonr30 #rand30 #b40 #bonr40 #rand40 #b50 #bonr50 #rand50 #b60 #bonr60 #rand60 #b70 #bonr70 #rand70 #b80 #bonr80 #rand80 
#report28
#
 0,              bonr,80,  0.12,  0.05,   -*--              |                   ,  0.07,  0.59
 0,              bonr,40,  0.12,  0.07,   -*----            |                   ,  0.07,  0.59
 0,                 b,30,  0.12,  0.04,   --*               |                   ,  0.07,  0.59
 0,                 b,50,  0.13,  0.03,    -*               |                   ,  0.07,  0.59
 0,              bonr,70,  0.13,  0.06,   --*--             |                   ,  0.07,  0.59
 0,                 b,60,  0.13,  0.03,     *-              |                   ,  0.07,  0.59
 0,                 b,70,  0.13,  0.06,   --*--             |                   ,  0.07,  0.59
 0,              bonr,50,  0.13,  0.05,   --*-              |                   ,  0.07,  0.59
 0,              bonr,30,  0.14,  0.04,    --*              |                   ,  0.07,  0.59
 0,                 b,20,  0.14,  0.05,    --*-             |                   ,  0.07,  0.59
 0,                 b,80,  0.14,  0.05,    --*-             |                   ,  0.07,  0.59
 0,                 b,40,  0.14,  0.06,   ---*-             |                   ,  0.07,  0.59
 0,              bonr,60,  0.14,  0.05,    --*-             |                   ,  0.07,  0.59
 0,              rand,50,  0.14,  0.03,     -*              |                   ,  0.07,  0.59
#
 1,              rand,60,  0.14,  0.03,      *-             |                   ,  0.07,  0.59
 1,              rand,70,  0.14,  0.03,     -*              |                   ,  0.07,  0.59
 1,              rand,80,  0.14,  0.03,     -*              |                   ,  0.07,  0.59
#
 2,              rand,40,  0.17,  0.04,      --*            |                   ,  0.07,  0.59
 2,              rand,30,  0.18,  0.05,      ---*           |                   ,  0.07,  0.59
 2,              bonr,20,  0.18,  0.04,       --*           |                   ,  0.07,  0.59
 2,              2rrp,14,  0.18,  0.07,      ---*-          |                   ,  0.07,  0.59
#
 3,                rrp,7,  0.19,  0.05,        --*-         |                   ,  0.07,  0.59
 3,                 b,10,  0.19,  0.10,        --*-----     |                   ,  0.07,  0.59
 3,              rand,20,  0.19,  0.05,        --*-         |                   ,  0.07,  0.59
 3,              rand,10,  0.21,  0.07,         --*--       |                   ,  0.07,  0.59
 3,              bonr,10,  0.21,  0.09,        ---*---      |                   ,  0.07,  0.59
#
 4,           base,10000,  0.35,  0.15,                 ----|*------            ,  0.07,  0.59
#
 5,            SNEAK,100,  0.41,  0.00,                     |     *             ,  0.07,  0.59
