date : April/04/2024 16:31:32,
file : ../data/xomo_ground.csv,
repeats  : 20,
seed : 31210,
rows : 10000,
cols : 31,
best : 0.01,
tiny : 0.03
#base #SNEAK #2rrp #rrp #b10 #bonr10 #rand10 #b20 #bonr20 #rand20 #b30 #bonr30 #rand30 #b40 #bonr40 #rand40 #b50 #bonr50 #rand50 #b60 #bonr60 #rand60 #b70 #bonr70 #rand70 #b80 #bonr80 #rand80 
#report28
#
 0,                 b,70,  0.05,  0.04,   -*-               |                   ,  0.01,  0.43
 0,              bonr,60,  0.05,  0.05,   -*---             |                   ,  0.01,  0.43
 0,              bonr,80,  0.06,  0.03,    -*-              |                   ,  0.01,  0.43
 0,                 b,80,  0.06,  0.04,    -*-              |                   ,  0.01,  0.43
 0,              bonr,50,  0.06,  0.03,    --*              |                   ,  0.01,  0.43
 0,              bonr,30,  0.06,  0.04,    --*-             |                   ,  0.01,  0.43
 0,                 b,60,  0.06,  0.04,    --*              |                   ,  0.01,  0.43
 0,                 b,50,  0.07,  0.05,    --*-             |                   ,  0.01,  0.43
 0,              bonr,40,  0.07,  0.06,    --*---           |                   ,  0.01,  0.43
 0,                 b,40,  0.07,  0.05,    ---*             |                   ,  0.01,  0.43
 0,              rand,80,  0.07,  0.03,     --*             |                   ,  0.01,  0.43
 0,              rand,60,  0.07,  0.02,     --*             |                   ,  0.01,  0.43
 0,              bonr,70,  0.07,  0.03,      -*             |                   ,  0.01,  0.43
#
 1,            SNEAK,100,  0.08,  0.00,       *             |                   ,  0.00,  0.45
 1,                 b,30,  0.08,  0.04,     --*-            |                   ,  0.01,  0.43
 1,              rand,70,  0.08,  0.04,      -*-            |                   ,  0.01,  0.43
 1,              rand,40,  0.09,  0.03,       -*            |                   ,  0.01,  0.43
 1,                 b,20,  0.09,  0.07,     ---*---         |                   ,  0.01,  0.43
 1,              rand,50,  0.09,  0.03,       -*-           |                   ,  0.01,  0.43
 1,              2rrp,14,  0.09,  0.07,      ---*---        |                   ,  0.01,  0.43
 1,              rand,30,  0.10,  0.04,       --*-          |                   ,  0.01,  0.43
#
 2,              bonr,20,  0.10,  0.06,      ---*--         |                   ,  0.01,  0.43
 2,              rand,20,  0.10,  0.06,       --*---        |                   ,  0.01,  0.43
#
 3,              bonr,10,  0.13,  0.06,         ---*--      |                   ,  0.01,  0.43
#
 4,              rand,10,  0.13,  0.07,         ---*--      |                   ,  0.01,  0.43
 4,                 b,10,  0.13,  0.07,        ----*-       |                   ,  0.01,  0.43
 4,                rrp,7,  0.14,  0.04,            -*--     |                   ,  0.01,  0.43
#
 5,           base,10000,  0.26,  0.11,                   --|--*----            ,  0.01,  0.43
